Failure at 1552314998.764166188
Exception thrown:"00_06_66_E7_8A_D6" passed to lookupTransform argument source_frame does not exist. 
The current list of frames is:
Frame paper_world exists with parent base_footprint.

Failure at 1552314998.764270022
Exception thrown:"00_06_66_E7_8A_D6" passed to lookupTransform argument source_frame does not exist. 
The current list of frames is:
Frame paper_world exists with parent base_footprint.

Failure at 1552314999.653465347
Exception thrown:"00_06_66_E7_8A_D6" passed to lookupTransform argument source_frame does not exist. 
The current list of frames is:
Frame paper_world exists with parent base_footprint.

Failure at 1552315000.653487068
Exception thrown:"00_06_66_E7_8A_D6" passed to lookupTransform argument source_frame does not exist. 
The current list of frames is:
Frame paper_world exists with parent base_footprint.

Failure at 1552315001.653476036
Exception thrown:"00_06_66_E7_8A_D6" passed to lookupTransform argument source_frame does not exist. 
The current list of frames is:
Frame paper_world exists with parent base_footprint.

Failure at 1552315002.653428329
Exception thrown:"00_06_66_E7_8A_D6" passed to lookupTransform argument source_frame does not exist. 
The current list of frames is:
Frame paper_world exists with parent base_footprint.

Failure at 1552315003.653475495
Exception thrown:"00_06_66_E7_8A_D6" passed to lookupTransform argument source_frame does not exist. 
The current list of frames is:
Frame paper_world exists with parent base_footprint.

Failure at 1552315004.653465019
Exception thrown:"00_06_66_E7_8A_D6" passed to lookupTransform argument source_frame does not exist. 
The current list of frames is:
Frame paper_world exists with parent base_footprint.

Failure at 1552315005.653442508
Exception thrown:"00_06_66_E7_8A_D6" passed to lookupTransform argument source_frame does not exist. 
The current list of frames is:
Frame paper_world exists with parent base_footprint.

Failure at 1552315006.653471392
Exception thrown:"00_06_66_E7_8A_D6" passed to lookupTransform argument source_frame does not exist. 
The current list of frames is:
Frame paper_world exists with parent base_footprint.

Failure at 1552315007.653408925
Exception thrown:"00_06_66_E7_8A_D6" passed to lookupTransform argument source_frame does not exist. 
The current list of frames is:
Frame paper_world exists with parent base_footprint.

Failure at 1552315008.653475270
Exception thrown:"00_06_66_E7_8A_D6" passed to lookupTransform argument source_frame does not exist. 
The current list of frames is:
Frame paper_world exists with parent base_footprint.

Failure at 1552315009.653461574
Exception thrown:"00_06_66_E7_8A_D6" passed to lookupTransform argument source_frame does not exist. 
The current list of frames is:
Frame paper_world exists with parent base_footprint.
Frame 00_06_66_D2_CF_7B exists with parent paper_world.

Failure at 1552315010.653439689
Exception thrown:"00_06_66_E7_8A_D6" passed to lookupTransform argument source_frame does not exist. 
The current list of frames is:
Frame paper_world exists with parent base_footprint.
Frame 00_06_66_D2_CF_7B exists with parent paper_world.

Failure at 1552315011.653401177
Exception thrown:"00_06_66_E7_8A_D6" passed to lookupTransform argument source_frame does not exist. 
The current list of frames is:
Frame paper_world exists with parent base_footprint.
Frame 00_06_66_D2_CF_7B exists with parent paper_world.

At time 1552315012.535
- Translation: [68.163, 319.385, 0.000]
- Rotation: in Quaternion [0.000, 0.000, -0.009, 1.000]
            in RPY (radian) [0.000, -0.000, -0.018]
            in RPY (degree) [0.000, -0.000, -1.030]
At time 1552315013.256
- Translation: [68.163, 319.354, 0.000]
- Rotation: in Quaternion [0.000, 0.000, -0.010, 1.000]
            in RPY (radian) [0.000, -0.000, -0.020]
            in RPY (degree) [0.000, -0.000, -1.130]
At time 1552315014.467
- Translation: [70.180, 319.176, 0.000]
- Rotation: in Quaternion [0.000, 0.000, -0.003, 1.000]
            in RPY (radian) [0.000, -0.000, -0.007]
            in RPY (degree) [0.000, -0.000, -0.400]
At time 1552315015.537
- Translation: [69.637, 318.867, 0.000]
- Rotation: in Quaternion [0.000, 0.000, -0.008, 1.000]
            in RPY (radian) [0.000, -0.000, -0.016]
            in RPY (degree) [0.000, -0.000, -0.910]
At time 1552315016.360
- Translation: [69.723, 318.912, 0.000]
- Rotation: in Quaternion [0.000, 0.000, -0.008, 1.000]
            in RPY (radian) [0.000, -0.000, -0.016]
            in RPY (degree) [0.000, -0.000, -0.910]
At time 1552315017.395
- Translation: [69.626, 318.902, 0.000]
- Rotation: in Quaternion [0.000, 0.000, -0.010, 1.000]
            in RPY (radian) [0.000, -0.000, -0.019]
            in RPY (degree) [0.000, -0.000, -1.110]
At time 1552315018.412
- Translation: [69.566, 318.867, 0.000]
- Rotation: in Quaternion [0.000, 0.000, -0.008, 1.000]
            in RPY (radian) [0.000, -0.000, -0.016]
            in RPY (degree) [0.000, -0.000, -0.910]
At time 1552315019.449
- Translation: [69.276, 318.917, 0.000]
- Rotation: in Quaternion [0.000, 0.000, -0.014, 1.000]
            in RPY (radian) [0.000, -0.000, -0.028]
            in RPY (degree) [0.000, -0.000, -1.630]
At time 1552315020.532
- Translation: [69.317, 318.902, 0.000]
- Rotation: in Quaternion [0.000, 0.000, -0.011, 1.000]
            in RPY (radian) [0.000, -0.000, -0.023]
            in RPY (degree) [0.000, -0.000, -1.310]
At time 1552315021.555
- Translation: [69.271, 318.927, 0.000]
- Rotation: in Quaternion [0.000, 0.000, -0.007, 1.000]
            in RPY (radian) [0.000, -0.000, -0.014]
            in RPY (degree) [0.000, -0.000, -0.810]
At time 1552315022.590
- Translation: [69.327, 318.948, 0.000]
- Rotation: in Quaternion [0.000, 0.000, -0.004, 1.000]
            in RPY (radian) [0.000, -0.000, -0.009]
            in RPY (degree) [0.000, -0.000, -0.510]
At time 1552315023.601
- Translation: [69.332, 318.948, 0.000]
- Rotation: in Quaternion [0.000, 0.000, -0.005, 1.000]
            in RPY (radian) [0.000, -0.000, -0.011]
            in RPY (degree) [0.000, -0.000, -0.610]
At time 1552315024.631
- Translation: [69.342, 318.953, 0.000]
- Rotation: in Quaternion [0.000, 0.000, -0.007, 1.000]
            in RPY (radian) [0.000, -0.000, -0.014]
            in RPY (degree) [0.000, -0.000, -0.810]
At time 1552315025.141
- Translation: [69.342, 318.953, 0.000]
- Rotation: in Quaternion [0.000, 0.000, -0.005, 1.000]
            in RPY (radian) [0.000, -0.000, -0.011]
            in RPY (degree) [0.000, -0.000, -0.610]
At time 1552315026.300
- Translation: [69.332, 318.963, 0.000]
- Rotation: in Quaternion [0.000, 0.000, -0.008, 1.000]
            in RPY (radian) [0.000, -0.000, -0.016]
            in RPY (degree) [0.000, -0.000, -0.920]
At time 1552315027.302
- Translation: [69.332, 318.973, 0.000]
- Rotation: in Quaternion [0.000, 0.000, -0.008, 1.000]
            in RPY (radian) [0.000, -0.000, -0.016]
            in RPY (degree) [0.000, -0.000, -0.920]
At time 1552315028.208
- Translation: [69.337, 318.963, 0.000]
- Rotation: in Quaternion [0.000, 0.000, -0.007, 1.000]
            in RPY (radian) [0.000, -0.000, -0.014]
            in RPY (degree) [0.000, -0.000, -0.810]
At time 1552315029.226
- Translation: [69.322, 318.958, 0.000]
- Rotation: in Quaternion [0.000, 0.000, -0.007, 1.000]
            in RPY (radian) [0.000, -0.000, -0.014]
            in RPY (degree) [0.000, -0.000, -0.820]
At time 1552315030.255
- Translation: [69.332, 318.963, 0.000]
- Rotation: in Quaternion [0.000, 0.000, -0.008, 1.000]
            in RPY (radian) [0.000, -0.000, -0.016]
            in RPY (degree) [0.000, -0.000, -0.920]
At time 1552315031.283
- Translation: [69.332, 318.958, 0.000]
- Rotation: in Quaternion [0.000, 0.000, -0.008, 1.000]
            in RPY (radian) [0.000, -0.000, -0.016]
            in RPY (degree) [0.000, -0.000, -0.920]
At time 1552315032.310
- Translation: [69.332, 318.963, 0.000]
- Rotation: in Quaternion [0.000, 0.000, -0.008, 1.000]
            in RPY (radian) [0.000, -0.000, -0.016]
            in RPY (degree) [0.000, -0.000, -0.920]
At time 1552315033.468
- Translation: [70.561, 319.080, 0.000]
- Rotation: in Quaternion [0.000, 0.000, -0.006, 1.000]
            in RPY (radian) [0.000, -0.000, -0.012]
            in RPY (degree) [0.000, -0.000, -0.700]
At time 1552315034.611
- Translation: [69.566, 319.298, 0.000]
- Rotation: in Quaternion [0.000, 0.000, -0.012, 1.000]
            in RPY (radian) [0.000, -0.000, -0.023]
            in RPY (degree) [0.000, -0.000, -1.320]
At time 1552315035.368
- Translation: [70.023, 319.014, 0.000]
- Rotation: in Quaternion [0.000, 0.000, -0.014, 1.000]
            in RPY (radian) [0.000, -0.000, -0.028]
            in RPY (degree) [0.000, -0.000, -1.620]
At time 1552315036.551
- Translation: [69.367, 318.577, 0.000]
- Rotation: in Quaternion [0.000, 0.000, -0.017, 1.000]
            in RPY (radian) [0.000, -0.000, -0.034]
            in RPY (degree) [0.000, -0.000, -1.950]
At time 1552315037.325
- Translation: [69.357, 318.653, 0.000]
- Rotation: in Quaternion [0.000, 0.000, -0.013, 1.000]
            in RPY (radian) [0.000, -0.000, -0.027]
            in RPY (degree) [0.000, -0.000, -1.520]
At time 1552315038.499
- Translation: [69.357, 318.648, 0.000]
- Rotation: in Quaternion [0.000, 0.000, -0.013, 1.000]
            in RPY (radian) [0.000, -0.000, -0.027]
            in RPY (degree) [0.000, -0.000, -1.520]
At time 1552315039.500
- Translation: [69.352, 318.653, 0.000]
- Rotation: in Quaternion [0.000, 0.000, -0.013, 1.000]
            in RPY (radian) [0.000, -0.000, -0.027]
            in RPY (degree) [0.000, -0.000, -1.520]
At time 1552315040.500
- Translation: [69.357, 318.648, 0.000]
- Rotation: in Quaternion [0.000, 0.000, -0.014, 1.000]
            in RPY (radian) [0.000, -0.000, -0.028]
            in RPY (degree) [0.000, -0.000, -1.630]
At time 1552315041.416
- Translation: [69.362, 318.653, 0.000]
- Rotation: in Quaternion [0.000, 0.000, -0.013, 1.000]
            in RPY (radian) [0.000, -0.000, -0.027]
            in RPY (degree) [0.000, -0.000, -1.520]
At time 1552315042.443
- Translation: [69.367, 318.653, 0.000]
- Rotation: in Quaternion [0.000, 0.000, -0.013, 1.000]
            in RPY (radian) [0.000, -0.000, -0.027]
            in RPY (degree) [0.000, -0.000, -1.520]
At time 1552315043.469
- Translation: [69.367, 318.653, 0.000]
- Rotation: in Quaternion [0.000, 0.000, -0.014, 1.000]
            in RPY (radian) [0.000, -0.000, -0.028]
            in RPY (degree) [0.000, -0.000, -1.620]
At time 1552315044.483
- Translation: [69.367, 318.653, 0.000]
- Rotation: in Quaternion [0.000, 0.000, -0.014, 1.000]
            in RPY (radian) [0.000, -0.000, -0.028]
            in RPY (degree) [0.000, -0.000, -1.630]
At time 1552315045.156
- Translation: [67.340, 321.920, 0.000]
- Rotation: in Quaternion [0.000, 0.000, -0.009, 1.000]
            in RPY (radian) [0.000, -0.000, -0.018]
            in RPY (degree) [0.000, -0.000, -1.020]
At time 1552315046.150
- Translation: [67.340, 321.920, 0.000]
- Rotation: in Quaternion [0.000, 0.000, 0.016, 1.000]
            in RPY (radian) [0.000, -0.000, 0.032]
            in RPY (degree) [0.000, -0.000, 1.830]
At time 1552315046.150
- Translation: [67.340, 321.920, 0.000]
- Rotation: in Quaternion [0.000, 0.000, 0.016, 1.000]
            in RPY (radian) [0.000, -0.000, 0.032]
            in RPY (degree) [0.000, -0.000, 1.830]
At time 1552315046.150
- Translation: [67.340, 321.920, 0.000]
- Rotation: in Quaternion [0.000, 0.000, 0.016, 1.000]
            in RPY (radian) [0.000, -0.000, 0.032]
            in RPY (degree) [0.000, -0.000, 1.830]
At time 1552315048.904
- Translation: [67.340, 321.920, 0.000]
- Rotation: in Quaternion [0.000, 0.000, 0.985, -0.171]
            in RPY (radian) [0.000, -0.000, -2.797]
            in RPY (degree) [0.000, -0.000, -160.280]
At time 1552315048.904
- Translation: [67.340, 321.920, 0.000]
- Rotation: in Quaternion [0.000, 0.000, 0.985, -0.171]
            in RPY (radian) [0.000, -0.000, -2.797]
            in RPY (degree) [0.000, -0.000, -160.280]
At time 1552315048.904
- Translation: [67.340, 321.920, 0.000]
- Rotation: in Quaternion [0.000, 0.000, 0.985, -0.171]
            in RPY (radian) [0.000, -0.000, -2.797]
            in RPY (degree) [0.000, -0.000, -160.280]
At time 1552315048.904
- Translation: [67.340, 321.920, 0.000]
- Rotation: in Quaternion [0.000, 0.000, 0.985, -0.171]
            in RPY (radian) [0.000, -0.000, -2.797]
            in RPY (degree) [0.000, -0.000, -160.280]
At time 1552315048.904
- Translation: [67.340, 321.920, 0.000]
- Rotation: in Quaternion [0.000, 0.000, 0.985, -0.171]
            in RPY (radian) [0.000, -0.000, -2.797]
            in RPY (degree) [0.000, -0.000, -160.280]
At time 1552315048.904
- Translation: [67.340, 321.920, 0.000]
- Rotation: in Quaternion [0.000, 0.000, 0.985, -0.171]
            in RPY (radian) [0.000, -0.000, -2.797]
            in RPY (degree) [0.000, -0.000, -160.280]
At time 1552315048.904
- Translation: [67.340, 321.920, 0.000]
- Rotation: in Quaternion [0.000, 0.000, 0.985, -0.171]
            in RPY (radian) [0.000, -0.000, -2.797]
            in RPY (degree) [0.000, -0.000, -160.280]
At time 1552315048.904
- Translation: [67.340, 321.920, 0.000]
- Rotation: in Quaternion [0.000, 0.000, 0.985, -0.171]
            in RPY (radian) [0.000, -0.000, -2.797]
            in RPY (degree) [0.000, -0.000, -160.280]
At time 1552315048.904
- Translation: [67.340, 321.920, 0.000]
- Rotation: in Quaternion [0.000, 0.000, 0.985, -0.171]
            in RPY (radian) [0.000, -0.000, -2.797]
            in RPY (degree) [0.000, -0.000, -160.280]
At time 1552315048.904
- Translation: [67.340, 321.920, 0.000]
- Rotation: in Quaternion [0.000, 0.000, 0.985, -0.171]
            in RPY (radian) [0.000, -0.000, -2.797]
            in RPY (degree) [0.000, -0.000, -160.280]
At time 1552315048.904
- Translation: [67.340, 321.920, 0.000]
- Rotation: in Quaternion [0.000, 0.000, 0.985, -0.171]
            in RPY (radian) [0.000, -0.000, -2.797]
            in RPY (degree) [0.000, -0.000, -160.280]
At time 1552315048.904
- Translation: [67.340, 321.920, 0.000]
- Rotation: in Quaternion [0.000, 0.000, 0.985, -0.171]
            in RPY (radian) [0.000, -0.000, -2.797]
            in RPY (degree) [0.000, -0.000, -160.280]
At time 1552315048.904
- Translation: [67.340, 321.920, 0.000]
- Rotation: in Quaternion [0.000, 0.000, 0.985, -0.171]
            in RPY (radian) [0.000, -0.000, -2.797]
            in RPY (degree) [0.000, -0.000, -160.280]
At time 1552315048.904
- Translation: [67.340, 321.920, 0.000]
- Rotation: in Quaternion [0.000, 0.000, 0.985, -0.171]
            in RPY (radian) [0.000, -0.000, -2.797]
            in RPY (degree) [0.000, -0.000, -160.280]
At time 1552315048.904
- Translation: [67.340, 321.920, 0.000]
- Rotation: in Quaternion [0.000, 0.000, 0.985, -0.171]
            in RPY (radian) [0.000, -0.000, -2.797]
            in RPY (degree) [0.000, -0.000, -160.280]
At time 1552315048.904
- Translation: [67.340, 321.920, 0.000]
- Rotation: in Quaternion [0.000, 0.000, 0.985, -0.171]
            in RPY (radian) [0.000, -0.000, -2.797]
            in RPY (degree) [0.000, -0.000, -160.280]
At time 1552315048.904
- Translation: [67.340, 321.920, 0.000]
- Rotation: in Quaternion [0.000, 0.000, 0.985, -0.171]
            in RPY (radian) [0.000, -0.000, -2.797]
            in RPY (degree) [0.000, -0.000, -160.280]
At time 1552315048.904
- Translation: [67.340, 321.920, 0.000]
- Rotation: in Quaternion [0.000, 0.000, 0.985, -0.171]
            in RPY (radian) [0.000, -0.000, -2.797]
            in RPY (degree) [0.000, -0.000, -160.280]
At time 1552315048.904
- Translation: [67.340, 321.920, 0.000]
- Rotation: in Quaternion [0.000, 0.000, 0.985, -0.171]
            in RPY (radian) [0.000, -0.000, -2.797]
            in RPY (degree) [0.000, -0.000, -160.280]
At time 1552315048.904
- Translation: [67.340, 321.920, 0.000]
- Rotation: in Quaternion [0.000, 0.000, 0.985, -0.171]
            in RPY (radian) [0.000, -0.000, -2.797]
            in RPY (degree) [0.000, -0.000, -160.280]
At time 1552315048.904
- Translation: [67.340, 321.920, 0.000]
- Rotation: in Quaternion [0.000, 0.000, 0.985, -0.171]
            in RPY (radian) [0.000, -0.000, -2.797]
            in RPY (degree) [0.000, -0.000, -160.280]
At time 1552315048.904
- Translation: [67.340, 321.920, 0.000]
- Rotation: in Quaternion [0.000, 0.000, 0.985, -0.171]
            in RPY (radian) [0.000, -0.000, -2.797]
            in RPY (degree) [0.000, -0.000, -160.280]
At time 1552315048.904
- Translation: [67.340, 321.920, 0.000]
- Rotation: in Quaternion [0.000, 0.000, 0.985, -0.171]
            in RPY (radian) [0.000, -0.000, -2.797]
            in RPY (degree) [0.000, -0.000, -160.280]
At time 1552315048.904
- Translation: [67.340, 321.920, 0.000]
- Rotation: in Quaternion [0.000, 0.000, 0.985, -0.171]
            in RPY (radian) [0.000, -0.000, -2.797]
            in RPY (degree) [0.000, -0.000, -160.280]
At time 1552315048.904
- Translation: [67.340, 321.920, 0.000]
- Rotation: in Quaternion [0.000, 0.000, 0.985, -0.171]
            in RPY (radian) [0.000, -0.000, -2.797]
            in RPY (degree) [0.000, -0.000, -160.280]
At time 1552315048.904
- Translation: [67.340, 321.920, 0.000]
- Rotation: in Quaternion [0.000, 0.000, 0.985, -0.171]
            in RPY (radian) [0.000, -0.000, -2.797]
            in RPY (degree) [0.000, -0.000, -160.280]
At time 1552315048.904
- Translation: [67.340, 321.920, 0.000]
- Rotation: in Quaternion [0.000, 0.000, 0.985, -0.171]
            in RPY (radian) [0.000, -0.000, -2.797]
            in RPY (degree) [0.000, -0.000, -160.280]
At time 1552315048.904
- Translation: [67.340, 321.920, 0.000]
- Rotation: in Quaternion [0.000, 0.000, 0.985, -0.171]
            in RPY (radian) [0.000, -0.000, -2.797]
            in RPY (degree) [0.000, -0.000, -160.280]
At time 1552315048.904
- Translation: [67.340, 321.920, 0.000]
- Rotation: in Quaternion [0.000, 0.000, 0.985, -0.171]
            in RPY (radian) [0.000, -0.000, -2.797]
            in RPY (degree) [0.000, -0.000, -160.280]
At time 1552315048.904
- Translation: [67.340, 321.920, 0.000]
- Rotation: in Quaternion [0.000, 0.000, 0.985, -0.171]
            in RPY (radian) [0.000, -0.000, -2.797]
            in RPY (degree) [0.000, -0.000, -160.280]
At time 1552315048.904
- Translation: [67.340, 321.920, 0.000]
- Rotation: in Quaternion [0.000, 0.000, 0.985, -0.171]
            in RPY (radian) [0.000, -0.000, -2.797]
            in RPY (degree) [0.000, -0.000, -160.280]
At time 1552315048.904
- Translation: [67.340, 321.920, 0.000]
- Rotation: in Quaternion [0.000, 0.000, 0.985, -0.171]
            in RPY (radian) [0.000, -0.000, -2.797]
            in RPY (degree) [0.000, -0.000, -160.280]
At time 1552315048.904
- Translation: [67.340, 321.920, 0.000]
- Rotation: in Quaternion [0.000, 0.000, 0.985, -0.171]
            in RPY (radian) [0.000, -0.000, -2.797]
            in RPY (degree) [0.000, -0.000, -160.280]
At time 1552315048.904
- Translation: [67.340, 321.920, 0.000]
- Rotation: in Quaternion [0.000, 0.000, 0.985, -0.171]
            in RPY (radian) [0.000, -0.000, -2.797]
            in RPY (degree) [0.000, -0.000, -160.280]
At time 1552315048.904
- Translation: [67.340, 321.920, 0.000]
- Rotation: in Quaternion [0.000, 0.000, 0.985, -0.171]
            in RPY (radian) [0.000, -0.000, -2.797]
            in RPY (degree) [0.000, -0.000, -160.280]
At time 1552315048.904
- Translation: [67.340, 321.920, 0.000]
- Rotation: in Quaternion [0.000, 0.000, 0.985, -0.171]
            in RPY (radian) [0.000, -0.000, -2.797]
            in RPY (degree) [0.000, -0.000, -160.280]
At time 1552315048.904
- Translation: [67.340, 321.920, 0.000]
- Rotation: in Quaternion [0.000, 0.000, 0.985, -0.171]
            in RPY (radian) [0.000, -0.000, -2.797]
            in RPY (degree) [0.000, -0.000, -160.280]
At time 1552315048.904
- Translation: [67.340, 321.920, 0.000]
- Rotation: in Quaternion [0.000, 0.000, 0.985, -0.171]
            in RPY (radian) [0.000, -0.000, -2.797]
            in RPY (degree) [0.000, -0.000, -160.280]
At time 1552315048.904
- Translation: [67.340, 321.920, 0.000]
- Rotation: in Quaternion [0.000, 0.000, 0.985, -0.171]
            in RPY (radian) [0.000, -0.000, -2.797]
            in RPY (degree) [0.000, -0.000, -160.280]
At time 1552315048.904
- Translation: [67.340, 321.920, 0.000]
- Rotation: in Quaternion [0.000, 0.000, 0.985, -0.171]
            in RPY (radian) [0.000, -0.000, -2.797]
            in RPY (degree) [0.000, -0.000, -160.280]
At time 1552315048.904
- Translation: [67.340, 321.920, 0.000]
- Rotation: in Quaternion [0.000, 0.000, 0.985, -0.171]
            in RPY (radian) [0.000, -0.000, -2.797]
            in RPY (degree) [0.000, -0.000, -160.280]
At time 1552315048.904
- Translation: [67.340, 321.920, 0.000]
- Rotation: in Quaternion [0.000, 0.000, 0.985, -0.171]
            in RPY (radian) [0.000, -0.000, -2.797]
            in RPY (degree) [0.000, -0.000, -160.280]
At time 1552315048.904
- Translation: [67.340, 321.920, 0.000]
- Rotation: in Quaternion [0.000, 0.000, 0.985, -0.171]
            in RPY (radian) [0.000, -0.000, -2.797]
            in RPY (degree) [0.000, -0.000, -160.280]
At time 1552315048.904
- Translation: [67.340, 321.920, 0.000]
- Rotation: in Quaternion [0.000, 0.000, 0.985, -0.171]
            in RPY (radian) [0.000, -0.000, -2.797]
            in RPY (degree) [0.000, -0.000, -160.280]
At time 1552315048.904
- Translation: [67.340, 321.920, 0.000]
- Rotation: in Quaternion [0.000, 0.000, 0.985, -0.171]
            in RPY (radian) [0.000, -0.000, -2.797]
            in RPY (degree) [0.000, -0.000, -160.280]
At time 1552315048.904
- Translation: [67.340, 321.920, 0.000]
- Rotation: in Quaternion [0.000, 0.000, 0.985, -0.171]
            in RPY (radian) [0.000, -0.000, -2.797]
            in RPY (degree) [0.000, -0.000, -160.280]
At time 1552315048.904
- Translation: [67.340, 321.920, 0.000]
- Rotation: in Quaternion [0.000, 0.000, 0.985, -0.171]
            in RPY (radian) [0.000, -0.000, -2.797]
            in RPY (degree) [0.000, -0.000, -160.280]
At time 1552315048.904
- Translation: [67.340, 321.920, 0.000]
- Rotation: in Quaternion [0.000, 0.000, 0.985, -0.171]
            in RPY (radian) [0.000, -0.000, -2.797]
            in RPY (degree) [0.000, -0.000, -160.280]
At time 1552315048.904
- Translation: [67.340, 321.920, 0.000]
- Rotation: in Quaternion [0.000, 0.000, 0.985, -0.171]
            in RPY (radian) [0.000, -0.000, -2.797]
            in RPY (degree) [0.000, -0.000, -160.280]
At time 1552315048.904
- Translation: [67.340, 321.920, 0.000]
- Rotation: in Quaternion [0.000, 0.000, 0.985, -0.171]
            in RPY (radian) [0.000, -0.000, -2.797]
            in RPY (degree) [0.000, -0.000, -160.280]
At time 1552315048.904
- Translation: [67.340, 321.920, 0.000]
- Rotation: in Quaternion [0.000, 0.000, 0.985, -0.171]
            in RPY (radian) [0.000, -0.000, -2.797]
            in RPY (degree) [0.000, -0.000, -160.280]
At time 1552315048.904
- Translation: [67.340, 321.920, 0.000]
- Rotation: in Quaternion [0.000, 0.000, 0.985, -0.171]
            in RPY (radian) [0.000, -0.000, -2.797]
            in RPY (degree) [0.000, -0.000, -160.280]
At time 1552315048.904
- Translation: [67.340, 321.920, 0.000]
- Rotation: in Quaternion [0.000, 0.000, 0.985, -0.171]
            in RPY (radian) [0.000, -0.000, -2.797]
            in RPY (degree) [0.000, -0.000, -160.280]
At time 1552315048.904
- Translation: [67.340, 321.920, 0.000]
- Rotation: in Quaternion [0.000, 0.000, 0.985, -0.171]
            in RPY (radian) [0.000, -0.000, -2.797]
            in RPY (degree) [0.000, -0.000, -160.280]
At time 1552315048.904
- Translation: [67.340, 321.920, 0.000]
- Rotation: in Quaternion [0.000, 0.000, 0.985, -0.171]
            in RPY (radian) [0.000, -0.000, -2.797]
            in RPY (degree) [0.000, -0.000, -160.280]
At time 1552315048.904
- Translation: [67.340, 321.920, 0.000]
- Rotation: in Quaternion [0.000, 0.000, 0.985, -0.171]
            in RPY (radian) [0.000, -0.000, -2.797]
            in RPY (degree) [0.000, -0.000, -160.280]
At time 1552315048.904
- Translation: [67.340, 321.920, 0.000]
- Rotation: in Quaternion [0.000, 0.000, 0.985, -0.171]
            in RPY (radian) [0.000, -0.000, -2.797]
            in RPY (degree) [0.000, -0.000, -160.280]
At time 1552315048.904
- Translation: [67.340, 321.920, 0.000]
- Rotation: in Quaternion [0.000, 0.000, 0.985, -0.171]
            in RPY (radian) [0.000, -0.000, -2.797]
            in RPY (degree) [0.000, -0.000, -160.280]
At time 1552315048.904
- Translation: [67.340, 321.920, 0.000]
- Rotation: in Quaternion [0.000, 0.000, 0.985, -0.171]
            in RPY (radian) [0.000, -0.000, -2.797]
            in RPY (degree) [0.000, -0.000, -160.280]
At time 1552315048.904
- Translation: [67.340, 321.920, 0.000]
- Rotation: in Quaternion [0.000, 0.000, 0.985, -0.171]
            in RPY (radian) [0.000, -0.000, -2.797]
            in RPY (degree) [0.000, -0.000, -160.280]
At time 1552315048.904
- Translation: [67.340, 321.920, 0.000]
- Rotation: in Quaternion [0.000, 0.000, 0.985, -0.171]
            in RPY (radian) [0.000, -0.000, -2.797]
            in RPY (degree) [0.000, -0.000, -160.280]
At time 1552315048.904
- Translation: [67.340, 321.920, 0.000]
- Rotation: in Quaternion [0.000, 0.000, 0.985, -0.171]
            in RPY (radian) [0.000, -0.000, -2.797]
            in RPY (degree) [0.000, -0.000, -160.280]
At time 1552315048.904
- Translation: [67.340, 321.920, 0.000]
- Rotation: in Quaternion [0.000, 0.000, 0.985, -0.171]
            in RPY (radian) [0.000, -0.000, -2.797]
            in RPY (degree) [0.000, -0.000, -160.280]
At time 1552315048.904
- Translation: [67.340, 321.920, 0.000]
- Rotation: in Quaternion [0.000, 0.000, 0.985, -0.171]
            in RPY (radian) [0.000, -0.000, -2.797]
            in RPY (degree) [0.000, -0.000, -160.280]
At time 1552315048.904
- Translation: [67.340, 321.920, 0.000]
- Rotation: in Quaternion [0.000, 0.000, 0.985, -0.171]
            in RPY (radian) [0.000, -0.000, -2.797]
            in RPY (degree) [0.000, -0.000, -160.280]
At time 1552315048.904
- Translation: [67.340, 321.920, 0.000]
- Rotation: in Quaternion [0.000, 0.000, 0.985, -0.171]
            in RPY (radian) [0.000, -0.000, -2.797]
            in RPY (degree) [0.000, -0.000, -160.280]
At time 1552315048.904
- Translation: [67.340, 321.920, 0.000]
- Rotation: in Quaternion [0.000, 0.000, 0.985, -0.171]
            in RPY (radian) [0.000, -0.000, -2.797]
            in RPY (degree) [0.000, -0.000, -160.280]
At time 1552315048.904
- Translation: [67.340, 321.920, 0.000]
- Rotation: in Quaternion [0.000, 0.000, 0.985, -0.171]
            in RPY (radian) [0.000, -0.000, -2.797]
            in RPY (degree) [0.000, -0.000, -160.280]
At time 1552315048.904
- Translation: [67.340, 321.920, 0.000]
- Rotation: in Quaternion [0.000, 0.000, 0.985, -0.171]
            in RPY (radian) [0.000, -0.000, -2.797]
            in RPY (degree) [0.000, -0.000, -160.280]
At time 1552315048.904
- Translation: [67.340, 321.920, 0.000]
- Rotation: in Quaternion [0.000, 0.000, 0.985, -0.171]
            in RPY (radian) [0.000, -0.000, -2.797]
            in RPY (degree) [0.000, -0.000, -160.280]
At time 1552315048.904
- Translation: [67.340, 321.920, 0.000]
- Rotation: in Quaternion [0.000, 0.000, 0.985, -0.171]
            in RPY (radian) [0.000, -0.000, -2.797]
            in RPY (degree) [0.000, -0.000, -160.280]
At time 1552315048.904
- Translation: [67.340, 321.920, 0.000]
- Rotation: in Quaternion [0.000, 0.000, 0.985, -0.171]
            in RPY (radian) [0.000, -0.000, -2.797]
            in RPY (degree) [0.000, -0.000, -160.280]
At time 1552315048.904
- Translation: [67.340, 321.920, 0.000]
- Rotation: in Quaternion [0.000, 0.000, 0.985, -0.171]
            in RPY (radian) [0.000, -0.000, -2.797]
            in RPY (degree) [0.000, -0.000, -160.280]
At time 1552315048.904
- Translation: [67.340, 321.920, 0.000]
- Rotation: in Quaternion [0.000, 0.000, 0.985, -0.171]
            in RPY (radian) [0.000, -0.000, -2.797]
            in RPY (degree) [0.000, -0.000, -160.280]
At time 1552315048.904
- Translation: [67.340, 321.920, 0.000]
- Rotation: in Quaternion [0.000, 0.000, 0.985, -0.171]
            in RPY (radian) [0.000, -0.000, -2.797]
            in RPY (degree) [0.000, -0.000, -160.280]
At time 1552315048.904
- Translation: [67.340, 321.920, 0.000]
- Rotation: in Quaternion [0.000, 0.000, 0.985, -0.171]
            in RPY (radian) [0.000, -0.000, -2.797]
            in RPY (degree) [0.000, -0.000, -160.280]
At time 1552315048.904
- Translation: [67.340, 321.920, 0.000]
- Rotation: in Quaternion [0.000, 0.000, 0.985, -0.171]
            in RPY (radian) [0.000, -0.000, -2.797]
            in RPY (degree) [0.000, -0.000, -160.280]
At time 1552315048.904
- Translation: [67.340, 321.920, 0.000]
- Rotation: in Quaternion [0.000, 0.000, 0.985, -0.171]
            in RPY (radian) [0.000, -0.000, -2.797]
            in RPY (degree) [0.000, -0.000, -160.280]
At time 1552315048.904
- Translation: [67.340, 321.920, 0.000]
- Rotation: in Quaternion [0.000, 0.000, 0.985, -0.171]
            in RPY (radian) [0.000, -0.000, -2.797]
            in RPY (degree) [0.000, -0.000, -160.280]
At time 1552315048.904
- Translation: [67.340, 321.920, 0.000]
- Rotation: in Quaternion [0.000, 0.000, 0.985, -0.171]
            in RPY (radian) [0.000, -0.000, -2.797]
            in RPY (degree) [0.000, -0.000, -160.280]
At time 1552315048.904
- Translation: [67.340, 321.920, 0.000]
- Rotation: in Quaternion [0.000, 0.000, 0.985, -0.171]
            in RPY (radian) [0.000, -0.000, -2.797]
            in RPY (degree) [0.000, -0.000, -160.280]
At time 1552315048.904
- Translation: [67.340, 321.920, 0.000]
- Rotation: in Quaternion [0.000, 0.000, 0.985, -0.171]
            in RPY (radian) [0.000, -0.000, -2.797]
            in RPY (degree) [0.000, -0.000, -160.280]
At time 1552315048.904
- Translation: [67.340, 321.920, 0.000]
- Rotation: in Quaternion [0.000, 0.000, 0.985, -0.171]
            in RPY (radian) [0.000, -0.000, -2.797]
            in RPY (degree) [0.000, -0.000, -160.280]
At time 1552315048.904
- Translation: [67.340, 321.920, 0.000]
- Rotation: in Quaternion [0.000, 0.000, 0.985, -0.171]
            in RPY (radian) [0.000, -0.000, -2.797]
            in RPY (degree) [0.000, -0.000, -160.280]
At time 1552315048.904
- Translation: [67.340, 321.920, 0.000]
- Rotation: in Quaternion [0.000, 0.000, 0.985, -0.171]
            in RPY (radian) [0.000, -0.000, -2.797]
            in RPY (degree) [0.000, -0.000, -160.280]
At time 1552315048.904
- Translation: [67.340, 321.920, 0.000]
- Rotation: in Quaternion [0.000, 0.000, 0.985, -0.171]
            in RPY (radian) [0.000, -0.000, -2.797]
            in RPY (degree) [0.000, -0.000, -160.280]
At time 1552315048.904
- Translation: [67.340, 321.920, 0.000]
- Rotation: in Quaternion [0.000, 0.000, 0.985, -0.171]
            in RPY (radian) [0.000, -0.000, -2.797]
            in RPY (degree) [0.000, -0.000, -160.280]
At time 1552315048.904
- Translation: [67.340, 321.920, 0.000]
- Rotation: in Quaternion [0.000, 0.000, 0.985, -0.171]
            in RPY (radian) [0.000, -0.000, -2.797]
            in RPY (degree) [0.000, -0.000, -160.280]
At time 1552315048.904
- Translation: [67.340, 321.920, 0.000]
- Rotation: in Quaternion [0.000, 0.000, 0.985, -0.171]
            in RPY (radian) [0.000, -0.000, -2.797]
            in RPY (degree) [0.000, -0.000, -160.280]
At time 1552315048.904
- Translation: [67.340, 321.920, 0.000]
- Rotation: in Quaternion [0.000, 0.000, 0.985, -0.171]
            in RPY (radian) [0.000, -0.000, -2.797]
            in RPY (degree) [0.000, -0.000, -160.280]
At time 1552315048.904
- Translation: [67.340, 321.920, 0.000]
- Rotation: in Quaternion [0.000, 0.000, 0.985, -0.171]
            in RPY (radian) [0.000, -0.000, -2.797]
            in RPY (degree) [0.000, -0.000, -160.280]
At time 1552315048.904
- Translation: [67.340, 321.920, 0.000]
- Rotation: in Quaternion [0.000, 0.000, 0.985, -0.171]
            in RPY (radian) [0.000, -0.000, -2.797]
            in RPY (degree) [0.000, -0.000, -160.280]
At time 1552315048.904
- Translation: [67.340, 321.920, 0.000]
- Rotation: in Quaternion [0.000, 0.000, 0.985, -0.171]
            in RPY (radian) [0.000, -0.000, -2.797]
            in RPY (degree) [0.000, -0.000, -160.280]
At time 1552315048.904
- Translation: [67.340, 321.920, 0.000]
- Rotation: in Quaternion [0.000, 0.000, 0.985, -0.171]
            in RPY (radian) [0.000, -0.000, -2.797]
            in RPY (degree) [0.000, -0.000, -160.280]
At time 1552315048.904
- Translation: [67.340, 321.920, 0.000]
- Rotation: in Quaternion [0.000, 0.000, 0.985, -0.171]
            in RPY (radian) [0.000, -0.000, -2.797]
            in RPY (degree) [0.000, -0.000, -160.280]
At time 1552315048.904
- Translation: [67.340, 321.920, 0.000]
- Rotation: in Quaternion [0.000, 0.000, 0.985, -0.171]
            in RPY (radian) [0.000, -0.000, -2.797]
            in RPY (degree) [0.000, -0.000, -160.280]
At time 1552315048.904
- Translation: [67.340, 321.920, 0.000]
- Rotation: in Quaternion [0.000, 0.000, 0.985, -0.171]
            in RPY (radian) [0.000, -0.000, -2.797]
            in RPY (degree) [0.000, -0.000, -160.280]
At time 1552315048.904
- Translation: [67.340, 321.920, 0.000]
- Rotation: in Quaternion [0.000, 0.000, 0.985, -0.171]
            in RPY (radian) [0.000, -0.000, -2.797]
            in RPY (degree) [0.000, -0.000, -160.280]
At time 1552315048.904
- Translation: [67.340, 321.920, 0.000]
- Rotation: in Quaternion [0.000, 0.000, 0.985, -0.171]
            in RPY (radian) [0.000, -0.000, -2.797]
            in RPY (degree) [0.000, -0.000, -160.280]
At time 1552315048.904
- Translation: [67.340, 321.920, 0.000]
- Rotation: in Quaternion [0.000, 0.000, 0.985, -0.171]
            in RPY (radian) [0.000, -0.000, -2.797]
            in RPY (degree) [0.000, -0.000, -160.280]
At time 1552315048.904
- Translation: [67.340, 321.920, 0.000]
- Rotation: in Quaternion [0.000, 0.000, 0.985, -0.171]
            in RPY (radian) [0.000, -0.000, -2.797]
            in RPY (degree) [0.000, -0.000, -160.280]
At time 1552315048.904
- Translation: [67.340, 321.920, 0.000]
- Rotation: in Quaternion [0.000, 0.000, 0.985, -0.171]
            in RPY (radian) [0.000, -0.000, -2.797]
            in RPY (degree) [0.000, -0.000, -160.280]
At time 1552315048.904
- Translation: [67.340, 321.920, 0.000]
- Rotation: in Quaternion [0.000, 0.000, 0.985, -0.171]
            in RPY (radian) [0.000, -0.000, -2.797]
            in RPY (degree) [0.000, -0.000, -160.280]
At time 1552315048.904
- Translation: [67.340, 321.920, 0.000]
- Rotation: in Quaternion [0.000, 0.000, 0.985, -0.171]
            in RPY (radian) [0.000, -0.000, -2.797]
            in RPY (degree) [0.000, -0.000, -160.280]
At time 1552315048.904
- Translation: [67.340, 321.920, 0.000]
- Rotation: in Quaternion [0.000, 0.000, 0.985, -0.171]
            in RPY (radian) [0.000, -0.000, -2.797]
            in RPY (degree) [0.000, -0.000, -160.280]
At time 1552315048.904
- Translation: [67.340, 321.920, 0.000]
- Rotation: in Quaternion [0.000, 0.000, 0.985, -0.171]
            in RPY (radian) [0.000, -0.000, -2.797]
            in RPY (degree) [0.000, -0.000, -160.280]
At time 1552315048.904
- Translation: [67.340, 321.920, 0.000]
- Rotation: in Quaternion [0.000, 0.000, 0.985, -0.171]
            in RPY (radian) [0.000, -0.000, -2.797]
            in RPY (degree) [0.000, -0.000, -160.280]
At time 1552315048.904
- Translation: [67.340, 321.920, 0.000]
- Rotation: in Quaternion [0.000, 0.000, 0.985, -0.171]
            in RPY (radian) [0.000, -0.000, -2.797]
            in RPY (degree) [0.000, -0.000, -160.280]
At time 1552315048.904
- Translation: [67.340, 321.920, 0.000]
- Rotation: in Quaternion [0.000, 0.000, 0.985, -0.171]
            in RPY (radian) [0.000, -0.000, -2.797]
            in RPY (degree) [0.000, -0.000, -160.280]
At time 1552315048.904
- Translation: [67.340, 321.920, 0.000]
- Rotation: in Quaternion [0.000, 0.000, 0.985, -0.171]
            in RPY (radian) [0.000, -0.000, -2.797]
            in RPY (degree) [0.000, -0.000, -160.280]
At time 1552315048.904
- Translation: [67.340, 321.920, 0.000]
- Rotation: in Quaternion [0.000, 0.000, 0.985, -0.171]
            in RPY (radian) [0.000, -0.000, -2.797]
            in RPY (degree) [0.000, -0.000, -160.280]
At time 1552315048.904
- Translation: [67.340, 321.920, 0.000]
- Rotation: in Quaternion [0.000, 0.000, 0.985, -0.171]
            in RPY (radian) [0.000, -0.000, -2.797]
            in RPY (degree) [0.000, -0.000, -160.280]
At time 1552315048.904
- Translation: [67.340, 321.920, 0.000]
- Rotation: in Quaternion [0.000, 0.000, 0.985, -0.171]
            in RPY (radian) [0.000, -0.000, -2.797]
            in RPY (degree) [0.000, -0.000, -160.280]
At time 1552315048.904
- Translation: [67.340, 321.920, 0.000]
- Rotation: in Quaternion [0.000, 0.000, 0.985, -0.171]
            in RPY (radian) [0.000, -0.000, -2.797]
            in RPY (degree) [0.000, -0.000, -160.280]
At time 1552315048.904
- Translation: [67.340, 321.920, 0.000]
- Rotation: in Quaternion [0.000, 0.000, 0.985, -0.171]
            in RPY (radian) [0.000, -0.000, -2.797]
            in RPY (degree) [0.000, -0.000, -160.280]
At time 1552315048.904
- Translation: [67.340, 321.920, 0.000]
- Rotation: in Quaternion [0.000, 0.000, 0.985, -0.171]
            in RPY (radian) [0.000, -0.000, -2.797]
            in RPY (degree) [0.000, -0.000, -160.280]
At time 1552315048.904
- Translation: [67.340, 321.920, 0.000]
- Rotation: in Quaternion [0.000, 0.000, 0.985, -0.171]
            in RPY (radian) [0.000, -0.000, -2.797]
            in RPY (degree) [0.000, -0.000, -160.280]
At time 1552315048.904
- Translation: [67.340, 321.920, 0.000]
- Rotation: in Quaternion [0.000, 0.000, 0.985, -0.171]
            in RPY (radian) [0.000, -0.000, -2.797]
            in RPY (degree) [0.000, -0.000, -160.280]
At time 1552315048.904
- Translation: [67.340, 321.920, 0.000]
- Rotation: in Quaternion [0.000, 0.000, 0.985, -0.171]
            in RPY (radian) [0.000, -0.000, -2.797]
            in RPY (degree) [0.000, -0.000, -160.280]
At time 1552315048.904
- Translation: [67.340, 321.920, 0.000]
- Rotation: in Quaternion [0.000, 0.000, 0.985, -0.171]
            in RPY (radian) [0.000, -0.000, -2.797]
            in RPY (degree) [0.000, -0.000, -160.280]
At time 1552315048.904
- Translation: [67.340, 321.920, 0.000]
- Rotation: in Quaternion [0.000, 0.000, 0.985, -0.171]
            in RPY (radian) [0.000, -0.000, -2.797]
            in RPY (degree) [0.000, -0.000, -160.280]
At time 1552315048.904
- Translation: [67.340, 321.920, 0.000]
- Rotation: in Quaternion [0.000, 0.000, 0.985, -0.171]
            in RPY (radian) [0.000, -0.000, -2.797]
            in RPY (degree) [0.000, -0.000, -160.280]
At time 1552315048.904
- Translation: [67.340, 321.920, 0.000]
- Rotation: in Quaternion [0.000, 0.000, 0.985, -0.171]
            in RPY (radian) [0.000, -0.000, -2.797]
            in RPY (degree) [0.000, -0.000, -160.280]
At time 1552315048.904
- Translation: [67.340, 321.920, 0.000]
- Rotation: in Quaternion [0.000, 0.000, 0.985, -0.171]
            in RPY (radian) [0.000, -0.000, -2.797]
            in RPY (degree) [0.000, -0.000, -160.280]
At time 1552315048.904
- Translation: [67.340, 321.920, 0.000]
- Rotation: in Quaternion [0.000, 0.000, 0.985, -0.171]
            in RPY (radian) [0.000, -0.000, -2.797]
            in RPY (degree) [0.000, -0.000, -160.280]
At time 1552315048.904
- Translation: [67.340, 321.920, 0.000]
- Rotation: in Quaternion [0.000, 0.000, 0.985, -0.171]
            in RPY (radian) [0.000, -0.000, -2.797]
            in RPY (degree) [0.000, -0.000, -160.280]
At time 1552315048.904
- Translation: [67.340, 321.920, 0.000]
- Rotation: in Quaternion [0.000, 0.000, 0.985, -0.171]
            in RPY (radian) [0.000, -0.000, -2.797]
            in RPY (degree) [0.000, -0.000, -160.280]
At time 1552315048.904
- Translation: [67.340, 321.920, 0.000]
- Rotation: in Quaternion [0.000, 0.000, 0.985, -0.171]
            in RPY (radian) [0.000, -0.000, -2.797]
            in RPY (degree) [0.000, -0.000, -160.280]
At time 1552315048.904
- Translation: [67.340, 321.920, 0.000]
- Rotation: in Quaternion [0.000, 0.000, 0.985, -0.171]
            in RPY (radian) [0.000, -0.000, -2.797]
            in RPY (degree) [0.000, -0.000, -160.280]
At time 1552315048.904
- Translation: [67.340, 321.920, 0.000]
- Rotation: in Quaternion [0.000, 0.000, 0.985, -0.171]
            in RPY (radian) [0.000, -0.000, -2.797]
            in RPY (degree) [0.000, -0.000, -160.280]
At time 1552315048.904
- Translation: [67.340, 321.920, 0.000]
- Rotation: in Quaternion [0.000, 0.000, 0.985, -0.171]
            in RPY (radian) [0.000, -0.000, -2.797]
            in RPY (degree) [0.000, -0.000, -160.280]
At time 1552315048.904
- Translation: [67.340, 321.920, 0.000]
- Rotation: in Quaternion [0.000, 0.000, 0.985, -0.171]
            in RPY (radian) [0.000, -0.000, -2.797]
            in RPY (degree) [0.000, -0.000, -160.280]
At time 1552315048.904
- Translation: [67.340, 321.920, 0.000]
- Rotation: in Quaternion [0.000, 0.000, 0.985, -0.171]
            in RPY (radian) [0.000, -0.000, -2.797]
            in RPY (degree) [0.000, -0.000, -160.280]
At time 1552315048.904
- Translation: [67.340, 321.920, 0.000]
- Rotation: in Quaternion [0.000, 0.000, 0.985, -0.171]
            in RPY (radian) [0.000, -0.000, -2.797]
            in RPY (degree) [0.000, -0.000, -160.280]
At time 1552315048.904
- Translation: [67.340, 321.920, 0.000]
- Rotation: in Quaternion [0.000, 0.000, 0.985, -0.171]
            in RPY (radian) [0.000, -0.000, -2.797]
            in RPY (degree) [0.000, -0.000, -160.280]
At time 1552315048.904
- Translation: [67.340, 321.920, 0.000]
- Rotation: in Quaternion [0.000, 0.000, 0.985, -0.171]
            in RPY (radian) [0.000, -0.000, -2.797]
            in RPY (degree) [0.000, -0.000, -160.280]
At time 1552315048.904
- Translation: [67.340, 321.920, 0.000]
- Rotation: in Quaternion [0.000, 0.000, 0.985, -0.171]
            in RPY (radian) [0.000, -0.000, -2.797]
            in RPY (degree) [0.000, -0.000, -160.280]
At time 1552315048.904
- Translation: [67.340, 321.920, 0.000]
- Rotation: in Quaternion [0.000, 0.000, 0.985, -0.171]
            in RPY (radian) [0.000, -0.000, -2.797]
            in RPY (degree) [0.000, -0.000, -160.280]
At time 1552315048.904
- Translation: [67.340, 321.920, 0.000]
- Rotation: in Quaternion [0.000, 0.000, 0.985, -0.171]
            in RPY (radian) [0.000, -0.000, -2.797]
            in RPY (degree) [0.000, -0.000, -160.280]
At time 1552315048.904
- Translation: [67.340, 321.920, 0.000]
- Rotation: in Quaternion [0.000, 0.000, 0.985, -0.171]
            in RPY (radian) [0.000, -0.000, -2.797]
            in RPY (degree) [0.000, -0.000, -160.280]
At time 1552315048.904
- Translation: [67.340, 321.920, 0.000]
- Rotation: in Quaternion [0.000, 0.000, 0.985, -0.171]
            in RPY (radian) [0.000, -0.000, -2.797]
            in RPY (degree) [0.000, -0.000, -160.280]
At time 1552315048.904
- Translation: [67.340, 321.920, 0.000]
- Rotation: in Quaternion [0.000, 0.000, 0.985, -0.171]
            in RPY (radian) [0.000, -0.000, -2.797]
            in RPY (degree) [0.000, -0.000, -160.280]
At time 1552315048.904
- Translation: [67.340, 321.920, 0.000]
- Rotation: in Quaternion [0.000, 0.000, 0.985, -0.171]
            in RPY (radian) [0.000, -0.000, -2.797]
            in RPY (degree) [0.000, -0.000, -160.280]
At time 1552315048.904
- Translation: [67.340, 321.920, 0.000]
- Rotation: in Quaternion [0.000, 0.000, 0.985, -0.171]
            in RPY (radian) [0.000, -0.000, -2.797]
            in RPY (degree) [0.000, -0.000, -160.280]
At time 1552315048.904
- Translation: [67.340, 321.920, 0.000]
- Rotation: in Quaternion [0.000, 0.000, 0.985, -0.171]
            in RPY (radian) [0.000, -0.000, -2.797]
            in RPY (degree) [0.000, -0.000, -160.280]
At time 1552315048.904
- Translation: [67.340, 321.920, 0.000]
- Rotation: in Quaternion [0.000, 0.000, 0.985, -0.171]
            in RPY (radian) [0.000, -0.000, -2.797]
            in RPY (degree) [0.000, -0.000, -160.280]
At time 1552315048.904
- Translation: [67.340, 321.920, 0.000]
- Rotation: in Quaternion [0.000, 0.000, 0.985, -0.171]
            in RPY (radian) [0.000, -0.000, -2.797]
            in RPY (degree) [0.000, -0.000, -160.280]
At time 1552315048.904
- Translation: [67.340, 321.920, 0.000]
- Rotation: in Quaternion [0.000, 0.000, 0.985, -0.171]
            in RPY (radian) [0.000, -0.000, -2.797]
            in RPY (degree) [0.000, -0.000, -160.280]
At time 1552315048.904
- Translation: [67.340, 321.920, 0.000]
- Rotation: in Quaternion [0.000, 0.000, 0.985, -0.171]
            in RPY (radian) [0.000, -0.000, -2.797]
            in RPY (degree) [0.000, -0.000, -160.280]
At time 1552315048.904
- Translation: [67.340, 321.920, 0.000]
- Rotation: in Quaternion [0.000, 0.000, 0.985, -0.171]
            in RPY (radian) [0.000, -0.000, -2.797]
            in RPY (degree) [0.000, -0.000, -160.280]
At time 1552315048.904
- Translation: [67.340, 321.920, 0.000]
- Rotation: in Quaternion [0.000, 0.000, 0.985, -0.171]
            in RPY (radian) [0.000, -0.000, -2.797]
            in RPY (degree) [0.000, -0.000, -160.280]
At time 1552315048.904
- Translation: [67.340, 321.920, 0.000]
- Rotation: in Quaternion [0.000, 0.000, 0.985, -0.171]
            in RPY (radian) [0.000, -0.000, -2.797]
            in RPY (degree) [0.000, -0.000, -160.280]
At time 1552315048.904
- Translation: [67.340, 321.920, 0.000]
- Rotation: in Quaternion [0.000, 0.000, 0.985, -0.171]
            in RPY (radian) [0.000, -0.000, -2.797]
            in RPY (degree) [0.000, -0.000, -160.280]
At time 1552315048.904
- Translation: [67.340, 321.920, 0.000]
- Rotation: in Quaternion [0.000, 0.000, 0.985, -0.171]
            in RPY (radian) [0.000, -0.000, -2.797]
            in RPY (degree) [0.000, -0.000, -160.280]
At time 1552315048.904
- Translation: [67.340, 321.920, 0.000]
- Rotation: in Quaternion [0.000, 0.000, 0.985, -0.171]
            in RPY (radian) [0.000, -0.000, -2.797]
            in RPY (degree) [0.000, -0.000, -160.280]
At time 1552315048.904
- Translation: [67.340, 321.920, 0.000]
- Rotation: in Quaternion [0.000, 0.000, 0.985, -0.171]
            in RPY (radian) [0.000, -0.000, -2.797]
            in RPY (degree) [0.000, -0.000, -160.280]
At time 1552315048.904
- Translation: [67.340, 321.920, 0.000]
- Rotation: in Quaternion [0.000, 0.000, 0.985, -0.171]
            in RPY (radian) [0.000, -0.000, -2.797]
            in RPY (degree) [0.000, -0.000, -160.280]
At time 1552315048.904
- Translation: [67.340, 321.920, 0.000]
- Rotation: in Quaternion [0.000, 0.000, 0.985, -0.171]
            in RPY (radian) [0.000, -0.000, -2.797]
            in RPY (degree) [0.000, -0.000, -160.280]
At time 1552315048.904
- Translation: [67.340, 321.920, 0.000]
- Rotation: in Quaternion [0.000, 0.000, 0.985, -0.171]
            in RPY (radian) [0.000, -0.000, -2.797]
            in RPY (degree) [0.000, -0.000, -160.280]
At time 1552315048.904
- Translation: [67.340, 321.920, 0.000]
- Rotation: in Quaternion [0.000, 0.000, 0.985, -0.171]
            in RPY (radian) [0.000, -0.000, -2.797]
            in RPY (degree) [0.000, -0.000, -160.280]
At time 1552315048.904
- Translation: [67.340, 321.920, 0.000]
- Rotation: in Quaternion [0.000, 0.000, 0.985, -0.171]
            in RPY (radian) [0.000, -0.000, -2.797]
            in RPY (degree) [0.000, -0.000, -160.280]
At time 1552315048.904
- Translation: [67.340, 321.920, 0.000]
- Rotation: in Quaternion [0.000, 0.000, 0.985, -0.171]
            in RPY (radian) [0.000, -0.000, -2.797]
            in RPY (degree) [0.000, -0.000, -160.280]
At time 1552315048.904
- Translation: [67.340, 321.920, 0.000]
- Rotation: in Quaternion [0.000, 0.000, 0.985, -0.171]
            in RPY (radian) [0.000, -0.000, -2.797]
            in RPY (degree) [0.000, -0.000, -160.280]
At time 1552315048.904
- Translation: [67.340, 321.920, 0.000]
- Rotation: in Quaternion [0.000, 0.000, 0.985, -0.171]
            in RPY (radian) [0.000, -0.000, -2.797]
            in RPY (degree) [0.000, -0.000, -160.280]
At time 1552315048.904
- Translation: [67.340, 321.920, 0.000]
- Rotation: in Quaternion [0.000, 0.000, 0.985, -0.171]
            in RPY (radian) [0.000, -0.000, -2.797]
            in RPY (degree) [0.000, -0.000, -160.280]
At time 1552315048.904
- Translation: [67.340, 321.920, 0.000]
- Rotation: in Quaternion [0.000, 0.000, 0.985, -0.171]
            in RPY (radian) [0.000, -0.000, -2.797]
            in RPY (degree) [0.000, -0.000, -160.280]
At time 1552315048.904
- Translation: [67.340, 321.920, 0.000]
- Rotation: in Quaternion [0.000, 0.000, 0.985, -0.171]
            in RPY (radian) [0.000, -0.000, -2.797]
            in RPY (degree) [0.000, -0.000, -160.280]
At time 1552315048.904
- Translation: [67.340, 321.920, 0.000]
- Rotation: in Quaternion [0.000, 0.000, 0.985, -0.171]
            in RPY (radian) [0.000, -0.000, -2.797]
            in RPY (degree) [0.000, -0.000, -160.280]
At time 1552315048.904
- Translation: [67.340, 321.920, 0.000]
- Rotation: in Quaternion [0.000, 0.000, 0.985, -0.171]
            in RPY (radian) [0.000, -0.000, -2.797]
            in RPY (degree) [0.000, -0.000, -160.280]
At time 1552315048.904
- Translation: [67.340, 321.920, 0.000]
- Rotation: in Quaternion [0.000, 0.000, 0.985, -0.171]
            in RPY (radian) [0.000, -0.000, -2.797]
            in RPY (degree) [0.000, -0.000, -160.280]
At time 1552315048.904
- Translation: [67.340, 321.920, 0.000]
- Rotation: in Quaternion [0.000, 0.000, 0.985, -0.171]
            in RPY (radian) [0.000, -0.000, -2.797]
            in RPY (degree) [0.000, -0.000, -160.280]
At time 1552315048.904
- Translation: [67.340, 321.920, 0.000]
- Rotation: in Quaternion [0.000, 0.000, 0.985, -0.171]
            in RPY (radian) [0.000, -0.000, -2.797]
            in RPY (degree) [0.000, -0.000, -160.280]
At time 1552315048.904
- Translation: [67.340, 321.920, 0.000]
- Rotation: in Quaternion [0.000, 0.000, 0.985, -0.171]
            in RPY (radian) [0.000, -0.000, -2.797]
            in RPY (degree) [0.000, -0.000, -160.280]
At time 1552315048.904
- Translation: [67.340, 321.920, 0.000]
- Rotation: in Quaternion [0.000, 0.000, 0.985, -0.171]
            in RPY (radian) [0.000, -0.000, -2.797]
            in RPY (degree) [0.000, -0.000, -160.280]
At time 1552315048.904
- Translation: [67.340, 321.920, 0.000]
- Rotation: in Quaternion [0.000, 0.000, 0.985, -0.171]
            in RPY (radian) [0.000, -0.000, -2.797]
            in RPY (degree) [0.000, -0.000, -160.280]
At time 1552315048.904
- Translation: [67.340, 321.920, 0.000]
- Rotation: in Quaternion [0.000, 0.000, 0.985, -0.171]
            in RPY (radian) [0.000, -0.000, -2.797]
            in RPY (degree) [0.000, -0.000, -160.280]
At time 1552315048.904
- Translation: [67.340, 321.920, 0.000]
- Rotation: in Quaternion [0.000, 0.000, 0.985, -0.171]
            in RPY (radian) [0.000, -0.000, -2.797]
            in RPY (degree) [0.000, -0.000, -160.280]
At time 1552315048.904
- Translation: [67.340, 321.920, 0.000]
- Rotation: in Quaternion [0.000, 0.000, 0.985, -0.171]
            in RPY (radian) [0.000, -0.000, -2.797]
            in RPY (degree) [0.000, -0.000, -160.280]
At time 1552315048.904
- Translation: [67.340, 321.920, 0.000]
- Rotation: in Quaternion [0.000, 0.000, 0.985, -0.171]
            in RPY (radian) [0.000, -0.000, -2.797]
            in RPY (degree) [0.000, -0.000, -160.280]
At time 1552315048.904
- Translation: [67.340, 321.920, 0.000]
- Rotation: in Quaternion [0.000, 0.000, 0.985, -0.171]
            in RPY (radian) [0.000, -0.000, -2.797]
            in RPY (degree) [0.000, -0.000, -160.280]
At time 1552315048.904
- Translation: [67.340, 321.920, 0.000]
- Rotation: in Quaternion [0.000, 0.000, 0.985, -0.171]
            in RPY (radian) [0.000, -0.000, -2.797]
            in RPY (degree) [0.000, -0.000, -160.280]
At time 1552315048.904
- Translation: [67.340, 321.920, 0.000]
- Rotation: in Quaternion [0.000, 0.000, 0.985, -0.171]
            in RPY (radian) [0.000, -0.000, -2.797]
            in RPY (degree) [0.000, -0.000, -160.280]
At time 1552315048.904
- Translation: [67.340, 321.920, 0.000]
- Rotation: in Quaternion [0.000, 0.000, 0.985, -0.171]
            in RPY (radian) [0.000, -0.000, -2.797]
            in RPY (degree) [0.000, -0.000, -160.280]
At time 1552315048.904
- Translation: [67.340, 321.920, 0.000]
- Rotation: in Quaternion [0.000, 0.000, 0.985, -0.171]
            in RPY (radian) [0.000, -0.000, -2.797]
            in RPY (degree) [0.000, -0.000, -160.280]
At time 1552315048.904
- Translation: [67.340, 321.920, 0.000]
- Rotation: in Quaternion [0.000, 0.000, 0.985, -0.171]
            in RPY (radian) [0.000, -0.000, -2.797]
            in RPY (degree) [0.000, -0.000, -160.280]
At time 1552315048.904
- Translation: [67.340, 321.920, 0.000]
- Rotation: in Quaternion [0.000, 0.000, 0.985, -0.171]
            in RPY (radian) [0.000, -0.000, -2.797]
            in RPY (degree) [0.000, -0.000, -160.280]
At time 1552315048.904
- Translation: [67.340, 321.920, 0.000]
- Rotation: in Quaternion [0.000, 0.000, 0.985, -0.171]
            in RPY (radian) [0.000, -0.000, -2.797]
            in RPY (degree) [0.000, -0.000, -160.280]
At time 1552315048.904
- Translation: [67.340, 321.920, 0.000]
- Rotation: in Quaternion [0.000, 0.000, 0.985, -0.171]
            in RPY (radian) [0.000, -0.000, -2.797]
            in RPY (degree) [0.000, -0.000, -160.280]
At time 1552315048.904
- Translation: [67.340, 321.920, 0.000]
- Rotation: in Quaternion [0.000, 0.000, 0.985, -0.171]
            in RPY (radian) [0.000, -0.000, -2.797]
            in RPY (degree) [0.000, -0.000, -160.280]
At time 1552315048.904
- Translation: [67.340, 321.920, 0.000]
- Rotation: in Quaternion [0.000, 0.000, 0.985, -0.171]
            in RPY (radian) [0.000, -0.000, -2.797]
            in RPY (degree) [0.000, -0.000, -160.280]
At time 1552315048.904
- Translation: [67.340, 321.920, 0.000]
- Rotation: in Quaternion [0.000, 0.000, 0.985, -0.171]
            in RPY (radian) [0.000, -0.000, -2.797]
            in RPY (degree) [0.000, -0.000, -160.280]
At time 1552315048.904
- Translation: [67.340, 321.920, 0.000]
- Rotation: in Quaternion [0.000, 0.000, 0.985, -0.171]
            in RPY (radian) [0.000, -0.000, -2.797]
            in RPY (degree) [0.000, -0.000, -160.280]
At time 1552315048.904
- Translation: [67.340, 321.920, 0.000]
- Rotation: in Quaternion [0.000, 0.000, 0.985, -0.171]
            in RPY (radian) [0.000, -0.000, -2.797]
            in RPY (degree) [0.000, -0.000, -160.280]
At time 1552315048.904
- Translation: [67.340, 321.920, 0.000]
- Rotation: in Quaternion [0.000, 0.000, 0.985, -0.171]
            in RPY (radian) [0.000, -0.000, -2.797]
            in RPY (degree) [0.000, -0.000, -160.280]
At time 1552315048.904
- Translation: [67.340, 321.920, 0.000]
- Rotation: in Quaternion [0.000, 0.000, 0.985, -0.171]
            in RPY (radian) [0.000, -0.000, -2.797]
            in RPY (degree) [0.000, -0.000, -160.280]
At time 1552315048.904
- Translation: [67.340, 321.920, 0.000]
- Rotation: in Quaternion [0.000, 0.000, 0.985, -0.171]
            in RPY (radian) [0.000, -0.000, -2.797]
            in RPY (degree) [0.000, -0.000, -160.280]
At time 1552315048.904
- Translation: [67.340, 321.920, 0.000]
- Rotation: in Quaternion [0.000, 0.000, 0.985, -0.171]
            in RPY (radian) [0.000, -0.000, -2.797]
            in RPY (degree) [0.000, -0.000, -160.280]
At time 1552315048.904
- Translation: [67.340, 321.920, 0.000]
- Rotation: in Quaternion [0.000, 0.000, 0.985, -0.171]
            in RPY (radian) [0.000, -0.000, -2.797]
            in RPY (degree) [0.000, -0.000, -160.280]
At time 1552315048.904
- Translation: [67.340, 321.920, 0.000]
- Rotation: in Quaternion [0.000, 0.000, 0.985, -0.171]
            in RPY (radian) [0.000, -0.000, -2.797]
            in RPY (degree) [0.000, -0.000, -160.280]
At time 1552315048.904
- Translation: [67.340, 321.920, 0.000]
- Rotation: in Quaternion [0.000, 0.000, 0.985, -0.171]
            in RPY (radian) [0.000, -0.000, -2.797]
            in RPY (degree) [0.000, -0.000, -160.280]
At time 1552315048.904
- Translation: [67.340, 321.920, 0.000]
- Rotation: in Quaternion [0.000, 0.000, 0.985, -0.171]
            in RPY (radian) [0.000, -0.000, -2.797]
            in RPY (degree) [0.000, -0.000, -160.280]
At time 1552315048.904
- Translation: [67.340, 321.920, 0.000]
- Rotation: in Quaternion [0.000, 0.000, 0.985, -0.171]
            in RPY (radian) [0.000, -0.000, -2.797]
            in RPY (degree) [0.000, -0.000, -160.280]
At time 1552315048.904
- Translation: [67.340, 321.920, 0.000]
- Rotation: in Quaternion [0.000, 0.000, 0.985, -0.171]
            in RPY (radian) [0.000, -0.000, -2.797]
            in RPY (degree) [0.000, -0.000, -160.280]
At time 1552315048.904
- Translation: [67.340, 321.920, 0.000]
- Rotation: in Quaternion [0.000, 0.000, 0.985, -0.171]
            in RPY (radian) [0.000, -0.000, -2.797]
            in RPY (degree) [0.000, -0.000, -160.280]
At time 1552315048.904
- Translation: [67.340, 321.920, 0.000]
- Rotation: in Quaternion [0.000, 0.000, 0.985, -0.171]
            in RPY (radian) [0.000, -0.000, -2.797]
            in RPY (degree) [0.000, -0.000, -160.280]
At time 1552315048.904
- Translation: [67.340, 321.920, 0.000]
- Rotation: in Quaternion [0.000, 0.000, 0.985, -0.171]
            in RPY (radian) [0.000, -0.000, -2.797]
            in RPY (degree) [0.000, -0.000, -160.280]
At time 1552315048.904
- Translation: [67.340, 321.920, 0.000]
- Rotation: in Quaternion [0.000, 0.000, 0.985, -0.171]
            in RPY (radian) [0.000, -0.000, -2.797]
            in RPY (degree) [0.000, -0.000, -160.280]
At time 1552315048.904
- Translation: [67.340, 321.920, 0.000]
- Rotation: in Quaternion [0.000, 0.000, 0.985, -0.171]
            in RPY (radian) [0.000, -0.000, -2.797]
            in RPY (degree) [0.000, -0.000, -160.280]
At time 1552315048.904
- Translation: [67.340, 321.920, 0.000]
- Rotation: in Quaternion [0.000, 0.000, 0.985, -0.171]
            in RPY (radian) [0.000, -0.000, -2.797]
            in RPY (degree) [0.000, -0.000, -160.280]
At time 1552315048.904
- Translation: [67.340, 321.920, 0.000]
- Rotation: in Quaternion [0.000, 0.000, 0.985, -0.171]
            in RPY (radian) [0.000, -0.000, -2.797]
            in RPY (degree) [0.000, -0.000, -160.280]
At time 1552315048.904
- Translation: [67.340, 321.920, 0.000]
- Rotation: in Quaternion [0.000, 0.000, 0.985, -0.171]
            in RPY (radian) [0.000, -0.000, -2.797]
            in RPY (degree) [0.000, -0.000, -160.280]
At time 1552315048.904
- Translation: [67.340, 321.920, 0.000]
- Rotation: in Quaternion [0.000, 0.000, 0.985, -0.171]
            in RPY (radian) [0.000, -0.000, -2.797]
            in RPY (degree) [0.000, -0.000, -160.280]
At time 1552315048.904
- Translation: [67.340, 321.920, 0.000]
- Rotation: in Quaternion [0.000, 0.000, 0.985, -0.171]
            in RPY (radian) [0.000, -0.000, -2.797]
            in RPY (degree) [0.000, -0.000, -160.280]
At time 1552315048.904
- Translation: [67.340, 321.920, 0.000]
- Rotation: in Quaternion [0.000, 0.000, 0.985, -0.171]
            in RPY (radian) [0.000, -0.000, -2.797]
            in RPY (degree) [0.000, -0.000, -160.280]
At time 1552315048.904
- Translation: [67.340, 321.920, 0.000]
- Rotation: in Quaternion [0.000, 0.000, 0.985, -0.171]
            in RPY (radian) [0.000, -0.000, -2.797]
            in RPY (degree) [0.000, -0.000, -160.280]
At time 1552315048.904
- Translation: [67.340, 321.920, 0.000]
- Rotation: in Quaternion [0.000, 0.000, 0.985, -0.171]
            in RPY (radian) [0.000, -0.000, -2.797]
            in RPY (degree) [0.000, -0.000, -160.280]
At time 1552315048.904
- Translation: [67.340, 321.920, 0.000]
- Rotation: in Quaternion [0.000, 0.000, 0.985, -0.171]
            in RPY (radian) [0.000, -0.000, -2.797]
            in RPY (degree) [0.000, -0.000, -160.280]
At time 1552315048.904
- Translation: [67.340, 321.920, 0.000]
- Rotation: in Quaternion [0.000, 0.000, 0.985, -0.171]
            in RPY (radian) [0.000, -0.000, -2.797]
            in RPY (degree) [0.000, -0.000, -160.280]
At time 1552315048.904
- Translation: [67.340, 321.920, 0.000]
- Rotation: in Quaternion [0.000, 0.000, 0.985, -0.171]
            in RPY (radian) [0.000, -0.000, -2.797]
            in RPY (degree) [0.000, -0.000, -160.280]
At time 1552315048.904
- Translation: [67.340, 321.920, 0.000]
- Rotation: in Quaternion [0.000, 0.000, 0.985, -0.171]
            in RPY (radian) [0.000, -0.000, -2.797]
            in RPY (degree) [0.000, -0.000, -160.280]
At time 1552315048.904
- Translation: [67.340, 321.920, 0.000]
- Rotation: in Quaternion [0.000, 0.000, 0.985, -0.171]
            in RPY (radian) [0.000, -0.000, -2.797]
            in RPY (degree) [0.000, -0.000, -160.280]
At time 1552315048.904
- Translation: [67.340, 321.920, 0.000]
- Rotation: in Quaternion [0.000, 0.000, 0.985, -0.171]
            in RPY (radian) [0.000, -0.000, -2.797]
            in RPY (degree) [0.000, -0.000, -160.280]
At time 1552315048.904
- Translation: [67.340, 321.920, 0.000]
- Rotation: in Quaternion [0.000, 0.000, 0.985, -0.171]
            in RPY (radian) [0.000, -0.000, -2.797]
            in RPY (degree) [0.000, -0.000, -160.280]
At time 1552315048.904
- Translation: [67.340, 321.920, 0.000]
- Rotation: in Quaternion [0.000, 0.000, 0.985, -0.171]
            in RPY (radian) [0.000, -0.000, -2.797]
            in RPY (degree) [0.000, -0.000, -160.280]
At time 1552315048.904
- Translation: [67.340, 321.920, 0.000]
- Rotation: in Quaternion [0.000, 0.000, 0.985, -0.171]
            in RPY (radian) [0.000, -0.000, -2.797]
            in RPY (degree) [0.000, -0.000, -160.280]
At time 1552315048.904
- Translation: [67.340, 321.920, 0.000]
- Rotation: in Quaternion [0.000, 0.000, 0.985, -0.171]
            in RPY (radian) [0.000, -0.000, -2.797]
            in RPY (degree) [0.000, -0.000, -160.280]
At time 1552315048.904
- Translation: [67.340, 321.920, 0.000]
- Rotation: in Quaternion [0.000, 0.000, 0.985, -0.171]
            in RPY (radian) [0.000, -0.000, -2.797]
            in RPY (degree) [0.000, -0.000, -160.280]
At time 1552315048.904
- Translation: [67.340, 321.920, 0.000]
- Rotation: in Quaternion [0.000, 0.000, 0.985, -0.171]
            in RPY (radian) [0.000, -0.000, -2.797]
            in RPY (degree) [0.000, -0.000, -160.280]
At time 1552315048.904
- Translation: [67.340, 321.920, 0.000]
- Rotation: in Quaternion [0.000, 0.000, 0.985, -0.171]
            in RPY (radian) [0.000, -0.000, -2.797]
            in RPY (degree) [0.000, -0.000, -160.280]
At time 1552315048.904
- Translation: [67.340, 321.920, 0.000]
- Rotation: in Quaternion [0.000, 0.000, 0.985, -0.171]
            in RPY (radian) [0.000, -0.000, -2.797]
            in RPY (degree) [0.000, -0.000, -160.280]
At time 1552315048.904
- Translation: [67.340, 321.920, 0.000]
- Rotation: in Quaternion [0.000, 0.000, 0.985, -0.171]
            in RPY (radian) [0.000, -0.000, -2.797]
            in RPY (degree) [0.000, -0.000, -160.280]
At time 1552315048.904
- Translation: [67.340, 321.920, 0.000]
- Rotation: in Quaternion [0.000, 0.000, 0.985, -0.171]
            in RPY (radian) [0.000, -0.000, -2.797]
            in RPY (degree) [0.000, -0.000, -160.280]
At time 1552315048.904
- Translation: [67.340, 321.920, 0.000]
- Rotation: in Quaternion [0.000, 0.000, 0.985, -0.171]
            in RPY (radian) [0.000, -0.000, -2.797]
            in RPY (degree) [0.000, -0.000, -160.280]
At time 1552315048.904
- Translation: [67.340, 321.920, 0.000]
- Rotation: in Quaternion [0.000, 0.000, 0.985, -0.171]
            in RPY (radian) [0.000, -0.000, -2.797]
            in RPY (degree) [0.000, -0.000, -160.280]
At time 1552315048.904
- Translation: [67.340, 321.920, 0.000]
- Rotation: in Quaternion [0.000, 0.000, 0.985, -0.171]
            in RPY (radian) [0.000, -0.000, -2.797]
            in RPY (degree) [0.000, -0.000, -160.280]
At time 1552315048.904
- Translation: [67.340, 321.920, 0.000]
- Rotation: in Quaternion [0.000, 0.000, 0.985, -0.171]
            in RPY (radian) [0.000, -0.000, -2.797]
            in RPY (degree) [0.000, -0.000, -160.280]
At time 1552315048.904
- Translation: [67.340, 321.920, 0.000]
- Rotation: in Quaternion [0.000, 0.000, 0.985, -0.171]
            in RPY (radian) [0.000, -0.000, -2.797]
            in RPY (degree) [0.000, -0.000, -160.280]
At time 1552315048.904
- Translation: [67.340, 321.920, 0.000]
- Rotation: in Quaternion [0.000, 0.000, 0.985, -0.171]
            in RPY (radian) [0.000, -0.000, -2.797]
            in RPY (degree) [0.000, -0.000, -160.280]
At time 1552315048.904
- Translation: [67.340, 321.920, 0.000]
- Rotation: in Quaternion [0.000, 0.000, 0.985, -0.171]
            in RPY (radian) [0.000, -0.000, -2.797]
            in RPY (degree) [0.000, -0.000, -160.280]
At time 1552315048.904
- Translation: [67.340, 321.920, 0.000]
- Rotation: in Quaternion [0.000, 0.000, 0.985, -0.171]
            in RPY (radian) [0.000, -0.000, -2.797]
            in RPY (degree) [0.000, -0.000, -160.280]
At time 1552315048.904
- Translation: [67.340, 321.920, 0.000]
- Rotation: in Quaternion [0.000, 0.000, 0.985, -0.171]
            in RPY (radian) [0.000, -0.000, -2.797]
            in RPY (degree) [0.000, -0.000, -160.280]
At time 1552315048.904
- Translation: [67.340, 321.920, 0.000]
- Rotation: in Quaternion [0.000, 0.000, 0.985, -0.171]
            in RPY (radian) [0.000, -0.000, -2.797]
            in RPY (degree) [0.000, -0.000, -160.280]
At time 1552315048.904
- Translation: [67.340, 321.920, 0.000]
- Rotation: in Quaternion [0.000, 0.000, 0.985, -0.171]
            in RPY (radian) [0.000, -0.000, -2.797]
            in RPY (degree) [0.000, -0.000, -160.280]
At time 1552315048.904
- Translation: [67.340, 321.920, 0.000]
- Rotation: in Quaternion [0.000, 0.000, 0.985, -0.171]
            in RPY (radian) [0.000, -0.000, -2.797]
            in RPY (degree) [0.000, -0.000, -160.280]
At time 1552315048.904
- Translation: [67.340, 321.920, 0.000]
- Rotation: in Quaternion [0.000, 0.000, 0.985, -0.171]
            in RPY (radian) [0.000, -0.000, -2.797]
            in RPY (degree) [0.000, -0.000, -160.280]
At time 1552315048.904
- Translation: [67.340, 321.920, 0.000]
- Rotation: in Quaternion [0.000, 0.000, 0.985, -0.171]
            in RPY (radian) [0.000, -0.000, -2.797]
            in RPY (degree) [0.000, -0.000, -160.280]
At time 1552315048.904
- Translation: [67.340, 321.920, 0.000]
- Rotation: in Quaternion [0.000, 0.000, 0.985, -0.171]
            in RPY (radian) [0.000, -0.000, -2.797]
            in RPY (degree) [0.000, -0.000, -160.280]
At time 1552315048.904
- Translation: [67.340, 321.920, 0.000]
- Rotation: in Quaternion [0.000, 0.000, 0.985, -0.171]
            in RPY (radian) [0.000, -0.000, -2.797]
            in RPY (degree) [0.000, -0.000, -160.280]
At time 1552315048.904
- Translation: [67.340, 321.920, 0.000]
- Rotation: in Quaternion [0.000, 0.000, 0.985, -0.171]
            in RPY (radian) [0.000, -0.000, -2.797]
            in RPY (degree) [0.000, -0.000, -160.280]
At time 1552315048.904
- Translation: [67.340, 321.920, 0.000]
- Rotation: in Quaternion [0.000, 0.000, 0.985, -0.171]
            in RPY (radian) [0.000, -0.000, -2.797]
            in RPY (degree) [0.000, -0.000, -160.280]
At time 1552315048.904
- Translation: [67.340, 321.920, 0.000]
- Rotation: in Quaternion [0.000, 0.000, 0.985, -0.171]
            in RPY (radian) [0.000, -0.000, -2.797]
            in RPY (degree) [0.000, -0.000, -160.280]
At time 1552315048.904
- Translation: [67.340, 321.920, 0.000]
- Rotation: in Quaternion [0.000, 0.000, 0.985, -0.171]
            in RPY (radian) [0.000, -0.000, -2.797]
            in RPY (degree) [0.000, -0.000, -160.280]
At time 1552315048.904
- Translation: [67.340, 321.920, 0.000]
- Rotation: in Quaternion [0.000, 0.000, 0.985, -0.171]
            in RPY (radian) [0.000, -0.000, -2.797]
            in RPY (degree) [0.000, -0.000, -160.280]
At time 1552315048.904
- Translation: [67.340, 321.920, 0.000]
- Rotation: in Quaternion [0.000, 0.000, 0.985, -0.171]
            in RPY (radian) [0.000, -0.000, -2.797]
            in RPY (degree) [0.000, -0.000, -160.280]
At time 1552315048.904
- Translation: [67.340, 321.920, 0.000]
- Rotation: in Quaternion [0.000, 0.000, 0.985, -0.171]
            in RPY (radian) [0.000, -0.000, -2.797]
            in RPY (degree) [0.000, -0.000, -160.280]
At time 1552315048.904
- Translation: [67.340, 321.920, 0.000]
- Rotation: in Quaternion [0.000, 0.000, 0.985, -0.171]
            in RPY (radian) [0.000, -0.000, -2.797]
            in RPY (degree) [0.000, -0.000, -160.280]
At time 1552315048.904
- Translation: [67.340, 321.920, 0.000]
- Rotation: in Quaternion [0.000, 0.000, 0.985, -0.171]
            in RPY (radian) [0.000, -0.000, -2.797]
            in RPY (degree) [0.000, -0.000, -160.280]
At time 1552315048.904
- Translation: [67.340, 321.920, 0.000]
- Rotation: in Quaternion [0.000, 0.000, 0.985, -0.171]
            in RPY (radian) [0.000, -0.000, -2.797]
            in RPY (degree) [0.000, -0.000, -160.280]
At time 1552315048.904
- Translation: [67.340, 321.920, 0.000]
- Rotation: in Quaternion [0.000, 0.000, 0.985, -0.171]
            in RPY (radian) [0.000, -0.000, -2.797]
            in RPY (degree) [0.000, -0.000, -160.280]
At time 1552315048.904
- Translation: [67.340, 321.920, 0.000]
- Rotation: in Quaternion [0.000, 0.000, 0.985, -0.171]
            in RPY (radian) [0.000, -0.000, -2.797]
            in RPY (degree) [0.000, -0.000, -160.280]
At time 1552315048.904
- Translation: [67.340, 321.920, 0.000]
- Rotation: in Quaternion [0.000, 0.000, 0.985, -0.171]
            in RPY (radian) [0.000, -0.000, -2.797]
            in RPY (degree) [0.000, -0.000, -160.280]
At time 1552315048.904
- Translation: [67.340, 321.920, 0.000]
- Rotation: in Quaternion [0.000, 0.000, 0.985, -0.171]
            in RPY (radian) [0.000, -0.000, -2.797]
            in RPY (degree) [0.000, -0.000, -160.280]
At time 1552315048.904
- Translation: [67.340, 321.920, 0.000]
- Rotation: in Quaternion [0.000, 0.000, 0.985, -0.171]
            in RPY (radian) [0.000, -0.000, -2.797]
            in RPY (degree) [0.000, -0.000, -160.280]
At time 1552315048.904
- Translation: [67.340, 321.920, 0.000]
- Rotation: in Quaternion [0.000, 0.000, 0.985, -0.171]
            in RPY (radian) [0.000, -0.000, -2.797]
            in RPY (degree) [0.000, -0.000, -160.280]
At time 1552315048.904
- Translation: [67.340, 321.920, 0.000]
- Rotation: in Quaternion [0.000, 0.000, 0.985, -0.171]
            in RPY (radian) [0.000, -0.000, -2.797]
            in RPY (degree) [0.000, -0.000, -160.280]
At time 1552315048.904
- Translation: [67.340, 321.920, 0.000]
- Rotation: in Quaternion [0.000, 0.000, 0.985, -0.171]
            in RPY (radian) [0.000, -0.000, -2.797]
            in RPY (degree) [0.000, -0.000, -160.280]
At time 1552315048.904
- Translation: [67.340, 321.920, 0.000]
- Rotation: in Quaternion [0.000, 0.000, 0.985, -0.171]
            in RPY (radian) [0.000, -0.000, -2.797]
            in RPY (degree) [0.000, -0.000, -160.280]
At time 1552315048.904
- Translation: [67.340, 321.920, 0.000]
- Rotation: in Quaternion [0.000, 0.000, 0.985, -0.171]
            in RPY (radian) [0.000, -0.000, -2.797]
            in RPY (degree) [0.000, -0.000, -160.280]
At time 1552315048.904
- Translation: [67.340, 321.920, 0.000]
- Rotation: in Quaternion [0.000, 0.000, 0.985, -0.171]
            in RPY (radian) [0.000, -0.000, -2.797]
            in RPY (degree) [0.000, -0.000, -160.280]
At time 1552315048.904
- Translation: [67.340, 321.920, 0.000]
- Rotation: in Quaternion [0.000, 0.000, 0.985, -0.171]
            in RPY (radian) [0.000, -0.000, -2.797]
            in RPY (degree) [0.000, -0.000, -160.280]
At time 1552315048.904
- Translation: [67.340, 321.920, 0.000]
- Rotation: in Quaternion [0.000, 0.000, 0.985, -0.171]
            in RPY (radian) [0.000, -0.000, -2.797]
            in RPY (degree) [0.000, -0.000, -160.280]
At time 1552315048.904
- Translation: [67.340, 321.920, 0.000]
- Rotation: in Quaternion [0.000, 0.000, 0.985, -0.171]
            in RPY (radian) [0.000, -0.000, -2.797]
            in RPY (degree) [0.000, -0.000, -160.280]
At time 1552315048.904
- Translation: [67.340, 321.920, 0.000]
- Rotation: in Quaternion [0.000, 0.000, 0.985, -0.171]
            in RPY (radian) [0.000, -0.000, -2.797]
            in RPY (degree) [0.000, -0.000, -160.280]
At time 1552315048.904
- Translation: [67.340, 321.920, 0.000]
- Rotation: in Quaternion [0.000, 0.000, 0.985, -0.171]
            in RPY (radian) [0.000, -0.000, -2.797]
            in RPY (degree) [0.000, -0.000, -160.280]
At time 1552315048.904
- Translation: [67.340, 321.920, 0.000]
- Rotation: in Quaternion [0.000, 0.000, 0.985, -0.171]
            in RPY (radian) [0.000, -0.000, -2.797]
            in RPY (degree) [0.000, -0.000, -160.280]
At time 1552315048.904
- Translation: [67.340, 321.920, 0.000]
- Rotation: in Quaternion [0.000, 0.000, 0.985, -0.171]
            in RPY (radian) [0.000, -0.000, -2.797]
            in RPY (degree) [0.000, -0.000, -160.280]
At time 1552315048.904
- Translation: [67.340, 321.920, 0.000]
- Rotation: in Quaternion [0.000, 0.000, 0.985, -0.171]
            in RPY (radian) [0.000, -0.000, -2.797]
            in RPY (degree) [0.000, -0.000, -160.280]
At time 1552315048.904
- Translation: [67.340, 321.920, 0.000]
- Rotation: in Quaternion [0.000, 0.000, 0.985, -0.171]
            in RPY (radian) [0.000, -0.000, -2.797]
            in RPY (degree) [0.000, -0.000, -160.280]
At time 1552315048.904
- Translation: [67.340, 321.920, 0.000]
- Rotation: in Quaternion [0.000, 0.000, 0.985, -0.171]
            in RPY (radian) [0.000, -0.000, -2.797]
            in RPY (degree) [0.000, -0.000, -160.280]
At time 1552315048.904
- Translation: [67.340, 321.920, 0.000]
- Rotation: in Quaternion [0.000, 0.000, 0.985, -0.171]
            in RPY (radian) [0.000, -0.000, -2.797]
            in RPY (degree) [0.000, -0.000, -160.280]
At time 1552315048.904
- Translation: [67.340, 321.920, 0.000]
- Rotation: in Quaternion [0.000, 0.000, 0.985, -0.171]
            in RPY (radian) [0.000, -0.000, -2.797]
            in RPY (degree) [0.000, -0.000, -160.280]
At time 1552315048.904
- Translation: [67.340, 321.920, 0.000]
- Rotation: in Quaternion [0.000, 0.000, 0.985, -0.171]
            in RPY (radian) [0.000, -0.000, -2.797]
            in RPY (degree) [0.000, -0.000, -160.280]
At time 1552315048.904
- Translation: [67.340, 321.920, 0.000]
- Rotation: in Quaternion [0.000, 0.000, 0.985, -0.171]
            in RPY (radian) [0.000, -0.000, -2.797]
            in RPY (degree) [0.000, -0.000, -160.280]
At time 1552315048.904
- Translation: [67.340, 321.920, 0.000]
- Rotation: in Quaternion [0.000, 0.000, 0.985, -0.171]
            in RPY (radian) [0.000, -0.000, -2.797]
            in RPY (degree) [0.000, -0.000, -160.280]
At time 1552315048.904
- Translation: [67.340, 321.920, 0.000]
- Rotation: in Quaternion [0.000, 0.000, 0.985, -0.171]
            in RPY (radian) [0.000, -0.000, -2.797]
            in RPY (degree) [0.000, -0.000, -160.280]
At time 1552315048.904
- Translation: [67.340, 321.920, 0.000]
- Rotation: in Quaternion [0.000, 0.000, 0.985, -0.171]
            in RPY (radian) [0.000, -0.000, -2.797]
            in RPY (degree) [0.000, -0.000, -160.280]
At time 1552315048.904
- Translation: [67.340, 321.920, 0.000]
- Rotation: in Quaternion [0.000, 0.000, 0.985, -0.171]
            in RPY (radian) [0.000, -0.000, -2.797]
            in RPY (degree) [0.000, -0.000, -160.280]
At time 1552315048.904
- Translation: [67.340, 321.920, 0.000]
- Rotation: in Quaternion [0.000, 0.000, 0.985, -0.171]
            in RPY (radian) [0.000, -0.000, -2.797]
            in RPY (degree) [0.000, -0.000, -160.280]
At time 1552315048.904
- Translation: [67.340, 321.920, 0.000]
- Rotation: in Quaternion [0.000, 0.000, 0.985, -0.171]
            in RPY (radian) [0.000, -0.000, -2.797]
            in RPY (degree) [0.000, -0.000, -160.280]
At time 1552315048.904
- Translation: [67.340, 321.920, 0.000]
- Rotation: in Quaternion [0.000, 0.000, 0.985, -0.171]
            in RPY (radian) [0.000, -0.000, -2.797]
            in RPY (degree) [0.000, -0.000, -160.280]
At time 1552315048.904
- Translation: [67.340, 321.920, 0.000]
- Rotation: in Quaternion [0.000, 0.000, 0.985, -0.171]
            in RPY (radian) [0.000, -0.000, -2.797]
            in RPY (degree) [0.000, -0.000, -160.280]
At time 1552315048.904
- Translation: [67.340, 321.920, 0.000]
- Rotation: in Quaternion [0.000, 0.000, 0.985, -0.171]
            in RPY (radian) [0.000, -0.000, -2.797]
            in RPY (degree) [0.000, -0.000, -160.280]
At time 1552315048.904
- Translation: [67.340, 321.920, 0.000]
- Rotation: in Quaternion [0.000, 0.000, 0.985, -0.171]
            in RPY (radian) [0.000, -0.000, -2.797]
            in RPY (degree) [0.000, -0.000, -160.280]
At time 1552315048.904
- Translation: [67.340, 321.920, 0.000]
- Rotation: in Quaternion [0.000, 0.000, 0.985, -0.171]
            in RPY (radian) [0.000, -0.000, -2.797]
            in RPY (degree) [0.000, -0.000, -160.280]
At time 1552315048.904
- Translation: [67.340, 321.920, 0.000]
- Rotation: in Quaternion [0.000, 0.000, 0.985, -0.171]
            in RPY (radian) [0.000, -0.000, -2.797]
            in RPY (degree) [0.000, -0.000, -160.280]
At time 1552315048.904
- Translation: [67.340, 321.920, 0.000]
- Rotation: in Quaternion [0.000, 0.000, 0.985, -0.171]
            in RPY (radian) [0.000, -0.000, -2.797]
            in RPY (degree) [0.000, -0.000, -160.280]
At time 1552315048.904
- Translation: [67.340, 321.920, 0.000]
- Rotation: in Quaternion [0.000, 0.000, 0.985, -0.171]
            in RPY (radian) [0.000, -0.000, -2.797]
            in RPY (degree) [0.000, -0.000, -160.280]
At time 1552315048.904
- Translation: [67.340, 321.920, 0.000]
- Rotation: in Quaternion [0.000, 0.000, 0.985, -0.171]
            in RPY (radian) [0.000, -0.000, -2.797]
            in RPY (degree) [0.000, -0.000, -160.280]
At time 1552315048.904
- Translation: [67.340, 321.920, 0.000]
- Rotation: in Quaternion [0.000, 0.000, 0.985, -0.171]
            in RPY (radian) [0.000, -0.000, -2.797]
            in RPY (degree) [0.000, -0.000, -160.280]
At time 1552315048.904
- Translation: [67.340, 321.920, 0.000]
- Rotation: in Quaternion [0.000, 0.000, 0.985, -0.171]
            in RPY (radian) [0.000, -0.000, -2.797]
            in RPY (degree) [0.000, -0.000, -160.280]
At time 1552315048.904
- Translation: [67.340, 321.920, 0.000]
- Rotation: in Quaternion [0.000, 0.000, 0.985, -0.171]
            in RPY (radian) [0.000, -0.000, -2.797]
            in RPY (degree) [0.000, -0.000, -160.280]
At time 1552315048.904
- Translation: [67.340, 321.920, 0.000]
- Rotation: in Quaternion [0.000, 0.000, 0.985, -0.171]
            in RPY (radian) [0.000, -0.000, -2.797]
            in RPY (degree) [0.000, -0.000, -160.280]
At time 1552315048.904
- Translation: [67.340, 321.920, 0.000]
- Rotation: in Quaternion [0.000, 0.000, 0.985, -0.171]
            in RPY (radian) [0.000, -0.000, -2.797]
            in RPY (degree) [0.000, -0.000, -160.280]
At time 1552315048.904
- Translation: [67.340, 321.920, 0.000]
- Rotation: in Quaternion [0.000, 0.000, 0.985, -0.171]
            in RPY (radian) [0.000, -0.000, -2.797]
            in RPY (degree) [0.000, -0.000, -160.280]
At time 1552315048.904
- Translation: [67.340, 321.920, 0.000]
- Rotation: in Quaternion [0.000, 0.000, 0.985, -0.171]
            in RPY (radian) [0.000, -0.000, -2.797]
            in RPY (degree) [0.000, -0.000, -160.280]
At time 1552315048.904
- Translation: [67.340, 321.920, 0.000]
- Rotation: in Quaternion [0.000, 0.000, 0.985, -0.171]
            in RPY (radian) [0.000, -0.000, -2.797]
            in RPY (degree) [0.000, -0.000, -160.280]
At time 1552315048.904
- Translation: [67.340, 321.920, 0.000]
- Rotation: in Quaternion [0.000, 0.000, 0.985, -0.171]
            in RPY (radian) [0.000, -0.000, -2.797]
            in RPY (degree) [0.000, -0.000, -160.280]
At time 1552315048.904
- Translation: [67.340, 321.920, 0.000]
- Rotation: in Quaternion [0.000, 0.000, 0.985, -0.171]
            in RPY (radian) [0.000, -0.000, -2.797]
            in RPY (degree) [0.000, -0.000, -160.280]
At time 1552315048.904
- Translation: [67.340, 321.920, 0.000]
- Rotation: in Quaternion [0.000, 0.000, 0.985, -0.171]
            in RPY (radian) [0.000, -0.000, -2.797]
            in RPY (degree) [0.000, -0.000, -160.280]
At time 1552315048.904
- Translation: [67.340, 321.920, 0.000]
- Rotation: in Quaternion [0.000, 0.000, 0.985, -0.171]
            in RPY (radian) [0.000, -0.000, -2.797]
            in RPY (degree) [0.000, -0.000, -160.280]
At time 1552315048.904
- Translation: [67.340, 321.920, 0.000]
- Rotation: in Quaternion [0.000, 0.000, 0.985, -0.171]
            in RPY (radian) [0.000, -0.000, -2.797]
            in RPY (degree) [0.000, -0.000, -160.280]
At time 1552315048.904
- Translation: [67.340, 321.920, 0.000]
- Rotation: in Quaternion [0.000, 0.000, 0.985, -0.171]
            in RPY (radian) [0.000, -0.000, -2.797]
            in RPY (degree) [0.000, -0.000, -160.280]
At time 1552315048.904
- Translation: [67.340, 321.920, 0.000]
- Rotation: in Quaternion [0.000, 0.000, 0.985, -0.171]
            in RPY (radian) [0.000, -0.000, -2.797]
            in RPY (degree) [0.000, -0.000, -160.280]
At time 1552315048.904
- Translation: [67.340, 321.920, 0.000]
- Rotation: in Quaternion [0.000, 0.000, 0.985, -0.171]
            in RPY (radian) [0.000, -0.000, -2.797]
            in RPY (degree) [0.000, -0.000, -160.280]
At time 1552315048.904
- Translation: [67.340, 321.920, 0.000]
- Rotation: in Quaternion [0.000, 0.000, 0.985, -0.171]
            in RPY (radian) [0.000, -0.000, -2.797]
            in RPY (degree) [0.000, -0.000, -160.280]
At time 1552315048.904
- Translation: [67.340, 321.920, 0.000]
- Rotation: in Quaternion [0.000, 0.000, 0.985, -0.171]
            in RPY (radian) [0.000, -0.000, -2.797]
            in RPY (degree) [0.000, -0.000, -160.280]
At time 1552315048.904
- Translation: [67.340, 321.920, 0.000]
- Rotation: in Quaternion [0.000, 0.000, 0.985, -0.171]
            in RPY (radian) [0.000, -0.000, -2.797]
            in RPY (degree) [0.000, -0.000, -160.280]
At time 1552315048.904
- Translation: [67.340, 321.920, 0.000]
- Rotation: in Quaternion [0.000, 0.000, 0.985, -0.171]
            in RPY (radian) [0.000, -0.000, -2.797]
            in RPY (degree) [0.000, -0.000, -160.280]
At time 1552315048.904
- Translation: [67.340, 321.920, 0.000]
- Rotation: in Quaternion [0.000, 0.000, 0.985, -0.171]
            in RPY (radian) [0.000, -0.000, -2.797]
            in RPY (degree) [0.000, -0.000, -160.280]
At time 1552315048.904
- Translation: [67.340, 321.920, 0.000]
- Rotation: in Quaternion [0.000, 0.000, 0.985, -0.171]
            in RPY (radian) [0.000, -0.000, -2.797]
            in RPY (degree) [0.000, -0.000, -160.280]
At time 1552315048.904
- Translation: [67.340, 321.920, 0.000]
- Rotation: in Quaternion [0.000, 0.000, 0.985, -0.171]
            in RPY (radian) [0.000, -0.000, -2.797]
            in RPY (degree) [0.000, -0.000, -160.280]
At time 1552315048.904
- Translation: [67.340, 321.920, 0.000]
- Rotation: in Quaternion [0.000, 0.000, 0.985, -0.171]
            in RPY (radian) [0.000, -0.000, -2.797]
            in RPY (degree) [0.000, -0.000, -160.280]
At time 1552315048.904
- Translation: [67.340, 321.920, 0.000]
- Rotation: in Quaternion [0.000, 0.000, 0.985, -0.171]
            in RPY (radian) [0.000, -0.000, -2.797]
            in RPY (degree) [0.000, -0.000, -160.280]
At time 1552315048.904
- Translation: [67.340, 321.920, 0.000]
- Rotation: in Quaternion [0.000, 0.000, 0.985, -0.171]
            in RPY (radian) [0.000, -0.000, -2.797]
            in RPY (degree) [0.000, -0.000, -160.280]
At time 1552315048.904
- Translation: [67.340, 321.920, 0.000]
- Rotation: in Quaternion [0.000, 0.000, 0.985, -0.171]
            in RPY (radian) [0.000, -0.000, -2.797]
            in RPY (degree) [0.000, -0.000, -160.280]
At time 1552315048.904
- Translation: [67.340, 321.920, 0.000]
- Rotation: in Quaternion [0.000, 0.000, 0.985, -0.171]
            in RPY (radian) [0.000, -0.000, -2.797]
            in RPY (degree) [0.000, -0.000, -160.280]
At time 1552315048.904
- Translation: [67.340, 321.920, 0.000]
- Rotation: in Quaternion [0.000, 0.000, 0.985, -0.171]
            in RPY (radian) [0.000, -0.000, -2.797]
            in RPY (degree) [0.000, -0.000, -160.280]
At time 1552315376.602
- Translation: [75.316, 463.931, 0.000]
- Rotation: in Quaternion [0.000, 0.000, 0.994, 0.112]
            in RPY (radian) [0.000, -0.000, 2.918]
            in RPY (degree) [0.000, -0.000, 167.190]
At time 1552315377.447
- Translation: [75.316, 463.916, 0.000]
- Rotation: in Quaternion [0.000, 0.000, 0.994, 0.113]
            in RPY (radian) [0.000, -0.000, 2.916]
            in RPY (degree) [0.000, -0.000, 167.050]
At time 1552315378.506
- Translation: [75.326, 463.906, 0.000]
- Rotation: in Quaternion [0.000, 0.000, 0.994, 0.110]
            in RPY (radian) [0.000, -0.000, 2.921]
            in RPY (degree) [0.000, -0.000, 167.340]
At time 1552315379.504
- Translation: [75.321, 463.916, 0.000]
- Rotation: in Quaternion [0.000, 0.000, 0.994, 0.112]
            in RPY (radian) [0.000, -0.000, 2.917]
            in RPY (degree) [0.000, -0.000, 167.150]
At time 1552315380.106
- Translation: [75.311, 463.916, 0.000]
- Rotation: in Quaternion [0.000, 0.000, 0.994, 0.113]
            in RPY (radian) [0.000, -0.000, 2.914]
            in RPY (degree) [0.000, -0.000, 166.970]
At time 1552315381.547
- Translation: [75.311, 463.931, 0.000]
- Rotation: in Quaternion [0.000, 0.000, 0.994, 0.113]
            in RPY (radian) [0.000, -0.000, 2.916]
            in RPY (degree) [0.000, -0.000, 167.070]
At time 1552315382.575
- Translation: [75.286, 463.895, 0.000]
- Rotation: in Quaternion [0.000, 0.000, 0.994, 0.113]
            in RPY (radian) [0.000, -0.000, 2.915]
            in RPY (degree) [0.000, -0.000, 167.020]
At time 1552315383.600
- Translation: [75.306, 463.921, 0.000]
- Rotation: in Quaternion [0.000, 0.000, 0.994, 0.114]
            in RPY (radian) [0.000, -0.000, 2.914]
            in RPY (degree) [0.000, -0.000, 166.950]
At time 1552315384.605
- Translation: [75.301, 463.921, 0.000]
- Rotation: in Quaternion [0.000, 0.000, 0.993, 0.114]
            in RPY (radian) [0.000, -0.000, 2.912]
            in RPY (degree) [0.000, -0.000, 166.870]
At time 1552315385.649
- Translation: [75.275, 463.921, 0.000]
- Rotation: in Quaternion [0.000, 0.000, 0.994, 0.112]
            in RPY (radian) [0.000, -0.000, 2.916]
            in RPY (degree) [0.000, -0.000, 167.090]
At time 1552315386.299
- Translation: [75.296, 463.911, 0.000]
- Rotation: in Quaternion [0.000, 0.000, 0.994, 0.113]
            in RPY (radian) [0.000, -0.000, 2.914]
            in RPY (degree) [0.000, -0.000, 166.970]
At time 1552315387.301
- Translation: [75.296, 463.895, 0.000]
- Rotation: in Quaternion [0.000, 0.000, 0.993, 0.114]
            in RPY (radian) [0.000, -0.000, 2.913]
            in RPY (degree) [0.000, -0.000, 166.880]
At time 1552315388.196
- Translation: [75.306, 463.931, 0.000]
- Rotation: in Quaternion [0.000, 0.000, 0.993, 0.115]
            in RPY (radian) [0.000, -0.000, 2.912]
            in RPY (degree) [0.000, -0.000, 166.850]
At time 1552315389.220
- Translation: [75.291, 463.906, 0.000]
- Rotation: in Quaternion [0.000, 0.000, 0.994, 0.112]
            in RPY (radian) [0.000, -0.000, 2.917]
            in RPY (degree) [0.000, -0.000, 167.120]
At time 1552315390.249
- Translation: [75.296, 463.901, 0.000]
- Rotation: in Quaternion [0.000, 0.000, 0.994, 0.113]
            in RPY (radian) [0.000, -0.000, 2.916]
            in RPY (degree) [0.000, -0.000, 167.050]
At time 1552315391.272
- Translation: [75.301, 463.931, 0.000]
- Rotation: in Quaternion [0.000, 0.000, 0.994, 0.111]
            in RPY (radian) [0.000, -0.000, 2.919]
            in RPY (degree) [0.000, -0.000, 167.220]
At time 1552315392.294
- Translation: [75.311, 463.901, 0.000]
- Rotation: in Quaternion [0.000, 0.000, 0.994, 0.113]
            in RPY (radian) [0.000, -0.000, 2.914]
            in RPY (degree) [0.000, -0.000, 166.980]
At time 1552315393.308
- Translation: [75.301, 463.906, 0.000]
- Rotation: in Quaternion [0.000, 0.000, 0.994, 0.114]
            in RPY (radian) [0.000, -0.000, 2.914]
            in RPY (degree) [0.000, -0.000, 166.950]
At time 1552315394.359
- Translation: [75.296, 463.901, 0.000]
- Rotation: in Quaternion [0.000, 0.000, 0.994, 0.112]
            in RPY (radian) [0.000, -0.000, 2.916]
            in RPY (degree) [0.000, -0.000, 167.090]
At time 1552315395.374
- Translation: [75.291, 463.926, 0.000]
- Rotation: in Quaternion [0.000, 0.000, 0.993, 0.114]
            in RPY (radian) [0.000, -0.000, 2.912]
            in RPY (degree) [0.000, -0.000, 166.870]
At time 1552315396.392
- Translation: [75.306, 463.901, 0.000]
- Rotation: in Quaternion [0.000, 0.000, 0.994, 0.112]
            in RPY (radian) [0.000, -0.000, 2.916]
            in RPY (degree) [0.000, -0.000, 167.090]
At time 1552315397.400
- Translation: [75.296, 463.901, 0.000]
- Rotation: in Quaternion [0.000, 0.000, 0.994, 0.113]
            in RPY (radian) [0.000, -0.000, 2.916]
            in RPY (degree) [0.000, -0.000, 167.070]
At time 1552315398.499
- Translation: [75.291, 463.926, 0.000]
- Rotation: in Quaternion [0.000, 0.000, 0.994, 0.112]
            in RPY (radian) [0.000, -0.000, 2.916]
            in RPY (degree) [0.000, -0.000, 167.090]
At time 1552315399.501
- Translation: [75.306, 463.926, 0.000]
- Rotation: in Quaternion [0.000, 0.000, 0.993, 0.114]
            in RPY (radian) [0.000, -0.000, 2.913]
            in RPY (degree) [0.000, -0.000, 166.880]
At time 1552315400.501
- Translation: [75.306, 463.936, 0.000]
- Rotation: in Quaternion [0.000, 0.000, 0.994, 0.111]
            in RPY (radian) [0.000, -0.000, 2.919]
            in RPY (degree) [0.000, -0.000, 167.240]
At time 1552315401.495
- Translation: [75.270, 463.916, 0.000]
- Rotation: in Quaternion [0.000, 0.000, 0.993, 0.114]
            in RPY (radian) [0.000, -0.000, 2.912]
            in RPY (degree) [0.000, -0.000, 166.860]
At time 1552315402.520
- Translation: [75.306, 463.916, 0.000]
- Rotation: in Quaternion [0.000, 0.000, 0.994, 0.113]
            in RPY (radian) [0.000, -0.000, 2.914]
            in RPY (degree) [0.000, -0.000, 166.970]
At time 1552315403.563
- Translation: [75.311, 463.931, 0.000]
- Rotation: in Quaternion [0.000, 0.000, 0.994, 0.113]
            in RPY (radian) [0.000, -0.000, 2.914]
            in RPY (degree) [0.000, -0.000, 166.970]
At time 1552315404.577
- Translation: [75.311, 463.936, 0.000]
- Rotation: in Quaternion [0.000, 0.000, 0.994, 0.113]
            in RPY (radian) [0.000, -0.000, 2.916]
            in RPY (degree) [0.000, -0.000, 167.080]
At time 1552315405.602
- Translation: [75.306, 463.906, 0.000]
- Rotation: in Quaternion [0.000, 0.000, 0.994, 0.113]
            in RPY (radian) [0.000, -0.000, 2.914]
            in RPY (degree) [0.000, -0.000, 166.970]
At time 1552315406.118
- Translation: [75.301, 463.926, 0.000]
- Rotation: in Quaternion [0.000, 0.000, 0.993, 0.114]
            in RPY (radian) [0.000, -0.000, 2.912]
            in RPY (degree) [0.000, -0.000, 166.870]
At time 1552315407.142
- Translation: [75.301, 463.906, 0.000]
- Rotation: in Quaternion [0.000, 0.000, 0.993, 0.114]
            in RPY (radian) [0.000, -0.000, 2.913]
            in RPY (degree) [0.000, -0.000, 166.890]
