[rosmaster.main][INFO] 2019-03-18 15:04:31,143: initialization complete, waiting for shutdown
[rosmaster.main][INFO] 2019-03-18 15:04:31,144: Starting ROS Master Node
[xmlrpc][INFO] 2019-03-18 15:04:31,145: XML-RPC server binding to 0.0.0.0:11311
[xmlrpc][INFO] 2019-03-18 15:04:31,146: Started XML-RPC server [http://chiliPC:11311/]
[rosmaster.master][INFO] 2019-03-18 15:04:31,146: Master initialized: port[11311], uri[http://chiliPC:11311/]
[xmlrpc][INFO] 2019-03-18 15:04:31,146: xml rpc node: starting XML-RPC server
[rosmaster.master][INFO] 2019-03-18 15:04:31,245: +PARAM [/run_id] by /roslaunch
[rosmaster.master][INFO] 2019-03-18 15:04:31,247: +PARAM [/roslaunch/uris/host_chilipc__36807] by /roslaunch
[rosmaster.master][INFO] 2019-03-18 15:04:31,308: +PARAM [/cellulo_node_00_06_66_D2_CF_7B/scale_coord] by /roslaunch
[rosmaster.master][INFO] 2019-03-18 15:04:31,310: +PARAM [/sensor_node_00_06_66_D2_CF_7B/scale] by /roslaunch
[rosmaster.master][INFO] 2019-03-18 15:04:31,310: +PARAM [/aggregation_node_00_06_66_E7_8A_D6/scale] by /roslaunch
[rosmaster.master][INFO] 2019-03-18 15:04:31,310: +PARAM [/cellulo_node_00_06_66_E7_8E_BD/scale_coord] by /roslaunch
[rosmaster.master][INFO] 2019-03-18 15:04:31,311: +PARAM [/sensor_node_00_06_66_E7_8E_BD/scale] by /roslaunch
[rosmaster.master][INFO] 2019-03-18 15:04:31,311: +PARAM [/sensor_node_00_06_66_E7_8E_BD/paper_width] by /roslaunch
[rosmaster.master][INFO] 2019-03-18 15:04:31,311: +PARAM [/sensor_node_00_06_66_E7_8A_D6/scale] by /roslaunch
[rosmaster.master][INFO] 2019-03-18 15:04:31,311: +PARAM [/sensor_node_00_06_66_D2_CF_7B/cellulo_num] by /roslaunch
[rosmaster.master][INFO] 2019-03-18 15:04:31,312: +SERVICE [/rosout/get_loggers] /rosout http://chiliPC:34713/
[rosmaster.master][INFO] 2019-03-18 15:04:31,312: +PARAM [/cellulo_node_00_06_66_E7_8A_D6/scale_coord] by /roslaunch
[rosmaster.master][INFO] 2019-03-18 15:04:31,313: +PARAM [/aggregation_node_00_06_66_E7_8E_BD/scale] by /roslaunch
[rosmaster.master][INFO] 2019-03-18 15:04:31,313: +PARAM [/sensor_node_00_06_66_E7_8A_D6/paper_length] by /roslaunch
[rosmaster.master][INFO] 2019-03-18 15:04:31,313: +SERVICE [/rosout/set_logger_level] /rosout http://chiliPC:34713/
[rosmaster.master][INFO] 2019-03-18 15:04:31,313: +PARAM [/sensor_node_00_06_66_D2_CF_7B/threshold] by /roslaunch
[rosmaster.master][INFO] 2019-03-18 15:04:31,314: +PARAM [/sensor_node_00_06_66_E7_8A_D6/paper_width] by /roslaunch
[rosmaster.master][INFO] 2019-03-18 15:04:31,314: +PARAM [/aggregation_node_00_06_66_E7_8E_BD/thetaDis] by /roslaunch
[rosmaster.master][INFO] 2019-03-18 15:04:31,315: +PARAM [/sensor_node_00_06_66_E7_8A_D6/cellulo_num] by /roslaunch
[rosmaster.master][INFO] 2019-03-18 15:04:31,315: +PARAM [/rosdistro] by /roslaunch
[rosmaster.master][INFO] 2019-03-18 15:04:31,316: +PARAM [/rosversion] by /roslaunch
[rosmaster.master][INFO] 2019-03-18 15:04:31,316: +PARAM [/sensor_node_00_06_66_E7_8E_BD/threshold] by /roslaunch
[rosmaster.master][INFO] 2019-03-18 15:04:31,316: +PARAM [/sensor_node_00_06_66_E7_8E_BD/cellulo_num] by /roslaunch
[rosmaster.master][INFO] 2019-03-18 15:04:31,317: +PUB [/rosout_agg] /rosout http://chiliPC:34713/
[rosmaster.master][INFO] 2019-03-18 15:04:31,317: +PARAM [/sensor_node_00_06_66_E7_8A_D6/threshold] by /roslaunch
[rosmaster.master][INFO] 2019-03-18 15:04:31,317: +PARAM [/aggregation_node_00_06_66_E7_8A_D6/thetaDis] by /roslaunch
[rosmaster.master][INFO] 2019-03-18 15:04:31,318: +PARAM [/aggregation_node_00_06_66_D2_CF_7B/scale] by /roslaunch
[rosmaster.master][INFO] 2019-03-18 15:04:31,318: +PARAM [/sensor_node_00_06_66_D2_CF_7B/paper_length] by /roslaunch
[rosmaster.master][INFO] 2019-03-18 15:04:31,319: +PARAM [/sensor_node_00_06_66_D2_CF_7B/paper_width] by /roslaunch
[rosmaster.master][INFO] 2019-03-18 15:04:31,319: +PARAM [/sensor_node_00_06_66_E7_8E_BD/paper_length] by /roslaunch
[rosmaster.master][INFO] 2019-03-18 15:04:31,320: +PARAM [/aggregation_node_00_06_66_D2_CF_7B/thetaDis] by /roslaunch
[rosmaster.master][INFO] 2019-03-18 15:04:31,323: +SUB [/rosout] /rosout http://chiliPC:34713/
[rosmaster.master][INFO] 2019-03-18 15:04:31,359: +PUB [/rosout] /cellulo_node_00_06_66_E7_8A_D6 http://chiliPC:45259/
[rosmaster.master][INFO] 2019-03-18 15:04:31,360: +SERVICE [/cellulo_node_00_06_66_E7_8A_D6/get_loggers] /cellulo_node_00_06_66_E7_8A_D6 http://chiliPC:45259/
[rosmaster.master][INFO] 2019-03-18 15:04:31,361: +SERVICE [/cellulo_node_00_06_66_E7_8A_D6/set_logger_level] /cellulo_node_00_06_66_E7_8A_D6 http://chiliPC:45259/
[rosmaster.master][INFO] 2019-03-18 15:04:31,367: +PUB [/rosout] /cellulo_node_00_06_66_E7_8E_BD http://chiliPC:42865/
[rosmaster.master][INFO] 2019-03-18 15:04:31,372: +SERVICE [/cellulo_node_00_06_66_E7_8E_BD/get_loggers] /cellulo_node_00_06_66_E7_8E_BD http://chiliPC:42865/
[rosmaster.master][INFO] 2019-03-18 15:04:31,374: +SERVICE [/cellulo_node_00_06_66_E7_8E_BD/set_logger_level] /cellulo_node_00_06_66_E7_8E_BD http://chiliPC:42865/
[rosmaster.master][INFO] 2019-03-18 15:04:31,376: +SUB [/cellulo_node_00_06_66_E7_8A_D6/setVisualEffect] /cellulo_node_00_06_66_E7_8A_D6 http://chiliPC:45259/
[rosmaster.master][INFO] 2019-03-18 15:04:31,378: +PUB [/rosout] /cellulo_node_00_06_66_D2_CF_7B http://chiliPC:45601/
[rosmaster.master][INFO] 2019-03-18 15:04:31,380: +PUB [/rosout] /sensor_node_00_06_66_E7_8A_D6 http://chiliPC:36977/
[rosmaster.master][INFO] 2019-03-18 15:04:31,382: +SERVICE [/cellulo_node_00_06_66_D2_CF_7B/get_loggers] /cellulo_node_00_06_66_D2_CF_7B http://chiliPC:45601/
[rosmaster.master][INFO] 2019-03-18 15:04:31,386: +SERVICE [/sensor_node_00_06_66_E7_8A_D6/get_loggers] /sensor_node_00_06_66_E7_8A_D6 http://chiliPC:36977/
[rosmaster.master][INFO] 2019-03-18 15:04:31,387: +SERVICE [/cellulo_node_00_06_66_D2_CF_7B/set_logger_level] /cellulo_node_00_06_66_D2_CF_7B http://chiliPC:45601/
[rosmaster.master][INFO] 2019-03-18 15:04:31,397: +SERVICE [/sensor_node_00_06_66_E7_8A_D6/set_logger_level] /sensor_node_00_06_66_E7_8A_D6 http://chiliPC:36977/
[rosmaster.master][INFO] 2019-03-18 15:04:31,401: +PUB [/rosout] /sensor_node_00_06_66_E7_8E_BD http://chiliPC:42011/
[rosmaster.master][INFO] 2019-03-18 15:04:31,405: +SUB [/cellulo_node_00_06_66_E7_8A_D6/setLEDResponseMode] /cellulo_node_00_06_66_E7_8A_D6 http://chiliPC:45259/
[rosmaster.master][INFO] 2019-03-18 15:04:31,405: +SERVICE [/sensor_node_00_06_66_E7_8E_BD/get_loggers] /sensor_node_00_06_66_E7_8E_BD http://chiliPC:42011/
[rosmaster.master][INFO] 2019-03-18 15:04:31,406: +PUB [/rosout] /sensor_node_00_06_66_D2_CF_7B http://chiliPC:40809/
[rosmaster.master][INFO] 2019-03-18 15:04:31,410: +SERVICE [/sensor_node_00_06_66_E7_8E_BD/set_logger_level] /sensor_node_00_06_66_E7_8E_BD http://chiliPC:42011/
[rosmaster.master][INFO] 2019-03-18 15:04:31,411: +SERVICE [/sensor_node_00_06_66_D2_CF_7B/get_loggers] /sensor_node_00_06_66_D2_CF_7B http://chiliPC:40809/
[rosmaster.master][INFO] 2019-03-18 15:04:31,415: +SUB [/cellulo_node_00_06_66_E7_8E_BD/setVisualEffect] /cellulo_node_00_06_66_E7_8E_BD http://chiliPC:42865/
[rosmaster.master][INFO] 2019-03-18 15:04:31,416: +PUB [/rosout] /aggregation_node_00_06_66_E7_8A_D6 http://chiliPC:43331/
[rosmaster.master][INFO] 2019-03-18 15:04:31,418: +SERVICE [/sensor_node_00_06_66_D2_CF_7B/set_logger_level] /sensor_node_00_06_66_D2_CF_7B http://chiliPC:40809/
[rosmaster.master][INFO] 2019-03-18 15:04:31,423: +SERVICE [/aggregation_node_00_06_66_E7_8A_D6/get_loggers] /aggregation_node_00_06_66_E7_8A_D6 http://chiliPC:43331/
[rosmaster.master][INFO] 2019-03-18 15:04:31,426: +PUB [/rosout] /aggregation_node_00_06_66_E7_8E_BD http://chiliPC:39683/
[rosmaster.master][INFO] 2019-03-18 15:04:31,430: +SERVICE [/aggregation_node_00_06_66_E7_8A_D6/set_logger_level] /aggregation_node_00_06_66_E7_8A_D6 http://chiliPC:43331/
[rosmaster.master][INFO] 2019-03-18 15:04:31,432: +SERVICE [/aggregation_node_00_06_66_E7_8E_BD/get_loggers] /aggregation_node_00_06_66_E7_8E_BD http://chiliPC:39683/
[rosmaster.master][INFO] 2019-03-18 15:04:31,435: +PUB [/rosout] /aggregation_node_00_06_66_D2_CF_7B http://chiliPC:42763/
[rosmaster.master][INFO] 2019-03-18 15:04:31,438: +SERVICE [/aggregation_node_00_06_66_E7_8E_BD/set_logger_level] /aggregation_node_00_06_66_E7_8E_BD http://chiliPC:39683/
[rosmaster.master][INFO] 2019-03-18 15:04:31,439: +SUB [/cellulo_node_00_06_66_D2_CF_7B/setVisualEffect] /cellulo_node_00_06_66_D2_CF_7B http://chiliPC:45601/
[rosmaster.master][INFO] 2019-03-18 15:04:31,441: +SUB [/cellulo_node_00_06_66_E7_8A_D6/setGoalVelocity] /cellulo_node_00_06_66_E7_8A_D6 http://chiliPC:45259/
[rosmaster.master][INFO] 2019-03-18 15:04:31,442: +SERVICE [/aggregation_node_00_06_66_D2_CF_7B/get_loggers] /aggregation_node_00_06_66_D2_CF_7B http://chiliPC:42763/
[rosmaster.master][INFO] 2019-03-18 15:04:31,445: publisherUpdate[/rosout] -> http://chiliPC:34713/ ['http://chiliPC:45259/']
[rosmaster.master][INFO] 2019-03-18 15:04:31,447: publisherUpdate[/rosout] -> http://chiliPC:34713/ ['http://chiliPC:45259/']: sec=0.00, result=[1, '', 0]
[rosmaster.master][INFO] 2019-03-18 15:04:31,448: publisherUpdate[/rosout] -> http://chiliPC:34713/ ['http://chiliPC:45259/', 'http://chiliPC:42865/']
[rosmaster.master][INFO] 2019-03-18 15:04:31,450: publisherUpdate[/rosout] -> http://chiliPC:34713/ ['http://chiliPC:45259/', 'http://chiliPC:42865/']: sec=0.00, result=[1, '', 0]
[rosmaster.master][INFO] 2019-03-18 15:04:31,451: publisherUpdate[/rosout] -> http://chiliPC:34713/ ['http://chiliPC:45259/', 'http://chiliPC:42865/', 'http://chiliPC:45601/']
[rosmaster.master][INFO] 2019-03-18 15:04:31,451: +PUB [/rosout] /tf_echo_00_06_66_E7_8A_D6 http://chiliPC:37245/
[rosmaster.master][INFO] 2019-03-18 15:04:31,453: publisherUpdate[/rosout] -> http://chiliPC:34713/ ['http://chiliPC:45259/', 'http://chiliPC:42865/', 'http://chiliPC:45601/']: sec=0.00, result=[1, '', 0]
[rosmaster.master][INFO] 2019-03-18 15:04:31,453: publisherUpdate[/rosout] -> http://chiliPC:34713/ ['http://chiliPC:45259/', 'http://chiliPC:42865/', 'http://chiliPC:45601/', 'http://chiliPC:36977/']
[rosmaster.master][INFO] 2019-03-18 15:04:31,456: publisherUpdate[/rosout] -> http://chiliPC:34713/ ['http://chiliPC:45259/', 'http://chiliPC:42865/', 'http://chiliPC:45601/', 'http://chiliPC:36977/']: sec=0.00, result=[1, '', 0]
[rosmaster.master][INFO] 2019-03-18 15:04:31,456: publisherUpdate[/rosout] -> http://chiliPC:34713/ ['http://chiliPC:45259/', 'http://chiliPC:42865/', 'http://chiliPC:45601/', 'http://chiliPC:36977/', 'http://chiliPC:42011/']
[rosmaster.master][INFO] 2019-03-18 15:04:31,458: publisherUpdate[/rosout] -> http://chiliPC:34713/ ['http://chiliPC:45259/', 'http://chiliPC:42865/', 'http://chiliPC:45601/', 'http://chiliPC:36977/', 'http://chiliPC:42011/']: sec=0.00, result=[1, '', 0]
[rosmaster.master][INFO] 2019-03-18 15:04:31,459: publisherUpdate[/rosout] -> http://chiliPC:34713/ ['http://chiliPC:45259/', 'http://chiliPC:42865/', 'http://chiliPC:45601/', 'http://chiliPC:36977/', 'http://chiliPC:42011/', 'http://chiliPC:40809/']
[rosmaster.master][INFO] 2019-03-18 15:04:31,460: +SERVICE [/aggregation_node_00_06_66_D2_CF_7B/set_logger_level] /aggregation_node_00_06_66_D2_CF_7B http://chiliPC:42763/
[rosmaster.master][INFO] 2019-03-18 15:04:31,460: publisherUpdate[/rosout] -> http://chiliPC:34713/ ['http://chiliPC:45259/', 'http://chiliPC:42865/', 'http://chiliPC:45601/', 'http://chiliPC:36977/', 'http://chiliPC:42011/', 'http://chiliPC:40809/']: sec=0.00, result=[1, '', 0]
[rosmaster.master][INFO] 2019-03-18 15:04:31,461: publisherUpdate[/rosout] -> http://chiliPC:34713/ ['http://chiliPC:45259/', 'http://chiliPC:42865/', 'http://chiliPC:45601/', 'http://chiliPC:36977/', 'http://chiliPC:42011/', 'http://chiliPC:40809/', 'http://chiliPC:43331/']
[rosmaster.master][INFO] 2019-03-18 15:04:31,463: publisherUpdate[/rosout] -> http://chiliPC:34713/ ['http://chiliPC:45259/', 'http://chiliPC:42865/', 'http://chiliPC:45601/', 'http://chiliPC:36977/', 'http://chiliPC:42011/', 'http://chiliPC:40809/', 'http://chiliPC:43331/']: sec=0.00, result=[1, '', 0]
[rosmaster.master][INFO] 2019-03-18 15:04:31,463: publisherUpdate[/rosout] -> http://chiliPC:34713/ ['http://chiliPC:45259/', 'http://chiliPC:42865/', 'http://chiliPC:45601/', 'http://chiliPC:36977/', 'http://chiliPC:42011/', 'http://chiliPC:40809/', 'http://chiliPC:43331/', 'http://chiliPC:39683/']
[rosmaster.master][INFO] 2019-03-18 15:04:31,465: publisherUpdate[/rosout] -> http://chiliPC:34713/ ['http://chiliPC:45259/', 'http://chiliPC:42865/', 'http://chiliPC:45601/', 'http://chiliPC:36977/', 'http://chiliPC:42011/', 'http://chiliPC:40809/', 'http://chiliPC:43331/', 'http://chiliPC:39683/']: sec=0.00, result=[1, '', 0]
[rosmaster.master][INFO] 2019-03-18 15:04:31,466: publisherUpdate[/rosout] -> http://chiliPC:34713/ ['http://chiliPC:45259/', 'http://chiliPC:42865/', 'http://chiliPC:45601/', 'http://chiliPC:36977/', 'http://chiliPC:42011/', 'http://chiliPC:40809/', 'http://chiliPC:43331/', 'http://chiliPC:39683/', 'http://chiliPC:42763/']
[rosmaster.master][INFO] 2019-03-18 15:04:31,466: +SERVICE [/tf_echo_00_06_66_E7_8A_D6/get_loggers] /tf_echo_00_06_66_E7_8A_D6 http://chiliPC:37245/
[rosmaster.master][INFO] 2019-03-18 15:04:31,467: publisherUpdate[/rosout] -> http://chiliPC:34713/ ['http://chiliPC:45259/', 'http://chiliPC:42865/', 'http://chiliPC:45601/', 'http://chiliPC:36977/', 'http://chiliPC:42011/', 'http://chiliPC:40809/', 'http://chiliPC:43331/', 'http://chiliPC:39683/', 'http://chiliPC:42763/']: sec=0.00, result=[1, '', 0]
[rosmaster.master][INFO] 2019-03-18 15:04:31,468: +SUB [/cellulo_node_00_06_66_E7_8E_BD/setLEDResponseMode] /cellulo_node_00_06_66_E7_8E_BD http://chiliPC:42865/
[rosmaster.master][INFO] 2019-03-18 15:04:31,468: publisherUpdate[/rosout] -> http://chiliPC:34713/ ['http://chiliPC:45259/', 'http://chiliPC:42865/', 'http://chiliPC:45601/', 'http://chiliPC:36977/', 'http://chiliPC:42011/', 'http://chiliPC:40809/', 'http://chiliPC:43331/', 'http://chiliPC:39683/', 'http://chiliPC:42763/', 'http://chiliPC:37245/']
[rosmaster.master][INFO] 2019-03-18 15:04:31,470: publisherUpdate[/rosout] -> http://chiliPC:34713/ ['http://chiliPC:45259/', 'http://chiliPC:42865/', 'http://chiliPC:45601/', 'http://chiliPC:36977/', 'http://chiliPC:42011/', 'http://chiliPC:40809/', 'http://chiliPC:43331/', 'http://chiliPC:39683/', 'http://chiliPC:42763/', 'http://chiliPC:37245/']: sec=0.00, result=[1, '', 0]
[rosmaster.master][INFO] 2019-03-18 15:04:31,471: +PUB [/rosout] /tf_echo_00_06_66_E7_8E_BD http://chiliPC:44675/
[rosmaster.master][INFO] 2019-03-18 15:04:31,476: +SERVICE [/tf_echo_00_06_66_E7_8A_D6/set_logger_level] /tf_echo_00_06_66_E7_8A_D6 http://chiliPC:37245/
[rosmaster.master][INFO] 2019-03-18 15:04:31,477: +PUB [/rosout] /tf_echo_00_06_66_D2_CF_7B http://chiliPC:35637/
[rosmaster.master][INFO] 2019-03-18 15:04:31,480: +SERVICE [/tf_echo_00_06_66_E7_8E_BD/get_loggers] /tf_echo_00_06_66_E7_8E_BD http://chiliPC:44675/
[rosmaster.master][INFO] 2019-03-18 15:04:31,482: +PUB [/rosout] /paper_world_broadcaster http://chiliPC:38719/
[rosmaster.master][INFO] 2019-03-18 15:04:31,486: +SERVICE [/tf_echo_00_06_66_D2_CF_7B/get_loggers] /tf_echo_00_06_66_D2_CF_7B http://chiliPC:35637/
[rosmaster.master][INFO] 2019-03-18 15:04:31,488: +SERVICE [/tf_echo_00_06_66_E7_8E_BD/set_logger_level] /tf_echo_00_06_66_E7_8E_BD http://chiliPC:44675/
[rosmaster.master][INFO] 2019-03-18 15:04:31,491: +SERVICE [/paper_world_broadcaster/get_loggers] /paper_world_broadcaster http://chiliPC:38719/
[rosmaster.master][INFO] 2019-03-18 15:04:31,492: +SUB [/setThreshold] /sensor_node_00_06_66_E7_8A_D6 http://chiliPC:36977/
[rosmaster.master][INFO] 2019-03-18 15:04:31,495: +SERVICE [/tf_echo_00_06_66_D2_CF_7B/set_logger_level] /tf_echo_00_06_66_D2_CF_7B http://chiliPC:35637/
[rosmaster.master][INFO] 2019-03-18 15:04:31,498: +SERVICE [/paper_world_broadcaster/set_logger_level] /paper_world_broadcaster http://chiliPC:38719/
[rosmaster.master][INFO] 2019-03-18 15:04:31,500: +SUB [/cellulo_node_00_06_66_D2_CF_7B/setLEDResponseMode] /cellulo_node_00_06_66_D2_CF_7B http://chiliPC:45601/
[rosmaster.master][INFO] 2019-03-18 15:04:31,502: +SUB [/cellulo_node_00_06_66_E7_8A_D6/reset] /cellulo_node_00_06_66_E7_8A_D6 http://chiliPC:45259/
[rosmaster.master][INFO] 2019-03-18 15:04:31,510: +SUB [/setThreshold] /sensor_node_00_06_66_E7_8E_BD http://chiliPC:42011/
[rosmaster.master][INFO] 2019-03-18 15:04:31,512: +SUB [/setThetaDis] /aggregation_node_00_06_66_E7_8A_D6 http://chiliPC:43331/
[rosmaster.master][INFO] 2019-03-18 15:04:31,513: +PUB [/tf_static] /paper_world_broadcaster http://chiliPC:38719/
[rosmaster.master][INFO] 2019-03-18 15:04:31,516: +SUB [/cellulo_node_00_06_66_E7_8E_BD/setGoalVelocity] /cellulo_node_00_06_66_E7_8E_BD http://chiliPC:42865/
[rosmaster.master][INFO] 2019-03-18 15:04:31,519: +PUB [/cellulo_node_00_06_66_E7_8A_D6/setGoalVelocity] /aggregation_node_00_06_66_E7_8A_D6 http://chiliPC:43331/
[rosmaster.master][INFO] 2019-03-18 15:04:31,520: +SUB [/setThreshold] /sensor_node_00_06_66_D2_CF_7B http://chiliPC:40809/
[rosmaster.master][INFO] 2019-03-18 15:04:31,521: +SUB [/setThetaDis] /aggregation_node_00_06_66_E7_8E_BD http://chiliPC:39683/
[rosmaster.master][INFO] 2019-03-18 15:04:31,528: +PUB [/cellulo_node_00_06_66_E7_8E_BD/setGoalVelocity] /aggregation_node_00_06_66_E7_8E_BD http://chiliPC:39683/
[rosmaster.master][INFO] 2019-03-18 15:04:31,534: +SUB [/setThetaDis] /aggregation_node_00_06_66_D2_CF_7B http://chiliPC:42763/
[rosmaster.master][INFO] 2019-03-18 15:04:31,536: +SUB [/tf] /sensor_node_00_06_66_E7_8A_D6 http://chiliPC:36977/
[rosmaster.master][INFO] 2019-03-18 15:04:31,537: +SUB [/tf] /tf_echo_00_06_66_E7_8A_D6 http://chiliPC:37245/
[rosmaster.master][INFO] 2019-03-18 15:04:31,543: +PUB [/cellulo_node_00_06_66_D2_CF_7B/setGoalVelocity] /aggregation_node_00_06_66_D2_CF_7B http://chiliPC:42763/
[rosmaster.master][INFO] 2019-03-18 15:04:31,545: publisherUpdate[/rosout] -> http://chiliPC:34713/ ['http://chiliPC:45259/', 'http://chiliPC:42865/', 'http://chiliPC:45601/', 'http://chiliPC:36977/', 'http://chiliPC:42011/', 'http://chiliPC:40809/', 'http://chiliPC:43331/', 'http://chiliPC:39683/', 'http://chiliPC:42763/', 'http://chiliPC:37245/', 'http://chiliPC:44675/']
[rosmaster.master][INFO] 2019-03-18 15:04:31,546: publisherUpdate[/cellulo_node_00_06_66_E7_8A_D6/setGoalVelocity] -> http://chiliPC:45259/ ['http://chiliPC:43331/']
[rosmaster.master][INFO] 2019-03-18 15:04:31,547: +SUB [/cellulo_node_00_06_66_D2_CF_7B/setGoalVelocity] /cellulo_node_00_06_66_D2_CF_7B http://chiliPC:45601/
[rosmaster.master][INFO] 2019-03-18 15:04:31,547: publisherUpdate[/rosout] -> http://chiliPC:34713/ ['http://chiliPC:45259/', 'http://chiliPC:42865/', 'http://chiliPC:45601/', 'http://chiliPC:36977/', 'http://chiliPC:42011/', 'http://chiliPC:40809/', 'http://chiliPC:43331/', 'http://chiliPC:39683/', 'http://chiliPC:42763/', 'http://chiliPC:37245/', 'http://chiliPC:44675/']: sec=0.00, result=[1, '', 0]
[rosmaster.master][INFO] 2019-03-18 15:04:31,548: publisherUpdate[/rosout] -> http://chiliPC:34713/ ['http://chiliPC:45259/', 'http://chiliPC:42865/', 'http://chiliPC:45601/', 'http://chiliPC:36977/', 'http://chiliPC:42011/', 'http://chiliPC:40809/', 'http://chiliPC:43331/', 'http://chiliPC:39683/', 'http://chiliPC:42763/', 'http://chiliPC:37245/', 'http://chiliPC:44675/', 'http://chiliPC:35637/']
[rosmaster.master][INFO] 2019-03-18 15:04:31,549: publisherUpdate[/rosout] -> http://chiliPC:34713/ ['http://chiliPC:45259/', 'http://chiliPC:42865/', 'http://chiliPC:45601/', 'http://chiliPC:36977/', 'http://chiliPC:42011/', 'http://chiliPC:40809/', 'http://chiliPC:43331/', 'http://chiliPC:39683/', 'http://chiliPC:42763/', 'http://chiliPC:37245/', 'http://chiliPC:44675/', 'http://chiliPC:35637/']: sec=0.00, result=[1, '', 0]
[rosmaster.master][INFO] 2019-03-18 15:04:31,549: +SUB [/cellulo_node_00_06_66_E7_8A_D6/clearTracking] /cellulo_node_00_06_66_E7_8A_D6 http://chiliPC:45259/
[rosmaster.master][INFO] 2019-03-18 15:04:31,550: publisherUpdate[/rosout] -> http://chiliPC:34713/ ['http://chiliPC:45259/', 'http://chiliPC:42865/', 'http://chiliPC:45601/', 'http://chiliPC:36977/', 'http://chiliPC:42011/', 'http://chiliPC:40809/', 'http://chiliPC:43331/', 'http://chiliPC:39683/', 'http://chiliPC:42763/', 'http://chiliPC:37245/', 'http://chiliPC:44675/', 'http://chiliPC:35637/', 'http://chiliPC:38719/']
[rosmaster.master][INFO] 2019-03-18 15:04:31,551: publisherUpdate[/rosout] -> http://chiliPC:34713/ ['http://chiliPC:45259/', 'http://chiliPC:42865/', 'http://chiliPC:45601/', 'http://chiliPC:36977/', 'http://chiliPC:42011/', 'http://chiliPC:40809/', 'http://chiliPC:43331/', 'http://chiliPC:39683/', 'http://chiliPC:42763/', 'http://chiliPC:37245/', 'http://chiliPC:44675/', 'http://chiliPC:35637/', 'http://chiliPC:38719/']: sec=0.00, result=[1, '', 0]
[rosmaster.master][INFO] 2019-03-18 15:04:31,551: publisherUpdate[/cellulo_node_00_06_66_E7_8A_D6/setGoalVelocity] -> http://chiliPC:45259/ ['http://chiliPC:43331/']: sec=0.00, result=[1, '', 0]
[rosmaster.master][INFO] 2019-03-18 15:04:31,552: +SUB [/tf] /tf_echo_00_06_66_E7_8E_BD http://chiliPC:44675/
[rosmaster.master][INFO] 2019-03-18 15:04:31,552: publisherUpdate[/cellulo_node_00_06_66_E7_8E_BD/setGoalVelocity] -> http://chiliPC:42865/ ['http://chiliPC:39683/']
[rosmaster.master][INFO] 2019-03-18 15:04:31,558: +SUB [/tf] /tf_echo_00_06_66_D2_CF_7B http://chiliPC:35637/
[rosmaster.master][INFO] 2019-03-18 15:04:31,559: +SUB [/tf] /sensor_node_00_06_66_E7_8E_BD http://chiliPC:42011/
[rosmaster.master][INFO] 2019-03-18 15:04:31,564: +SUB [/cellulo_node_00_06_66_E7_8E_BD/reset] /cellulo_node_00_06_66_E7_8E_BD http://chiliPC:42865/
[rosmaster.master][INFO] 2019-03-18 15:04:31,565: publisherUpdate[/cellulo_node_00_06_66_E7_8E_BD/setGoalVelocity] -> http://chiliPC:42865/ ['http://chiliPC:39683/']: sec=0.01, result=[1, '', 0]
[rosmaster.master][INFO] 2019-03-18 15:04:31,568: +SUB [/sensor_node_00_06_66_E7_8A_D6/detectedRobots] /aggregation_node_00_06_66_E7_8A_D6 http://chiliPC:43331/
[rosmaster.master][INFO] 2019-03-18 15:04:31,570: +SUB [/tf] /sensor_node_00_06_66_D2_CF_7B http://chiliPC:40809/
[rosmaster.master][INFO] 2019-03-18 15:04:31,578: +SUB [/sensor_node_00_06_66_E7_8E_BD/detectedRobots] /aggregation_node_00_06_66_E7_8E_BD http://chiliPC:39683/
[rosmaster.master][INFO] 2019-03-18 15:04:31,587: +SUB [/tf_static] /sensor_node_00_06_66_E7_8A_D6 http://chiliPC:36977/
[rosmaster.master][INFO] 2019-03-18 15:04:31,589: +SUB [/tf_static] /tf_echo_00_06_66_E7_8A_D6 http://chiliPC:37245/
[rosmaster.master][INFO] 2019-03-18 15:04:31,594: +SUB [/sensor_node_00_06_66_D2_CF_7B/detectedRobots] /aggregation_node_00_06_66_D2_CF_7B http://chiliPC:42763/
[rosmaster.master][INFO] 2019-03-18 15:04:31,596: +PUB [/sensor_node_00_06_66_E7_8A_D6/detectedRobots] /sensor_node_00_06_66_E7_8A_D6 http://chiliPC:36977/
[rosmaster.master][INFO] 2019-03-18 15:04:31,598: +SUB [/cellulo_node_00_06_66_D2_CF_7B/reset] /cellulo_node_00_06_66_D2_CF_7B http://chiliPC:45601/
[rosmaster.master][INFO] 2019-03-18 15:04:31,600: +SUB [/cellulo_node_00_06_66_E7_8A_D6/shutdown] /cellulo_node_00_06_66_E7_8A_D6 http://chiliPC:45259/
[rosmaster.master][INFO] 2019-03-18 15:04:31,600: +SUB [/tf_static] /tf_echo_00_06_66_E7_8E_BD http://chiliPC:44675/
[rosmaster.master][INFO] 2019-03-18 15:04:31,604: +PUB [/sensor_node_00_06_66_E7_8A_D6/detectedObstacles] /sensor_node_00_06_66_E7_8A_D6 http://chiliPC:36977/
[rosmaster.master][INFO] 2019-03-18 15:04:31,606: +SUB [/tf_static] /tf_echo_00_06_66_D2_CF_7B http://chiliPC:35637/
[rosmaster.master][INFO] 2019-03-18 15:04:31,607: +SUB [/tf_static] /sensor_node_00_06_66_E7_8E_BD http://chiliPC:42011/
[rosmaster.master][INFO] 2019-03-18 15:04:31,611: +SUB [/cellulo_node_00_06_66_E7_8E_BD/clearTracking] /cellulo_node_00_06_66_E7_8E_BD http://chiliPC:42865/
[rosmaster.master][INFO] 2019-03-18 15:04:31,614: +PUB [/sensor_node_00_06_66_E7_8E_BD/detectedRobots] /sensor_node_00_06_66_E7_8E_BD http://chiliPC:42011/
[rosmaster.master][INFO] 2019-03-18 15:04:31,615: +SUB [/sensor_node_00_06_66_E7_8A_D6/detectedObstacles] /aggregation_node_00_06_66_E7_8A_D6 http://chiliPC:43331/
[rosmaster.master][INFO] 2019-03-18 15:04:31,616: +SUB [/tf_static] /sensor_node_00_06_66_D2_CF_7B http://chiliPC:40809/
[rosmaster.master][INFO] 2019-03-18 15:04:31,621: +PUB [/sensor_node_00_06_66_E7_8E_BD/detectedObstacles] /sensor_node_00_06_66_E7_8E_BD http://chiliPC:42011/
[rosmaster.master][INFO] 2019-03-18 15:04:31,624: +PUB [/sensor_node_00_06_66_D2_CF_7B/detectedRobots] /sensor_node_00_06_66_D2_CF_7B http://chiliPC:40809/
[rosmaster.master][INFO] 2019-03-18 15:04:31,625: +SUB [/sensor_node_00_06_66_E7_8E_BD/detectedObstacles] /aggregation_node_00_06_66_E7_8E_BD http://chiliPC:39683/
[rosmaster.master][INFO] 2019-03-18 15:04:31,627: +PUB [/rosout] /rviz_chiliPC_7524_7133027855993685660 http://chiliPC:35137/
[rosmaster.master][INFO] 2019-03-18 15:04:31,631: +PUB [/sensor_node_00_06_66_D2_CF_7B/detectedObstacles] /sensor_node_00_06_66_D2_CF_7B http://chiliPC:40809/
[rosmaster.master][INFO] 2019-03-18 15:04:31,634: +SERVICE [/rviz_chiliPC_7524_7133027855993685660/get_loggers] /rviz_chiliPC_7524_7133027855993685660 http://chiliPC:35137/
[rosmaster.master][INFO] 2019-03-18 15:04:31,636: +SUB [/sensor_node_00_06_66_D2_CF_7B/detectedObstacles] /aggregation_node_00_06_66_D2_CF_7B http://chiliPC:42763/
[rosmaster.master][INFO] 2019-03-18 15:04:31,638: +SUB [/cellulo_node_00_06_66_D2_CF_7B/clearTracking] /cellulo_node_00_06_66_D2_CF_7B http://chiliPC:45601/
[rosmaster.master][INFO] 2019-03-18 15:04:31,640: +SUB [/cellulo_node_00_06_66_E7_8A_D6/clearHapticFeedback] /cellulo_node_00_06_66_E7_8A_D6 http://chiliPC:45259/
[rosmaster.master][INFO] 2019-03-18 15:04:31,641: +SERVICE [/rviz_chiliPC_7524_7133027855993685660/set_logger_level] /rviz_chiliPC_7524_7133027855993685660 http://chiliPC:35137/
[rosmaster.master][INFO] 2019-03-18 15:04:31,650: +SUB [/cellulo_node_00_06_66_E7_8E_BD/shutdown] /cellulo_node_00_06_66_E7_8E_BD http://chiliPC:42865/
[rosmaster.master][INFO] 2019-03-18 15:04:31,652: +SUB [/cellulo_node_00_06_66_E7_8A_D6/velocity] /aggregation_node_00_06_66_E7_8A_D6 http://chiliPC:43331/
[rosmaster.master][INFO] 2019-03-18 15:04:31,652: publisherUpdate[/sensor_node_00_06_66_E7_8A_D6/detectedRobots] -> http://chiliPC:43331/ ['http://chiliPC:36977/']
[rosmaster.master][INFO] 2019-03-18 15:04:31,655: publisherUpdate[/sensor_node_00_06_66_E7_8A_D6/detectedRobots] -> http://chiliPC:43331/ ['http://chiliPC:36977/']: sec=0.00, result=[1, '', 0]
[rosmaster.master][INFO] 2019-03-18 15:04:31,656: publisherUpdate[/sensor_node_00_06_66_E7_8E_BD/detectedRobots] -> http://chiliPC:39683/ ['http://chiliPC:42011/']
[rosmaster.master][INFO] 2019-03-18 15:04:31,660: +SUB [/cellulo_node_00_06_66_E7_8E_BD/velocity] /aggregation_node_00_06_66_E7_8E_BD http://chiliPC:39683/
[rosmaster.master][INFO] 2019-03-18 15:04:31,662: publisherUpdate[/sensor_node_00_06_66_E7_8E_BD/detectedRobots] -> http://chiliPC:39683/ ['http://chiliPC:42011/']: sec=0.01, result=[1, '', 0]
[rosmaster.master][INFO] 2019-03-18 15:04:31,662: publisherUpdate[/sensor_node_00_06_66_D2_CF_7B/detectedRobots] -> http://chiliPC:42763/ ['http://chiliPC:40809/']
[rosmaster.master][INFO] 2019-03-18 15:04:31,666: publisherUpdate[/rosout] -> http://chiliPC:34713/ ['http://chiliPC:45259/', 'http://chiliPC:42865/', 'http://chiliPC:45601/', 'http://chiliPC:36977/', 'http://chiliPC:42011/', 'http://chiliPC:40809/', 'http://chiliPC:43331/', 'http://chiliPC:39683/', 'http://chiliPC:42763/', 'http://chiliPC:37245/', 'http://chiliPC:44675/', 'http://chiliPC:35637/', 'http://chiliPC:38719/', 'http://chiliPC:35137/']
[rosmaster.master][INFO] 2019-03-18 15:04:31,667: publisherUpdate[/rosout] -> http://chiliPC:34713/ ['http://chiliPC:45259/', 'http://chiliPC:42865/', 'http://chiliPC:45601/', 'http://chiliPC:36977/', 'http://chiliPC:42011/', 'http://chiliPC:40809/', 'http://chiliPC:43331/', 'http://chiliPC:39683/', 'http://chiliPC:42763/', 'http://chiliPC:37245/', 'http://chiliPC:44675/', 'http://chiliPC:35637/', 'http://chiliPC:38719/', 'http://chiliPC:35137/']: sec=0.00, result=[1, '', 0]
[rosmaster.master][INFO] 2019-03-18 15:04:31,668: +SUB [/cellulo_node_00_06_66_D2_CF_7B/velocity] /aggregation_node_00_06_66_D2_CF_7B http://chiliPC:42763/
[rosmaster.master][INFO] 2019-03-18 15:04:31,669: publisherUpdate[/sensor_node_00_06_66_D2_CF_7B/detectedRobots] -> http://chiliPC:42763/ ['http://chiliPC:40809/']: sec=0.01, result=[1, '', 0]
[rosmaster.master][INFO] 2019-03-18 15:04:31,670: +SUB [/cellulo_node_00_06_66_E7_8A_D6/vibrateOnMotion] /cellulo_node_00_06_66_E7_8A_D6 http://chiliPC:45259/
[rosmaster.master][INFO] 2019-03-18 15:04:31,671: +SUB [/cellulo_node_00_06_66_D2_CF_7B/shutdown] /cellulo_node_00_06_66_D2_CF_7B http://chiliPC:45601/
[rosmaster.master][INFO] 2019-03-18 15:04:31,672: +SUB [/cellulo_node_00_06_66_E7_8E_BD/clearHapticFeedback] /cellulo_node_00_06_66_E7_8E_BD http://chiliPC:42865/
[rosmaster.master][INFO] 2019-03-18 15:04:31,681: +SUB [/cellulo_node_00_06_66_E7_8A_D6/simpleVibrate] /cellulo_node_00_06_66_E7_8A_D6 http://chiliPC:45259/
[rosmaster.master][INFO] 2019-03-18 15:04:31,682: +SUB [/cellulo_node_00_06_66_D2_CF_7B/clearHapticFeedback] /cellulo_node_00_06_66_D2_CF_7B http://chiliPC:45601/
[rosmaster.master][INFO] 2019-03-18 15:04:31,683: +SUB [/cellulo_node_00_06_66_E7_8E_BD/vibrateOnMotion] /cellulo_node_00_06_66_E7_8E_BD http://chiliPC:42865/
[rosmaster.master][INFO] 2019-03-18 15:04:31,691: +SUB [/cellulo_node_00_06_66_E7_8A_D6/setGestureEnabled] /cellulo_node_00_06_66_E7_8A_D6 http://chiliPC:45259/
[rosmaster.master][INFO] 2019-03-18 15:04:31,692: +SUB [/cellulo_node_00_06_66_D2_CF_7B/vibrateOnMotion] /cellulo_node_00_06_66_D2_CF_7B http://chiliPC:45601/
[rosmaster.master][INFO] 2019-03-18 15:04:31,693: +SUB [/cellulo_node_00_06_66_E7_8E_BD/simpleVibrate] /cellulo_node_00_06_66_E7_8E_BD http://chiliPC:42865/
[rosmaster.master][INFO] 2019-03-18 15:04:31,701: +SUB [/cellulo_node_00_06_66_E7_8A_D6/setCasualBackdriveAssistEnabled] /cellulo_node_00_06_66_E7_8A_D6 http://chiliPC:45259/
[rosmaster.master][INFO] 2019-03-18 15:04:31,702: +SUB [/cellulo_node_00_06_66_D2_CF_7B/simpleVibrate] /cellulo_node_00_06_66_D2_CF_7B http://chiliPC:45601/
[rosmaster.master][INFO] 2019-03-18 15:04:31,703: +PUB [/cellulo_node_00_06_66_E7_8A_D6/touchKey] /cellulo_node_00_06_66_E7_8A_D6 http://chiliPC:45259/
[rosmaster.master][INFO] 2019-03-18 15:04:31,704: +SUB [/cellulo_node_00_06_66_E7_8E_BD/setGestureEnabled] /cellulo_node_00_06_66_E7_8E_BD http://chiliPC:42865/
[rosmaster.master][INFO] 2019-03-18 15:04:31,705: +PUB [/cellulo_node_00_06_66_E7_8A_D6/longTouchKey] /cellulo_node_00_06_66_E7_8A_D6 http://chiliPC:45259/
[rosmaster.master][INFO] 2019-03-18 15:04:31,707: +PUB [/cellulo_node_00_06_66_E7_8A_D6/kidnapped] /cellulo_node_00_06_66_E7_8A_D6 http://chiliPC:45259/
[rosmaster.master][INFO] 2019-03-18 15:04:31,709: +PUB [/cellulo_node_00_06_66_E7_8A_D6/velocity] /cellulo_node_00_06_66_E7_8A_D6 http://chiliPC:45259/
[rosmaster.master][INFO] 2019-03-18 15:04:31,711: +PUB [/cellulo_node_00_06_66_E7_8A_D6/connectionStatus] /cellulo_node_00_06_66_E7_8A_D6 http://chiliPC:45259/
[rosmaster.master][INFO] 2019-03-18 15:04:31,713: +PUB [/cellulo_node_00_06_66_E7_8A_D6/localAdapterAdress] /cellulo_node_00_06_66_E7_8A_D6 http://chiliPC:45259/
[rosmaster.master][INFO] 2019-03-18 15:04:31,714: +SUB [/cellulo_node_00_06_66_D2_CF_7B/setGestureEnabled] /cellulo_node_00_06_66_D2_CF_7B http://chiliPC:45601/
[rosmaster.master][INFO] 2019-03-18 15:04:31,715: +PUB [/cellulo_node_00_06_66_E7_8A_D6/autoConnect] /cellulo_node_00_06_66_E7_8A_D6 http://chiliPC:45259/
[rosmaster.master][INFO] 2019-03-18 15:04:31,715: +SUB [/cellulo_node_00_06_66_E7_8E_BD/setCasualBackdriveAssistEnabled] /cellulo_node_00_06_66_E7_8E_BD http://chiliPC:42865/
[rosmaster.master][INFO] 2019-03-18 15:04:31,717: +PUB [/cellulo_node_00_06_66_E7_8A_D6/batteryState] /cellulo_node_00_06_66_E7_8A_D6 http://chiliPC:45259/
[rosmaster.master][INFO] 2019-03-18 15:04:31,718: +PUB [/cellulo_node_00_06_66_E7_8E_BD/touchKey] /cellulo_node_00_06_66_E7_8E_BD http://chiliPC:42865/
[rosmaster.master][INFO] 2019-03-18 15:04:31,719: +PUB [/cellulo_node_00_06_66_E7_8A_D6/gesture] /cellulo_node_00_06_66_E7_8A_D6 http://chiliPC:45259/
[rosmaster.master][INFO] 2019-03-18 15:04:31,719: +PUB [/cellulo_node_00_06_66_E7_8E_BD/longTouchKey] /cellulo_node_00_06_66_E7_8E_BD http://chiliPC:42865/
[rosmaster.master][INFO] 2019-03-18 15:04:31,722: +PUB [/cellulo_node_00_06_66_E7_8A_D6/lastTimestamp] /cellulo_node_00_06_66_E7_8A_D6 http://chiliPC:45259/
[rosmaster.master][INFO] 2019-03-18 15:04:31,722: +PUB [/cellulo_node_00_06_66_E7_8E_BD/kidnapped] /cellulo_node_00_06_66_E7_8E_BD http://chiliPC:42865/
[rosmaster.master][INFO] 2019-03-18 15:04:31,724: +PUB [/cellulo_node_00_06_66_E7_8A_D6/framerate] /cellulo_node_00_06_66_E7_8A_D6 http://chiliPC:45259/
[rosmaster.master][INFO] 2019-03-18 15:04:31,725: +PUB [/cellulo_node_00_06_66_E7_8E_BD/velocity] /cellulo_node_00_06_66_E7_8E_BD http://chiliPC:42865/
[rosmaster.master][INFO] 2019-03-18 15:04:31,726: +SUB [/cellulo_node_00_06_66_D2_CF_7B/setCasualBackdriveAssistEnabled] /cellulo_node_00_06_66_D2_CF_7B http://chiliPC:45601/
[rosmaster.master][INFO] 2019-03-18 15:04:31,727: +PUB [/cellulo_node_00_06_66_E7_8A_D6/cameraImageProgress] /cellulo_node_00_06_66_E7_8A_D6 http://chiliPC:45259/
[rosmaster.master][INFO] 2019-03-18 15:04:31,728: +PUB [/cellulo_node_00_06_66_E7_8E_BD/connectionStatus] /cellulo_node_00_06_66_E7_8E_BD http://chiliPC:42865/
[rosmaster.master][INFO] 2019-03-18 15:04:31,729: +PUB [/cellulo_node_00_06_66_D2_CF_7B/touchKey] /cellulo_node_00_06_66_D2_CF_7B http://chiliPC:45601/
[rosmaster.master][INFO] 2019-03-18 15:04:31,731: +PUB [/cellulo_node_00_06_66_E7_8A_D6/poseVelControlEnable] /cellulo_node_00_06_66_E7_8A_D6 http://chiliPC:45259/
[rosmaster.master][INFO] 2019-03-18 15:04:31,731: +PUB [/cellulo_node_00_06_66_E7_8E_BD/localAdapterAdress] /cellulo_node_00_06_66_E7_8E_BD http://chiliPC:42865/
[rosmaster.master][INFO] 2019-03-18 15:04:31,732: +PUB [/cellulo_node_00_06_66_D2_CF_7B/longTouchKey] /cellulo_node_00_06_66_D2_CF_7B http://chiliPC:45601/
[rosmaster.master][INFO] 2019-03-18 15:04:31,733: +PUB [/cellulo_node_00_06_66_E7_8A_D6/poseVelControlPeriod] /cellulo_node_00_06_66_E7_8A_D6 http://chiliPC:45259/
[rosmaster.master][INFO] 2019-03-18 15:04:31,734: +PUB [/cellulo_node_00_06_66_E7_8E_BD/autoConnect] /cellulo_node_00_06_66_E7_8E_BD http://chiliPC:42865/
[rosmaster.master][INFO] 2019-03-18 15:04:31,734: +PUB [/cellulo_node_00_06_66_D2_CF_7B/kidnapped] /cellulo_node_00_06_66_D2_CF_7B http://chiliPC:45601/
[rosmaster.master][INFO] 2019-03-18 15:04:31,735: +PUB [/cellulo_node_00_06_66_E7_8A_D6/visualization_marker_robot] /cellulo_node_00_06_66_E7_8A_D6 http://chiliPC:45259/
[rosmaster.master][INFO] 2019-03-18 15:04:31,736: +PUB [/cellulo_node_00_06_66_E7_8E_BD/batteryState] /cellulo_node_00_06_66_E7_8E_BD http://chiliPC:42865/
[rosmaster.master][INFO] 2019-03-18 15:04:31,736: +PUB [/cellulo_node_00_06_66_D2_CF_7B/velocity] /cellulo_node_00_06_66_D2_CF_7B http://chiliPC:45601/
[rosmaster.master][INFO] 2019-03-18 15:04:31,737: +PUB [/cellulo_node_00_06_66_E7_8E_BD/gesture] /cellulo_node_00_06_66_E7_8E_BD http://chiliPC:42865/
[rosmaster.master][INFO] 2019-03-18 15:04:31,738: +PUB [/cellulo_node_00_06_66_E7_8A_D6/visualization_marker_traj] /cellulo_node_00_06_66_E7_8A_D6 http://chiliPC:45259/
[rosmaster.master][INFO] 2019-03-18 15:04:31,739: +PUB [/cellulo_node_00_06_66_D2_CF_7B/connectionStatus] /cellulo_node_00_06_66_D2_CF_7B http://chiliPC:45601/
[rosmaster.master][INFO] 2019-03-18 15:04:31,740: +PUB [/cellulo_node_00_06_66_E7_8E_BD/lastTimestamp] /cellulo_node_00_06_66_E7_8E_BD http://chiliPC:42865/
[rosmaster.master][INFO] 2019-03-18 15:04:31,740: +SERVICE [/cellulo_node_00_06_66_E7_8A_D6/get_state] /cellulo_node_00_06_66_E7_8A_D6 http://chiliPC:45259/
[rosmaster.master][INFO] 2019-03-18 15:04:31,741: +PUB [/cellulo_node_00_06_66_D2_CF_7B/localAdapterAdress] /cellulo_node_00_06_66_D2_CF_7B http://chiliPC:45601/
[rosmaster.master][INFO] 2019-03-18 15:04:31,742: +PUB [/cellulo_node_00_06_66_E7_8E_BD/framerate] /cellulo_node_00_06_66_E7_8E_BD http://chiliPC:42865/
[rosmaster.master][INFO] 2019-03-18 15:04:31,742: +PUB [/cellulo_node_00_06_66_D2_CF_7B/autoConnect] /cellulo_node_00_06_66_D2_CF_7B http://chiliPC:45601/
[rosmaster.master][INFO] 2019-03-18 15:04:31,743: +PUB [/cellulo_node_00_06_66_E7_8E_BD/cameraImageProgress] /cellulo_node_00_06_66_E7_8E_BD http://chiliPC:42865/
[rosmaster.master][INFO] 2019-03-18 15:04:31,744: +PUB [/cellulo_node_00_06_66_D2_CF_7B/batteryState] /cellulo_node_00_06_66_D2_CF_7B http://chiliPC:45601/
[rosmaster.master][INFO] 2019-03-18 15:04:31,744: +PUB [/cellulo_node_00_06_66_E7_8E_BD/poseVelControlEnable] /cellulo_node_00_06_66_E7_8E_BD http://chiliPC:42865/
[rosmaster.master][INFO] 2019-03-18 15:04:31,745: +PUB [/cellulo_node_00_06_66_D2_CF_7B/gesture] /cellulo_node_00_06_66_D2_CF_7B http://chiliPC:45601/
[rosmaster.master][INFO] 2019-03-18 15:04:31,746: +PUB [/cellulo_node_00_06_66_E7_8E_BD/poseVelControlPeriod] /cellulo_node_00_06_66_E7_8E_BD http://chiliPC:42865/
[rosmaster.master][INFO] 2019-03-18 15:04:31,747: +PUB [/cellulo_node_00_06_66_D2_CF_7B/lastTimestamp] /cellulo_node_00_06_66_D2_CF_7B http://chiliPC:45601/
[rosmaster.master][INFO] 2019-03-18 15:04:31,747: +PUB [/cellulo_node_00_06_66_E7_8E_BD/visualization_marker_robot] /cellulo_node_00_06_66_E7_8E_BD http://chiliPC:42865/
[rosmaster.master][INFO] 2019-03-18 15:04:31,748: +PUB [/cellulo_node_00_06_66_D2_CF_7B/framerate] /cellulo_node_00_06_66_D2_CF_7B http://chiliPC:45601/
[rosmaster.master][INFO] 2019-03-18 15:04:31,749: +PUB [/cellulo_node_00_06_66_E7_8E_BD/visualization_marker_traj] /cellulo_node_00_06_66_E7_8E_BD http://chiliPC:42865/
[rosmaster.master][INFO] 2019-03-18 15:04:31,750: +PUB [/cellulo_node_00_06_66_D2_CF_7B/cameraImageProgress] /cellulo_node_00_06_66_D2_CF_7B http://chiliPC:45601/
[rosmaster.master][INFO] 2019-03-18 15:04:31,750: +SERVICE [/cellulo_node_00_06_66_E7_8E_BD/get_state] /cellulo_node_00_06_66_E7_8E_BD http://chiliPC:42865/
[rosmaster.master][INFO] 2019-03-18 15:04:31,751: +PUB [/cellulo_node_00_06_66_D2_CF_7B/poseVelControlEnable] /cellulo_node_00_06_66_D2_CF_7B http://chiliPC:45601/
[rosmaster.master][INFO] 2019-03-18 15:04:31,752: +PUB [/cellulo_node_00_06_66_D2_CF_7B/poseVelControlPeriod] /cellulo_node_00_06_66_D2_CF_7B http://chiliPC:45601/
[rosmaster.master][INFO] 2019-03-18 15:04:31,753: +PUB [/cellulo_node_00_06_66_D2_CF_7B/visualization_marker_robot] /cellulo_node_00_06_66_D2_CF_7B http://chiliPC:45601/
[rosmaster.master][INFO] 2019-03-18 15:04:31,754: +PUB [/cellulo_node_00_06_66_D2_CF_7B/visualization_marker_traj] /cellulo_node_00_06_66_D2_CF_7B http://chiliPC:45601/
[rosmaster.master][INFO] 2019-03-18 15:04:31,755: +SERVICE [/cellulo_node_00_06_66_D2_CF_7B/get_state] /cellulo_node_00_06_66_D2_CF_7B http://chiliPC:45601/
[rosmaster.master][INFO] 2019-03-18 15:04:31,768: publisherUpdate[/cellulo_node_00_06_66_E7_8A_D6/velocity] -> http://chiliPC:43331/ ['http://chiliPC:45259/']
[rosmaster.master][INFO] 2019-03-18 15:04:31,769: publisherUpdate[/cellulo_node_00_06_66_E7_8A_D6/velocity] -> http://chiliPC:43331/ ['http://chiliPC:45259/']: sec=0.00, result=[1, '', 0]
[rosmaster.master][INFO] 2019-03-18 15:04:31,769: publisherUpdate[/cellulo_node_00_06_66_E7_8E_BD/velocity] -> http://chiliPC:39683/ ['http://chiliPC:42865/']
[rosmaster.master][INFO] 2019-03-18 15:04:31,770: publisherUpdate[/cellulo_node_00_06_66_D2_CF_7B/velocity] -> http://chiliPC:42763/ ['http://chiliPC:45601/']
[rosmaster.master][INFO] 2019-03-18 15:04:31,771: publisherUpdate[/cellulo_node_00_06_66_E7_8E_BD/velocity] -> http://chiliPC:39683/ ['http://chiliPC:42865/']: sec=0.00, result=[1, '', 0]
[rosmaster.master][INFO] 2019-03-18 15:04:31,771: publisherUpdate[/cellulo_node_00_06_66_D2_CF_7B/velocity] -> http://chiliPC:42763/ ['http://chiliPC:45601/']: sec=0.00, result=[1, '', 0]
[rosmaster.master][INFO] 2019-03-18 15:04:32,130: +SUB [/tf] /rviz_chiliPC_7524_7133027855993685660 http://chiliPC:35137/
[rosmaster.master][INFO] 2019-03-18 15:04:32,136: +SUB [/tf_static] /rviz_chiliPC_7524_7133027855993685660 http://chiliPC:35137/
[rosmaster.master][INFO] 2019-03-18 15:04:32,206: +PUB [/initialpose] /rviz_chiliPC_7524_7133027855993685660 http://chiliPC:35137/
[rosmaster.master][INFO] 2019-03-18 15:04:32,209: +PUB [/goal] /rviz_chiliPC_7524_7133027855993685660 http://chiliPC:35137/
[rosmaster.master][INFO] 2019-03-18 15:04:32,221: +SUB [/visualization_marker] /rviz_chiliPC_7524_7133027855993685660 http://chiliPC:35137/
[rosmaster.master][INFO] 2019-03-18 15:04:32,228: +SUB [/visualization_marker_array] /rviz_chiliPC_7524_7133027855993685660 http://chiliPC:35137/
[rosmaster.master][INFO] 2019-03-18 15:04:32,229: -SUB [/visualization_marker] /rviz_chiliPC_7524_7133027855993685660 http://chiliPC:35137/
[rosmaster.master][INFO] 2019-03-18 15:04:32,230: -SUB [/visualization_marker_array] /rviz_chiliPC_7524_7133027855993685660 http://chiliPC:35137/
[rosmaster.master][INFO] 2019-03-18 15:04:32,237: +SUB [/cellulo_node_3E_82/visualization_marker_robot] /rviz_chiliPC_7524_7133027855993685660 http://chiliPC:35137/
[rosmaster.master][INFO] 2019-03-18 15:04:32,244: +SUB [/cellulo_node_3E_82/visualization_marker_robot_array] /rviz_chiliPC_7524_7133027855993685660 http://chiliPC:35137/
[rosmaster.master][INFO] 2019-03-18 15:04:32,252: +SUB [/visualization_marker] /rviz_chiliPC_7524_7133027855993685660 http://chiliPC:35137/
[rosmaster.master][INFO] 2019-03-18 15:04:32,259: +SUB [/visualization_marker_array] /rviz_chiliPC_7524_7133027855993685660 http://chiliPC:35137/
[rosmaster.master][INFO] 2019-03-18 15:04:32,260: -SUB [/visualization_marker] /rviz_chiliPC_7524_7133027855993685660 http://chiliPC:35137/
[rosmaster.master][INFO] 2019-03-18 15:04:32,261: -SUB [/visualization_marker_array] /rviz_chiliPC_7524_7133027855993685660 http://chiliPC:35137/
[rosmaster.master][INFO] 2019-03-18 15:04:32,268: +SUB [/cellulo_node_3E_7E/visualization_marker_robot] /rviz_chiliPC_7524_7133027855993685660 http://chiliPC:35137/
[rosmaster.master][INFO] 2019-03-18 15:04:32,275: +SUB [/cellulo_node_3E_7E/visualization_marker_robot_array] /rviz_chiliPC_7524_7133027855993685660 http://chiliPC:35137/
[rosmaster.master][INFO] 2019-03-18 15:04:32,277: -PUB [/goal] /rviz_chiliPC_7524_7133027855993685660 http://chiliPC:35137/
[rosmaster.master][INFO] 2019-03-18 15:04:32,278: -PUB [/initialpose] /rviz_chiliPC_7524_7133027855993685660 http://chiliPC:35137/
[rosmaster.master][INFO] 2019-03-18 15:04:32,285: +PUB [/initialpose] /rviz_chiliPC_7524_7133027855993685660 http://chiliPC:35137/
[rosmaster.master][INFO] 2019-03-18 15:04:32,287: +PUB [/goal] /rviz_chiliPC_7524_7133027855993685660 http://chiliPC:35137/
[rosmaster.master][INFO] 2019-03-18 15:04:32,289: +PUB [/move_base_simple/goal] /rviz_chiliPC_7524_7133027855993685660 http://chiliPC:35137/
[rosmaster.master][INFO] 2019-03-18 15:04:32,290: -PUB [/goal] /rviz_chiliPC_7524_7133027855993685660 http://chiliPC:35137/
[rosmaster.master][INFO] 2019-03-18 15:04:32,291: +PUB [/clicked_point] /rviz_chiliPC_7524_7133027855993685660 http://chiliPC:35137/
[rosmaster.master][INFO] 2019-03-18 15:04:32,331: +SERVICE [/rviz_chiliPC_7524_7133027855993685660/reload_shaders] /rviz_chiliPC_7524_7133027855993685660 http://chiliPC:35137/
[rosmaster.master][INFO] 2019-03-18 15:04:38,603: +PUB [/tf] /cellulo_node_00_06_66_D2_CF_7B http://chiliPC:45601/
[rosmaster.master][INFO] 2019-03-18 15:04:38,685: publisherUpdate[/tf] -> http://chiliPC:37245/ ['http://chiliPC:45601/']
[rosmaster.master][INFO] 2019-03-18 15:04:38,685: publisherUpdate[/tf] -> http://chiliPC:36977/ ['http://chiliPC:45601/']
[rosmaster.master][INFO] 2019-03-18 15:04:38,685: publisherUpdate[/tf] -> http://chiliPC:44675/ ['http://chiliPC:45601/']
[rosmaster.master][INFO] 2019-03-18 15:04:38,688: publisherUpdate[/tf] -> http://chiliPC:37245/ ['http://chiliPC:45601/']: sec=0.00, result=[1, '', 0]
[rosmaster.master][INFO] 2019-03-18 15:04:38,689: publisherUpdate[/tf] -> http://chiliPC:44675/ ['http://chiliPC:45601/']: sec=0.00, result=[1, '', 0]
[rosmaster.master][INFO] 2019-03-18 15:04:38,690: publisherUpdate[/tf] -> http://chiliPC:35637/ ['http://chiliPC:45601/']
[rosmaster.master][INFO] 2019-03-18 15:04:38,690: publisherUpdate[/tf] -> http://chiliPC:36977/ ['http://chiliPC:45601/']: sec=0.00, result=[1, '', 0]
[rosmaster.master][INFO] 2019-03-18 15:04:38,690: publisherUpdate[/tf] -> http://chiliPC:42011/ ['http://chiliPC:45601/']
[rosmaster.master][INFO] 2019-03-18 15:04:38,691: publisherUpdate[/tf] -> http://chiliPC:40809/ ['http://chiliPC:45601/']
[rosmaster.master][INFO] 2019-03-18 15:04:38,693: publisherUpdate[/tf] -> http://chiliPC:35637/ ['http://chiliPC:45601/']: sec=0.00, result=[1, '', 0]
[rosmaster.master][INFO] 2019-03-18 15:04:38,693: publisherUpdate[/tf] -> http://chiliPC:35137/ ['http://chiliPC:45601/']
[rosmaster.master][INFO] 2019-03-18 15:04:38,694: publisherUpdate[/tf] -> http://chiliPC:42011/ ['http://chiliPC:45601/']: sec=0.00, result=[1, '', 0]
[rosmaster.master][INFO] 2019-03-18 15:04:38,695: publisherUpdate[/tf] -> http://chiliPC:40809/ ['http://chiliPC:45601/']: sec=0.00, result=[1, '', 0]
[rosmaster.master][INFO] 2019-03-18 15:04:38,696: publisherUpdate[/tf] -> http://chiliPC:35137/ ['http://chiliPC:45601/']: sec=0.00, result=[1, '', 0]
[rosmaster.master][INFO] 2019-03-18 15:04:44,375: +PUB [/tf] /cellulo_node_00_06_66_E7_8A_D6 http://chiliPC:45259/
[rosmaster.master][INFO] 2019-03-18 15:04:44,406: publisherUpdate[/tf] -> http://chiliPC:36977/ ['http://chiliPC:45601/', 'http://chiliPC:45259/']
[rosmaster.master][INFO] 2019-03-18 15:04:44,406: publisherUpdate[/tf] -> http://chiliPC:37245/ ['http://chiliPC:45601/', 'http://chiliPC:45259/']
[rosmaster.master][INFO] 2019-03-18 15:04:44,407: publisherUpdate[/tf] -> http://chiliPC:44675/ ['http://chiliPC:45601/', 'http://chiliPC:45259/']
[rosmaster.master][INFO] 2019-03-18 15:04:44,408: publisherUpdate[/tf] -> http://chiliPC:36977/ ['http://chiliPC:45601/', 'http://chiliPC:45259/']: sec=0.00, result=[1, '', 0]
[rosmaster.master][INFO] 2019-03-18 15:04:44,410: publisherUpdate[/tf] -> http://chiliPC:37245/ ['http://chiliPC:45601/', 'http://chiliPC:45259/']: sec=0.00, result=[1, '', 0]
[rosmaster.master][INFO] 2019-03-18 15:04:44,410: publisherUpdate[/tf] -> http://chiliPC:44675/ ['http://chiliPC:45601/', 'http://chiliPC:45259/']: sec=0.00, result=[1, '', 0]
[rosmaster.master][INFO] 2019-03-18 15:04:44,410: publisherUpdate[/tf] -> http://chiliPC:35637/ ['http://chiliPC:45601/', 'http://chiliPC:45259/']
[rosmaster.master][INFO] 2019-03-18 15:04:44,411: publisherUpdate[/tf] -> http://chiliPC:42011/ ['http://chiliPC:45601/', 'http://chiliPC:45259/']
[rosmaster.master][INFO] 2019-03-18 15:04:44,411: publisherUpdate[/tf] -> http://chiliPC:40809/ ['http://chiliPC:45601/', 'http://chiliPC:45259/']
[rosmaster.master][INFO] 2019-03-18 15:04:44,412: publisherUpdate[/tf] -> http://chiliPC:35637/ ['http://chiliPC:45601/', 'http://chiliPC:45259/']: sec=0.00, result=[1, '', 0]
[rosmaster.master][INFO] 2019-03-18 15:04:44,413: publisherUpdate[/tf] -> http://chiliPC:42011/ ['http://chiliPC:45601/', 'http://chiliPC:45259/']: sec=0.00, result=[1, '', 0]
[rosmaster.master][INFO] 2019-03-18 15:04:44,413: publisherUpdate[/tf] -> http://chiliPC:35137/ ['http://chiliPC:45601/', 'http://chiliPC:45259/']
[rosmaster.master][INFO] 2019-03-18 15:04:44,414: publisherUpdate[/tf] -> http://chiliPC:40809/ ['http://chiliPC:45601/', 'http://chiliPC:45259/']: sec=0.00, result=[1, '', 0]
[rosmaster.master][INFO] 2019-03-18 15:04:44,415: publisherUpdate[/tf] -> http://chiliPC:35137/ ['http://chiliPC:45601/', 'http://chiliPC:45259/']: sec=0.00, result=[1, '', 0]
[rosmaster.master][INFO] 2019-03-18 15:04:46,012: +PUB [/tf] /cellulo_node_00_06_66_E7_8E_BD http://chiliPC:42865/
[rosmaster.master][INFO] 2019-03-18 15:04:46,017: publisherUpdate[/tf] -> http://chiliPC:36977/ ['http://chiliPC:45601/', 'http://chiliPC:45259/', 'http://chiliPC:42865/']
[rosmaster.master][INFO] 2019-03-18 15:04:46,017: publisherUpdate[/tf] -> http://chiliPC:37245/ ['http://chiliPC:45601/', 'http://chiliPC:45259/', 'http://chiliPC:42865/']
[rosmaster.master][INFO] 2019-03-18 15:04:46,018: publisherUpdate[/tf] -> http://chiliPC:44675/ ['http://chiliPC:45601/', 'http://chiliPC:45259/', 'http://chiliPC:42865/']
[rosmaster.master][INFO] 2019-03-18 15:04:46,019: publisherUpdate[/tf] -> http://chiliPC:36977/ ['http://chiliPC:45601/', 'http://chiliPC:45259/', 'http://chiliPC:42865/']: sec=0.00, result=[1, '', 0]
[rosmaster.master][INFO] 2019-03-18 15:04:46,020: publisherUpdate[/tf] -> http://chiliPC:37245/ ['http://chiliPC:45601/', 'http://chiliPC:45259/', 'http://chiliPC:42865/']: sec=0.00, result=[1, '', 0]
[rosmaster.master][INFO] 2019-03-18 15:04:46,021: publisherUpdate[/tf] -> http://chiliPC:35637/ ['http://chiliPC:45601/', 'http://chiliPC:45259/', 'http://chiliPC:42865/']
[rosmaster.master][INFO] 2019-03-18 15:04:46,021: publisherUpdate[/tf] -> http://chiliPC:44675/ ['http://chiliPC:45601/', 'http://chiliPC:45259/', 'http://chiliPC:42865/']: sec=0.00, result=[1, '', 0]
[rosmaster.master][INFO] 2019-03-18 15:04:46,022: publisherUpdate[/tf] -> http://chiliPC:42011/ ['http://chiliPC:45601/', 'http://chiliPC:45259/', 'http://chiliPC:42865/']
[rosmaster.master][INFO] 2019-03-18 15:04:46,022: publisherUpdate[/tf] -> http://chiliPC:40809/ ['http://chiliPC:45601/', 'http://chiliPC:45259/', 'http://chiliPC:42865/']
[rosmaster.master][INFO] 2019-03-18 15:04:46,023: publisherUpdate[/tf] -> http://chiliPC:35637/ ['http://chiliPC:45601/', 'http://chiliPC:45259/', 'http://chiliPC:42865/']: sec=0.00, result=[1, '', 0]
[rosmaster.master][INFO] 2019-03-18 15:04:46,025: publisherUpdate[/tf] -> http://chiliPC:42011/ ['http://chiliPC:45601/', 'http://chiliPC:45259/', 'http://chiliPC:42865/']: sec=0.00, result=[1, '', 0]
[rosmaster.master][INFO] 2019-03-18 15:04:46,025: publisherUpdate[/tf] -> http://chiliPC:40809/ ['http://chiliPC:45601/', 'http://chiliPC:45259/', 'http://chiliPC:42865/']: sec=0.00, result=[1, '', 0]
[rosmaster.master][INFO] 2019-03-18 15:04:46,026: publisherUpdate[/tf] -> http://chiliPC:35137/ ['http://chiliPC:45601/', 'http://chiliPC:45259/', 'http://chiliPC:42865/']
[rosmaster.master][INFO] 2019-03-18 15:04:46,027: publisherUpdate[/tf] -> http://chiliPC:35137/ ['http://chiliPC:45601/', 'http://chiliPC:45259/', 'http://chiliPC:42865/']: sec=0.00, result=[1, '', 0]
[rosmaster.master][INFO] 2019-03-18 15:05:17,547: -PUB [/rosout] /aggregation_node_00_06_66_E7_8E_BD http://chiliPC:39683/
[rosmaster.master][INFO] 2019-03-18 15:05:17,548: -PUB [/rosout] /aggregation_node_00_06_66_D2_CF_7B http://chiliPC:42763/
[rosmaster.master][INFO] 2019-03-18 15:05:17,550: -PUB [/cellulo_node_00_06_66_E7_8E_BD/setGoalVelocity] /aggregation_node_00_06_66_E7_8E_BD http://chiliPC:39683/
[rosmaster.master][INFO] 2019-03-18 15:05:17,551: -PUB [/cellulo_node_00_06_66_D2_CF_7B/setGoalVelocity] /aggregation_node_00_06_66_D2_CF_7B http://chiliPC:42763/
[rosmaster.master][INFO] 2019-03-18 15:05:17,553: -SUB [/setThetaDis] /aggregation_node_00_06_66_E7_8E_BD http://chiliPC:39683/
[rosmaster.master][INFO] 2019-03-18 15:05:17,555: -SUB [/setThetaDis] /aggregation_node_00_06_66_D2_CF_7B http://chiliPC:42763/
[rosmaster.master][INFO] 2019-03-18 15:05:17,556: -SUB [/sensor_node_00_06_66_E7_8E_BD/detectedRobots] /aggregation_node_00_06_66_E7_8E_BD http://chiliPC:39683/
[rosmaster.master][INFO] 2019-03-18 15:05:17,557: -SUB [/sensor_node_00_06_66_D2_CF_7B/detectedRobots] /aggregation_node_00_06_66_D2_CF_7B http://chiliPC:42763/
[rosmaster.master][INFO] 2019-03-18 15:05:17,558: -SUB [/sensor_node_00_06_66_E7_8E_BD/detectedObstacles] /aggregation_node_00_06_66_E7_8E_BD http://chiliPC:39683/
[rosmaster.master][INFO] 2019-03-18 15:05:17,559: -SUB [/sensor_node_00_06_66_D2_CF_7B/detectedObstacles] /aggregation_node_00_06_66_D2_CF_7B http://chiliPC:42763/
[rosmaster.master][INFO] 2019-03-18 15:05:17,560: -SUB [/cellulo_node_00_06_66_E7_8E_BD/velocity] /aggregation_node_00_06_66_E7_8E_BD http://chiliPC:39683/
[rosmaster.master][INFO] 2019-03-18 15:05:17,561: -SUB [/cellulo_node_00_06_66_D2_CF_7B/velocity] /aggregation_node_00_06_66_D2_CF_7B http://chiliPC:42763/
[rosmaster.master][INFO] 2019-03-18 15:05:17,562: -SERVICE [/aggregation_node_00_06_66_E7_8E_BD/get_loggers] /aggregation_node_00_06_66_E7_8E_BD rosrpc://chiliPC:41161
[rosmaster.master][INFO] 2019-03-18 15:05:17,563: -SERVICE [/aggregation_node_00_06_66_D2_CF_7B/get_loggers] /aggregation_node_00_06_66_D2_CF_7B rosrpc://chiliPC:48195
[rosmaster.master][INFO] 2019-03-18 15:05:17,564: -SERVICE [/aggregation_node_00_06_66_E7_8E_BD/set_logger_level] /aggregation_node_00_06_66_E7_8E_BD rosrpc://chiliPC:41161
[rosmaster.master][INFO] 2019-03-18 15:05:17,565: -SERVICE [/aggregation_node_00_06_66_D2_CF_7B/set_logger_level] /aggregation_node_00_06_66_D2_CF_7B rosrpc://chiliPC:48195
[rosmaster.master][INFO] 2019-03-18 15:05:17,571: -PUB [/rosout] /tf_echo_00_06_66_E7_8A_D6 http://chiliPC:37245/
[rosmaster.master][INFO] 2019-03-18 15:05:17,572: -PUB [/rosout] /tf_echo_00_06_66_E7_8E_BD http://chiliPC:44675/
[rosmaster.master][INFO] 2019-03-18 15:05:17,573: -SUB [/tf] /tf_echo_00_06_66_E7_8A_D6 http://chiliPC:37245/
[rosmaster.master][INFO] 2019-03-18 15:05:17,574: -PUB [/rosout] /tf_echo_00_06_66_D2_CF_7B http://chiliPC:35637/
[rosmaster.master][INFO] 2019-03-18 15:05:17,575: -SUB [/tf] /tf_echo_00_06_66_E7_8E_BD http://chiliPC:44675/
[rosmaster.master][INFO] 2019-03-18 15:05:17,576: -SUB [/tf_static] /tf_echo_00_06_66_E7_8A_D6 http://chiliPC:37245/
[rosmaster.master][INFO] 2019-03-18 15:05:17,576: -SUB [/tf] /tf_echo_00_06_66_D2_CF_7B http://chiliPC:35637/
[rosmaster.master][INFO] 2019-03-18 15:05:17,577: -PUB [/rosout] /sensor_node_00_06_66_E7_8E_BD http://chiliPC:42011/
[rosmaster.master][INFO] 2019-03-18 15:05:17,578: -SUB [/tf_static] /tf_echo_00_06_66_E7_8E_BD http://chiliPC:44675/
[rosmaster.master][INFO] 2019-03-18 15:05:17,578: -SERVICE [/tf_echo_00_06_66_E7_8A_D6/get_loggers] /tf_echo_00_06_66_E7_8A_D6 rosrpc://chiliPC:53695
[rosmaster.master][INFO] 2019-03-18 15:05:17,579: -PUB [/rosout] /rviz_chiliPC_7524_7133027855993685660 http://chiliPC:35137/
[rosmaster.master][INFO] 2019-03-18 15:05:17,580: -SUB [/tf_static] /tf_echo_00_06_66_D2_CF_7B http://chiliPC:35637/
[rosmaster.master][INFO] 2019-03-18 15:05:17,581: -PUB [/sensor_node_00_06_66_E7_8E_BD/detectedRobots] /sensor_node_00_06_66_E7_8E_BD http://chiliPC:42011/
[rosmaster.master][INFO] 2019-03-18 15:05:17,581: -SERVICE [/tf_echo_00_06_66_E7_8E_BD/get_loggers] /tf_echo_00_06_66_E7_8E_BD rosrpc://chiliPC:40279
[rosmaster.master][INFO] 2019-03-18 15:05:17,582: -SERVICE [/tf_echo_00_06_66_E7_8A_D6/set_logger_level] /tf_echo_00_06_66_E7_8A_D6 rosrpc://chiliPC:53695
[rosmaster.master][INFO] 2019-03-18 15:05:17,583: -PUB [/initialpose] /rviz_chiliPC_7524_7133027855993685660 http://chiliPC:35137/
[rosmaster.master][INFO] 2019-03-18 15:05:17,584: -SERVICE [/tf_echo_00_06_66_D2_CF_7B/get_loggers] /tf_echo_00_06_66_D2_CF_7B rosrpc://chiliPC:46579
[rosmaster.master][INFO] 2019-03-18 15:05:17,585: -SERVICE [/tf_echo_00_06_66_E7_8E_BD/set_logger_level] /tf_echo_00_06_66_E7_8E_BD rosrpc://chiliPC:40279
[rosmaster.master][INFO] 2019-03-18 15:05:17,585: publisherUpdate[/rosout] -> http://chiliPC:34713/ ['http://chiliPC:45259/', 'http://chiliPC:42865/', 'http://chiliPC:45601/', 'http://chiliPC:36977/', 'http://chiliPC:42011/', 'http://chiliPC:40809/', 'http://chiliPC:43331/', 'http://chiliPC:42763/', 'http://chiliPC:37245/', 'http://chiliPC:44675/', 'http://chiliPC:35637/', 'http://chiliPC:38719/', 'http://chiliPC:35137/']
[rosmaster.master][INFO] 2019-03-18 15:05:17,585: publisherUpdate[/cellulo_node_00_06_66_E7_8E_BD/setGoalVelocity] -> http://chiliPC:42865/ []
[rosmaster.master][INFO] 2019-03-18 15:05:17,585: publisherUpdate[/cellulo_node_00_06_66_D2_CF_7B/setGoalVelocity] -> http://chiliPC:45601/ []
[rosmaster.master][INFO] 2019-03-18 15:05:17,586: -PUB [/sensor_node_00_06_66_E7_8E_BD/detectedObstacles] /sensor_node_00_06_66_E7_8E_BD http://chiliPC:42011/
[rosmaster.master][INFO] 2019-03-18 15:05:17,587: publisherUpdate[/rosout] -> http://chiliPC:34713/ ['http://chiliPC:45259/', 'http://chiliPC:42865/', 'http://chiliPC:45601/', 'http://chiliPC:36977/', 'http://chiliPC:42011/', 'http://chiliPC:40809/', 'http://chiliPC:43331/', 'http://chiliPC:42763/', 'http://chiliPC:37245/', 'http://chiliPC:44675/', 'http://chiliPC:35637/', 'http://chiliPC:38719/', 'http://chiliPC:35137/']: sec=0.00, result=[1, '', 0]
[rosmaster.master][INFO] 2019-03-18 15:05:17,588: publisherUpdate[/cellulo_node_00_06_66_E7_8E_BD/setGoalVelocity] -> http://chiliPC:42865/ []: sec=0.00, result=[1, '', 0]
[rosmaster.master][INFO] 2019-03-18 15:05:17,589: publisherUpdate[/cellulo_node_00_06_66_D2_CF_7B/setGoalVelocity] -> http://chiliPC:45601/ []: sec=0.00, result=[1, '', 0]
[rosmaster.master][INFO] 2019-03-18 15:05:17,588: -PUB [/move_base_simple/goal] /rviz_chiliPC_7524_7133027855993685660 http://chiliPC:35137/
[rosmaster.master][INFO] 2019-03-18 15:05:17,589: publisherUpdate[/rosout] -> http://chiliPC:34713/ ['http://chiliPC:45259/', 'http://chiliPC:42865/', 'http://chiliPC:45601/', 'http://chiliPC:36977/', 'http://chiliPC:42011/', 'http://chiliPC:40809/', 'http://chiliPC:43331/', 'http://chiliPC:37245/', 'http://chiliPC:44675/', 'http://chiliPC:35637/', 'http://chiliPC:38719/', 'http://chiliPC:35137/']
[rosmaster.master][INFO] 2019-03-18 15:05:17,589: -SERVICE [/tf_echo_00_06_66_D2_CF_7B/set_logger_level] /tf_echo_00_06_66_D2_CF_7B rosrpc://chiliPC:46579
[rosmaster.master][INFO] 2019-03-18 15:05:17,590: -SUB [/setThreshold] /sensor_node_00_06_66_E7_8E_BD http://chiliPC:42011/
[rosmaster.master][INFO] 2019-03-18 15:05:17,591: publisherUpdate[/rosout] -> http://chiliPC:34713/ ['http://chiliPC:45259/', 'http://chiliPC:42865/', 'http://chiliPC:45601/', 'http://chiliPC:36977/', 'http://chiliPC:42011/', 'http://chiliPC:40809/', 'http://chiliPC:43331/', 'http://chiliPC:37245/', 'http://chiliPC:44675/', 'http://chiliPC:35637/', 'http://chiliPC:38719/', 'http://chiliPC:35137/']: sec=0.00, result=[1, '', 0]
[rosmaster.master][INFO] 2019-03-18 15:05:17,591: -PUB [/clicked_point] /rviz_chiliPC_7524_7133027855993685660 http://chiliPC:35137/
[rosmaster.master][INFO] 2019-03-18 15:05:17,591: publisherUpdate[/rosout] -> http://chiliPC:34713/ ['http://chiliPC:45259/', 'http://chiliPC:42865/', 'http://chiliPC:45601/', 'http://chiliPC:36977/', 'http://chiliPC:42011/', 'http://chiliPC:40809/', 'http://chiliPC:43331/', 'http://chiliPC:44675/', 'http://chiliPC:35637/', 'http://chiliPC:38719/', 'http://chiliPC:35137/']
[rosmaster.master][INFO] 2019-03-18 15:05:17,592: -SUB [/tf] /sensor_node_00_06_66_E7_8E_BD http://chiliPC:42011/
[rosmaster.master][INFO] 2019-03-18 15:05:17,593: -SUB [/tf] /rviz_chiliPC_7524_7133027855993685660 http://chiliPC:35137/
[rosmaster.master][INFO] 2019-03-18 15:05:17,593: publisherUpdate[/rosout] -> http://chiliPC:34713/ ['http://chiliPC:45259/', 'http://chiliPC:42865/', 'http://chiliPC:45601/', 'http://chiliPC:36977/', 'http://chiliPC:42011/', 'http://chiliPC:40809/', 'http://chiliPC:43331/', 'http://chiliPC:44675/', 'http://chiliPC:35637/', 'http://chiliPC:38719/', 'http://chiliPC:35137/']: sec=0.00, result=[1, '', 0]
[rosmaster.master][INFO] 2019-03-18 15:05:17,594: -SUB [/tf_static] /sensor_node_00_06_66_E7_8E_BD http://chiliPC:42011/
[rosmaster.master][INFO] 2019-03-18 15:05:17,594: publisherUpdate[/rosout] -> http://chiliPC:34713/ ['http://chiliPC:45259/', 'http://chiliPC:42865/', 'http://chiliPC:45601/', 'http://chiliPC:36977/', 'http://chiliPC:42011/', 'http://chiliPC:40809/', 'http://chiliPC:43331/', 'http://chiliPC:35637/', 'http://chiliPC:38719/', 'http://chiliPC:35137/']
[rosmaster.master][INFO] 2019-03-18 15:05:17,595: -SUB [/tf_static] /rviz_chiliPC_7524_7133027855993685660 http://chiliPC:35137/
[rosmaster.master][INFO] 2019-03-18 15:05:17,596: publisherUpdate[/rosout] -> http://chiliPC:34713/ ['http://chiliPC:45259/', 'http://chiliPC:42865/', 'http://chiliPC:45601/', 'http://chiliPC:36977/', 'http://chiliPC:42011/', 'http://chiliPC:40809/', 'http://chiliPC:43331/', 'http://chiliPC:35637/', 'http://chiliPC:38719/', 'http://chiliPC:35137/']: sec=0.00, result=[1, '', 0]
[rosmaster.master][INFO] 2019-03-18 15:05:17,596: publisherUpdate[/rosout] -> http://chiliPC:34713/ ['http://chiliPC:45259/', 'http://chiliPC:42865/', 'http://chiliPC:45601/', 'http://chiliPC:36977/', 'http://chiliPC:42011/', 'http://chiliPC:40809/', 'http://chiliPC:43331/', 'http://chiliPC:38719/', 'http://chiliPC:35137/']
[rosmaster.master][INFO] 2019-03-18 15:05:17,597: -SERVICE [/sensor_node_00_06_66_E7_8E_BD/get_loggers] /sensor_node_00_06_66_E7_8E_BD rosrpc://chiliPC:57557
[rosmaster.master][INFO] 2019-03-18 15:05:17,597: publisherUpdate[/rosout] -> http://chiliPC:34713/ ['http://chiliPC:45259/', 'http://chiliPC:42865/', 'http://chiliPC:45601/', 'http://chiliPC:36977/', 'http://chiliPC:42011/', 'http://chiliPC:40809/', 'http://chiliPC:43331/', 'http://chiliPC:38719/', 'http://chiliPC:35137/']: sec=0.00, result=[1, '', 0]
[rosmaster.master][INFO] 2019-03-18 15:05:17,598: publisherUpdate[/rosout] -> http://chiliPC:34713/ ['http://chiliPC:45259/', 'http://chiliPC:42865/', 'http://chiliPC:45601/', 'http://chiliPC:36977/', 'http://chiliPC:40809/', 'http://chiliPC:43331/', 'http://chiliPC:38719/', 'http://chiliPC:35137/']
[rosmaster.master][INFO] 2019-03-18 15:05:17,598: -SUB [/cellulo_node_3E_82/visualization_marker_robot] /rviz_chiliPC_7524_7133027855993685660 http://chiliPC:35137/
[rosmaster.master][INFO] 2019-03-18 15:05:17,599: publisherUpdate[/rosout] -> http://chiliPC:34713/ ['http://chiliPC:45259/', 'http://chiliPC:42865/', 'http://chiliPC:45601/', 'http://chiliPC:36977/', 'http://chiliPC:40809/', 'http://chiliPC:43331/', 'http://chiliPC:38719/', 'http://chiliPC:35137/']: sec=0.00, result=[1, '', 0]
[rosmaster.master][INFO] 2019-03-18 15:05:17,599: -SERVICE [/sensor_node_00_06_66_E7_8E_BD/set_logger_level] /sensor_node_00_06_66_E7_8E_BD rosrpc://chiliPC:57557
[rosmaster.master][INFO] 2019-03-18 15:05:17,599: publisherUpdate[/rosout] -> http://chiliPC:34713/ ['http://chiliPC:45259/', 'http://chiliPC:42865/', 'http://chiliPC:45601/', 'http://chiliPC:36977/', 'http://chiliPC:40809/', 'http://chiliPC:43331/', 'http://chiliPC:38719/']
[rosmaster.master][INFO] 2019-03-18 15:05:17,601: -SUB [/cellulo_node_3E_82/visualization_marker_robot_array] /rviz_chiliPC_7524_7133027855993685660 http://chiliPC:35137/
[rosmaster.master][INFO] 2019-03-18 15:05:17,601: publisherUpdate[/rosout] -> http://chiliPC:34713/ ['http://chiliPC:45259/', 'http://chiliPC:42865/', 'http://chiliPC:45601/', 'http://chiliPC:36977/', 'http://chiliPC:40809/', 'http://chiliPC:43331/', 'http://chiliPC:38719/']: sec=0.00, result=[1, '', 0]
[rosmaster.master][INFO] 2019-03-18 15:05:17,602: -SUB [/cellulo_node_3E_7E/visualization_marker_robot] /rviz_chiliPC_7524_7133027855993685660 http://chiliPC:35137/
[rosmaster.master][INFO] 2019-03-18 15:05:17,603: -SUB [/cellulo_node_3E_7E/visualization_marker_robot_array] /rviz_chiliPC_7524_7133027855993685660 http://chiliPC:35137/
[rosmaster.master][INFO] 2019-03-18 15:05:17,604: -SERVICE [/rviz_chiliPC_7524_7133027855993685660/get_loggers] /rviz_chiliPC_7524_7133027855993685660 rosrpc://chiliPC:41261
[rosmaster.master][INFO] 2019-03-18 15:05:17,604: -SERVICE [/rviz_chiliPC_7524_7133027855993685660/set_logger_level] /rviz_chiliPC_7524_7133027855993685660 rosrpc://chiliPC:41261
[rosmaster.master][INFO] 2019-03-18 15:05:17,605: -SERVICE [/rviz_chiliPC_7524_7133027855993685660/reload_shaders] /rviz_chiliPC_7524_7133027855993685660 rosrpc://chiliPC:41261
[rosmaster.master][INFO] 2019-03-18 15:05:17,647: -PUB [/rosout] /paper_world_broadcaster http://chiliPC:38719/
[rosmaster.master][INFO] 2019-03-18 15:05:17,648: -PUB [/rosout] /aggregation_node_00_06_66_E7_8A_D6 http://chiliPC:43331/
[rosmaster.master][INFO] 2019-03-18 15:05:17,649: -PUB [/tf_static] /paper_world_broadcaster http://chiliPC:38719/
[rosmaster.master][INFO] 2019-03-18 15:05:17,649: -PUB [/cellulo_node_00_06_66_E7_8A_D6/setGoalVelocity] /aggregation_node_00_06_66_E7_8A_D6 http://chiliPC:43331/
[rosmaster.master][INFO] 2019-03-18 15:05:17,650: -SERVICE [/paper_world_broadcaster/get_loggers] /paper_world_broadcaster rosrpc://chiliPC:51755
[rosmaster.master][INFO] 2019-03-18 15:05:17,651: -SUB [/setThetaDis] /aggregation_node_00_06_66_E7_8A_D6 http://chiliPC:43331/
[rosmaster.master][INFO] 2019-03-18 15:05:17,651: -SERVICE [/paper_world_broadcaster/set_logger_level] /paper_world_broadcaster rosrpc://chiliPC:51755
[rosmaster.master][INFO] 2019-03-18 15:05:17,652: -SUB [/sensor_node_00_06_66_E7_8A_D6/detectedRobots] /aggregation_node_00_06_66_E7_8A_D6 http://chiliPC:43331/
[rosmaster.master][INFO] 2019-03-18 15:05:17,653: -SUB [/sensor_node_00_06_66_E7_8A_D6/detectedObstacles] /aggregation_node_00_06_66_E7_8A_D6 http://chiliPC:43331/
[rosmaster.master][INFO] 2019-03-18 15:05:17,654: -SUB [/cellulo_node_00_06_66_E7_8A_D6/velocity] /aggregation_node_00_06_66_E7_8A_D6 http://chiliPC:43331/
[rosmaster.master][INFO] 2019-03-18 15:05:17,654: -SERVICE [/aggregation_node_00_06_66_E7_8A_D6/get_loggers] /aggregation_node_00_06_66_E7_8A_D6 rosrpc://chiliPC:44217
[rosmaster.master][INFO] 2019-03-18 15:05:17,655: -SERVICE [/aggregation_node_00_06_66_E7_8A_D6/set_logger_level] /aggregation_node_00_06_66_E7_8A_D6 rosrpc://chiliPC:44217
[rosmaster.master][INFO] 2019-03-18 15:05:17,676: -PUB [/rosout] /sensor_node_00_06_66_D2_CF_7B http://chiliPC:40809/
[rosmaster.master][INFO] 2019-03-18 15:05:17,677: -PUB [/sensor_node_00_06_66_D2_CF_7B/detectedRobots] /sensor_node_00_06_66_D2_CF_7B http://chiliPC:40809/
[rosmaster.master][INFO] 2019-03-18 15:05:17,678: -PUB [/sensor_node_00_06_66_D2_CF_7B/detectedObstacles] /sensor_node_00_06_66_D2_CF_7B http://chiliPC:40809/
[rosmaster.master][INFO] 2019-03-18 15:05:17,680: -SUB [/setThreshold] /sensor_node_00_06_66_D2_CF_7B http://chiliPC:40809/
[rosmaster.master][INFO] 2019-03-18 15:05:17,681: -SUB [/tf] /sensor_node_00_06_66_D2_CF_7B http://chiliPC:40809/
[rosmaster.master][INFO] 2019-03-18 15:05:17,682: -SUB [/tf_static] /sensor_node_00_06_66_D2_CF_7B http://chiliPC:40809/
[rosmaster.master][INFO] 2019-03-18 15:05:17,683: -SERVICE [/sensor_node_00_06_66_D2_CF_7B/get_loggers] /sensor_node_00_06_66_D2_CF_7B rosrpc://chiliPC:37659
[rosmaster.master][INFO] 2019-03-18 15:05:17,685: -SERVICE [/sensor_node_00_06_66_D2_CF_7B/set_logger_level] /sensor_node_00_06_66_D2_CF_7B rosrpc://chiliPC:37659
[rosmaster.master][INFO] 2019-03-18 15:05:17,689: publisherUpdate[/rosout] -> http://chiliPC:34713/ ['http://chiliPC:45259/', 'http://chiliPC:42865/', 'http://chiliPC:45601/', 'http://chiliPC:36977/', 'http://chiliPC:40809/', 'http://chiliPC:43331/']
[rosmaster.master][INFO] 2019-03-18 15:05:17,690: publisherUpdate[/tf_static] -> http://chiliPC:36977/ []
[rosmaster.master][INFO] 2019-03-18 15:05:17,691: publisherUpdate[/tf_static] -> http://chiliPC:36977/ []: sec=0.00, result=[1, '', 0]
[rosmaster.master][INFO] 2019-03-18 15:05:17,692: publisherUpdate[/rosout] -> http://chiliPC:34713/ ['http://chiliPC:45259/', 'http://chiliPC:42865/', 'http://chiliPC:45601/', 'http://chiliPC:36977/', 'http://chiliPC:40809/', 'http://chiliPC:43331/']: sec=0.00, result=[1, '', 0]
[rosmaster.master][INFO] 2019-03-18 15:05:17,692: publisherUpdate[/tf_static] -> http://chiliPC:40809/ []
[rosmaster.master][INFO] 2019-03-18 15:05:17,693: publisherUpdate[/rosout] -> http://chiliPC:34713/ ['http://chiliPC:45259/', 'http://chiliPC:42865/', 'http://chiliPC:45601/', 'http://chiliPC:36977/', 'http://chiliPC:40809/']
[rosmaster.master][INFO] 2019-03-18 15:05:17,694: publisherUpdate[/tf_static] -> http://chiliPC:40809/ []: sec=0.00, exception=<Fault -1: 'publisherUpdate: unknown method name'>
[rosmaster.master][INFO] 2019-03-18 15:05:17,695: publisherUpdate[/rosout] -> http://chiliPC:34713/ ['http://chiliPC:45259/', 'http://chiliPC:42865/', 'http://chiliPC:45601/', 'http://chiliPC:36977/', 'http://chiliPC:40809/']: sec=0.00, result=[1, '', 0]
[rosmaster.master][INFO] 2019-03-18 15:05:17,695: publisherUpdate[/cellulo_node_00_06_66_E7_8A_D6/setGoalVelocity] -> http://chiliPC:45259/ []
[rosmaster.master][INFO] 2019-03-18 15:05:17,696: publisherUpdate[/cellulo_node_00_06_66_E7_8A_D6/setGoalVelocity] -> http://chiliPC:45259/ []: sec=0.00, result=[1, '', 0]
[rosmaster.master][INFO] 2019-03-18 15:05:17,697: publisherUpdate[/rosout] -> http://chiliPC:34713/ ['http://chiliPC:45259/', 'http://chiliPC:42865/', 'http://chiliPC:45601/', 'http://chiliPC:36977/']
[rosmaster.master][INFO] 2019-03-18 15:05:17,698: publisherUpdate[/rosout] -> http://chiliPC:34713/ ['http://chiliPC:45259/', 'http://chiliPC:42865/', 'http://chiliPC:45601/', 'http://chiliPC:36977/']: sec=0.00, result=[1, '', 0]
[rosmaster.threadpool][ERROR] 2019-03-18 15:05:17,698: Traceback (most recent call last):
  File "/opt/ros/kinetic/lib/python2.7/dist-packages/rosmaster/threadpool.py", line 218, in run
    result = cmd(*args)
  File "/opt/ros/kinetic/lib/python2.7/dist-packages/rosmaster/master_api.py", line 210, in publisher_update_task
    ret = xmlrpcapi(api).publisherUpdate('/master', topic, pub_uris)
  File "/usr/lib/python2.7/xmlrpclib.py", line 1243, in __call__
    return self.__send(self.__name, args)
  File "/usr/lib/python2.7/xmlrpclib.py", line 1602, in __request
    verbose=self.__verbose
  File "/usr/lib/python2.7/xmlrpclib.py", line 1283, in request
    return self.single_request(host, handler, request_body, verbose)
  File "/usr/lib/python2.7/xmlrpclib.py", line 1316, in single_request
    return self.parse_response(response)
  File "/usr/lib/python2.7/xmlrpclib.py", line 1493, in parse_response
    return u.close()
  File "/usr/lib/python2.7/xmlrpclib.py", line 800, in close
    raise Fault(**self._stack[0])
Fault: <Fault -1: 'publisherUpdate: unknown method name'>

[rosmaster.master][INFO] 2019-03-18 15:05:17,790: -PUB [/rosout] /cellulo_node_00_06_66_E7_8E_BD http://chiliPC:42865/
[rosmaster.master][INFO] 2019-03-18 15:05:17,792: -PUB [/rosout] /cellulo_node_00_06_66_D2_CF_7B http://chiliPC:45601/
[rosmaster.master][INFO] 2019-03-18 15:05:17,793: -PUB [/rosout] /sensor_node_00_06_66_E7_8A_D6 http://chiliPC:36977/
[rosmaster.master][INFO] 2019-03-18 15:05:17,795: -PUB [/cellulo_node_00_06_66_E7_8E_BD/touchKey] /cellulo_node_00_06_66_E7_8E_BD http://chiliPC:42865/
[rosmaster.master][INFO] 2019-03-18 15:05:17,796: -PUB [/cellulo_node_00_06_66_D2_CF_7B/touchKey] /cellulo_node_00_06_66_D2_CF_7B http://chiliPC:45601/
[rosmaster.master][INFO] 2019-03-18 15:05:17,798: -PUB [/sensor_node_00_06_66_E7_8A_D6/detectedRobots] /sensor_node_00_06_66_E7_8A_D6 http://chiliPC:36977/
[rosmaster.master][INFO] 2019-03-18 15:05:17,799: publisherUpdate[/rosout] -> http://chiliPC:34713/ ['http://chiliPC:45259/', 'http://chiliPC:45601/', 'http://chiliPC:36977/']
[rosmaster.master][INFO] 2019-03-18 15:05:17,800: -PUB [/cellulo_node_00_06_66_E7_8E_BD/longTouchKey] /cellulo_node_00_06_66_E7_8E_BD http://chiliPC:42865/
[rosmaster.master][INFO] 2019-03-18 15:05:17,801: publisherUpdate[/rosout] -> http://chiliPC:34713/ ['http://chiliPC:45259/', 'http://chiliPC:45601/', 'http://chiliPC:36977/']: sec=0.00, result=[1, '', 0]
[rosmaster.master][INFO] 2019-03-18 15:05:17,802: -PUB [/cellulo_node_00_06_66_D2_CF_7B/longTouchKey] /cellulo_node_00_06_66_D2_CF_7B http://chiliPC:45601/
[rosmaster.master][INFO] 2019-03-18 15:05:17,802: publisherUpdate[/rosout] -> http://chiliPC:34713/ ['http://chiliPC:45259/', 'http://chiliPC:36977/']
[rosmaster.master][INFO] 2019-03-18 15:05:17,803: -PUB [/sensor_node_00_06_66_E7_8A_D6/detectedObstacles] /sensor_node_00_06_66_E7_8A_D6 http://chiliPC:36977/
[rosmaster.master][INFO] 2019-03-18 15:05:17,805: publisherUpdate[/rosout] -> http://chiliPC:34713/ ['http://chiliPC:45259/', 'http://chiliPC:36977/']: sec=0.00, result=[1, '', 0]
[rosmaster.master][INFO] 2019-03-18 15:05:17,806: -PUB [/cellulo_node_00_06_66_E7_8E_BD/kidnapped] /cellulo_node_00_06_66_E7_8E_BD http://chiliPC:42865/
[rosmaster.master][INFO] 2019-03-18 15:05:17,806: publisherUpdate[/rosout] -> http://chiliPC:34713/ ['http://chiliPC:45259/']
[rosmaster.master][INFO] 2019-03-18 15:05:17,807: -PUB [/cellulo_node_00_06_66_D2_CF_7B/kidnapped] /cellulo_node_00_06_66_D2_CF_7B http://chiliPC:45601/
[rosmaster.master][INFO] 2019-03-18 15:05:17,808: publisherUpdate[/rosout] -> http://chiliPC:34713/ ['http://chiliPC:45259/']: sec=0.00, result=[1, '', 0]
[rosmaster.master][INFO] 2019-03-18 15:05:17,809: -SUB [/setThreshold] /sensor_node_00_06_66_E7_8A_D6 http://chiliPC:36977/
[rosmaster.master][INFO] 2019-03-18 15:05:17,811: -PUB [/cellulo_node_00_06_66_E7_8E_BD/velocity] /cellulo_node_00_06_66_E7_8E_BD http://chiliPC:42865/
[rosmaster.master][INFO] 2019-03-18 15:05:17,812: -PUB [/cellulo_node_00_06_66_D2_CF_7B/velocity] /cellulo_node_00_06_66_D2_CF_7B http://chiliPC:45601/
[rosmaster.master][INFO] 2019-03-18 15:05:17,813: -SUB [/tf] /sensor_node_00_06_66_E7_8A_D6 http://chiliPC:36977/
[rosmaster.master][INFO] 2019-03-18 15:05:17,814: -PUB [/cellulo_node_00_06_66_E7_8E_BD/connectionStatus] /cellulo_node_00_06_66_E7_8E_BD http://chiliPC:42865/
[rosmaster.master][INFO] 2019-03-18 15:05:17,816: -PUB [/cellulo_node_00_06_66_D2_CF_7B/connectionStatus] /cellulo_node_00_06_66_D2_CF_7B http://chiliPC:45601/
[rosmaster.master][INFO] 2019-03-18 15:05:17,817: -SUB [/tf_static] /sensor_node_00_06_66_E7_8A_D6 http://chiliPC:36977/
[rosmaster.master][INFO] 2019-03-18 15:05:17,818: -PUB [/cellulo_node_00_06_66_E7_8E_BD/localAdapterAdress] /cellulo_node_00_06_66_E7_8E_BD http://chiliPC:42865/
[rosmaster.master][INFO] 2019-03-18 15:05:17,819: -PUB [/cellulo_node_00_06_66_D2_CF_7B/localAdapterAdress] /cellulo_node_00_06_66_D2_CF_7B http://chiliPC:45601/
[rosmaster.master][INFO] 2019-03-18 15:05:17,820: -SERVICE [/sensor_node_00_06_66_E7_8A_D6/get_loggers] /sensor_node_00_06_66_E7_8A_D6 rosrpc://chiliPC:60851
[rosmaster.master][INFO] 2019-03-18 15:05:17,821: -PUB [/cellulo_node_00_06_66_E7_8E_BD/autoConnect] /cellulo_node_00_06_66_E7_8E_BD http://chiliPC:42865/
[rosmaster.master][INFO] 2019-03-18 15:05:17,822: -PUB [/cellulo_node_00_06_66_D2_CF_7B/autoConnect] /cellulo_node_00_06_66_D2_CF_7B http://chiliPC:45601/
[rosmaster.master][INFO] 2019-03-18 15:05:17,823: -SERVICE [/sensor_node_00_06_66_E7_8A_D6/set_logger_level] /sensor_node_00_06_66_E7_8A_D6 rosrpc://chiliPC:60851
[rosmaster.master][INFO] 2019-03-18 15:05:17,828: -PUB [/cellulo_node_00_06_66_E7_8E_BD/batteryState] /cellulo_node_00_06_66_E7_8E_BD http://chiliPC:42865/
[rosmaster.master][INFO] 2019-03-18 15:05:17,829: -PUB [/cellulo_node_00_06_66_D2_CF_7B/batteryState] /cellulo_node_00_06_66_D2_CF_7B http://chiliPC:45601/
[rosmaster.master][INFO] 2019-03-18 15:05:17,830: -PUB [/cellulo_node_00_06_66_E7_8E_BD/gesture] /cellulo_node_00_06_66_E7_8E_BD http://chiliPC:42865/
[rosmaster.master][INFO] 2019-03-18 15:05:17,831: -PUB [/cellulo_node_00_06_66_D2_CF_7B/gesture] /cellulo_node_00_06_66_D2_CF_7B http://chiliPC:45601/
[rosmaster.master][INFO] 2019-03-18 15:05:17,832: -PUB [/cellulo_node_00_06_66_E7_8E_BD/lastTimestamp] /cellulo_node_00_06_66_E7_8E_BD http://chiliPC:42865/
[rosmaster.master][INFO] 2019-03-18 15:05:17,833: -PUB [/cellulo_node_00_06_66_D2_CF_7B/lastTimestamp] /cellulo_node_00_06_66_D2_CF_7B http://chiliPC:45601/
[rosmaster.master][INFO] 2019-03-18 15:05:17,834: -PUB [/cellulo_node_00_06_66_E7_8E_BD/framerate] /cellulo_node_00_06_66_E7_8E_BD http://chiliPC:42865/
[rosmaster.master][INFO] 2019-03-18 15:05:17,836: -PUB [/cellulo_node_00_06_66_D2_CF_7B/framerate] /cellulo_node_00_06_66_D2_CF_7B http://chiliPC:45601/
[rosmaster.master][INFO] 2019-03-18 15:05:17,836: -PUB [/cellulo_node_00_06_66_E7_8E_BD/cameraImageProgress] /cellulo_node_00_06_66_E7_8E_BD http://chiliPC:42865/
[rosmaster.master][INFO] 2019-03-18 15:05:17,837: -PUB [/cellulo_node_00_06_66_D2_CF_7B/cameraImageProgress] /cellulo_node_00_06_66_D2_CF_7B http://chiliPC:45601/
[rosmaster.master][INFO] 2019-03-18 15:05:17,838: -PUB [/cellulo_node_00_06_66_E7_8E_BD/poseVelControlEnable] /cellulo_node_00_06_66_E7_8E_BD http://chiliPC:42865/
[rosmaster.master][INFO] 2019-03-18 15:05:17,839: -PUB [/cellulo_node_00_06_66_D2_CF_7B/poseVelControlEnable] /cellulo_node_00_06_66_D2_CF_7B http://chiliPC:45601/
[rosmaster.master][INFO] 2019-03-18 15:05:17,840: -PUB [/cellulo_node_00_06_66_E7_8E_BD/poseVelControlPeriod] /cellulo_node_00_06_66_E7_8E_BD http://chiliPC:42865/
[rosmaster.master][INFO] 2019-03-18 15:05:17,841: -PUB [/cellulo_node_00_06_66_D2_CF_7B/poseVelControlPeriod] /cellulo_node_00_06_66_D2_CF_7B http://chiliPC:45601/
[rosmaster.master][INFO] 2019-03-18 15:05:17,841: -PUB [/cellulo_node_00_06_66_E7_8E_BD/visualization_marker_robot] /cellulo_node_00_06_66_E7_8E_BD http://chiliPC:42865/
[rosmaster.master][INFO] 2019-03-18 15:05:17,842: -PUB [/cellulo_node_00_06_66_D2_CF_7B/visualization_marker_robot] /cellulo_node_00_06_66_D2_CF_7B http://chiliPC:45601/
[rosmaster.master][INFO] 2019-03-18 15:05:17,843: -PUB [/cellulo_node_00_06_66_E7_8E_BD/visualization_marker_traj] /cellulo_node_00_06_66_E7_8E_BD http://chiliPC:42865/
[rosmaster.master][INFO] 2019-03-18 15:05:17,844: -PUB [/cellulo_node_00_06_66_D2_CF_7B/visualization_marker_traj] /cellulo_node_00_06_66_D2_CF_7B http://chiliPC:45601/
[rosmaster.master][INFO] 2019-03-18 15:05:17,845: -PUB [/tf] /cellulo_node_00_06_66_E7_8E_BD http://chiliPC:42865/
[rosmaster.master][INFO] 2019-03-18 15:05:17,846: -PUB [/tf] /cellulo_node_00_06_66_D2_CF_7B http://chiliPC:45601/
[rosmaster.master][INFO] 2019-03-18 15:05:17,846: -SUB [/cellulo_node_00_06_66_E7_8E_BD/setVisualEffect] /cellulo_node_00_06_66_E7_8E_BD http://chiliPC:42865/
[rosmaster.master][INFO] 2019-03-18 15:05:17,847: -SUB [/cellulo_node_00_06_66_D2_CF_7B/setVisualEffect] /cellulo_node_00_06_66_D2_CF_7B http://chiliPC:45601/
[rosmaster.master][INFO] 2019-03-18 15:05:17,848: -SUB [/cellulo_node_00_06_66_E7_8E_BD/setLEDResponseMode] /cellulo_node_00_06_66_E7_8E_BD http://chiliPC:42865/
[rosmaster.master][INFO] 2019-03-18 15:05:17,849: -SUB [/cellulo_node_00_06_66_D2_CF_7B/setLEDResponseMode] /cellulo_node_00_06_66_D2_CF_7B http://chiliPC:45601/
[rosmaster.master][INFO] 2019-03-18 15:05:17,850: -SUB [/cellulo_node_00_06_66_E7_8E_BD/setGoalVelocity] /cellulo_node_00_06_66_E7_8E_BD http://chiliPC:42865/
[rosmaster.master][INFO] 2019-03-18 15:05:17,850: -SUB [/cellulo_node_00_06_66_D2_CF_7B/setGoalVelocity] /cellulo_node_00_06_66_D2_CF_7B http://chiliPC:45601/
[rosmaster.master][INFO] 2019-03-18 15:05:17,851: -SUB [/cellulo_node_00_06_66_E7_8E_BD/reset] /cellulo_node_00_06_66_E7_8E_BD http://chiliPC:42865/
[rosmaster.master][INFO] 2019-03-18 15:05:17,852: -SUB [/cellulo_node_00_06_66_D2_CF_7B/reset] /cellulo_node_00_06_66_D2_CF_7B http://chiliPC:45601/
[rosmaster.master][INFO] 2019-03-18 15:05:17,854: -SUB [/cellulo_node_00_06_66_E7_8E_BD/clearTracking] /cellulo_node_00_06_66_E7_8E_BD http://chiliPC:42865/
[rosmaster.master][INFO] 2019-03-18 15:05:17,855: -SUB [/cellulo_node_00_06_66_D2_CF_7B/clearTracking] /cellulo_node_00_06_66_D2_CF_7B http://chiliPC:45601/
[rosmaster.master][INFO] 2019-03-18 15:05:17,856: -SUB [/cellulo_node_00_06_66_E7_8E_BD/shutdown] /cellulo_node_00_06_66_E7_8E_BD http://chiliPC:42865/
[rosmaster.master][INFO] 2019-03-18 15:05:17,857: -SUB [/cellulo_node_00_06_66_D2_CF_7B/shutdown] /cellulo_node_00_06_66_D2_CF_7B http://chiliPC:45601/
[rosmaster.master][INFO] 2019-03-18 15:05:17,858: -SUB [/cellulo_node_00_06_66_E7_8E_BD/clearHapticFeedback] /cellulo_node_00_06_66_E7_8E_BD http://chiliPC:42865/
[rosmaster.master][INFO] 2019-03-18 15:05:17,859: -SUB [/cellulo_node_00_06_66_D2_CF_7B/clearHapticFeedback] /cellulo_node_00_06_66_D2_CF_7B http://chiliPC:45601/
[rosmaster.master][INFO] 2019-03-18 15:05:17,860: -SUB [/cellulo_node_00_06_66_E7_8E_BD/vibrateOnMotion] /cellulo_node_00_06_66_E7_8E_BD http://chiliPC:42865/
[rosmaster.master][INFO] 2019-03-18 15:05:17,861: -SUB [/cellulo_node_00_06_66_D2_CF_7B/vibrateOnMotion] /cellulo_node_00_06_66_D2_CF_7B http://chiliPC:45601/
[rosmaster.master][INFO] 2019-03-18 15:05:17,862: -SUB [/cellulo_node_00_06_66_E7_8E_BD/simpleVibrate] /cellulo_node_00_06_66_E7_8E_BD http://chiliPC:42865/
[rosmaster.master][INFO] 2019-03-18 15:05:17,864: -SUB [/cellulo_node_00_06_66_D2_CF_7B/simpleVibrate] /cellulo_node_00_06_66_D2_CF_7B http://chiliPC:45601/
[rosmaster.master][INFO] 2019-03-18 15:05:17,865: -SUB [/cellulo_node_00_06_66_E7_8E_BD/setGestureEnabled] /cellulo_node_00_06_66_E7_8E_BD http://chiliPC:42865/
[rosmaster.master][INFO] 2019-03-18 15:05:17,866: -SUB [/cellulo_node_00_06_66_D2_CF_7B/setGestureEnabled] /cellulo_node_00_06_66_D2_CF_7B http://chiliPC:45601/
[rosmaster.master][INFO] 2019-03-18 15:05:17,867: -SUB [/cellulo_node_00_06_66_E7_8E_BD/setCasualBackdriveAssistEnabled] /cellulo_node_00_06_66_E7_8E_BD http://chiliPC:42865/
[rosmaster.master][INFO] 2019-03-18 15:05:17,868: -SUB [/cellulo_node_00_06_66_D2_CF_7B/setCasualBackdriveAssistEnabled] /cellulo_node_00_06_66_D2_CF_7B http://chiliPC:45601/
[rosmaster.master][INFO] 2019-03-18 15:05:17,869: -SERVICE [/cellulo_node_00_06_66_E7_8E_BD/get_loggers] /cellulo_node_00_06_66_E7_8E_BD rosrpc://chiliPC:35547
[rosmaster.master][INFO] 2019-03-18 15:05:17,870: -SERVICE [/cellulo_node_00_06_66_D2_CF_7B/get_loggers] /cellulo_node_00_06_66_D2_CF_7B rosrpc://chiliPC:36417
[rosmaster.master][INFO] 2019-03-18 15:05:17,871: -SERVICE [/cellulo_node_00_06_66_E7_8E_BD/set_logger_level] /cellulo_node_00_06_66_E7_8E_BD rosrpc://chiliPC:35547
[rosmaster.master][INFO] 2019-03-18 15:05:17,873: -SERVICE [/cellulo_node_00_06_66_D2_CF_7B/set_logger_level] /cellulo_node_00_06_66_D2_CF_7B rosrpc://chiliPC:36417
[rosmaster.master][INFO] 2019-03-18 15:05:17,874: -SERVICE [/cellulo_node_00_06_66_E7_8E_BD/get_state] /cellulo_node_00_06_66_E7_8E_BD rosrpc://chiliPC:35547
[rosmaster.master][INFO] 2019-03-18 15:05:17,875: -SERVICE [/cellulo_node_00_06_66_D2_CF_7B/get_state] /cellulo_node_00_06_66_D2_CF_7B rosrpc://chiliPC:36417
[rosmaster.master][INFO] 2019-03-18 15:05:17,897: -PUB [/rosout] /cellulo_node_00_06_66_E7_8A_D6 http://chiliPC:45259/
[rosmaster.master][INFO] 2019-03-18 15:05:17,899: -PUB [/cellulo_node_00_06_66_E7_8A_D6/touchKey] /cellulo_node_00_06_66_E7_8A_D6 http://chiliPC:45259/
[rosmaster.master][INFO] 2019-03-18 15:05:17,900: publisherUpdate[/rosout] -> http://chiliPC:34713/ []
[rosmaster.master][INFO] 2019-03-18 15:05:17,902: publisherUpdate[/rosout] -> http://chiliPC:34713/ []: sec=0.00, result=[1, '', 0]
[rosmaster.master][INFO] 2019-03-18 15:05:17,903: -PUB [/cellulo_node_00_06_66_E7_8A_D6/longTouchKey] /cellulo_node_00_06_66_E7_8A_D6 http://chiliPC:45259/
[rosmaster.master][INFO] 2019-03-18 15:05:17,904: -PUB [/cellulo_node_00_06_66_E7_8A_D6/kidnapped] /cellulo_node_00_06_66_E7_8A_D6 http://chiliPC:45259/
[rosmaster.master][INFO] 2019-03-18 15:05:17,906: -PUB [/cellulo_node_00_06_66_E7_8A_D6/velocity] /cellulo_node_00_06_66_E7_8A_D6 http://chiliPC:45259/
[rosmaster.master][INFO] 2019-03-18 15:05:17,907: -PUB [/cellulo_node_00_06_66_E7_8A_D6/connectionStatus] /cellulo_node_00_06_66_E7_8A_D6 http://chiliPC:45259/
[rosmaster.master][INFO] 2019-03-18 15:05:17,908: -PUB [/cellulo_node_00_06_66_E7_8A_D6/localAdapterAdress] /cellulo_node_00_06_66_E7_8A_D6 http://chiliPC:45259/
[rosmaster.master][INFO] 2019-03-18 15:05:17,909: -PUB [/cellulo_node_00_06_66_E7_8A_D6/autoConnect] /cellulo_node_00_06_66_E7_8A_D6 http://chiliPC:45259/
[rosmaster.master][INFO] 2019-03-18 15:05:17,911: -PUB [/cellulo_node_00_06_66_E7_8A_D6/batteryState] /cellulo_node_00_06_66_E7_8A_D6 http://chiliPC:45259/
[rosmaster.master][INFO] 2019-03-18 15:05:17,912: -PUB [/cellulo_node_00_06_66_E7_8A_D6/gesture] /cellulo_node_00_06_66_E7_8A_D6 http://chiliPC:45259/
[rosmaster.master][INFO] 2019-03-18 15:05:17,913: -PUB [/cellulo_node_00_06_66_E7_8A_D6/lastTimestamp] /cellulo_node_00_06_66_E7_8A_D6 http://chiliPC:45259/
[rosmaster.master][INFO] 2019-03-18 15:05:17,914: -PUB [/cellulo_node_00_06_66_E7_8A_D6/framerate] /cellulo_node_00_06_66_E7_8A_D6 http://chiliPC:45259/
[rosmaster.master][INFO] 2019-03-18 15:05:17,916: -PUB [/cellulo_node_00_06_66_E7_8A_D6/cameraImageProgress] /cellulo_node_00_06_66_E7_8A_D6 http://chiliPC:45259/
[rosmaster.master][INFO] 2019-03-18 15:05:17,917: -PUB [/cellulo_node_00_06_66_E7_8A_D6/poseVelControlEnable] /cellulo_node_00_06_66_E7_8A_D6 http://chiliPC:45259/
[rosmaster.master][INFO] 2019-03-18 15:05:17,918: -PUB [/cellulo_node_00_06_66_E7_8A_D6/poseVelControlPeriod] /cellulo_node_00_06_66_E7_8A_D6 http://chiliPC:45259/
[rosmaster.master][INFO] 2019-03-18 15:05:17,919: -PUB [/cellulo_node_00_06_66_E7_8A_D6/visualization_marker_robot] /cellulo_node_00_06_66_E7_8A_D6 http://chiliPC:45259/
[rosmaster.master][INFO] 2019-03-18 15:05:17,921: -PUB [/cellulo_node_00_06_66_E7_8A_D6/visualization_marker_traj] /cellulo_node_00_06_66_E7_8A_D6 http://chiliPC:45259/
[rosmaster.master][INFO] 2019-03-18 15:05:17,922: -PUB [/tf] /cellulo_node_00_06_66_E7_8A_D6 http://chiliPC:45259/
[rosmaster.master][INFO] 2019-03-18 15:05:17,923: -SUB [/cellulo_node_00_06_66_E7_8A_D6/setVisualEffect] /cellulo_node_00_06_66_E7_8A_D6 http://chiliPC:45259/
[rosmaster.master][INFO] 2019-03-18 15:05:17,924: -SUB [/cellulo_node_00_06_66_E7_8A_D6/setLEDResponseMode] /cellulo_node_00_06_66_E7_8A_D6 http://chiliPC:45259/
[rosmaster.master][INFO] 2019-03-18 15:05:17,926: -SUB [/cellulo_node_00_06_66_E7_8A_D6/setGoalVelocity] /cellulo_node_00_06_66_E7_8A_D6 http://chiliPC:45259/
[rosmaster.master][INFO] 2019-03-18 15:05:17,927: -SUB [/cellulo_node_00_06_66_E7_8A_D6/reset] /cellulo_node_00_06_66_E7_8A_D6 http://chiliPC:45259/
[rosmaster.master][INFO] 2019-03-18 15:05:17,928: -SUB [/cellulo_node_00_06_66_E7_8A_D6/clearTracking] /cellulo_node_00_06_66_E7_8A_D6 http://chiliPC:45259/
[rosmaster.master][INFO] 2019-03-18 15:05:17,929: -SUB [/cellulo_node_00_06_66_E7_8A_D6/shutdown] /cellulo_node_00_06_66_E7_8A_D6 http://chiliPC:45259/
[rosmaster.master][INFO] 2019-03-18 15:05:17,930: -SUB [/cellulo_node_00_06_66_E7_8A_D6/clearHapticFeedback] /cellulo_node_00_06_66_E7_8A_D6 http://chiliPC:45259/
[rosmaster.master][INFO] 2019-03-18 15:05:17,932: -SUB [/cellulo_node_00_06_66_E7_8A_D6/vibrateOnMotion] /cellulo_node_00_06_66_E7_8A_D6 http://chiliPC:45259/
[rosmaster.master][INFO] 2019-03-18 15:05:17,933: -SUB [/cellulo_node_00_06_66_E7_8A_D6/simpleVibrate] /cellulo_node_00_06_66_E7_8A_D6 http://chiliPC:45259/
[rosmaster.master][INFO] 2019-03-18 15:05:17,935: -SUB [/cellulo_node_00_06_66_E7_8A_D6/setGestureEnabled] /cellulo_node_00_06_66_E7_8A_D6 http://chiliPC:45259/
[rosmaster.master][INFO] 2019-03-18 15:05:17,936: -SUB [/cellulo_node_00_06_66_E7_8A_D6/setCasualBackdriveAssistEnabled] /cellulo_node_00_06_66_E7_8A_D6 http://chiliPC:45259/
[rosmaster.master][INFO] 2019-03-18 15:05:17,937: -SERVICE [/cellulo_node_00_06_66_E7_8A_D6/get_loggers] /cellulo_node_00_06_66_E7_8A_D6 rosrpc://chiliPC:54763
[rosmaster.master][INFO] 2019-03-18 15:05:17,938: -SERVICE [/cellulo_node_00_06_66_E7_8A_D6/set_logger_level] /cellulo_node_00_06_66_E7_8A_D6 rosrpc://chiliPC:54763
[rosmaster.master][INFO] 2019-03-18 15:05:17,939: -SERVICE [/cellulo_node_00_06_66_E7_8A_D6/get_state] /cellulo_node_00_06_66_E7_8A_D6 rosrpc://chiliPC:54763
[rosmaster.master][INFO] 2019-03-18 15:05:18,703: -PUB [/rosout_agg] /rosout http://chiliPC:34713/
[rosmaster.master][INFO] 2019-03-18 15:05:18,704: -SUB [/rosout] /rosout http://chiliPC:34713/
[rosmaster.master][INFO] 2019-03-18 15:05:18,705: -SERVICE [/rosout/get_loggers] /rosout rosrpc://chiliPC:55529
[rosmaster.master][INFO] 2019-03-18 15:05:18,706: -SERVICE [/rosout/set_logger_level] /rosout rosrpc://chiliPC:55529
[rosmaster.main][INFO] 2019-03-18 15:05:18,798: keyboard interrupt, will exit
[rosmaster.main][INFO] 2019-03-18 15:05:18,798: stopping master...
[rospy.core][INFO] 2019-03-18 15:05:18,798: signal_shutdown [atexit]
