[rosmaster.main][INFO] 2019-03-18 14:14:30,517: initialization complete, waiting for shutdown
[rosmaster.main][INFO] 2019-03-18 14:14:30,517: Starting ROS Master Node
[xmlrpc][INFO] 2019-03-18 14:14:30,519: XML-RPC server binding to 0.0.0.0:11311
[xmlrpc][INFO] 2019-03-18 14:14:30,519: Started XML-RPC server [http://chiliPC:11311/]
[rosmaster.master][INFO] 2019-03-18 14:14:30,520: Master initialized: port[11311], uri[http://chiliPC:11311/]
[xmlrpc][INFO] 2019-03-18 14:14:30,520: xml rpc node: starting XML-RPC server
[rosmaster.master][INFO] 2019-03-18 14:14:30,532: +PARAM [/run_id] by /roslaunch
[rosmaster.master][INFO] 2019-03-18 14:14:30,534: +PARAM [/roslaunch/uris/host_chilipc__37491] by /roslaunch
[rosmaster.master][INFO] 2019-03-18 14:14:30,598: +PARAM [/cellulo_node_00_06_66_D2_CF_7B/scale_coord] by /roslaunch
[rosmaster.master][INFO] 2019-03-18 14:14:30,598: +PARAM [/sensor_node_00_06_66_D2_CF_7B/scale] by /roslaunch
[rosmaster.master][INFO] 2019-03-18 14:14:30,599: +PARAM [/aggregation_node_00_06_66_E7_8A_D6/scale] by /roslaunch
[rosmaster.master][INFO] 2019-03-18 14:14:30,599: +PARAM [/cellulo_node_00_06_66_E7_8E_BD/scale_coord] by /roslaunch
[rosmaster.master][INFO] 2019-03-18 14:14:30,599: +PARAM [/sensor_node_00_06_66_E7_8E_BD/scale] by /roslaunch
[rosmaster.master][INFO] 2019-03-18 14:14:30,600: +PARAM [/sensor_node_00_06_66_E7_8E_BD/paper_width] by /roslaunch
[rosmaster.master][INFO] 2019-03-18 14:14:30,600: +PARAM [/sensor_node_00_06_66_E7_8A_D6/scale] by /roslaunch
[rosmaster.master][INFO] 2019-03-18 14:14:30,600: +PARAM [/sensor_node_00_06_66_D2_CF_7B/cellulo_num] by /roslaunch
[rosmaster.master][INFO] 2019-03-18 14:14:30,600: +PARAM [/cellulo_node_00_06_66_E7_8A_D6/scale_coord] by /roslaunch
[rosmaster.master][INFO] 2019-03-18 14:14:30,600: +PARAM [/aggregation_node_00_06_66_E7_8E_BD/scale] by /roslaunch
[rosmaster.master][INFO] 2019-03-18 14:14:30,601: +SERVICE [/rosout/get_loggers] /rosout http://chiliPC:35157/
[rosmaster.master][INFO] 2019-03-18 14:14:30,601: +PARAM [/sensor_node_00_06_66_E7_8A_D6/paper_length] by /roslaunch
[rosmaster.master][INFO] 2019-03-18 14:14:30,601: +PARAM [/sensor_node_00_06_66_D2_CF_7B/threshold] by /roslaunch
[rosmaster.master][INFO] 2019-03-18 14:14:30,601: +PARAM [/sensor_node_00_06_66_E7_8A_D6/paper_width] by /roslaunch
[rosmaster.master][INFO] 2019-03-18 14:14:30,602: +PARAM [/aggregation_node_00_06_66_E7_8E_BD/thetaDis] by /roslaunch
[rosmaster.master][INFO] 2019-03-18 14:14:30,602: +SERVICE [/rosout/set_logger_level] /rosout http://chiliPC:35157/
[rosmaster.master][INFO] 2019-03-18 14:14:30,602: +PARAM [/sensor_node_00_06_66_E7_8A_D6/cellulo_num] by /roslaunch
[rosmaster.master][INFO] 2019-03-18 14:14:30,603: +PARAM [/rosdistro] by /roslaunch
[rosmaster.master][INFO] 2019-03-18 14:14:30,603: +PARAM [/rosversion] by /roslaunch
[rosmaster.master][INFO] 2019-03-18 14:14:30,603: +PARAM [/sensor_node_00_06_66_E7_8E_BD/threshold] by /roslaunch
[rosmaster.master][INFO] 2019-03-18 14:14:30,604: +PARAM [/sensor_node_00_06_66_E7_8E_BD/cellulo_num] by /roslaunch
[rosmaster.master][INFO] 2019-03-18 14:14:30,604: +PARAM [/sensor_node_00_06_66_E7_8A_D6/threshold] by /roslaunch
[rosmaster.master][INFO] 2019-03-18 14:14:30,605: +PARAM [/aggregation_node_00_06_66_E7_8A_D6/thetaDis] by /roslaunch
[rosmaster.master][INFO] 2019-03-18 14:14:30,605: +PARAM [/aggregation_node_00_06_66_D2_CF_7B/scale] by /roslaunch
[rosmaster.master][INFO] 2019-03-18 14:14:30,605: +PARAM [/sensor_node_00_06_66_D2_CF_7B/paper_length] by /roslaunch
[rosmaster.master][INFO] 2019-03-18 14:14:30,606: +PUB [/rosout_agg] /rosout http://chiliPC:35157/
[rosmaster.master][INFO] 2019-03-18 14:14:30,606: +PARAM [/sensor_node_00_06_66_D2_CF_7B/paper_width] by /roslaunch
[rosmaster.master][INFO] 2019-03-18 14:14:30,606: +PARAM [/sensor_node_00_06_66_E7_8E_BD/paper_length] by /roslaunch
[rosmaster.master][INFO] 2019-03-18 14:14:30,607: +PARAM [/aggregation_node_00_06_66_D2_CF_7B/thetaDis] by /roslaunch
[rosmaster.master][INFO] 2019-03-18 14:14:30,610: +SUB [/rosout] /rosout http://chiliPC:35157/
[rosmaster.master][INFO] 2019-03-18 14:14:30,661: +PUB [/rosout] /cellulo_node_00_06_66_E7_8A_D6 http://chiliPC:36129/
[rosmaster.master][INFO] 2019-03-18 14:14:30,663: +SERVICE [/cellulo_node_00_06_66_E7_8A_D6/get_loggers] /cellulo_node_00_06_66_E7_8A_D6 http://chiliPC:36129/
[rosmaster.master][INFO] 2019-03-18 14:14:30,663: +SERVICE [/cellulo_node_00_06_66_E7_8A_D6/set_logger_level] /cellulo_node_00_06_66_E7_8A_D6 http://chiliPC:36129/
[rosmaster.master][INFO] 2019-03-18 14:14:30,671: +PUB [/rosout] /cellulo_node_00_06_66_E7_8E_BD http://chiliPC:37915/
[rosmaster.master][INFO] 2019-03-18 14:14:30,672: +SUB [/cellulo_node_00_06_66_E7_8A_D6/setVisualEffect] /cellulo_node_00_06_66_E7_8A_D6 http://chiliPC:36129/
[rosmaster.master][INFO] 2019-03-18 14:14:30,673: +SERVICE [/cellulo_node_00_06_66_E7_8E_BD/get_loggers] /cellulo_node_00_06_66_E7_8E_BD http://chiliPC:37915/
[rosmaster.master][INFO] 2019-03-18 14:14:30,675: +SERVICE [/cellulo_node_00_06_66_E7_8E_BD/set_logger_level] /cellulo_node_00_06_66_E7_8E_BD http://chiliPC:37915/
[rosmaster.master][INFO] 2019-03-18 14:14:30,685: +PUB [/rosout] /sensor_node_00_06_66_E7_8A_D6 http://chiliPC:38803/
[rosmaster.master][INFO] 2019-03-18 14:14:30,692: +PUB [/rosout] /cellulo_node_00_06_66_D2_CF_7B http://chiliPC:43489/
[rosmaster.master][INFO] 2019-03-18 14:14:30,693: +SUB [/cellulo_node_00_06_66_E7_8A_D6/setLEDResponseMode] /cellulo_node_00_06_66_E7_8A_D6 http://chiliPC:36129/
[rosmaster.master][INFO] 2019-03-18 14:14:30,694: +SERVICE [/sensor_node_00_06_66_E7_8A_D6/get_loggers] /sensor_node_00_06_66_E7_8A_D6 http://chiliPC:38803/
[rosmaster.master][INFO] 2019-03-18 14:14:30,695: +PUB [/rosout] /sensor_node_00_06_66_E7_8E_BD http://chiliPC:38295/
[rosmaster.master][INFO] 2019-03-18 14:14:30,696: +SERVICE [/cellulo_node_00_06_66_D2_CF_7B/get_loggers] /cellulo_node_00_06_66_D2_CF_7B http://chiliPC:43489/
[rosmaster.master][INFO] 2019-03-18 14:14:30,699: +SERVICE [/sensor_node_00_06_66_E7_8A_D6/set_logger_level] /sensor_node_00_06_66_E7_8A_D6 http://chiliPC:38803/
[rosmaster.master][INFO] 2019-03-18 14:14:30,703: +SERVICE [/cellulo_node_00_06_66_D2_CF_7B/set_logger_level] /cellulo_node_00_06_66_D2_CF_7B http://chiliPC:43489/
[rosmaster.master][INFO] 2019-03-18 14:14:30,704: +SERVICE [/sensor_node_00_06_66_E7_8E_BD/get_loggers] /sensor_node_00_06_66_E7_8E_BD http://chiliPC:38295/
[rosmaster.master][INFO] 2019-03-18 14:14:30,706: +PUB [/rosout] /sensor_node_00_06_66_D2_CF_7B http://chiliPC:38343/
[rosmaster.master][INFO] 2019-03-18 14:14:30,714: +SERVICE [/sensor_node_00_06_66_E7_8E_BD/set_logger_level] /sensor_node_00_06_66_E7_8E_BD http://chiliPC:38295/
[rosmaster.master][INFO] 2019-03-18 14:14:30,716: +SERVICE [/sensor_node_00_06_66_D2_CF_7B/get_loggers] /sensor_node_00_06_66_D2_CF_7B http://chiliPC:38343/
[rosmaster.master][INFO] 2019-03-18 14:14:30,718: publisherUpdate[/rosout] -> http://chiliPC:35157/ ['http://chiliPC:36129/']
[rosmaster.master][INFO] 2019-03-18 14:14:30,721: +SUB [/cellulo_node_00_06_66_E7_8E_BD/setVisualEffect] /cellulo_node_00_06_66_E7_8E_BD http://chiliPC:37915/
[rosmaster.master][INFO] 2019-03-18 14:14:30,721: publisherUpdate[/rosout] -> http://chiliPC:35157/ ['http://chiliPC:36129/']: sec=0.00, result=[1, '', 0]
[rosmaster.master][INFO] 2019-03-18 14:14:30,722: publisherUpdate[/rosout] -> http://chiliPC:35157/ ['http://chiliPC:36129/', 'http://chiliPC:37915/']
[rosmaster.master][INFO] 2019-03-18 14:14:30,723: publisherUpdate[/rosout] -> http://chiliPC:35157/ ['http://chiliPC:36129/', 'http://chiliPC:37915/']: sec=0.00, result=[1, '', 0]
[rosmaster.master][INFO] 2019-03-18 14:14:30,724: publisherUpdate[/rosout] -> http://chiliPC:35157/ ['http://chiliPC:36129/', 'http://chiliPC:37915/', 'http://chiliPC:38803/']
[rosmaster.master][INFO] 2019-03-18 14:14:30,725: publisherUpdate[/rosout] -> http://chiliPC:35157/ ['http://chiliPC:36129/', 'http://chiliPC:37915/', 'http://chiliPC:38803/']: sec=0.00, result=[1, '', 0]
[rosmaster.master][INFO] 2019-03-18 14:14:30,725: +PUB [/rosout] /aggregation_node_00_06_66_E7_8A_D6 http://chiliPC:45523/
[rosmaster.master][INFO] 2019-03-18 14:14:30,725: publisherUpdate[/rosout] -> http://chiliPC:35157/ ['http://chiliPC:36129/', 'http://chiliPC:37915/', 'http://chiliPC:38803/', 'http://chiliPC:43489/']
[rosmaster.master][INFO] 2019-03-18 14:14:30,727: publisherUpdate[/rosout] -> http://chiliPC:35157/ ['http://chiliPC:36129/', 'http://chiliPC:37915/', 'http://chiliPC:38803/', 'http://chiliPC:43489/']: sec=0.00, result=[1, '', 0]
[rosmaster.master][INFO] 2019-03-18 14:14:30,728: publisherUpdate[/rosout] -> http://chiliPC:35157/ ['http://chiliPC:36129/', 'http://chiliPC:37915/', 'http://chiliPC:38803/', 'http://chiliPC:43489/', 'http://chiliPC:38295/']
[rosmaster.master][INFO] 2019-03-18 14:14:30,728: +SERVICE [/sensor_node_00_06_66_D2_CF_7B/set_logger_level] /sensor_node_00_06_66_D2_CF_7B http://chiliPC:38343/
[rosmaster.master][INFO] 2019-03-18 14:14:30,729: publisherUpdate[/rosout] -> http://chiliPC:35157/ ['http://chiliPC:36129/', 'http://chiliPC:37915/', 'http://chiliPC:38803/', 'http://chiliPC:43489/', 'http://chiliPC:38295/']: sec=0.00, result=[1, '', 0]
[rosmaster.master][INFO] 2019-03-18 14:14:30,730: publisherUpdate[/rosout] -> http://chiliPC:35157/ ['http://chiliPC:36129/', 'http://chiliPC:37915/', 'http://chiliPC:38803/', 'http://chiliPC:43489/', 'http://chiliPC:38295/', 'http://chiliPC:38343/']
[rosmaster.master][INFO] 2019-03-18 14:14:30,730: publisherUpdate[/rosout] -> http://chiliPC:35157/ ['http://chiliPC:36129/', 'http://chiliPC:37915/', 'http://chiliPC:38803/', 'http://chiliPC:43489/', 'http://chiliPC:38295/', 'http://chiliPC:38343/']: sec=0.00, result=[1, '', 0]
[rosmaster.master][INFO] 2019-03-18 14:14:30,732: +PUB [/rosout] /aggregation_node_00_06_66_E7_8E_BD http://chiliPC:46099/
[rosmaster.master][INFO] 2019-03-18 14:14:30,732: publisherUpdate[/rosout] -> http://chiliPC:35157/ ['http://chiliPC:36129/', 'http://chiliPC:37915/', 'http://chiliPC:38803/', 'http://chiliPC:43489/', 'http://chiliPC:38295/', 'http://chiliPC:38343/', 'http://chiliPC:45523/']
[rosmaster.master][INFO] 2019-03-18 14:14:30,734: publisherUpdate[/rosout] -> http://chiliPC:35157/ ['http://chiliPC:36129/', 'http://chiliPC:37915/', 'http://chiliPC:38803/', 'http://chiliPC:43489/', 'http://chiliPC:38295/', 'http://chiliPC:38343/', 'http://chiliPC:45523/']: sec=0.00, result=[1, '', 0]
[rosmaster.master][INFO] 2019-03-18 14:14:30,734: publisherUpdate[/rosout] -> http://chiliPC:35157/ ['http://chiliPC:36129/', 'http://chiliPC:37915/', 'http://chiliPC:38803/', 'http://chiliPC:43489/', 'http://chiliPC:38295/', 'http://chiliPC:38343/', 'http://chiliPC:45523/', 'http://chiliPC:46099/']
[rosmaster.master][INFO] 2019-03-18 14:14:30,734: +SERVICE [/aggregation_node_00_06_66_E7_8A_D6/get_loggers] /aggregation_node_00_06_66_E7_8A_D6 http://chiliPC:45523/
[rosmaster.master][INFO] 2019-03-18 14:14:30,735: publisherUpdate[/rosout] -> http://chiliPC:35157/ ['http://chiliPC:36129/', 'http://chiliPC:37915/', 'http://chiliPC:38803/', 'http://chiliPC:43489/', 'http://chiliPC:38295/', 'http://chiliPC:38343/', 'http://chiliPC:45523/', 'http://chiliPC:46099/']: sec=0.00, result=[1, '', 0]
[rosmaster.master][INFO] 2019-03-18 14:14:30,739: +SUB [/cellulo_node_00_06_66_E7_8A_D6/setGoalVelocity] /cellulo_node_00_06_66_E7_8A_D6 http://chiliPC:36129/
[rosmaster.master][INFO] 2019-03-18 14:14:30,742: +SERVICE [/aggregation_node_00_06_66_E7_8E_BD/get_loggers] /aggregation_node_00_06_66_E7_8E_BD http://chiliPC:46099/
[rosmaster.master][INFO] 2019-03-18 14:14:30,743: +PUB [/rosout] /aggregation_node_00_06_66_D2_CF_7B http://chiliPC:40081/
[rosmaster.master][INFO] 2019-03-18 14:14:30,745: +SERVICE [/aggregation_node_00_06_66_E7_8A_D6/set_logger_level] /aggregation_node_00_06_66_E7_8A_D6 http://chiliPC:45523/
[rosmaster.master][INFO] 2019-03-18 14:14:30,750: +SERVICE [/aggregation_node_00_06_66_E7_8E_BD/set_logger_level] /aggregation_node_00_06_66_E7_8E_BD http://chiliPC:46099/
[rosmaster.master][INFO] 2019-03-18 14:14:30,751: +SERVICE [/aggregation_node_00_06_66_D2_CF_7B/get_loggers] /aggregation_node_00_06_66_D2_CF_7B http://chiliPC:40081/
[rosmaster.master][INFO] 2019-03-18 14:14:30,754: +PUB [/rosout] /tf_echo_00_06_66_E7_8A_D6 http://chiliPC:34607/
[rosmaster.master][INFO] 2019-03-18 14:14:30,760: +SERVICE [/aggregation_node_00_06_66_D2_CF_7B/set_logger_level] /aggregation_node_00_06_66_D2_CF_7B http://chiliPC:40081/
[rosmaster.master][INFO] 2019-03-18 14:14:30,761: +PUB [/rosout] /tf_echo_00_06_66_E7_8E_BD http://chiliPC:34731/
[rosmaster.master][INFO] 2019-03-18 14:14:30,764: +SERVICE [/tf_echo_00_06_66_E7_8A_D6/get_loggers] /tf_echo_00_06_66_E7_8A_D6 http://chiliPC:34607/
[rosmaster.master][INFO] 2019-03-18 14:14:30,774: +SERVICE [/tf_echo_00_06_66_E7_8E_BD/get_loggers] /tf_echo_00_06_66_E7_8E_BD http://chiliPC:34731/
[rosmaster.master][INFO] 2019-03-18 14:14:30,776: +PUB [/rosout] /tf_echo_00_06_66_D2_CF_7B http://chiliPC:41401/
[rosmaster.master][INFO] 2019-03-18 14:14:30,778: +SERVICE [/tf_echo_00_06_66_E7_8A_D6/set_logger_level] /tf_echo_00_06_66_E7_8A_D6 http://chiliPC:34607/
[rosmaster.master][INFO] 2019-03-18 14:14:30,783: +SUB [/cellulo_node_00_06_66_D2_CF_7B/setVisualEffect] /cellulo_node_00_06_66_D2_CF_7B http://chiliPC:43489/
[rosmaster.master][INFO] 2019-03-18 14:14:30,785: +SUB [/cellulo_node_00_06_66_E7_8E_BD/setLEDResponseMode] /cellulo_node_00_06_66_E7_8E_BD http://chiliPC:37915/
[rosmaster.master][INFO] 2019-03-18 14:14:30,787: +PUB [/rosout] /paper_world_broadcaster http://chiliPC:44037/
[rosmaster.master][INFO] 2019-03-18 14:14:30,792: +SERVICE [/tf_echo_00_06_66_E7_8E_BD/set_logger_level] /tf_echo_00_06_66_E7_8E_BD http://chiliPC:34731/
[rosmaster.master][INFO] 2019-03-18 14:14:30,793: +SERVICE [/tf_echo_00_06_66_D2_CF_7B/get_loggers] /tf_echo_00_06_66_D2_CF_7B http://chiliPC:41401/
[rosmaster.master][INFO] 2019-03-18 14:14:30,802: +SERVICE [/paper_world_broadcaster/get_loggers] /paper_world_broadcaster http://chiliPC:44037/
[rosmaster.master][INFO] 2019-03-18 14:14:30,805: +SERVICE [/tf_echo_00_06_66_D2_CF_7B/set_logger_level] /tf_echo_00_06_66_D2_CF_7B http://chiliPC:41401/
[rosmaster.master][INFO] 2019-03-18 14:14:30,809: +SUB [/cellulo_node_00_06_66_E7_8A_D6/reset] /cellulo_node_00_06_66_E7_8A_D6 http://chiliPC:36129/
[rosmaster.master][INFO] 2019-03-18 14:14:30,812: +SERVICE [/paper_world_broadcaster/set_logger_level] /paper_world_broadcaster http://chiliPC:44037/
[rosmaster.master][INFO] 2019-03-18 14:14:30,820: publisherUpdate[/rosout] -> http://chiliPC:35157/ ['http://chiliPC:36129/', 'http://chiliPC:37915/', 'http://chiliPC:38803/', 'http://chiliPC:43489/', 'http://chiliPC:38295/', 'http://chiliPC:38343/', 'http://chiliPC:45523/', 'http://chiliPC:46099/', 'http://chiliPC:40081/']
[rosmaster.master][INFO] 2019-03-18 14:14:30,821: publisherUpdate[/rosout] -> http://chiliPC:35157/ ['http://chiliPC:36129/', 'http://chiliPC:37915/', 'http://chiliPC:38803/', 'http://chiliPC:43489/', 'http://chiliPC:38295/', 'http://chiliPC:38343/', 'http://chiliPC:45523/', 'http://chiliPC:46099/', 'http://chiliPC:40081/']: sec=0.00, result=[1, '', 0]
[rosmaster.master][INFO] 2019-03-18 14:14:30,821: +SUB [/setThreshold] /sensor_node_00_06_66_E7_8A_D6 http://chiliPC:38803/
[rosmaster.master][INFO] 2019-03-18 14:14:30,822: publisherUpdate[/rosout] -> http://chiliPC:35157/ ['http://chiliPC:36129/', 'http://chiliPC:37915/', 'http://chiliPC:38803/', 'http://chiliPC:43489/', 'http://chiliPC:38295/', 'http://chiliPC:38343/', 'http://chiliPC:45523/', 'http://chiliPC:46099/', 'http://chiliPC:40081/', 'http://chiliPC:34607/']
[rosmaster.master][INFO] 2019-03-18 14:14:30,824: publisherUpdate[/rosout] -> http://chiliPC:35157/ ['http://chiliPC:36129/', 'http://chiliPC:37915/', 'http://chiliPC:38803/', 'http://chiliPC:43489/', 'http://chiliPC:38295/', 'http://chiliPC:38343/', 'http://chiliPC:45523/', 'http://chiliPC:46099/', 'http://chiliPC:40081/', 'http://chiliPC:34607/']: sec=0.00, result=[1, '', 0]
[rosmaster.master][INFO] 2019-03-18 14:14:30,824: publisherUpdate[/rosout] -> http://chiliPC:35157/ ['http://chiliPC:36129/', 'http://chiliPC:37915/', 'http://chiliPC:38803/', 'http://chiliPC:43489/', 'http://chiliPC:38295/', 'http://chiliPC:38343/', 'http://chiliPC:45523/', 'http://chiliPC:46099/', 'http://chiliPC:40081/', 'http://chiliPC:34607/', 'http://chiliPC:34731/']
[rosmaster.master][INFO] 2019-03-18 14:14:30,826: publisherUpdate[/rosout] -> http://chiliPC:35157/ ['http://chiliPC:36129/', 'http://chiliPC:37915/', 'http://chiliPC:38803/', 'http://chiliPC:43489/', 'http://chiliPC:38295/', 'http://chiliPC:38343/', 'http://chiliPC:45523/', 'http://chiliPC:46099/', 'http://chiliPC:40081/', 'http://chiliPC:34607/', 'http://chiliPC:34731/']: sec=0.00, result=[1, '', 0]
[rosmaster.master][INFO] 2019-03-18 14:14:30,826: publisherUpdate[/rosout] -> http://chiliPC:35157/ ['http://chiliPC:36129/', 'http://chiliPC:37915/', 'http://chiliPC:38803/', 'http://chiliPC:43489/', 'http://chiliPC:38295/', 'http://chiliPC:38343/', 'http://chiliPC:45523/', 'http://chiliPC:46099/', 'http://chiliPC:40081/', 'http://chiliPC:34607/', 'http://chiliPC:34731/', 'http://chiliPC:41401/']
[rosmaster.master][INFO] 2019-03-18 14:14:30,828: publisherUpdate[/rosout] -> http://chiliPC:35157/ ['http://chiliPC:36129/', 'http://chiliPC:37915/', 'http://chiliPC:38803/', 'http://chiliPC:43489/', 'http://chiliPC:38295/', 'http://chiliPC:38343/', 'http://chiliPC:45523/', 'http://chiliPC:46099/', 'http://chiliPC:40081/', 'http://chiliPC:34607/', 'http://chiliPC:34731/', 'http://chiliPC:41401/']: sec=0.00, result=[1, '', 0]
[rosmaster.master][INFO] 2019-03-18 14:14:30,829: publisherUpdate[/rosout] -> http://chiliPC:35157/ ['http://chiliPC:36129/', 'http://chiliPC:37915/', 'http://chiliPC:38803/', 'http://chiliPC:43489/', 'http://chiliPC:38295/', 'http://chiliPC:38343/', 'http://chiliPC:45523/', 'http://chiliPC:46099/', 'http://chiliPC:40081/', 'http://chiliPC:34607/', 'http://chiliPC:34731/', 'http://chiliPC:41401/', 'http://chiliPC:44037/']
[rosmaster.master][INFO] 2019-03-18 14:14:30,830: publisherUpdate[/rosout] -> http://chiliPC:35157/ ['http://chiliPC:36129/', 'http://chiliPC:37915/', 'http://chiliPC:38803/', 'http://chiliPC:43489/', 'http://chiliPC:38295/', 'http://chiliPC:38343/', 'http://chiliPC:45523/', 'http://chiliPC:46099/', 'http://chiliPC:40081/', 'http://chiliPC:34607/', 'http://chiliPC:34731/', 'http://chiliPC:41401/', 'http://chiliPC:44037/']: sec=0.00, result=[1, '', 0]
[rosmaster.master][INFO] 2019-03-18 14:14:30,835: +PUB [/tf_static] /paper_world_broadcaster http://chiliPC:44037/
[rosmaster.master][INFO] 2019-03-18 14:14:30,844: +SUB [/setThetaDis] /aggregation_node_00_06_66_E7_8A_D6 http://chiliPC:45523/
[rosmaster.master][INFO] 2019-03-18 14:14:30,846: +SUB [/setThreshold] /sensor_node_00_06_66_E7_8E_BD http://chiliPC:38295/
[rosmaster.master][INFO] 2019-03-18 14:14:30,848: +SUB [/cellulo_node_00_06_66_D2_CF_7B/setLEDResponseMode] /cellulo_node_00_06_66_D2_CF_7B http://chiliPC:43489/
[rosmaster.master][INFO] 2019-03-18 14:14:30,850: +SUB [/cellulo_node_00_06_66_E7_8E_BD/setGoalVelocity] /cellulo_node_00_06_66_E7_8E_BD http://chiliPC:37915/
[rosmaster.master][INFO] 2019-03-18 14:14:30,853: +SUB [/setThetaDis] /aggregation_node_00_06_66_E7_8E_BD http://chiliPC:46099/
[rosmaster.master][INFO] 2019-03-18 14:14:30,855: +PUB [/cellulo_node_00_06_66_E7_8A_D6/setGoalVelocity] /aggregation_node_00_06_66_E7_8A_D6 http://chiliPC:45523/
[rosmaster.master][INFO] 2019-03-18 14:14:30,857: +SUB [/setThreshold] /sensor_node_00_06_66_D2_CF_7B http://chiliPC:38343/
[rosmaster.master][INFO] 2019-03-18 14:14:30,859: +SUB [/setThetaDis] /aggregation_node_00_06_66_D2_CF_7B http://chiliPC:40081/
[rosmaster.master][INFO] 2019-03-18 14:14:30,861: +PUB [/cellulo_node_00_06_66_E7_8E_BD/setGoalVelocity] /aggregation_node_00_06_66_E7_8E_BD http://chiliPC:46099/
[rosmaster.master][INFO] 2019-03-18 14:14:30,863: +SUB [/tf] /tf_echo_00_06_66_E7_8A_D6 http://chiliPC:34607/
[rosmaster.master][INFO] 2019-03-18 14:14:30,864: +SUB [/cellulo_node_00_06_66_E7_8A_D6/clearTracking] /cellulo_node_00_06_66_E7_8A_D6 http://chiliPC:36129/
[rosmaster.master][INFO] 2019-03-18 14:14:30,866: +PUB [/cellulo_node_00_06_66_D2_CF_7B/setGoalVelocity] /aggregation_node_00_06_66_D2_CF_7B http://chiliPC:40081/
[rosmaster.master][INFO] 2019-03-18 14:14:30,868: +SUB [/tf] /tf_echo_00_06_66_E7_8E_BD http://chiliPC:34731/
[rosmaster.master][INFO] 2019-03-18 14:14:30,875: +SUB [/tf] /sensor_node_00_06_66_E7_8A_D6 http://chiliPC:38803/
[rosmaster.master][INFO] 2019-03-18 14:14:30,878: +SUB [/tf] /tf_echo_00_06_66_D2_CF_7B http://chiliPC:41401/
[rosmaster.master][INFO] 2019-03-18 14:14:30,895: +SUB [/tf] /sensor_node_00_06_66_E7_8E_BD http://chiliPC:38295/
[rosmaster.master][INFO] 2019-03-18 14:14:30,899: +SUB [/cellulo_node_00_06_66_D2_CF_7B/setGoalVelocity] /cellulo_node_00_06_66_D2_CF_7B http://chiliPC:43489/
[rosmaster.master][INFO] 2019-03-18 14:14:30,901: +SUB [/cellulo_node_00_06_66_E7_8E_BD/reset] /cellulo_node_00_06_66_E7_8E_BD http://chiliPC:37915/
[rosmaster.master][INFO] 2019-03-18 14:14:30,905: +SUB [/sensor_node_00_06_66_E7_8A_D6/detectedRobots] /aggregation_node_00_06_66_E7_8A_D6 http://chiliPC:45523/
[rosmaster.master][INFO] 2019-03-18 14:14:30,908: +SUB [/tf] /sensor_node_00_06_66_D2_CF_7B http://chiliPC:38343/
[rosmaster.master][INFO] 2019-03-18 14:14:30,913: +SUB [/sensor_node_00_06_66_E7_8E_BD/detectedRobots] /aggregation_node_00_06_66_E7_8E_BD http://chiliPC:46099/
[rosmaster.master][INFO] 2019-03-18 14:14:30,916: +SUB [/tf_static] /tf_echo_00_06_66_E7_8A_D6 http://chiliPC:34607/
[rosmaster.master][INFO] 2019-03-18 14:14:30,917: +SUB [/cellulo_node_00_06_66_E7_8A_D6/shutdown] /cellulo_node_00_06_66_E7_8A_D6 http://chiliPC:36129/
[rosmaster.master][INFO] 2019-03-18 14:14:30,920: +SUB [/sensor_node_00_06_66_D2_CF_7B/detectedRobots] /aggregation_node_00_06_66_D2_CF_7B http://chiliPC:40081/
[rosmaster.master][INFO] 2019-03-18 14:14:30,921: publisherUpdate[/cellulo_node_00_06_66_E7_8A_D6/setGoalVelocity] -> http://chiliPC:36129/ ['http://chiliPC:45523/']
[rosmaster.master][INFO] 2019-03-18 14:14:30,923: +SUB [/tf_static] /tf_echo_00_06_66_E7_8E_BD http://chiliPC:34731/
[rosmaster.master][INFO] 2019-03-18 14:14:30,929: +SUB [/tf_static] /sensor_node_00_06_66_E7_8A_D6 http://chiliPC:38803/
[rosmaster.master][INFO] 2019-03-18 14:14:30,930: publisherUpdate[/cellulo_node_00_06_66_E7_8E_BD/setGoalVelocity] -> http://chiliPC:37915/ ['http://chiliPC:46099/']
[rosmaster.master][INFO] 2019-03-18 14:14:30,933: +SUB [/tf_static] /tf_echo_00_06_66_D2_CF_7B http://chiliPC:41401/
[rosmaster.master][INFO] 2019-03-18 14:14:30,938: +PUB [/sensor_node_00_06_66_E7_8A_D6/detectedRobots] /sensor_node_00_06_66_E7_8A_D6 http://chiliPC:38803/
[rosmaster.master][INFO] 2019-03-18 14:14:30,944: +PUB [/sensor_node_00_06_66_E7_8A_D6/detectedObstacles] /sensor_node_00_06_66_E7_8A_D6 http://chiliPC:38803/
[rosmaster.master][INFO] 2019-03-18 14:14:30,946: +SUB [/tf_static] /sensor_node_00_06_66_E7_8E_BD http://chiliPC:38295/
[rosmaster.master][INFO] 2019-03-18 14:14:30,947: +SUB [/cellulo_node_00_06_66_D2_CF_7B/reset] /cellulo_node_00_06_66_D2_CF_7B http://chiliPC:43489/
[rosmaster.master][INFO] 2019-03-18 14:14:30,948: +SUB [/cellulo_node_00_06_66_E7_8E_BD/clearTracking] /cellulo_node_00_06_66_E7_8E_BD http://chiliPC:37915/
[rosmaster.master][INFO] 2019-03-18 14:14:30,949: publisherUpdate[/cellulo_node_00_06_66_E7_8E_BD/setGoalVelocity] -> http://chiliPC:37915/ ['http://chiliPC:46099/']: sec=0.02, result=[1, '', 0]
[rosmaster.master][INFO] 2019-03-18 14:14:30,950: publisherUpdate[/sensor_node_00_06_66_E7_8A_D6/detectedRobots] -> http://chiliPC:45523/ ['http://chiliPC:38803/']
[rosmaster.master][INFO] 2019-03-18 14:14:30,951: +SUB [/sensor_node_00_06_66_E7_8A_D6/detectedObstacles] /aggregation_node_00_06_66_E7_8A_D6 http://chiliPC:45523/
[rosmaster.master][INFO] 2019-03-18 14:14:30,952: +PUB [/sensor_node_00_06_66_E7_8E_BD/detectedRobots] /sensor_node_00_06_66_E7_8E_BD http://chiliPC:38295/
[rosmaster.master][INFO] 2019-03-18 14:14:30,953: +SUB [/tf_static] /sensor_node_00_06_66_D2_CF_7B http://chiliPC:38343/
[rosmaster.master][INFO] 2019-03-18 14:14:30,955: +SUB [/sensor_node_00_06_66_E7_8E_BD/detectedObstacles] /aggregation_node_00_06_66_E7_8E_BD http://chiliPC:46099/
[rosmaster.master][INFO] 2019-03-18 14:14:30,957: +PUB [/sensor_node_00_06_66_E7_8E_BD/detectedObstacles] /sensor_node_00_06_66_E7_8E_BD http://chiliPC:38295/
[rosmaster.master][INFO] 2019-03-18 14:14:30,958: +SUB [/cellulo_node_00_06_66_E7_8A_D6/clearHapticFeedback] /cellulo_node_00_06_66_E7_8A_D6 http://chiliPC:36129/
[rosmaster.master][INFO] 2019-03-18 14:14:30,959: +PUB [/sensor_node_00_06_66_D2_CF_7B/detectedRobots] /sensor_node_00_06_66_D2_CF_7B http://chiliPC:38343/
[rosmaster.master][INFO] 2019-03-18 14:14:30,960: publisherUpdate[/cellulo_node_00_06_66_E7_8A_D6/setGoalVelocity] -> http://chiliPC:36129/ ['http://chiliPC:45523/']: sec=0.04, result=[1, '', 0]
[rosmaster.master][INFO] 2019-03-18 14:14:30,962: publisherUpdate[/sensor_node_00_06_66_E7_8E_BD/detectedRobots] -> http://chiliPC:46099/ ['http://chiliPC:38295/']
[rosmaster.master][INFO] 2019-03-18 14:14:30,965: +SUB [/sensor_node_00_06_66_D2_CF_7B/detectedObstacles] /aggregation_node_00_06_66_D2_CF_7B http://chiliPC:40081/
[rosmaster.master][INFO] 2019-03-18 14:14:30,969: +PUB [/sensor_node_00_06_66_D2_CF_7B/detectedObstacles] /sensor_node_00_06_66_D2_CF_7B http://chiliPC:38343/
[rosmaster.master][INFO] 2019-03-18 14:14:30,979: +PUB [/rosout] /rviz_chiliPC_14257_6723093204131768855 http://chiliPC:42513/
[rosmaster.master][INFO] 2019-03-18 14:14:30,984: +SERVICE [/rviz_chiliPC_14257_6723093204131768855/get_loggers] /rviz_chiliPC_14257_6723093204131768855 http://chiliPC:42513/
[rosmaster.master][INFO] 2019-03-18 14:14:30,987: +SUB [/cellulo_node_00_06_66_D2_CF_7B/clearTracking] /cellulo_node_00_06_66_D2_CF_7B http://chiliPC:43489/
[rosmaster.master][INFO] 2019-03-18 14:14:30,989: +SUB [/cellulo_node_00_06_66_E7_8E_BD/shutdown] /cellulo_node_00_06_66_E7_8E_BD http://chiliPC:37915/
[rosmaster.master][INFO] 2019-03-18 14:14:30,990: +SUB [/cellulo_node_00_06_66_E7_8A_D6/velocity] /aggregation_node_00_06_66_E7_8A_D6 http://chiliPC:45523/
[rosmaster.master][INFO] 2019-03-18 14:14:30,991: +SERVICE [/rviz_chiliPC_14257_6723093204131768855/set_logger_level] /rviz_chiliPC_14257_6723093204131768855 http://chiliPC:42513/
[rosmaster.master][INFO] 2019-03-18 14:14:30,991: publisherUpdate[/sensor_node_00_06_66_E7_8A_D6/detectedRobots] -> http://chiliPC:45523/ ['http://chiliPC:38803/']: sec=0.04, result=[1, '', 0]
[rosmaster.master][INFO] 2019-03-18 14:14:30,992: publisherUpdate[/sensor_node_00_06_66_D2_CF_7B/detectedRobots] -> http://chiliPC:40081/ ['http://chiliPC:38343/']
[rosmaster.master][INFO] 2019-03-18 14:14:30,995: +SUB [/cellulo_node_00_06_66_E7_8E_BD/velocity] /aggregation_node_00_06_66_E7_8E_BD http://chiliPC:46099/
[rosmaster.master][INFO] 2019-03-18 14:14:30,997: publisherUpdate[/sensor_node_00_06_66_E7_8E_BD/detectedRobots] -> http://chiliPC:46099/ ['http://chiliPC:38295/']: sec=0.03, result=[1, '', 0]
[rosmaster.master][INFO] 2019-03-18 14:14:30,998: publisherUpdate[/sensor_node_00_06_66_E7_8E_BD/detectedObstacles] -> http://chiliPC:46099/ ['http://chiliPC:38295/']
[rosmaster.master][INFO] 2019-03-18 14:14:31,000: +SUB [/cellulo_node_00_06_66_E7_8A_D6/vibrateOnMotion] /cellulo_node_00_06_66_E7_8A_D6 http://chiliPC:36129/
[rosmaster.master][INFO] 2019-03-18 14:14:31,000: publisherUpdate[/sensor_node_00_06_66_E7_8E_BD/detectedObstacles] -> http://chiliPC:46099/ ['http://chiliPC:38295/']: sec=0.00, result=[1, '', 0]
[rosmaster.master][INFO] 2019-03-18 14:14:31,001: publisherUpdate[/rosout] -> http://chiliPC:35157/ ['http://chiliPC:36129/', 'http://chiliPC:37915/', 'http://chiliPC:38803/', 'http://chiliPC:43489/', 'http://chiliPC:38295/', 'http://chiliPC:38343/', 'http://chiliPC:45523/', 'http://chiliPC:46099/', 'http://chiliPC:40081/', 'http://chiliPC:34607/', 'http://chiliPC:34731/', 'http://chiliPC:41401/', 'http://chiliPC:44037/', 'http://chiliPC:42513/']
[rosmaster.master][INFO] 2019-03-18 14:14:31,003: +SUB [/cellulo_node_00_06_66_D2_CF_7B/velocity] /aggregation_node_00_06_66_D2_CF_7B http://chiliPC:40081/
[rosmaster.master][INFO] 2019-03-18 14:14:31,004: publisherUpdate[/rosout] -> http://chiliPC:35157/ ['http://chiliPC:36129/', 'http://chiliPC:37915/', 'http://chiliPC:38803/', 'http://chiliPC:43489/', 'http://chiliPC:38295/', 'http://chiliPC:38343/', 'http://chiliPC:45523/', 'http://chiliPC:46099/', 'http://chiliPC:40081/', 'http://chiliPC:34607/', 'http://chiliPC:34731/', 'http://chiliPC:41401/', 'http://chiliPC:44037/', 'http://chiliPC:42513/']: sec=0.00, result=[1, '', 0]
[rosmaster.master][INFO] 2019-03-18 14:14:31,006: publisherUpdate[/sensor_node_00_06_66_D2_CF_7B/detectedRobots] -> http://chiliPC:40081/ ['http://chiliPC:38343/']: sec=0.01, result=[1, '', 0]
[rosmaster.master][INFO] 2019-03-18 14:14:31,006: publisherUpdate[/sensor_node_00_06_66_D2_CF_7B/detectedObstacles] -> http://chiliPC:40081/ ['http://chiliPC:38343/']
[rosmaster.master][INFO] 2019-03-18 14:14:31,008: publisherUpdate[/sensor_node_00_06_66_D2_CF_7B/detectedObstacles] -> http://chiliPC:40081/ ['http://chiliPC:38343/']: sec=0.00, result=[1, '', 0]
[rosmaster.master][INFO] 2019-03-18 14:14:31,012: +SUB [/cellulo_node_00_06_66_D2_CF_7B/shutdown] /cellulo_node_00_06_66_D2_CF_7B http://chiliPC:43489/
[rosmaster.master][INFO] 2019-03-18 14:14:31,013: +SUB [/cellulo_node_00_06_66_E7_8E_BD/clearHapticFeedback] /cellulo_node_00_06_66_E7_8E_BD http://chiliPC:37915/
[rosmaster.master][INFO] 2019-03-18 14:14:31,018: +SUB [/cellulo_node_00_06_66_E7_8A_D6/simpleVibrate] /cellulo_node_00_06_66_E7_8A_D6 http://chiliPC:36129/
[rosmaster.master][INFO] 2019-03-18 14:14:31,024: +SUB [/cellulo_node_00_06_66_D2_CF_7B/clearHapticFeedback] /cellulo_node_00_06_66_D2_CF_7B http://chiliPC:43489/
[rosmaster.master][INFO] 2019-03-18 14:14:31,024: +SUB [/cellulo_node_00_06_66_E7_8E_BD/vibrateOnMotion] /cellulo_node_00_06_66_E7_8E_BD http://chiliPC:37915/
[rosmaster.master][INFO] 2019-03-18 14:14:31,029: +SUB [/cellulo_node_00_06_66_E7_8A_D6/setGestureEnabled] /cellulo_node_00_06_66_E7_8A_D6 http://chiliPC:36129/
[rosmaster.master][INFO] 2019-03-18 14:14:31,034: +SUB [/cellulo_node_00_06_66_D2_CF_7B/vibrateOnMotion] /cellulo_node_00_06_66_D2_CF_7B http://chiliPC:43489/
[rosmaster.master][INFO] 2019-03-18 14:14:31,036: +SUB [/cellulo_node_00_06_66_E7_8E_BD/simpleVibrate] /cellulo_node_00_06_66_E7_8E_BD http://chiliPC:37915/
[rosmaster.master][INFO] 2019-03-18 14:14:31,041: +SUB [/cellulo_node_00_06_66_E7_8A_D6/setCasualBackdriveAssistEnabled] /cellulo_node_00_06_66_E7_8A_D6 http://chiliPC:36129/
[rosmaster.master][INFO] 2019-03-18 14:14:31,043: +PUB [/cellulo_node_00_06_66_E7_8A_D6/touchKey] /cellulo_node_00_06_66_E7_8A_D6 http://chiliPC:36129/
[rosmaster.master][INFO] 2019-03-18 14:14:31,045: +PUB [/cellulo_node_00_06_66_E7_8A_D6/longTouchKey] /cellulo_node_00_06_66_E7_8A_D6 http://chiliPC:36129/
[rosmaster.master][INFO] 2019-03-18 14:14:31,046: +SUB [/cellulo_node_00_06_66_D2_CF_7B/simpleVibrate] /cellulo_node_00_06_66_D2_CF_7B http://chiliPC:43489/
[rosmaster.master][INFO] 2019-03-18 14:14:31,047: +SUB [/cellulo_node_00_06_66_E7_8E_BD/setGestureEnabled] /cellulo_node_00_06_66_E7_8E_BD http://chiliPC:37915/
[rosmaster.master][INFO] 2019-03-18 14:14:31,048: +PUB [/cellulo_node_00_06_66_E7_8A_D6/kidnapped] /cellulo_node_00_06_66_E7_8A_D6 http://chiliPC:36129/
[rosmaster.master][INFO] 2019-03-18 14:14:31,050: +PUB [/cellulo_node_00_06_66_E7_8A_D6/velocity] /cellulo_node_00_06_66_E7_8A_D6 http://chiliPC:36129/
[rosmaster.master][INFO] 2019-03-18 14:14:31,052: +PUB [/cellulo_node_00_06_66_E7_8A_D6/connectionStatus] /cellulo_node_00_06_66_E7_8A_D6 http://chiliPC:36129/
[rosmaster.master][INFO] 2019-03-18 14:14:31,054: +PUB [/cellulo_node_00_06_66_E7_8A_D6/localAdapterAdress] /cellulo_node_00_06_66_E7_8A_D6 http://chiliPC:36129/
[rosmaster.master][INFO] 2019-03-18 14:14:31,056: +PUB [/cellulo_node_00_06_66_E7_8A_D6/autoConnect] /cellulo_node_00_06_66_E7_8A_D6 http://chiliPC:36129/
[rosmaster.master][INFO] 2019-03-18 14:14:31,057: +SUB [/cellulo_node_00_06_66_D2_CF_7B/setGestureEnabled] /cellulo_node_00_06_66_D2_CF_7B http://chiliPC:43489/
[rosmaster.master][INFO] 2019-03-18 14:14:31,058: +SUB [/cellulo_node_00_06_66_E7_8E_BD/setCasualBackdriveAssistEnabled] /cellulo_node_00_06_66_E7_8E_BD http://chiliPC:37915/
[rosmaster.master][INFO] 2019-03-18 14:14:31,058: +PUB [/cellulo_node_00_06_66_E7_8A_D6/batteryState] /cellulo_node_00_06_66_E7_8A_D6 http://chiliPC:36129/
[rosmaster.master][INFO] 2019-03-18 14:14:31,059: +PUB [/cellulo_node_00_06_66_E7_8E_BD/touchKey] /cellulo_node_00_06_66_E7_8E_BD http://chiliPC:37915/
[rosmaster.master][INFO] 2019-03-18 14:14:31,060: +PUB [/cellulo_node_00_06_66_E7_8A_D6/gesture] /cellulo_node_00_06_66_E7_8A_D6 http://chiliPC:36129/
[rosmaster.master][INFO] 2019-03-18 14:14:31,062: +PUB [/cellulo_node_00_06_66_E7_8E_BD/longTouchKey] /cellulo_node_00_06_66_E7_8E_BD http://chiliPC:37915/
[rosmaster.master][INFO] 2019-03-18 14:14:31,063: +PUB [/cellulo_node_00_06_66_E7_8A_D6/lastTimestamp] /cellulo_node_00_06_66_E7_8A_D6 http://chiliPC:36129/
[rosmaster.master][INFO] 2019-03-18 14:14:31,065: +PUB [/cellulo_node_00_06_66_E7_8E_BD/kidnapped] /cellulo_node_00_06_66_E7_8E_BD http://chiliPC:37915/
[rosmaster.master][INFO] 2019-03-18 14:14:31,065: +PUB [/cellulo_node_00_06_66_E7_8A_D6/framerate] /cellulo_node_00_06_66_E7_8A_D6 http://chiliPC:36129/
[rosmaster.master][INFO] 2019-03-18 14:14:31,067: +PUB [/cellulo_node_00_06_66_E7_8E_BD/velocity] /cellulo_node_00_06_66_E7_8E_BD http://chiliPC:37915/
[rosmaster.master][INFO] 2019-03-18 14:14:31,068: +PUB [/cellulo_node_00_06_66_E7_8A_D6/cameraImageProgress] /cellulo_node_00_06_66_E7_8A_D6 http://chiliPC:36129/
[rosmaster.master][INFO] 2019-03-18 14:14:31,069: +SUB [/cellulo_node_00_06_66_D2_CF_7B/setCasualBackdriveAssistEnabled] /cellulo_node_00_06_66_D2_CF_7B http://chiliPC:43489/
[rosmaster.master][INFO] 2019-03-18 14:14:31,069: +PUB [/cellulo_node_00_06_66_E7_8E_BD/connectionStatus] /cellulo_node_00_06_66_E7_8E_BD http://chiliPC:37915/
[rosmaster.master][INFO] 2019-03-18 14:14:31,071: +PUB [/cellulo_node_00_06_66_E7_8A_D6/poseVelControlEnable] /cellulo_node_00_06_66_E7_8A_D6 http://chiliPC:36129/
[rosmaster.master][INFO] 2019-03-18 14:14:31,072: +PUB [/cellulo_node_00_06_66_D2_CF_7B/touchKey] /cellulo_node_00_06_66_D2_CF_7B http://chiliPC:43489/
[rosmaster.master][INFO] 2019-03-18 14:14:31,073: +PUB [/cellulo_node_00_06_66_E7_8E_BD/localAdapterAdress] /cellulo_node_00_06_66_E7_8E_BD http://chiliPC:37915/
[rosmaster.master][INFO] 2019-03-18 14:14:31,074: +PUB [/cellulo_node_00_06_66_E7_8A_D6/poseVelControlPeriod] /cellulo_node_00_06_66_E7_8A_D6 http://chiliPC:36129/
[rosmaster.master][INFO] 2019-03-18 14:14:31,075: +PUB [/cellulo_node_00_06_66_D2_CF_7B/longTouchKey] /cellulo_node_00_06_66_D2_CF_7B http://chiliPC:43489/
[rosmaster.master][INFO] 2019-03-18 14:14:31,076: +PUB [/cellulo_node_00_06_66_E7_8E_BD/autoConnect] /cellulo_node_00_06_66_E7_8E_BD http://chiliPC:37915/
[rosmaster.master][INFO] 2019-03-18 14:14:31,077: +PUB [/cellulo_node_00_06_66_E7_8A_D6/visualization_marker_robot] /cellulo_node_00_06_66_E7_8A_D6 http://chiliPC:36129/
[rosmaster.master][INFO] 2019-03-18 14:14:31,078: +PUB [/cellulo_node_00_06_66_D2_CF_7B/kidnapped] /cellulo_node_00_06_66_D2_CF_7B http://chiliPC:43489/
[rosmaster.master][INFO] 2019-03-18 14:14:31,079: +PUB [/cellulo_node_00_06_66_E7_8E_BD/batteryState] /cellulo_node_00_06_66_E7_8E_BD http://chiliPC:37915/
[rosmaster.master][INFO] 2019-03-18 14:14:31,080: +PUB [/cellulo_node_00_06_66_E7_8A_D6/visualization_marker_traj] /cellulo_node_00_06_66_E7_8A_D6 http://chiliPC:36129/
[rosmaster.master][INFO] 2019-03-18 14:14:31,081: +PUB [/cellulo_node_00_06_66_D2_CF_7B/velocity] /cellulo_node_00_06_66_D2_CF_7B http://chiliPC:43489/
[rosmaster.master][INFO] 2019-03-18 14:14:31,082: +PUB [/cellulo_node_00_06_66_E7_8E_BD/gesture] /cellulo_node_00_06_66_E7_8E_BD http://chiliPC:37915/
[rosmaster.master][INFO] 2019-03-18 14:14:31,083: +SERVICE [/cellulo_node_00_06_66_E7_8A_D6/get_state] /cellulo_node_00_06_66_E7_8A_D6 http://chiliPC:36129/
[rosmaster.master][INFO] 2019-03-18 14:14:31,084: +PUB [/cellulo_node_00_06_66_D2_CF_7B/connectionStatus] /cellulo_node_00_06_66_D2_CF_7B http://chiliPC:43489/
[rosmaster.master][INFO] 2019-03-18 14:14:31,084: +PUB [/cellulo_node_00_06_66_E7_8E_BD/lastTimestamp] /cellulo_node_00_06_66_E7_8E_BD http://chiliPC:37915/
[rosmaster.master][INFO] 2019-03-18 14:14:31,085: +PUB [/cellulo_node_00_06_66_D2_CF_7B/localAdapterAdress] /cellulo_node_00_06_66_D2_CF_7B http://chiliPC:43489/
[rosmaster.master][INFO] 2019-03-18 14:14:31,086: +PUB [/cellulo_node_00_06_66_E7_8E_BD/framerate] /cellulo_node_00_06_66_E7_8E_BD http://chiliPC:37915/
[rosmaster.master][INFO] 2019-03-18 14:14:31,087: +PUB [/cellulo_node_00_06_66_D2_CF_7B/autoConnect] /cellulo_node_00_06_66_D2_CF_7B http://chiliPC:43489/
[rosmaster.master][INFO] 2019-03-18 14:14:31,088: +PUB [/cellulo_node_00_06_66_E7_8E_BD/cameraImageProgress] /cellulo_node_00_06_66_E7_8E_BD http://chiliPC:37915/
[rosmaster.master][INFO] 2019-03-18 14:14:31,088: +PUB [/cellulo_node_00_06_66_D2_CF_7B/batteryState] /cellulo_node_00_06_66_D2_CF_7B http://chiliPC:43489/
[rosmaster.master][INFO] 2019-03-18 14:14:31,089: +PUB [/cellulo_node_00_06_66_E7_8E_BD/poseVelControlEnable] /cellulo_node_00_06_66_E7_8E_BD http://chiliPC:37915/
[rosmaster.master][INFO] 2019-03-18 14:14:31,090: +PUB [/cellulo_node_00_06_66_D2_CF_7B/gesture] /cellulo_node_00_06_66_D2_CF_7B http://chiliPC:43489/
[rosmaster.master][INFO] 2019-03-18 14:14:31,091: +PUB [/cellulo_node_00_06_66_E7_8E_BD/poseVelControlPeriod] /cellulo_node_00_06_66_E7_8E_BD http://chiliPC:37915/
[rosmaster.master][INFO] 2019-03-18 14:14:31,092: +PUB [/cellulo_node_00_06_66_D2_CF_7B/lastTimestamp] /cellulo_node_00_06_66_D2_CF_7B http://chiliPC:43489/
[rosmaster.master][INFO] 2019-03-18 14:14:31,092: +PUB [/cellulo_node_00_06_66_E7_8E_BD/visualization_marker_robot] /cellulo_node_00_06_66_E7_8E_BD http://chiliPC:37915/
[rosmaster.master][INFO] 2019-03-18 14:14:31,093: +PUB [/cellulo_node_00_06_66_D2_CF_7B/framerate] /cellulo_node_00_06_66_D2_CF_7B http://chiliPC:43489/
[rosmaster.master][INFO] 2019-03-18 14:14:31,094: +PUB [/cellulo_node_00_06_66_E7_8E_BD/visualization_marker_traj] /cellulo_node_00_06_66_E7_8E_BD http://chiliPC:37915/
[rosmaster.master][INFO] 2019-03-18 14:14:31,095: +PUB [/cellulo_node_00_06_66_D2_CF_7B/cameraImageProgress] /cellulo_node_00_06_66_D2_CF_7B http://chiliPC:43489/
[rosmaster.master][INFO] 2019-03-18 14:14:31,095: +SERVICE [/cellulo_node_00_06_66_E7_8E_BD/get_state] /cellulo_node_00_06_66_E7_8E_BD http://chiliPC:37915/
[rosmaster.master][INFO] 2019-03-18 14:14:31,097: +PUB [/cellulo_node_00_06_66_D2_CF_7B/poseVelControlEnable] /cellulo_node_00_06_66_D2_CF_7B http://chiliPC:43489/
[rosmaster.master][INFO] 2019-03-18 14:14:31,097: +PUB [/cellulo_node_00_06_66_D2_CF_7B/poseVelControlPeriod] /cellulo_node_00_06_66_D2_CF_7B http://chiliPC:43489/
[rosmaster.master][INFO] 2019-03-18 14:14:31,098: +PUB [/cellulo_node_00_06_66_D2_CF_7B/visualization_marker_robot] /cellulo_node_00_06_66_D2_CF_7B http://chiliPC:43489/
[rosmaster.master][INFO] 2019-03-18 14:14:31,099: +PUB [/cellulo_node_00_06_66_D2_CF_7B/visualization_marker_traj] /cellulo_node_00_06_66_D2_CF_7B http://chiliPC:43489/
[rosmaster.master][INFO] 2019-03-18 14:14:31,099: +SERVICE [/cellulo_node_00_06_66_D2_CF_7B/get_state] /cellulo_node_00_06_66_D2_CF_7B http://chiliPC:43489/
[rosmaster.master][INFO] 2019-03-18 14:14:31,106: publisherUpdate[/cellulo_node_00_06_66_E7_8A_D6/velocity] -> http://chiliPC:45523/ ['http://chiliPC:36129/']
[rosmaster.master][INFO] 2019-03-18 14:14:31,107: publisherUpdate[/cellulo_node_00_06_66_E7_8A_D6/velocity] -> http://chiliPC:45523/ ['http://chiliPC:36129/']: sec=0.00, result=[1, '', 0]
[rosmaster.master][INFO] 2019-03-18 14:14:31,107: publisherUpdate[/cellulo_node_00_06_66_E7_8E_BD/velocity] -> http://chiliPC:46099/ ['http://chiliPC:37915/']
[rosmaster.master][INFO] 2019-03-18 14:14:31,108: publisherUpdate[/cellulo_node_00_06_66_E7_8E_BD/velocity] -> http://chiliPC:46099/ ['http://chiliPC:37915/']: sec=0.00, result=[1, '', 0]
[rosmaster.master][INFO] 2019-03-18 14:14:31,108: publisherUpdate[/cellulo_node_00_06_66_D2_CF_7B/velocity] -> http://chiliPC:40081/ ['http://chiliPC:43489/']
[rosmaster.master][INFO] 2019-03-18 14:14:31,109: publisherUpdate[/cellulo_node_00_06_66_D2_CF_7B/velocity] -> http://chiliPC:40081/ ['http://chiliPC:43489/']: sec=0.00, result=[1, '', 0]
[rosmaster.master][INFO] 2019-03-18 14:14:31,482: +SUB [/tf] /rviz_chiliPC_14257_6723093204131768855 http://chiliPC:42513/
[rosmaster.master][INFO] 2019-03-18 14:14:31,489: +SUB [/tf_static] /rviz_chiliPC_14257_6723093204131768855 http://chiliPC:42513/
[rosmaster.master][INFO] 2019-03-18 14:14:31,558: +PUB [/initialpose] /rviz_chiliPC_14257_6723093204131768855 http://chiliPC:42513/
[rosmaster.master][INFO] 2019-03-18 14:14:31,561: +PUB [/goal] /rviz_chiliPC_14257_6723093204131768855 http://chiliPC:42513/
[rosmaster.master][INFO] 2019-03-18 14:14:31,572: +SUB [/visualization_marker] /rviz_chiliPC_14257_6723093204131768855 http://chiliPC:42513/
[rosmaster.master][INFO] 2019-03-18 14:14:31,578: +SUB [/visualization_marker_array] /rviz_chiliPC_14257_6723093204131768855 http://chiliPC:42513/
[rosmaster.master][INFO] 2019-03-18 14:14:31,579: -SUB [/visualization_marker] /rviz_chiliPC_14257_6723093204131768855 http://chiliPC:42513/
[rosmaster.master][INFO] 2019-03-18 14:14:31,581: -SUB [/visualization_marker_array] /rviz_chiliPC_14257_6723093204131768855 http://chiliPC:42513/
[rosmaster.master][INFO] 2019-03-18 14:14:31,588: +SUB [/cellulo_node_3E_7E/visualization_marker_robot] /rviz_chiliPC_14257_6723093204131768855 http://chiliPC:42513/
[rosmaster.master][INFO] 2019-03-18 14:14:31,595: +SUB [/cellulo_node_3E_7E/visualization_marker_robot_array] /rviz_chiliPC_14257_6723093204131768855 http://chiliPC:42513/
[rosmaster.master][INFO] 2019-03-18 14:14:31,602: +SUB [/visualization_marker] /rviz_chiliPC_14257_6723093204131768855 http://chiliPC:42513/
[rosmaster.master][INFO] 2019-03-18 14:14:31,609: +SUB [/visualization_marker_array] /rviz_chiliPC_14257_6723093204131768855 http://chiliPC:42513/
[rosmaster.master][INFO] 2019-03-18 14:14:31,610: -SUB [/visualization_marker] /rviz_chiliPC_14257_6723093204131768855 http://chiliPC:42513/
[rosmaster.master][INFO] 2019-03-18 14:14:31,611: -SUB [/visualization_marker_array] /rviz_chiliPC_14257_6723093204131768855 http://chiliPC:42513/
[rosmaster.master][INFO] 2019-03-18 14:14:31,618: +SUB [/cellulo_node_3E_82/visualization_marker_robot] /rviz_chiliPC_14257_6723093204131768855 http://chiliPC:42513/
[rosmaster.master][INFO] 2019-03-18 14:14:31,624: +SUB [/cellulo_node_3E_82/visualization_marker_robot_array] /rviz_chiliPC_14257_6723093204131768855 http://chiliPC:42513/
[rosmaster.master][INFO] 2019-03-18 14:14:31,627: -PUB [/goal] /rviz_chiliPC_14257_6723093204131768855 http://chiliPC:42513/
[rosmaster.master][INFO] 2019-03-18 14:14:31,628: -PUB [/initialpose] /rviz_chiliPC_14257_6723093204131768855 http://chiliPC:42513/
[rosmaster.master][INFO] 2019-03-18 14:14:31,635: +PUB [/initialpose] /rviz_chiliPC_14257_6723093204131768855 http://chiliPC:42513/
[rosmaster.master][INFO] 2019-03-18 14:14:31,637: +PUB [/goal] /rviz_chiliPC_14257_6723093204131768855 http://chiliPC:42513/
[rosmaster.master][INFO] 2019-03-18 14:14:31,638: +PUB [/move_base_simple/goal] /rviz_chiliPC_14257_6723093204131768855 http://chiliPC:42513/
[rosmaster.master][INFO] 2019-03-18 14:14:31,640: -PUB [/goal] /rviz_chiliPC_14257_6723093204131768855 http://chiliPC:42513/
[rosmaster.master][INFO] 2019-03-18 14:14:31,641: +PUB [/clicked_point] /rviz_chiliPC_14257_6723093204131768855 http://chiliPC:42513/
[rosmaster.master][INFO] 2019-03-18 14:14:31,712: +SERVICE [/rviz_chiliPC_14257_6723093204131768855/reload_shaders] /rviz_chiliPC_14257_6723093204131768855 http://chiliPC:42513/
[rosmaster.master][INFO] 2019-03-18 14:14:34,131: -SUB [/cellulo_node_3E_7E/visualization_marker_robot] /rviz_chiliPC_14257_6723093204131768855 http://chiliPC:42513/
[rosmaster.master][INFO] 2019-03-18 14:14:34,133: -SUB [/cellulo_node_3E_7E/visualization_marker_robot_array] /rviz_chiliPC_14257_6723093204131768855 http://chiliPC:42513/
[rosmaster.master][INFO] 2019-03-18 14:14:34,135: -SUB [/cellulo_node_3E_82/visualization_marker_robot] /rviz_chiliPC_14257_6723093204131768855 http://chiliPC:42513/
[rosmaster.master][INFO] 2019-03-18 14:14:34,136: -SUB [/cellulo_node_3E_82/visualization_marker_robot_array] /rviz_chiliPC_14257_6723093204131768855 http://chiliPC:42513/
[rosmaster.master][INFO] 2019-03-18 14:14:34,139: -PUB [/clicked_point] /rviz_chiliPC_14257_6723093204131768855 http://chiliPC:42513/
[rosmaster.master][INFO] 2019-03-18 14:14:34,140: -PUB [/move_base_simple/goal] /rviz_chiliPC_14257_6723093204131768855 http://chiliPC:42513/
[rosmaster.master][INFO] 2019-03-18 14:14:34,142: -PUB [/initialpose] /rviz_chiliPC_14257_6723093204131768855 http://chiliPC:42513/
[rosmaster.master][INFO] 2019-03-18 14:14:34,150: -SUB [/tf_static] /rviz_chiliPC_14257_6723093204131768855 http://chiliPC:42513/
[rosmaster.master][INFO] 2019-03-18 14:14:34,151: -SUB [/tf] /rviz_chiliPC_14257_6723093204131768855 http://chiliPC:42513/
[rosmaster.master][INFO] 2019-03-18 14:14:34,158: -SERVICE [/rviz_chiliPC_14257_6723093204131768855/reload_shaders] /rviz_chiliPC_14257_6723093204131768855 rosrpc://chiliPC:39975
[rosmaster.master][INFO] 2019-03-18 14:14:34,313: -PUB [/rosout] /rviz_chiliPC_14257_6723093204131768855 http://chiliPC:42513/
[rosmaster.master][INFO] 2019-03-18 14:14:34,315: -SERVICE [/rviz_chiliPC_14257_6723093204131768855/get_loggers] /rviz_chiliPC_14257_6723093204131768855 rosrpc://chiliPC:39975
[rosmaster.master][INFO] 2019-03-18 14:14:34,315: publisherUpdate[/rosout] -> http://chiliPC:35157/ ['http://chiliPC:36129/', 'http://chiliPC:37915/', 'http://chiliPC:38803/', 'http://chiliPC:43489/', 'http://chiliPC:38295/', 'http://chiliPC:38343/', 'http://chiliPC:45523/', 'http://chiliPC:46099/', 'http://chiliPC:40081/', 'http://chiliPC:34607/', 'http://chiliPC:34731/', 'http://chiliPC:41401/', 'http://chiliPC:44037/']
[rosmaster.master][INFO] 2019-03-18 14:14:34,316: -SERVICE [/rviz_chiliPC_14257_6723093204131768855/set_logger_level] /rviz_chiliPC_14257_6723093204131768855 rosrpc://chiliPC:39975
[rosmaster.master][INFO] 2019-03-18 14:14:34,318: publisherUpdate[/rosout] -> http://chiliPC:35157/ ['http://chiliPC:36129/', 'http://chiliPC:37915/', 'http://chiliPC:38803/', 'http://chiliPC:43489/', 'http://chiliPC:38295/', 'http://chiliPC:38343/', 'http://chiliPC:45523/', 'http://chiliPC:46099/', 'http://chiliPC:40081/', 'http://chiliPC:34607/', 'http://chiliPC:34731/', 'http://chiliPC:41401/', 'http://chiliPC:44037/']: sec=0.00, result=[1, '', 0]
[rosmaster.master][INFO] 2019-03-18 14:14:35,977: +PUB [/tf] /cellulo_node_00_06_66_E7_8A_D6 http://chiliPC:36129/
[rosmaster.master][INFO] 2019-03-18 14:14:36,019: publisherUpdate[/tf] -> http://chiliPC:34607/ ['http://chiliPC:36129/']
[rosmaster.master][INFO] 2019-03-18 14:14:36,021: publisherUpdate[/tf] -> http://chiliPC:34607/ ['http://chiliPC:36129/']: sec=0.00, result=[1, '', 0]
[rosmaster.master][INFO] 2019-03-18 14:14:36,021: publisherUpdate[/tf] -> http://chiliPC:34731/ ['http://chiliPC:36129/']
[rosmaster.master][INFO] 2019-03-18 14:14:36,022: publisherUpdate[/tf] -> http://chiliPC:38803/ ['http://chiliPC:36129/']
[rosmaster.master][INFO] 2019-03-18 14:14:36,023: publisherUpdate[/tf] -> http://chiliPC:34731/ ['http://chiliPC:36129/']: sec=0.00, result=[1, '', 0]
[rosmaster.master][INFO] 2019-03-18 14:14:36,024: publisherUpdate[/tf] -> http://chiliPC:38803/ ['http://chiliPC:36129/']: sec=0.00, result=[1, '', 0]
[rosmaster.master][INFO] 2019-03-18 14:14:36,024: publisherUpdate[/tf] -> http://chiliPC:41401/ ['http://chiliPC:36129/']
[rosmaster.master][INFO] 2019-03-18 14:14:36,024: publisherUpdate[/tf] -> http://chiliPC:38295/ ['http://chiliPC:36129/']
[rosmaster.master][INFO] 2019-03-18 14:14:36,026: publisherUpdate[/tf] -> http://chiliPC:38295/ ['http://chiliPC:36129/']: sec=0.00, result=[1, '', 0]
[rosmaster.master][INFO] 2019-03-18 14:14:36,026: publisherUpdate[/tf] -> http://chiliPC:41401/ ['http://chiliPC:36129/']: sec=0.00, result=[1, '', 0]
[rosmaster.master][INFO] 2019-03-18 14:14:36,027: publisherUpdate[/tf] -> http://chiliPC:38343/ ['http://chiliPC:36129/']
[rosmaster.master][INFO] 2019-03-18 14:14:36,028: publisherUpdate[/tf] -> http://chiliPC:38343/ ['http://chiliPC:36129/']: sec=0.00, result=[1, '', 0]
[rosmaster.master][INFO] 2019-03-18 14:14:36,187: +PUB [/tf] /cellulo_node_00_06_66_D2_CF_7B http://chiliPC:43489/
[rosmaster.master][INFO] 2019-03-18 14:14:36,227: publisherUpdate[/tf] -> http://chiliPC:34607/ ['http://chiliPC:36129/', 'http://chiliPC:43489/']
[rosmaster.master][INFO] 2019-03-18 14:14:36,229: publisherUpdate[/tf] -> http://chiliPC:34731/ ['http://chiliPC:36129/', 'http://chiliPC:43489/']
[rosmaster.master][INFO] 2019-03-18 14:14:36,229: publisherUpdate[/tf] -> http://chiliPC:34607/ ['http://chiliPC:36129/', 'http://chiliPC:43489/']: sec=0.00, result=[1, '', 0]
[rosmaster.master][INFO] 2019-03-18 14:14:36,230: publisherUpdate[/tf] -> http://chiliPC:38803/ ['http://chiliPC:36129/', 'http://chiliPC:43489/']
[rosmaster.master][INFO] 2019-03-18 14:14:36,231: publisherUpdate[/tf] -> http://chiliPC:34731/ ['http://chiliPC:36129/', 'http://chiliPC:43489/']: sec=0.00, result=[1, '', 0]
[rosmaster.master][INFO] 2019-03-18 14:14:36,231: publisherUpdate[/tf] -> http://chiliPC:41401/ ['http://chiliPC:36129/', 'http://chiliPC:43489/']
[rosmaster.master][INFO] 2019-03-18 14:14:36,232: publisherUpdate[/tf] -> http://chiliPC:38803/ ['http://chiliPC:36129/', 'http://chiliPC:43489/']: sec=0.00, result=[1, '', 0]
[rosmaster.master][INFO] 2019-03-18 14:14:36,233: publisherUpdate[/tf] -> http://chiliPC:38295/ ['http://chiliPC:36129/', 'http://chiliPC:43489/']
[rosmaster.master][INFO] 2019-03-18 14:14:36,234: publisherUpdate[/tf] -> http://chiliPC:41401/ ['http://chiliPC:36129/', 'http://chiliPC:43489/']: sec=0.00, result=[1, '', 0]
[rosmaster.master][INFO] 2019-03-18 14:14:36,234: publisherUpdate[/tf] -> http://chiliPC:38343/ ['http://chiliPC:36129/', 'http://chiliPC:43489/']
[rosmaster.master][INFO] 2019-03-18 14:14:36,235: publisherUpdate[/tf] -> http://chiliPC:38295/ ['http://chiliPC:36129/', 'http://chiliPC:43489/']: sec=0.00, result=[1, '', 0]
[rosmaster.master][INFO] 2019-03-18 14:14:36,236: publisherUpdate[/tf] -> http://chiliPC:38343/ ['http://chiliPC:36129/', 'http://chiliPC:43489/']: sec=0.00, result=[1, '', 0]
[rosmaster.master][INFO] 2019-03-18 14:14:36,436: -PUB [/rosout] /sensor_node_00_06_66_E7_8E_BD http://chiliPC:38295/
[rosmaster.master][INFO] 2019-03-18 14:14:36,436: publisherUpdate[/rosout] -> http://chiliPC:35157/ ['http://chiliPC:36129/', 'http://chiliPC:37915/', 'http://chiliPC:38803/', 'http://chiliPC:43489/', 'http://chiliPC:38343/', 'http://chiliPC:45523/', 'http://chiliPC:46099/', 'http://chiliPC:40081/', 'http://chiliPC:34607/', 'http://chiliPC:34731/', 'http://chiliPC:41401/', 'http://chiliPC:44037/']
[rosmaster.master][INFO] 2019-03-18 14:14:36,437: -PUB [/sensor_node_00_06_66_E7_8E_BD/detectedRobots] /sensor_node_00_06_66_E7_8E_BD http://chiliPC:38295/
[rosmaster.master][INFO] 2019-03-18 14:14:36,437: publisherUpdate[/rosout] -> http://chiliPC:35157/ ['http://chiliPC:36129/', 'http://chiliPC:37915/', 'http://chiliPC:38803/', 'http://chiliPC:43489/', 'http://chiliPC:38343/', 'http://chiliPC:45523/', 'http://chiliPC:46099/', 'http://chiliPC:40081/', 'http://chiliPC:34607/', 'http://chiliPC:34731/', 'http://chiliPC:41401/', 'http://chiliPC:44037/']: sec=0.00, result=[1, '', 0]
[rosmaster.master][INFO] 2019-03-18 14:14:36,438: publisherUpdate[/sensor_node_00_06_66_E7_8E_BD/detectedRobots] -> http://chiliPC:46099/ []
[rosmaster.master][INFO] 2019-03-18 14:14:36,438: -PUB [/sensor_node_00_06_66_E7_8E_BD/detectedObstacles] /sensor_node_00_06_66_E7_8E_BD http://chiliPC:38295/
[rosmaster.master][INFO] 2019-03-18 14:14:36,439: publisherUpdate[/sensor_node_00_06_66_E7_8E_BD/detectedRobots] -> http://chiliPC:46099/ []: sec=0.00, result=[1, '', 0]
[rosmaster.master][INFO] 2019-03-18 14:14:36,439: publisherUpdate[/sensor_node_00_06_66_E7_8E_BD/detectedObstacles] -> http://chiliPC:46099/ []
[rosmaster.master][INFO] 2019-03-18 14:14:36,440: -SUB [/setThreshold] /sensor_node_00_06_66_E7_8E_BD http://chiliPC:38295/
[rosmaster.master][INFO] 2019-03-18 14:14:36,440: publisherUpdate[/sensor_node_00_06_66_E7_8E_BD/detectedObstacles] -> http://chiliPC:46099/ []: sec=0.00, result=[1, '', 0]
[rosmaster.master][INFO] 2019-03-18 14:14:36,441: -SUB [/tf] /sensor_node_00_06_66_E7_8E_BD http://chiliPC:38295/
[rosmaster.master][INFO] 2019-03-18 14:14:36,441: -SUB [/tf_static] /sensor_node_00_06_66_E7_8E_BD http://chiliPC:38295/
[rosmaster.master][INFO] 2019-03-18 14:14:36,442: -SERVICE [/sensor_node_00_06_66_E7_8E_BD/get_loggers] /sensor_node_00_06_66_E7_8E_BD rosrpc://chiliPC:56413
[rosmaster.master][INFO] 2019-03-18 14:14:36,443: -SERVICE [/sensor_node_00_06_66_E7_8E_BD/set_logger_level] /sensor_node_00_06_66_E7_8E_BD rosrpc://chiliPC:56413
[rosmaster.master][INFO] 2019-03-18 14:14:36,515: -PUB [/rosout] /paper_world_broadcaster http://chiliPC:44037/
[rosmaster.master][INFO] 2019-03-18 14:14:36,516: -PUB [/tf_static] /paper_world_broadcaster http://chiliPC:44037/
[rosmaster.master][INFO] 2019-03-18 14:14:36,517: -SERVICE [/paper_world_broadcaster/get_loggers] /paper_world_broadcaster rosrpc://chiliPC:52953
[rosmaster.master][INFO] 2019-03-18 14:14:36,518: -SERVICE [/paper_world_broadcaster/set_logger_level] /paper_world_broadcaster rosrpc://chiliPC:52953
[rosmaster.master][INFO] 2019-03-18 14:14:36,519: -PUB [/rosout] /aggregation_node_00_06_66_E7_8A_D6 http://chiliPC:45523/
[rosmaster.master][INFO] 2019-03-18 14:14:36,519: -PUB [/cellulo_node_00_06_66_E7_8A_D6/setGoalVelocity] /aggregation_node_00_06_66_E7_8A_D6 http://chiliPC:45523/
[rosmaster.master][INFO] 2019-03-18 14:14:36,520: -PUB [/rosout] /aggregation_node_00_06_66_D2_CF_7B http://chiliPC:40081/
[rosmaster.master][INFO] 2019-03-18 14:14:36,521: -SUB [/setThetaDis] /aggregation_node_00_06_66_E7_8A_D6 http://chiliPC:45523/
[rosmaster.master][INFO] 2019-03-18 14:14:36,522: -PUB [/cellulo_node_00_06_66_D2_CF_7B/setGoalVelocity] /aggregation_node_00_06_66_D2_CF_7B http://chiliPC:40081/
[rosmaster.master][INFO] 2019-03-18 14:14:36,522: -SUB [/sensor_node_00_06_66_E7_8A_D6/detectedRobots] /aggregation_node_00_06_66_E7_8A_D6 http://chiliPC:45523/
[rosmaster.master][INFO] 2019-03-18 14:14:36,523: -SUB [/setThetaDis] /aggregation_node_00_06_66_D2_CF_7B http://chiliPC:40081/
[rosmaster.master][INFO] 2019-03-18 14:14:36,524: -SUB [/sensor_node_00_06_66_E7_8A_D6/detectedObstacles] /aggregation_node_00_06_66_E7_8A_D6 http://chiliPC:45523/
[rosmaster.master][INFO] 2019-03-18 14:14:36,524: -SUB [/sensor_node_00_06_66_D2_CF_7B/detectedRobots] /aggregation_node_00_06_66_D2_CF_7B http://chiliPC:40081/
[rosmaster.master][INFO] 2019-03-18 14:14:36,525: -SUB [/cellulo_node_00_06_66_E7_8A_D6/velocity] /aggregation_node_00_06_66_E7_8A_D6 http://chiliPC:45523/
[rosmaster.master][INFO] 2019-03-18 14:14:36,526: -SUB [/sensor_node_00_06_66_D2_CF_7B/detectedObstacles] /aggregation_node_00_06_66_D2_CF_7B http://chiliPC:40081/
[rosmaster.master][INFO] 2019-03-18 14:14:36,527: -SERVICE [/aggregation_node_00_06_66_E7_8A_D6/get_loggers] /aggregation_node_00_06_66_E7_8A_D6 rosrpc://chiliPC:40097
[rosmaster.master][INFO] 2019-03-18 14:14:36,528: -SUB [/cellulo_node_00_06_66_D2_CF_7B/velocity] /aggregation_node_00_06_66_D2_CF_7B http://chiliPC:40081/
[rosmaster.master][INFO] 2019-03-18 14:14:36,529: -SERVICE [/aggregation_node_00_06_66_E7_8A_D6/set_logger_level] /aggregation_node_00_06_66_E7_8A_D6 rosrpc://chiliPC:40097
[rosmaster.master][INFO] 2019-03-18 14:14:36,530: -SERVICE [/aggregation_node_00_06_66_D2_CF_7B/get_loggers] /aggregation_node_00_06_66_D2_CF_7B rosrpc://chiliPC:37301
[rosmaster.master][INFO] 2019-03-18 14:14:36,530: -PUB [/rosout] /tf_echo_00_06_66_E7_8A_D6 http://chiliPC:34607/
[rosmaster.master][INFO] 2019-03-18 14:14:36,531: -SERVICE [/aggregation_node_00_06_66_D2_CF_7B/set_logger_level] /aggregation_node_00_06_66_D2_CF_7B rosrpc://chiliPC:37301
[rosmaster.master][INFO] 2019-03-18 14:14:36,532: -SUB [/tf] /tf_echo_00_06_66_E7_8A_D6 http://chiliPC:34607/
[rosmaster.master][INFO] 2019-03-18 14:14:36,533: -PUB [/rosout] /tf_echo_00_06_66_E7_8E_BD http://chiliPC:34731/
[rosmaster.master][INFO] 2019-03-18 14:14:36,534: -PUB [/rosout] /sensor_node_00_06_66_E7_8A_D6 http://chiliPC:38803/
[rosmaster.master][INFO] 2019-03-18 14:14:36,534: -SUB [/tf_static] /tf_echo_00_06_66_E7_8A_D6 http://chiliPC:34607/
[rosmaster.master][INFO] 2019-03-18 14:14:36,535: -SUB [/tf] /tf_echo_00_06_66_E7_8E_BD http://chiliPC:34731/
[rosmaster.master][INFO] 2019-03-18 14:14:36,536: -PUB [/rosout] /tf_echo_00_06_66_D2_CF_7B http://chiliPC:41401/
[rosmaster.master][INFO] 2019-03-18 14:14:36,536: publisherUpdate[/rosout] -> http://chiliPC:35157/ ['http://chiliPC:36129/', 'http://chiliPC:37915/', 'http://chiliPC:38803/', 'http://chiliPC:43489/', 'http://chiliPC:38343/', 'http://chiliPC:45523/', 'http://chiliPC:46099/', 'http://chiliPC:40081/', 'http://chiliPC:34607/', 'http://chiliPC:34731/', 'http://chiliPC:41401/']
[rosmaster.master][INFO] 2019-03-18 14:14:36,537: -PUB [/sensor_node_00_06_66_E7_8A_D6/detectedRobots] /sensor_node_00_06_66_E7_8A_D6 http://chiliPC:38803/
[rosmaster.master][INFO] 2019-03-18 14:14:36,539: publisherUpdate[/rosout] -> http://chiliPC:35157/ ['http://chiliPC:36129/', 'http://chiliPC:37915/', 'http://chiliPC:38803/', 'http://chiliPC:43489/', 'http://chiliPC:38343/', 'http://chiliPC:45523/', 'http://chiliPC:46099/', 'http://chiliPC:40081/', 'http://chiliPC:34607/', 'http://chiliPC:34731/', 'http://chiliPC:41401/']: sec=0.00, result=[1, '', 0]
[rosmaster.master][INFO] 2019-03-18 14:14:36,540: -SERVICE [/tf_echo_00_06_66_E7_8A_D6/get_loggers] /tf_echo_00_06_66_E7_8A_D6 rosrpc://chiliPC:58799
[rosmaster.master][INFO] 2019-03-18 14:14:36,542: publisherUpdate[/tf_static] -> http://chiliPC:34607/ []
[rosmaster.master][INFO] 2019-03-18 14:14:36,542: publisherUpdate[/tf_static] -> http://chiliPC:34731/ []
[rosmaster.master][INFO] 2019-03-18 14:14:36,545: -SUB [/tf_static] /tf_echo_00_06_66_E7_8E_BD http://chiliPC:34731/
[rosmaster.master][INFO] 2019-03-18 14:14:36,545: publisherUpdate[/tf_static] -> http://chiliPC:34607/ []: sec=0.00, exception=<Fault -1: 'publisherUpdate: unknown method name'>
[rosmaster.master][INFO] 2019-03-18 14:14:36,546: publisherUpdate[/tf_static] -> http://chiliPC:34731/ []: sec=0.00, exception=<Fault -1: 'publisherUpdate: unknown method name'>
[rosmaster.master][INFO] 2019-03-18 14:14:36,547: publisherUpdate[/tf_static] -> http://chiliPC:38803/ []
[rosmaster.master][INFO] 2019-03-18 14:14:36,547: -PUB [/rosout] /sensor_node_00_06_66_D2_CF_7B http://chiliPC:38343/
[rosmaster.master][INFO] 2019-03-18 14:14:36,550: publisherUpdate[/tf_static] -> http://chiliPC:38803/ []: sec=0.00, exception=<Fault -1: 'publisherUpdate: unknown method name'>
[rosmaster.master][INFO] 2019-03-18 14:14:36,550: -SUB [/tf] /tf_echo_00_06_66_D2_CF_7B http://chiliPC:41401/
[rosmaster.master][INFO] 2019-03-18 14:14:36,551: -PUB [/rosout] /aggregation_node_00_06_66_E7_8E_BD http://chiliPC:46099/
[rosmaster.master][INFO] 2019-03-18 14:14:36,552: -PUB [/sensor_node_00_06_66_E7_8A_D6/detectedObstacles] /sensor_node_00_06_66_E7_8A_D6 http://chiliPC:38803/
[rosmaster.master][INFO] 2019-03-18 14:14:36,553: -SERVICE [/tf_echo_00_06_66_E7_8A_D6/set_logger_level] /tf_echo_00_06_66_E7_8A_D6 rosrpc://chiliPC:58799
[rosmaster.master][INFO] 2019-03-18 14:14:36,554: -SERVICE [/tf_echo_00_06_66_E7_8E_BD/get_loggers] /tf_echo_00_06_66_E7_8E_BD rosrpc://chiliPC:38385
[rosmaster.master][INFO] 2019-03-18 14:14:36,554: -PUB [/sensor_node_00_06_66_D2_CF_7B/detectedRobots] /sensor_node_00_06_66_D2_CF_7B http://chiliPC:38343/
[rosmaster.master][INFO] 2019-03-18 14:14:36,556: -SUB [/tf_static] /tf_echo_00_06_66_D2_CF_7B http://chiliPC:41401/
[rosmaster.master][INFO] 2019-03-18 14:14:36,556: -PUB [/cellulo_node_00_06_66_E7_8E_BD/setGoalVelocity] /aggregation_node_00_06_66_E7_8E_BD http://chiliPC:46099/
[rosmaster.master][INFO] 2019-03-18 14:14:36,557: -SUB [/setThreshold] /sensor_node_00_06_66_E7_8A_D6 http://chiliPC:38803/
[rosmaster.master][INFO] 2019-03-18 14:14:36,558: -SERVICE [/tf_echo_00_06_66_E7_8E_BD/set_logger_level] /tf_echo_00_06_66_E7_8E_BD rosrpc://chiliPC:38385
[rosmaster.master][INFO] 2019-03-18 14:14:36,559: -PUB [/sensor_node_00_06_66_D2_CF_7B/detectedObstacles] /sensor_node_00_06_66_D2_CF_7B http://chiliPC:38343/
[rosmaster.master][INFO] 2019-03-18 14:14:36,560: -SERVICE [/tf_echo_00_06_66_D2_CF_7B/get_loggers] /tf_echo_00_06_66_D2_CF_7B rosrpc://chiliPC:43695
[rosmaster.master][INFO] 2019-03-18 14:14:36,561: -SUB [/setThetaDis] /aggregation_node_00_06_66_E7_8E_BD http://chiliPC:46099/
[rosmaster.master][INFO] 2019-03-18 14:14:36,561: -SUB [/tf] /sensor_node_00_06_66_E7_8A_D6 http://chiliPC:38803/
[rosmaster.master][INFO] 2019-03-18 14:14:36,562: -SUB [/setThreshold] /sensor_node_00_06_66_D2_CF_7B http://chiliPC:38343/
[rosmaster.master][INFO] 2019-03-18 14:14:36,563: -SERVICE [/tf_echo_00_06_66_D2_CF_7B/set_logger_level] /tf_echo_00_06_66_D2_CF_7B rosrpc://chiliPC:43695
[rosmaster.master][INFO] 2019-03-18 14:14:36,564: -SUB [/sensor_node_00_06_66_E7_8E_BD/detectedRobots] /aggregation_node_00_06_66_E7_8E_BD http://chiliPC:46099/
[rosmaster.master][INFO] 2019-03-18 14:14:36,564: -SUB [/tf_static] /sensor_node_00_06_66_E7_8A_D6 http://chiliPC:38803/
[rosmaster.master][INFO] 2019-03-18 14:14:36,565: -SUB [/tf] /sensor_node_00_06_66_D2_CF_7B http://chiliPC:38343/
[rosmaster.master][INFO] 2019-03-18 14:14:36,565: -SUB [/sensor_node_00_06_66_E7_8E_BD/detectedObstacles] /aggregation_node_00_06_66_E7_8E_BD http://chiliPC:46099/
[rosmaster.master][INFO] 2019-03-18 14:14:36,566: -SERVICE [/sensor_node_00_06_66_E7_8A_D6/get_loggers] /sensor_node_00_06_66_E7_8A_D6 rosrpc://chiliPC:33039
[rosmaster.master][INFO] 2019-03-18 14:14:36,567: -SUB [/tf_static] /sensor_node_00_06_66_D2_CF_7B http://chiliPC:38343/
[rosmaster.master][INFO] 2019-03-18 14:14:36,568: -SUB [/cellulo_node_00_06_66_E7_8E_BD/velocity] /aggregation_node_00_06_66_E7_8E_BD http://chiliPC:46099/
[rosmaster.master][INFO] 2019-03-18 14:14:36,568: -SERVICE [/sensor_node_00_06_66_E7_8A_D6/set_logger_level] /sensor_node_00_06_66_E7_8A_D6 rosrpc://chiliPC:33039
[rosmaster.master][INFO] 2019-03-18 14:14:36,569: -SERVICE [/sensor_node_00_06_66_D2_CF_7B/get_loggers] /sensor_node_00_06_66_D2_CF_7B rosrpc://chiliPC:35389
[rosmaster.master][INFO] 2019-03-18 14:14:36,570: -SERVICE [/aggregation_node_00_06_66_E7_8E_BD/get_loggers] /aggregation_node_00_06_66_E7_8E_BD rosrpc://chiliPC:36309
[rosmaster.master][INFO] 2019-03-18 14:14:36,571: -SERVICE [/sensor_node_00_06_66_D2_CF_7B/set_logger_level] /sensor_node_00_06_66_D2_CF_7B rosrpc://chiliPC:35389
[rosmaster.master][INFO] 2019-03-18 14:14:36,571: -SERVICE [/aggregation_node_00_06_66_E7_8E_BD/set_logger_level] /aggregation_node_00_06_66_E7_8E_BD rosrpc://chiliPC:36309
[rosmaster.threadpool][ERROR] 2019-03-18 14:14:36,600: Traceback (most recent call last):
  File "/opt/ros/kinetic/lib/python2.7/dist-packages/rosmaster/threadpool.py", line 218, in run
    result = cmd(*args)
  File "/opt/ros/kinetic/lib/python2.7/dist-packages/rosmaster/master_api.py", line 210, in publisher_update_task
    ret = xmlrpcapi(api).publisherUpdate('/master', topic, pub_uris)
  File "/usr/lib/python2.7/xmlrpclib.py", line 1243, in __call__
    return self.__send(self.__name, args)
  File "/usr/lib/python2.7/xmlrpclib.py", line 1602, in __request
    verbose=self.__verbose
  File "/usr/lib/python2.7/xmlrpclib.py", line 1283, in request
    return self.single_request(host, handler, request_body, verbose)
  File "/usr/lib/python2.7/xmlrpclib.py", line 1316, in single_request
    return self.parse_response(response)
  File "/usr/lib/python2.7/xmlrpclib.py", line 1493, in parse_response
    return u.close()
  File "/usr/lib/python2.7/xmlrpclib.py", line 800, in close
    raise Fault(**self._stack[0])
Fault: <Fault -1: 'publisherUpdate: unknown method name'>

[rosmaster.master][INFO] 2019-03-18 14:14:36,600: publisherUpdate[/tf_static] -> http://chiliPC:41401/ []
[rosmaster.threadpool][ERROR] 2019-03-18 14:14:36,600: Traceback (most recent call last):
  File "/opt/ros/kinetic/lib/python2.7/dist-packages/rosmaster/threadpool.py", line 218, in run
    result = cmd(*args)
  File "/opt/ros/kinetic/lib/python2.7/dist-packages/rosmaster/master_api.py", line 210, in publisher_update_task
    ret = xmlrpcapi(api).publisherUpdate('/master', topic, pub_uris)
  File "/usr/lib/python2.7/xmlrpclib.py", line 1243, in __call__
    return self.__send(self.__name, args)
  File "/usr/lib/python2.7/xmlrpclib.py", line 1602, in __request
    verbose=self.__verbose
  File "/usr/lib/python2.7/xmlrpclib.py", line 1283, in request
    return self.single_request(host, handler, request_body, verbose)
  File "/usr/lib/python2.7/xmlrpclib.py", line 1316, in single_request
    return self.parse_response(response)
  File "/usr/lib/python2.7/xmlrpclib.py", line 1493, in parse_response
    return u.close()
  File "/usr/lib/python2.7/xmlrpclib.py", line 800, in close
    raise Fault(**self._stack[0])
Fault: <Fault -1: 'publisherUpdate: unknown method name'>

[rosmaster.threadpool][ERROR] 2019-03-18 14:14:36,600: Traceback (most recent call last):
  File "/opt/ros/kinetic/lib/python2.7/dist-packages/rosmaster/threadpool.py", line 218, in run
    result = cmd(*args)
  File "/opt/ros/kinetic/lib/python2.7/dist-packages/rosmaster/master_api.py", line 210, in publisher_update_task
    ret = xmlrpcapi(api).publisherUpdate('/master', topic, pub_uris)
  File "/usr/lib/python2.7/xmlrpclib.py", line 1243, in __call__
    return self.__send(self.__name, args)
  File "/usr/lib/python2.7/xmlrpclib.py", line 1602, in __request
    verbose=self.__verbose
  File "/usr/lib/python2.7/xmlrpclib.py", line 1283, in request
    return self.single_request(host, handler, request_body, verbose)
  File "/usr/lib/python2.7/xmlrpclib.py", line 1316, in single_request
    return self.parse_response(response)
  File "/usr/lib/python2.7/xmlrpclib.py", line 1493, in parse_response
    return u.close()
  File "/usr/lib/python2.7/xmlrpclib.py", line 800, in close
    raise Fault(**self._stack[0])
Fault: <Fault -1: 'publisherUpdate: unknown method name'>

[rosmaster.master][INFO] 2019-03-18 14:14:36,601: publisherUpdate[/tf_static] -> http://chiliPC:41401/ []: sec=0.00, exception=<Fault -1: 'publisherUpdate: unknown method name'>
[rosmaster.master][INFO] 2019-03-18 14:14:36,601: publisherUpdate[/tf_static] -> http://chiliPC:38343/ []
[rosmaster.master][INFO] 2019-03-18 14:14:36,601: publisherUpdate[/rosout] -> http://chiliPC:35157/ ['http://chiliPC:36129/', 'http://chiliPC:37915/', 'http://chiliPC:38803/', 'http://chiliPC:43489/', 'http://chiliPC:38343/', 'http://chiliPC:46099/', 'http://chiliPC:40081/', 'http://chiliPC:34607/', 'http://chiliPC:34731/', 'http://chiliPC:41401/']
[rosmaster.master][INFO] 2019-03-18 14:14:36,602: publisherUpdate[/tf_static] -> http://chiliPC:38343/ []: sec=0.00, exception=<Fault -1: 'publisherUpdate: unknown method name'>
[rosmaster.threadpool][ERROR] 2019-03-18 14:14:36,602: Traceback (most recent call last):
  File "/opt/ros/kinetic/lib/python2.7/dist-packages/rosmaster/threadpool.py", line 218, in run
    result = cmd(*args)
  File "/opt/ros/kinetic/lib/python2.7/dist-packages/rosmaster/master_api.py", line 210, in publisher_update_task
    ret = xmlrpcapi(api).publisherUpdate('/master', topic, pub_uris)
  File "/usr/lib/python2.7/xmlrpclib.py", line 1243, in __call__
    return self.__send(self.__name, args)
  File "/usr/lib/python2.7/xmlrpclib.py", line 1602, in __request
    verbose=self.__verbose
  File "/usr/lib/python2.7/xmlrpclib.py", line 1283, in request
    return self.single_request(host, handler, request_body, verbose)
  File "/usr/lib/python2.7/xmlrpclib.py", line 1316, in single_request
    return self.parse_response(response)
  File "/usr/lib/python2.7/xmlrpclib.py", line 1493, in parse_response
    return u.close()
  File "/usr/lib/python2.7/xmlrpclib.py", line 800, in close
    raise Fault(**self._stack[0])
Fault: <Fault -1: 'publisherUpdate: unknown method name'>

[rosmaster.master][INFO] 2019-03-18 14:14:36,603: publisherUpdate[/rosout] -> http://chiliPC:35157/ ['http://chiliPC:36129/', 'http://chiliPC:37915/', 'http://chiliPC:38803/', 'http://chiliPC:43489/', 'http://chiliPC:38343/', 'http://chiliPC:46099/', 'http://chiliPC:40081/', 'http://chiliPC:34607/', 'http://chiliPC:34731/', 'http://chiliPC:41401/']: sec=0.00, result=[1, '', 0]
[rosmaster.master][INFO] 2019-03-18 14:14:36,603: publisherUpdate[/cellulo_node_00_06_66_E7_8A_D6/setGoalVelocity] -> http://chiliPC:36129/ []
[rosmaster.master][INFO] 2019-03-18 14:14:36,603: publisherUpdate[/rosout] -> http://chiliPC:35157/ ['http://chiliPC:36129/', 'http://chiliPC:37915/', 'http://chiliPC:38803/', 'http://chiliPC:43489/', 'http://chiliPC:38343/', 'http://chiliPC:46099/', 'http://chiliPC:34607/', 'http://chiliPC:34731/', 'http://chiliPC:41401/']
[rosmaster.threadpool][ERROR] 2019-03-18 14:14:36,603: Traceback (most recent call last):
  File "/opt/ros/kinetic/lib/python2.7/dist-packages/rosmaster/threadpool.py", line 218, in run
    result = cmd(*args)
  File "/opt/ros/kinetic/lib/python2.7/dist-packages/rosmaster/master_api.py", line 210, in publisher_update_task
    ret = xmlrpcapi(api).publisherUpdate('/master', topic, pub_uris)
  File "/usr/lib/python2.7/xmlrpclib.py", line 1243, in __call__
    return self.__send(self.__name, args)
  File "/usr/lib/python2.7/xmlrpclib.py", line 1602, in __request
    verbose=self.__verbose
  File "/usr/lib/python2.7/xmlrpclib.py", line 1283, in request
    return self.single_request(host, handler, request_body, verbose)
  File "/usr/lib/python2.7/xmlrpclib.py", line 1316, in single_request
    return self.parse_response(response)
  File "/usr/lib/python2.7/xmlrpclib.py", line 1493, in parse_response
    return u.close()
  File "/usr/lib/python2.7/xmlrpclib.py", line 800, in close
    raise Fault(**self._stack[0])
Fault: <Fault -1: 'publisherUpdate: unknown method name'>

[rosmaster.master][INFO] 2019-03-18 14:14:36,604: publisherUpdate[/cellulo_node_00_06_66_E7_8A_D6/setGoalVelocity] -> http://chiliPC:36129/ []: sec=0.00, result=[1, '', 0]
[rosmaster.master][INFO] 2019-03-18 14:14:36,604: publisherUpdate[/cellulo_node_00_06_66_D2_CF_7B/setGoalVelocity] -> http://chiliPC:43489/ []
[rosmaster.master][INFO] 2019-03-18 14:14:36,604: publisherUpdate[/rosout] -> http://chiliPC:35157/ ['http://chiliPC:36129/', 'http://chiliPC:37915/', 'http://chiliPC:38803/', 'http://chiliPC:43489/', 'http://chiliPC:38343/', 'http://chiliPC:46099/', 'http://chiliPC:34607/', 'http://chiliPC:34731/', 'http://chiliPC:41401/']: sec=0.00, result=[1, '', 0]
[rosmaster.master][INFO] 2019-03-18 14:14:36,604: publisherUpdate[/cellulo_node_00_06_66_E7_8E_BD/setGoalVelocity] -> http://chiliPC:37915/ []
[rosmaster.master][INFO] 2019-03-18 14:14:36,605: publisherUpdate[/rosout] -> http://chiliPC:35157/ ['http://chiliPC:36129/', 'http://chiliPC:37915/', 'http://chiliPC:38803/', 'http://chiliPC:43489/', 'http://chiliPC:38343/', 'http://chiliPC:46099/', 'http://chiliPC:34731/', 'http://chiliPC:41401/']
[rosmaster.master][INFO] 2019-03-18 14:14:36,605: publisherUpdate[/cellulo_node_00_06_66_D2_CF_7B/setGoalVelocity] -> http://chiliPC:43489/ []: sec=0.00, result=[1, '', 0]
[rosmaster.master][INFO] 2019-03-18 14:14:36,606: publisherUpdate[/cellulo_node_00_06_66_E7_8E_BD/setGoalVelocity] -> http://chiliPC:37915/ []: sec=0.00, result=[0, 'Unknown Error', 0]
[rosmaster.master][INFO] 2019-03-18 14:14:36,606: publisherUpdate[/rosout] -> http://chiliPC:35157/ ['http://chiliPC:36129/', 'http://chiliPC:37915/', 'http://chiliPC:38803/', 'http://chiliPC:43489/', 'http://chiliPC:38343/', 'http://chiliPC:46099/', 'http://chiliPC:34731/', 'http://chiliPC:41401/']: sec=0.00, result=[1, '', 0]
[rosmaster.master][INFO] 2019-03-18 14:14:36,606: publisherUpdate[/rosout] -> http://chiliPC:35157/ ['http://chiliPC:36129/', 'http://chiliPC:37915/', 'http://chiliPC:38803/', 'http://chiliPC:43489/', 'http://chiliPC:38343/', 'http://chiliPC:46099/', 'http://chiliPC:41401/']
[rosmaster.master][INFO] 2019-03-18 14:14:36,607: publisherUpdate[/rosout] -> http://chiliPC:35157/ ['http://chiliPC:36129/', 'http://chiliPC:37915/', 'http://chiliPC:38803/', 'http://chiliPC:43489/', 'http://chiliPC:38343/', 'http://chiliPC:46099/', 'http://chiliPC:41401/']: sec=0.00, result=[1, '', 0]
[rosmaster.master][INFO] 2019-03-18 14:14:36,607: publisherUpdate[/rosout] -> http://chiliPC:35157/ ['http://chiliPC:36129/', 'http://chiliPC:37915/', 'http://chiliPC:43489/', 'http://chiliPC:38343/', 'http://chiliPC:46099/', 'http://chiliPC:41401/']
[rosmaster.master][INFO] 2019-03-18 14:14:36,608: publisherUpdate[/rosout] -> http://chiliPC:35157/ ['http://chiliPC:36129/', 'http://chiliPC:37915/', 'http://chiliPC:43489/', 'http://chiliPC:38343/', 'http://chiliPC:46099/', 'http://chiliPC:41401/']: sec=0.00, result=[1, '', 0]
[rosmaster.master][INFO] 2019-03-18 14:14:36,608: publisherUpdate[/rosout] -> http://chiliPC:35157/ ['http://chiliPC:36129/', 'http://chiliPC:37915/', 'http://chiliPC:43489/', 'http://chiliPC:38343/', 'http://chiliPC:46099/']
[rosmaster.master][INFO] 2019-03-18 14:14:36,608: publisherUpdate[/rosout] -> http://chiliPC:35157/ ['http://chiliPC:36129/', 'http://chiliPC:37915/', 'http://chiliPC:43489/', 'http://chiliPC:38343/', 'http://chiliPC:46099/']: sec=0.00, result=[1, '', 0]
[rosmaster.master][INFO] 2019-03-18 14:14:36,608: publisherUpdate[/rosout] -> http://chiliPC:35157/ ['http://chiliPC:36129/', 'http://chiliPC:37915/', 'http://chiliPC:43489/', 'http://chiliPC:46099/']
[rosmaster.master][INFO] 2019-03-18 14:14:36,609: publisherUpdate[/rosout] -> http://chiliPC:35157/ ['http://chiliPC:36129/', 'http://chiliPC:37915/', 'http://chiliPC:43489/', 'http://chiliPC:46099/']: sec=0.00, result=[1, '', 0]
[rosmaster.master][INFO] 2019-03-18 14:14:36,609: publisherUpdate[/rosout] -> http://chiliPC:35157/ ['http://chiliPC:36129/', 'http://chiliPC:37915/', 'http://chiliPC:43489/']
[rosmaster.master][INFO] 2019-03-18 14:14:36,610: publisherUpdate[/rosout] -> http://chiliPC:35157/ ['http://chiliPC:36129/', 'http://chiliPC:37915/', 'http://chiliPC:43489/']: sec=0.00, result=[1, '', 0]
[rosmaster.master][INFO] 2019-03-18 14:14:36,707: -PUB [/rosout] /cellulo_node_00_06_66_D2_CF_7B http://chiliPC:43489/
[rosmaster.master][INFO] 2019-03-18 14:14:36,707: publisherUpdate[/rosout] -> http://chiliPC:35157/ ['http://chiliPC:36129/', 'http://chiliPC:37915/']
[rosmaster.master][INFO] 2019-03-18 14:14:36,710: -PUB [/rosout] /cellulo_node_00_06_66_E7_8E_BD http://chiliPC:37915/
[rosmaster.master][INFO] 2019-03-18 14:14:36,710: publisherUpdate[/rosout] -> http://chiliPC:35157/ ['http://chiliPC:36129/', 'http://chiliPC:37915/']: sec=0.00, result=[1, '', 0]
[rosmaster.master][INFO] 2019-03-18 14:14:36,711: publisherUpdate[/rosout] -> http://chiliPC:35157/ ['http://chiliPC:36129/']
[rosmaster.master][INFO] 2019-03-18 14:14:36,712: -PUB [/cellulo_node_00_06_66_D2_CF_7B/touchKey] /cellulo_node_00_06_66_D2_CF_7B http://chiliPC:43489/
[rosmaster.master][INFO] 2019-03-18 14:14:36,713: publisherUpdate[/rosout] -> http://chiliPC:35157/ ['http://chiliPC:36129/']: sec=0.00, result=[1, '', 0]
[rosmaster.master][INFO] 2019-03-18 14:14:36,715: -PUB [/cellulo_node_00_06_66_E7_8E_BD/touchKey] /cellulo_node_00_06_66_E7_8E_BD http://chiliPC:37915/
[rosmaster.master][INFO] 2019-03-18 14:14:36,716: -PUB [/cellulo_node_00_06_66_D2_CF_7B/longTouchKey] /cellulo_node_00_06_66_D2_CF_7B http://chiliPC:43489/
[rosmaster.master][INFO] 2019-03-18 14:14:36,718: -PUB [/cellulo_node_00_06_66_E7_8E_BD/longTouchKey] /cellulo_node_00_06_66_E7_8E_BD http://chiliPC:37915/
[rosmaster.master][INFO] 2019-03-18 14:14:36,719: -PUB [/cellulo_node_00_06_66_D2_CF_7B/kidnapped] /cellulo_node_00_06_66_D2_CF_7B http://chiliPC:43489/
[rosmaster.master][INFO] 2019-03-18 14:14:36,720: -PUB [/cellulo_node_00_06_66_E7_8E_BD/kidnapped] /cellulo_node_00_06_66_E7_8E_BD http://chiliPC:37915/
[rosmaster.master][INFO] 2019-03-18 14:14:36,721: -PUB [/cellulo_node_00_06_66_D2_CF_7B/velocity] /cellulo_node_00_06_66_D2_CF_7B http://chiliPC:43489/
[rosmaster.master][INFO] 2019-03-18 14:14:36,722: -PUB [/cellulo_node_00_06_66_E7_8E_BD/velocity] /cellulo_node_00_06_66_E7_8E_BD http://chiliPC:37915/
[rosmaster.master][INFO] 2019-03-18 14:14:36,724: -PUB [/cellulo_node_00_06_66_D2_CF_7B/connectionStatus] /cellulo_node_00_06_66_D2_CF_7B http://chiliPC:43489/
[rosmaster.master][INFO] 2019-03-18 14:14:36,724: -PUB [/cellulo_node_00_06_66_E7_8E_BD/connectionStatus] /cellulo_node_00_06_66_E7_8E_BD http://chiliPC:37915/
[rosmaster.master][INFO] 2019-03-18 14:14:36,725: -PUB [/cellulo_node_00_06_66_D2_CF_7B/localAdapterAdress] /cellulo_node_00_06_66_D2_CF_7B http://chiliPC:43489/
[rosmaster.master][INFO] 2019-03-18 14:14:36,727: -PUB [/cellulo_node_00_06_66_E7_8E_BD/localAdapterAdress] /cellulo_node_00_06_66_E7_8E_BD http://chiliPC:37915/
[rosmaster.master][INFO] 2019-03-18 14:14:36,728: -PUB [/cellulo_node_00_06_66_D2_CF_7B/autoConnect] /cellulo_node_00_06_66_D2_CF_7B http://chiliPC:43489/
[rosmaster.master][INFO] 2019-03-18 14:14:36,729: -PUB [/cellulo_node_00_06_66_E7_8E_BD/autoConnect] /cellulo_node_00_06_66_E7_8E_BD http://chiliPC:37915/
[rosmaster.master][INFO] 2019-03-18 14:14:36,730: -PUB [/cellulo_node_00_06_66_D2_CF_7B/batteryState] /cellulo_node_00_06_66_D2_CF_7B http://chiliPC:43489/
[rosmaster.master][INFO] 2019-03-18 14:14:36,731: -PUB [/cellulo_node_00_06_66_E7_8E_BD/batteryState] /cellulo_node_00_06_66_E7_8E_BD http://chiliPC:37915/
[rosmaster.master][INFO] 2019-03-18 14:14:36,733: -PUB [/cellulo_node_00_06_66_D2_CF_7B/gesture] /cellulo_node_00_06_66_D2_CF_7B http://chiliPC:43489/
[rosmaster.master][INFO] 2019-03-18 14:14:36,734: -PUB [/cellulo_node_00_06_66_E7_8E_BD/gesture] /cellulo_node_00_06_66_E7_8E_BD http://chiliPC:37915/
[rosmaster.master][INFO] 2019-03-18 14:14:36,735: -PUB [/cellulo_node_00_06_66_D2_CF_7B/lastTimestamp] /cellulo_node_00_06_66_D2_CF_7B http://chiliPC:43489/
[rosmaster.master][INFO] 2019-03-18 14:14:36,736: -PUB [/cellulo_node_00_06_66_E7_8E_BD/lastTimestamp] /cellulo_node_00_06_66_E7_8E_BD http://chiliPC:37915/
[rosmaster.master][INFO] 2019-03-18 14:14:36,738: -PUB [/cellulo_node_00_06_66_D2_CF_7B/framerate] /cellulo_node_00_06_66_D2_CF_7B http://chiliPC:43489/
[rosmaster.master][INFO] 2019-03-18 14:14:36,739: -PUB [/cellulo_node_00_06_66_E7_8E_BD/framerate] /cellulo_node_00_06_66_E7_8E_BD http://chiliPC:37915/
[rosmaster.master][INFO] 2019-03-18 14:14:36,740: -PUB [/cellulo_node_00_06_66_D2_CF_7B/cameraImageProgress] /cellulo_node_00_06_66_D2_CF_7B http://chiliPC:43489/
[rosmaster.master][INFO] 2019-03-18 14:14:36,741: -PUB [/cellulo_node_00_06_66_E7_8E_BD/cameraImageProgress] /cellulo_node_00_06_66_E7_8E_BD http://chiliPC:37915/
[rosmaster.master][INFO] 2019-03-18 14:14:36,742: -PUB [/cellulo_node_00_06_66_D2_CF_7B/poseVelControlEnable] /cellulo_node_00_06_66_D2_CF_7B http://chiliPC:43489/
[rosmaster.master][INFO] 2019-03-18 14:14:36,743: -PUB [/cellulo_node_00_06_66_E7_8E_BD/poseVelControlEnable] /cellulo_node_00_06_66_E7_8E_BD http://chiliPC:37915/
[rosmaster.master][INFO] 2019-03-18 14:14:36,745: -PUB [/cellulo_node_00_06_66_D2_CF_7B/poseVelControlPeriod] /cellulo_node_00_06_66_D2_CF_7B http://chiliPC:43489/
[rosmaster.master][INFO] 2019-03-18 14:14:36,746: -PUB [/cellulo_node_00_06_66_E7_8E_BD/poseVelControlPeriod] /cellulo_node_00_06_66_E7_8E_BD http://chiliPC:37915/
[rosmaster.master][INFO] 2019-03-18 14:14:36,747: -PUB [/cellulo_node_00_06_66_D2_CF_7B/visualization_marker_robot] /cellulo_node_00_06_66_D2_CF_7B http://chiliPC:43489/
[rosmaster.master][INFO] 2019-03-18 14:14:36,748: -PUB [/cellulo_node_00_06_66_E7_8E_BD/visualization_marker_robot] /cellulo_node_00_06_66_E7_8E_BD http://chiliPC:37915/
[rosmaster.master][INFO] 2019-03-18 14:14:36,749: -PUB [/cellulo_node_00_06_66_D2_CF_7B/visualization_marker_traj] /cellulo_node_00_06_66_D2_CF_7B http://chiliPC:43489/
[rosmaster.master][INFO] 2019-03-18 14:14:36,751: -PUB [/cellulo_node_00_06_66_E7_8E_BD/visualization_marker_traj] /cellulo_node_00_06_66_E7_8E_BD http://chiliPC:37915/
[rosmaster.master][INFO] 2019-03-18 14:14:36,752: -PUB [/tf] /cellulo_node_00_06_66_D2_CF_7B http://chiliPC:43489/
[rosmaster.master][INFO] 2019-03-18 14:14:36,753: -SUB [/cellulo_node_00_06_66_E7_8E_BD/setVisualEffect] /cellulo_node_00_06_66_E7_8E_BD http://chiliPC:37915/
[rosmaster.master][INFO] 2019-03-18 14:14:36,754: -SUB [/cellulo_node_00_06_66_D2_CF_7B/setVisualEffect] /cellulo_node_00_06_66_D2_CF_7B http://chiliPC:43489/
[rosmaster.master][INFO] 2019-03-18 14:14:36,755: -SUB [/cellulo_node_00_06_66_E7_8E_BD/setLEDResponseMode] /cellulo_node_00_06_66_E7_8E_BD http://chiliPC:37915/
[rosmaster.master][INFO] 2019-03-18 14:14:36,756: -SUB [/cellulo_node_00_06_66_D2_CF_7B/setLEDResponseMode] /cellulo_node_00_06_66_D2_CF_7B http://chiliPC:43489/
[rosmaster.master][INFO] 2019-03-18 14:14:36,757: -SUB [/cellulo_node_00_06_66_E7_8E_BD/setGoalVelocity] /cellulo_node_00_06_66_E7_8E_BD http://chiliPC:37915/
[rosmaster.master][INFO] 2019-03-18 14:14:36,758: -SUB [/cellulo_node_00_06_66_D2_CF_7B/setGoalVelocity] /cellulo_node_00_06_66_D2_CF_7B http://chiliPC:43489/
[rosmaster.master][INFO] 2019-03-18 14:14:36,760: -SUB [/cellulo_node_00_06_66_E7_8E_BD/reset] /cellulo_node_00_06_66_E7_8E_BD http://chiliPC:37915/
[rosmaster.master][INFO] 2019-03-18 14:14:36,761: -SUB [/cellulo_node_00_06_66_D2_CF_7B/reset] /cellulo_node_00_06_66_D2_CF_7B http://chiliPC:43489/
[rosmaster.master][INFO] 2019-03-18 14:14:36,762: -SUB [/cellulo_node_00_06_66_E7_8E_BD/clearTracking] /cellulo_node_00_06_66_E7_8E_BD http://chiliPC:37915/
[rosmaster.master][INFO] 2019-03-18 14:14:36,763: -SUB [/cellulo_node_00_06_66_D2_CF_7B/clearTracking] /cellulo_node_00_06_66_D2_CF_7B http://chiliPC:43489/
[rosmaster.master][INFO] 2019-03-18 14:14:36,764: -SUB [/cellulo_node_00_06_66_E7_8E_BD/shutdown] /cellulo_node_00_06_66_E7_8E_BD http://chiliPC:37915/
[rosmaster.master][INFO] 2019-03-18 14:14:36,765: -SUB [/cellulo_node_00_06_66_D2_CF_7B/shutdown] /cellulo_node_00_06_66_D2_CF_7B http://chiliPC:43489/
[rosmaster.master][INFO] 2019-03-18 14:14:36,766: -SUB [/cellulo_node_00_06_66_E7_8E_BD/clearHapticFeedback] /cellulo_node_00_06_66_E7_8E_BD http://chiliPC:37915/
[rosmaster.master][INFO] 2019-03-18 14:14:36,767: -SUB [/cellulo_node_00_06_66_D2_CF_7B/clearHapticFeedback] /cellulo_node_00_06_66_D2_CF_7B http://chiliPC:43489/
[rosmaster.master][INFO] 2019-03-18 14:14:36,768: -SUB [/cellulo_node_00_06_66_E7_8E_BD/vibrateOnMotion] /cellulo_node_00_06_66_E7_8E_BD http://chiliPC:37915/
[rosmaster.master][INFO] 2019-03-18 14:14:36,770: -SUB [/cellulo_node_00_06_66_D2_CF_7B/vibrateOnMotion] /cellulo_node_00_06_66_D2_CF_7B http://chiliPC:43489/
[rosmaster.master][INFO] 2019-03-18 14:14:36,771: -SUB [/cellulo_node_00_06_66_E7_8E_BD/simpleVibrate] /cellulo_node_00_06_66_E7_8E_BD http://chiliPC:37915/
[rosmaster.master][INFO] 2019-03-18 14:14:36,772: -SUB [/cellulo_node_00_06_66_D2_CF_7B/simpleVibrate] /cellulo_node_00_06_66_D2_CF_7B http://chiliPC:43489/
[rosmaster.master][INFO] 2019-03-18 14:14:36,773: -SUB [/cellulo_node_00_06_66_E7_8E_BD/setGestureEnabled] /cellulo_node_00_06_66_E7_8E_BD http://chiliPC:37915/
[rosmaster.master][INFO] 2019-03-18 14:14:36,774: -SUB [/cellulo_node_00_06_66_D2_CF_7B/setGestureEnabled] /cellulo_node_00_06_66_D2_CF_7B http://chiliPC:43489/
[rosmaster.master][INFO] 2019-03-18 14:14:36,775: -SUB [/cellulo_node_00_06_66_E7_8E_BD/setCasualBackdriveAssistEnabled] /cellulo_node_00_06_66_E7_8E_BD http://chiliPC:37915/
[rosmaster.master][INFO] 2019-03-18 14:14:36,776: -SUB [/cellulo_node_00_06_66_D2_CF_7B/setCasualBackdriveAssistEnabled] /cellulo_node_00_06_66_D2_CF_7B http://chiliPC:43489/
[rosmaster.master][INFO] 2019-03-18 14:14:36,777: -SERVICE [/cellulo_node_00_06_66_E7_8E_BD/get_loggers] /cellulo_node_00_06_66_E7_8E_BD rosrpc://chiliPC:37555
[rosmaster.master][INFO] 2019-03-18 14:14:36,778: -SERVICE [/cellulo_node_00_06_66_D2_CF_7B/get_loggers] /cellulo_node_00_06_66_D2_CF_7B rosrpc://chiliPC:51631
[rosmaster.master][INFO] 2019-03-18 14:14:36,780: -SERVICE [/cellulo_node_00_06_66_E7_8E_BD/set_logger_level] /cellulo_node_00_06_66_E7_8E_BD rosrpc://chiliPC:37555
[rosmaster.master][INFO] 2019-03-18 14:14:36,781: -SERVICE [/cellulo_node_00_06_66_D2_CF_7B/set_logger_level] /cellulo_node_00_06_66_D2_CF_7B rosrpc://chiliPC:51631
[rosmaster.master][INFO] 2019-03-18 14:14:36,782: -SERVICE [/cellulo_node_00_06_66_E7_8E_BD/get_state] /cellulo_node_00_06_66_E7_8E_BD rosrpc://chiliPC:37555
[rosmaster.master][INFO] 2019-03-18 14:14:36,783: -SERVICE [/cellulo_node_00_06_66_D2_CF_7B/get_state] /cellulo_node_00_06_66_D2_CF_7B rosrpc://chiliPC:51631
[rosmaster.master][INFO] 2019-03-18 14:14:36,906: -PUB [/rosout] /cellulo_node_00_06_66_E7_8A_D6 http://chiliPC:36129/
[rosmaster.master][INFO] 2019-03-18 14:14:36,908: -PUB [/cellulo_node_00_06_66_E7_8A_D6/touchKey] /cellulo_node_00_06_66_E7_8A_D6 http://chiliPC:36129/
[rosmaster.master][INFO] 2019-03-18 14:14:36,908: publisherUpdate[/rosout] -> http://chiliPC:35157/ []
[rosmaster.master][INFO] 2019-03-18 14:14:36,910: publisherUpdate[/rosout] -> http://chiliPC:35157/ []: sec=0.00, result=[1, '', 0]
[rosmaster.master][INFO] 2019-03-18 14:14:36,911: -PUB [/cellulo_node_00_06_66_E7_8A_D6/longTouchKey] /cellulo_node_00_06_66_E7_8A_D6 http://chiliPC:36129/
[rosmaster.master][INFO] 2019-03-18 14:14:36,913: -PUB [/cellulo_node_00_06_66_E7_8A_D6/kidnapped] /cellulo_node_00_06_66_E7_8A_D6 http://chiliPC:36129/
[rosmaster.master][INFO] 2019-03-18 14:14:36,914: -PUB [/cellulo_node_00_06_66_E7_8A_D6/velocity] /cellulo_node_00_06_66_E7_8A_D6 http://chiliPC:36129/
[rosmaster.master][INFO] 2019-03-18 14:14:36,916: -PUB [/cellulo_node_00_06_66_E7_8A_D6/connectionStatus] /cellulo_node_00_06_66_E7_8A_D6 http://chiliPC:36129/
[rosmaster.master][INFO] 2019-03-18 14:14:36,918: -PUB [/cellulo_node_00_06_66_E7_8A_D6/localAdapterAdress] /cellulo_node_00_06_66_E7_8A_D6 http://chiliPC:36129/
[rosmaster.master][INFO] 2019-03-18 14:14:36,919: -PUB [/cellulo_node_00_06_66_E7_8A_D6/autoConnect] /cellulo_node_00_06_66_E7_8A_D6 http://chiliPC:36129/
[rosmaster.master][INFO] 2019-03-18 14:14:36,921: -PUB [/cellulo_node_00_06_66_E7_8A_D6/batteryState] /cellulo_node_00_06_66_E7_8A_D6 http://chiliPC:36129/
[rosmaster.master][INFO] 2019-03-18 14:14:36,922: -PUB [/cellulo_node_00_06_66_E7_8A_D6/gesture] /cellulo_node_00_06_66_E7_8A_D6 http://chiliPC:36129/
[rosmaster.master][INFO] 2019-03-18 14:14:36,924: -PUB [/cellulo_node_00_06_66_E7_8A_D6/lastTimestamp] /cellulo_node_00_06_66_E7_8A_D6 http://chiliPC:36129/
[rosmaster.master][INFO] 2019-03-18 14:14:36,925: -PUB [/cellulo_node_00_06_66_E7_8A_D6/framerate] /cellulo_node_00_06_66_E7_8A_D6 http://chiliPC:36129/
[rosmaster.master][INFO] 2019-03-18 14:14:36,927: -PUB [/cellulo_node_00_06_66_E7_8A_D6/cameraImageProgress] /cellulo_node_00_06_66_E7_8A_D6 http://chiliPC:36129/
[rosmaster.master][INFO] 2019-03-18 14:14:36,928: -PUB [/cellulo_node_00_06_66_E7_8A_D6/poseVelControlEnable] /cellulo_node_00_06_66_E7_8A_D6 http://chiliPC:36129/
[rosmaster.master][INFO] 2019-03-18 14:14:36,930: -PUB [/cellulo_node_00_06_66_E7_8A_D6/poseVelControlPeriod] /cellulo_node_00_06_66_E7_8A_D6 http://chiliPC:36129/
[rosmaster.master][INFO] 2019-03-18 14:14:36,931: -PUB [/cellulo_node_00_06_66_E7_8A_D6/visualization_marker_robot] /cellulo_node_00_06_66_E7_8A_D6 http://chiliPC:36129/
[rosmaster.master][INFO] 2019-03-18 14:14:36,932: -PUB [/cellulo_node_00_06_66_E7_8A_D6/visualization_marker_traj] /cellulo_node_00_06_66_E7_8A_D6 http://chiliPC:36129/
[rosmaster.master][INFO] 2019-03-18 14:14:36,934: -PUB [/tf] /cellulo_node_00_06_66_E7_8A_D6 http://chiliPC:36129/
[rosmaster.master][INFO] 2019-03-18 14:14:36,936: -SUB [/cellulo_node_00_06_66_E7_8A_D6/setVisualEffect] /cellulo_node_00_06_66_E7_8A_D6 http://chiliPC:36129/
[rosmaster.master][INFO] 2019-03-18 14:14:36,937: -SUB [/cellulo_node_00_06_66_E7_8A_D6/setLEDResponseMode] /cellulo_node_00_06_66_E7_8A_D6 http://chiliPC:36129/
[rosmaster.master][INFO] 2019-03-18 14:14:36,938: -SUB [/cellulo_node_00_06_66_E7_8A_D6/setGoalVelocity] /cellulo_node_00_06_66_E7_8A_D6 http://chiliPC:36129/
[rosmaster.master][INFO] 2019-03-18 14:14:36,940: -SUB [/cellulo_node_00_06_66_E7_8A_D6/reset] /cellulo_node_00_06_66_E7_8A_D6 http://chiliPC:36129/
[rosmaster.master][INFO] 2019-03-18 14:14:36,941: -SUB [/cellulo_node_00_06_66_E7_8A_D6/clearTracking] /cellulo_node_00_06_66_E7_8A_D6 http://chiliPC:36129/
[rosmaster.master][INFO] 2019-03-18 14:14:36,942: -SUB [/cellulo_node_00_06_66_E7_8A_D6/shutdown] /cellulo_node_00_06_66_E7_8A_D6 http://chiliPC:36129/
[rosmaster.master][INFO] 2019-03-18 14:14:36,944: -SUB [/cellulo_node_00_06_66_E7_8A_D6/clearHapticFeedback] /cellulo_node_00_06_66_E7_8A_D6 http://chiliPC:36129/
[rosmaster.master][INFO] 2019-03-18 14:14:36,945: -SUB [/cellulo_node_00_06_66_E7_8A_D6/vibrateOnMotion] /cellulo_node_00_06_66_E7_8A_D6 http://chiliPC:36129/
[rosmaster.master][INFO] 2019-03-18 14:14:36,947: -SUB [/cellulo_node_00_06_66_E7_8A_D6/simpleVibrate] /cellulo_node_00_06_66_E7_8A_D6 http://chiliPC:36129/
[rosmaster.master][INFO] 2019-03-18 14:14:36,948: -SUB [/cellulo_node_00_06_66_E7_8A_D6/setGestureEnabled] /cellulo_node_00_06_66_E7_8A_D6 http://chiliPC:36129/
[rosmaster.master][INFO] 2019-03-18 14:14:36,949: -SUB [/cellulo_node_00_06_66_E7_8A_D6/setCasualBackdriveAssistEnabled] /cellulo_node_00_06_66_E7_8A_D6 http://chiliPC:36129/
[rosmaster.master][INFO] 2019-03-18 14:14:36,951: -SERVICE [/cellulo_node_00_06_66_E7_8A_D6/get_loggers] /cellulo_node_00_06_66_E7_8A_D6 rosrpc://chiliPC:41917
[rosmaster.master][INFO] 2019-03-18 14:14:36,953: -SERVICE [/cellulo_node_00_06_66_E7_8A_D6/set_logger_level] /cellulo_node_00_06_66_E7_8A_D6 rosrpc://chiliPC:41917
[rosmaster.master][INFO] 2019-03-18 14:14:36,954: -SERVICE [/cellulo_node_00_06_66_E7_8A_D6/get_state] /cellulo_node_00_06_66_E7_8A_D6 rosrpc://chiliPC:41917
[rosmaster.master][INFO] 2019-03-18 14:14:37,211: -PUB [/rosout_agg] /rosout http://chiliPC:35157/
[rosmaster.master][INFO] 2019-03-18 14:14:37,212: -SUB [/rosout] /rosout http://chiliPC:35157/
[rosmaster.master][INFO] 2019-03-18 14:14:37,212: -SERVICE [/rosout/get_loggers] /rosout rosrpc://chiliPC:40711
[rosmaster.master][INFO] 2019-03-18 14:14:37,213: -SERVICE [/rosout/set_logger_level] /rosout rosrpc://chiliPC:40711
[rosmaster.main][INFO] 2019-03-18 14:14:37,244: keyboard interrupt, will exit
[rosmaster.main][INFO] 2019-03-18 14:14:37,245: stopping master...
[rospy.core][INFO] 2019-03-18 14:14:37,245: signal_shutdown [atexit]
