Failure at 1552314998.762884202
Exception thrown:"00_06_66_D2_CF_7B" passed to lookupTransform argument source_frame does not exist. 
The current list of frames is:
Frame paper_world exists with parent base_footprint.

Failure at 1552314998.763028440
Exception thrown:"00_06_66_D2_CF_7B" passed to lookupTransform argument source_frame does not exist. 
The current list of frames is:
Frame paper_world exists with parent base_footprint.

Failure at 1552314999.652220460
Exception thrown:"00_06_66_D2_CF_7B" passed to lookupTransform argument source_frame does not exist. 
The current list of frames is:
Frame paper_world exists with parent base_footprint.

Failure at 1552315000.652292298
Exception thrown:"00_06_66_D2_CF_7B" passed to lookupTransform argument source_frame does not exist. 
The current list of frames is:
Frame paper_world exists with parent base_footprint.

Failure at 1552315001.652245080
Exception thrown:"00_06_66_D2_CF_7B" passed to lookupTransform argument source_frame does not exist. 
The current list of frames is:
Frame paper_world exists with parent base_footprint.

Failure at 1552315002.652274136
Exception thrown:"00_06_66_D2_CF_7B" passed to lookupTransform argument source_frame does not exist. 
The current list of frames is:
Frame paper_world exists with parent base_footprint.

Failure at 1552315003.652306968
Exception thrown:"00_06_66_D2_CF_7B" passed to lookupTransform argument source_frame does not exist. 
The current list of frames is:
Frame paper_world exists with parent base_footprint.

Failure at 1552315004.652254699
Exception thrown:"00_06_66_D2_CF_7B" passed to lookupTransform argument source_frame does not exist. 
The current list of frames is:
Frame paper_world exists with parent base_footprint.

Failure at 1552315005.652298894
Exception thrown:"00_06_66_D2_CF_7B" passed to lookupTransform argument source_frame does not exist. 
The current list of frames is:
Frame paper_world exists with parent base_footprint.

Failure at 1552315006.652211977
Exception thrown:"00_06_66_D2_CF_7B" passed to lookupTransform argument source_frame does not exist. 
The current list of frames is:
Frame paper_world exists with parent base_footprint.

Failure at 1552315007.652269220
Exception thrown:"00_06_66_D2_CF_7B" passed to lookupTransform argument source_frame does not exist. 
The current list of frames is:
Frame paper_world exists with parent base_footprint.

Failure at 1552315008.652248261
Exception thrown:"00_06_66_D2_CF_7B" passed to lookupTransform argument source_frame does not exist. 
The current list of frames is:
Frame paper_world exists with parent base_footprint.

At time 1552315009.601
- Translation: [187.924, 236.530, 0.000]
- Rotation: in Quaternion [0.000, 0.000, -0.478, 0.878]
            in RPY (radian) [0.000, -0.000, -0.998]
            in RPY (degree) [0.000, -0.000, -57.170]
At time 1552315010.617
- Translation: [187.924, 236.540, 0.000]
- Rotation: in Quaternion [0.000, 0.000, -0.478, 0.878]
            in RPY (radian) [0.000, -0.000, -0.998]
            in RPY (degree) [0.000, -0.000, -57.170]
At time 1552315011.614
- Translation: [187.930, 236.540, 0.000]
- Rotation: in Quaternion [0.000, 0.000, -0.478, 0.878]
            in RPY (radian) [0.000, -0.000, -0.997]
            in RPY (degree) [0.000, -0.000, -57.120]
At time 1552315012.117
- Translation: [187.930, 236.530, 0.000]
- Rotation: in Quaternion [0.000, 0.000, -0.479, 0.878]
            in RPY (radian) [0.000, -0.000, -0.999]
            in RPY (degree) [0.000, -0.000, -57.260]
At time 1552315013.292
- Translation: [187.935, 236.530, 0.000]
- Rotation: in Quaternion [0.000, 0.000, -0.480, 0.878]
            in RPY (radian) [0.000, -0.000, -1.000]
            in RPY (degree) [0.000, -0.000, -57.310]
At time 1552315014.611
- Translation: [187.919, 236.611, 0.000]
- Rotation: in Quaternion [0.000, 0.000, -0.481, 0.877]
            in RPY (radian) [0.000, -0.000, -1.003]
            in RPY (degree) [0.000, -0.000, -57.490]
At time 1552315015.613
- Translation: [187.924, 236.616, 0.000]
- Rotation: in Quaternion [0.000, 0.000, -0.482, 0.876]
            in RPY (radian) [0.000, -0.000, -1.005]
            in RPY (degree) [0.000, -0.000, -57.600]
At time 1552315016.632
- Translation: [187.914, 236.616, 0.000]
- Rotation: in Quaternion [0.000, 0.000, -0.484, 0.875]
            in RPY (radian) [0.000, -0.000, -1.010]
            in RPY (degree) [0.000, -0.000, -57.860]
At time 1552315017.628
- Translation: [187.899, 236.611, 0.000]
- Rotation: in Quaternion [0.000, 0.000, -0.483, 0.876]
            in RPY (radian) [0.000, -0.000, -1.008]
            in RPY (degree) [0.000, -0.000, -57.740]
At time 1552315018.623
- Translation: [187.899, 236.616, 0.000]
- Rotation: in Quaternion [0.000, 0.000, -0.482, 0.876]
            in RPY (radian) [0.000, -0.000, -1.006]
            in RPY (degree) [0.000, -0.000, -57.660]
At time 1552315019.132
- Translation: [187.904, 236.621, 0.000]
- Rotation: in Quaternion [0.000, 0.000, -0.483, 0.876]
            in RPY (radian) [0.000, -0.000, -1.007]
            in RPY (degree) [0.000, -0.000, -57.720]
At time 1552315020.294
- Translation: [187.899, 236.616, 0.000]
- Rotation: in Quaternion [0.000, 0.000, -0.483, 0.876]
            in RPY (radian) [0.000, -0.000, -1.007]
            in RPY (degree) [0.000, -0.000, -57.720]
At time 1552315021.293
- Translation: [187.894, 236.611, 0.000]
- Rotation: in Quaternion [0.000, 0.000, -0.481, 0.877]
            in RPY (radian) [0.000, -0.000, -1.004]
            in RPY (degree) [0.000, -0.000, -57.520]
At time 1552315022.641
- Translation: [187.909, 236.616, 0.000]
- Rotation: in Quaternion [0.000, 0.000, -0.482, 0.876]
            in RPY (radian) [0.000, -0.000, -1.007]
            in RPY (degree) [0.000, -0.000, -57.690]
At time 1552315023.648
- Translation: [187.894, 236.621, 0.000]
- Rotation: in Quaternion [0.000, 0.000, -0.482, 0.876]
            in RPY (radian) [0.000, -0.000, -1.007]
            in RPY (degree) [0.000, -0.000, -57.690]
At time 1552315024.599
- Translation: [187.701, 236.586, 0.000]
- Rotation: in Quaternion [0.000, 0.000, -0.478, 0.878]
            in RPY (radian) [0.000, -0.000, -0.996]
            in RPY (degree) [0.000, -0.000, -57.080]
At time 1552315025.605
- Translation: [187.833, 236.540, 0.000]
- Rotation: in Quaternion [0.000, 0.000, -0.483, 0.876]
            in RPY (radian) [0.000, -0.000, -1.008]
            in RPY (degree) [0.000, -0.000, -57.730]
At time 1552315026.622
- Translation: [187.681, 236.713, 0.000]
- Rotation: in Quaternion [0.000, 0.000, -0.483, 0.876]
            in RPY (radian) [0.000, -0.000, -1.008]
            in RPY (degree) [0.000, -0.000, -57.730]
At time 1552315027.089
- Translation: [187.599, 236.753, 0.000]
- Rotation: in Quaternion [0.000, 0.000, -0.484, 0.875]
            in RPY (radian) [0.000, -0.000, -1.009]
            in RPY (degree) [0.000, -0.000, -57.840]
At time 1552315028.092
- Translation: [187.635, 236.769, 0.000]
- Rotation: in Quaternion [0.000, 0.000, -0.482, 0.876]
            in RPY (radian) [0.000, -0.000, -1.006]
            in RPY (degree) [0.000, -0.000, -57.650]
At time 1552315029.616
- Translation: [187.549, 236.799, 0.000]
- Rotation: in Quaternion [0.000, 0.000, -0.488, 0.873]
            in RPY (radian) [0.000, -0.000, -1.020]
            in RPY (degree) [0.000, -0.000, -58.430]
At time 1552315030.611
- Translation: [187.594, 236.885, 0.000]
- Rotation: in Quaternion [0.000, 0.000, -0.485, 0.875]
            in RPY (radian) [0.000, -0.000, -1.012]
            in RPY (degree) [0.000, -0.000, -57.990]
At time 1552315031.647
- Translation: [187.472, 236.388, 0.000]
- Rotation: in Quaternion [0.000, 0.000, -0.491, 0.871]
            in RPY (radian) [0.000, -0.000, -1.025]
            in RPY (degree) [0.000, -0.000, -58.750]
At time 1552315032.202
- Translation: [187.391, 236.134, 0.000]
- Rotation: in Quaternion [0.000, 0.000, -0.491, 0.871]
            in RPY (radian) [0.000, -0.000, -1.027]
            in RPY (degree) [0.000, -0.000, -58.820]
At time 1552315033.207
- Translation: [187.422, 236.240, 0.000]
- Rotation: in Quaternion [0.000, 0.000, -0.489, 0.872]
            in RPY (radian) [0.000, -0.000, -1.021]
            in RPY (degree) [0.000, -0.000, -58.510]
At time 1552315034.638
- Translation: [187.686, 235.910, 0.000]
- Rotation: in Quaternion [0.000, 0.000, -0.487, 0.873]
            in RPY (radian) [0.000, -0.000, -1.018]
            in RPY (degree) [0.000, -0.000, -58.340]
At time 1552315035.566
- Translation: [187.975, 235.854, 0.000]
- Rotation: in Quaternion [0.000, 0.000, -0.483, 0.876]
            in RPY (radian) [0.000, -0.000, -1.008]
            in RPY (degree) [0.000, -0.000, -57.760]
At time 1552315036.630
- Translation: [187.198, 233.934, 0.000]
- Rotation: in Quaternion [0.000, 0.000, -0.498, 0.867]
            in RPY (radian) [0.000, -0.000, -1.041]
            in RPY (degree) [0.000, -0.000, -59.670]
At time 1552315037.059
- Translation: [185.400, 232.705, 0.000]
- Rotation: in Quaternion [0.000, 0.000, -0.480, 0.877]
            in RPY (radian) [0.000, -0.000, -1.001]
            in RPY (degree) [0.000, -0.000, -57.350]
At time 1552315037.059
- Translation: [185.400, 232.705, 0.000]
- Rotation: in Quaternion [0.000, 0.000, -0.480, 0.877]
            in RPY (radian) [0.000, -0.000, -1.001]
            in RPY (degree) [0.000, -0.000, -57.350]
At time 1552315037.059
- Translation: [185.400, 232.705, 0.000]
- Rotation: in Quaternion [0.000, 0.000, -0.480, 0.877]
            in RPY (radian) [0.000, -0.000, -1.001]
            in RPY (degree) [0.000, -0.000, -57.350]
At time 1552315037.059
- Translation: [185.400, 232.705, 0.000]
- Rotation: in Quaternion [0.000, 0.000, -0.480, 0.877]
            in RPY (radian) [0.000, -0.000, -1.001]
            in RPY (degree) [0.000, -0.000, -57.350]
At time 1552315037.059
- Translation: [185.400, 232.705, 0.000]
- Rotation: in Quaternion [0.000, 0.000, -0.480, 0.877]
            in RPY (radian) [0.000, -0.000, -1.001]
            in RPY (degree) [0.000, -0.000, -57.350]
At time 1552315037.059
- Translation: [185.400, 232.705, 0.000]
- Rotation: in Quaternion [0.000, 0.000, -0.480, 0.877]
            in RPY (radian) [0.000, -0.000, -1.001]
            in RPY (degree) [0.000, -0.000, -57.350]
At time 1552315037.059
- Translation: [185.400, 232.705, 0.000]
- Rotation: in Quaternion [0.000, 0.000, -0.480, 0.877]
            in RPY (radian) [0.000, -0.000, -1.001]
            in RPY (degree) [0.000, -0.000, -57.350]
At time 1552315037.059
- Translation: [185.400, 232.705, 0.000]
- Rotation: in Quaternion [0.000, 0.000, -0.480, 0.877]
            in RPY (radian) [0.000, -0.000, -1.001]
            in RPY (degree) [0.000, -0.000, -57.350]
At time 1552315037.059
- Translation: [185.400, 232.705, 0.000]
- Rotation: in Quaternion [0.000, 0.000, -0.480, 0.877]
            in RPY (radian) [0.000, -0.000, -1.001]
            in RPY (degree) [0.000, -0.000, -57.350]
At time 1552315037.059
- Translation: [185.400, 232.705, 0.000]
- Rotation: in Quaternion [0.000, 0.000, -0.480, 0.877]
            in RPY (radian) [0.000, -0.000, -1.001]
            in RPY (degree) [0.000, -0.000, -57.350]
At time 1552315037.059
- Translation: [185.400, 232.705, 0.000]
- Rotation: in Quaternion [0.000, 0.000, -0.480, 0.877]
            in RPY (radian) [0.000, -0.000, -1.001]
            in RPY (degree) [0.000, -0.000, -57.350]
At time 1552315048.121
- Translation: [178.024, 232.796, 0.000]
- Rotation: in Quaternion [0.000, 0.000, -0.425, 0.905]
            in RPY (radian) [0.000, -0.000, -0.878]
            in RPY (degree) [0.000, -0.000, -50.320]
At time 1552315048.121
- Translation: [178.024, 232.796, 0.000]
- Rotation: in Quaternion [0.000, 0.000, -0.425, 0.905]
            in RPY (radian) [0.000, -0.000, -0.878]
            in RPY (degree) [0.000, -0.000, -50.320]
At time 1552315048.121
- Translation: [178.024, 232.796, 0.000]
- Rotation: in Quaternion [0.000, 0.000, -0.425, 0.905]
            in RPY (radian) [0.000, -0.000, -0.878]
            in RPY (degree) [0.000, -0.000, -50.320]
At time 1552315048.121
- Translation: [178.024, 232.796, 0.000]
- Rotation: in Quaternion [0.000, 0.000, -0.425, 0.905]
            in RPY (radian) [0.000, -0.000, -0.878]
            in RPY (degree) [0.000, -0.000, -50.320]
At time 1552315048.121
- Translation: [178.024, 232.796, 0.000]
- Rotation: in Quaternion [0.000, 0.000, -0.425, 0.905]
            in RPY (radian) [0.000, -0.000, -0.878]
            in RPY (degree) [0.000, -0.000, -50.320]
At time 1552315048.121
- Translation: [178.024, 232.796, 0.000]
- Rotation: in Quaternion [0.000, 0.000, -0.425, 0.905]
            in RPY (radian) [0.000, -0.000, -0.878]
            in RPY (degree) [0.000, -0.000, -50.320]
At time 1552315048.121
- Translation: [178.024, 232.796, 0.000]
- Rotation: in Quaternion [0.000, 0.000, -0.425, 0.905]
            in RPY (radian) [0.000, -0.000, -0.878]
            in RPY (degree) [0.000, -0.000, -50.320]
At time 1552315048.121
- Translation: [178.024, 232.796, 0.000]
- Rotation: in Quaternion [0.000, 0.000, -0.425, 0.905]
            in RPY (radian) [0.000, -0.000, -0.878]
            in RPY (degree) [0.000, -0.000, -50.320]
At time 1552315048.121
- Translation: [178.024, 232.796, 0.000]
- Rotation: in Quaternion [0.000, 0.000, -0.425, 0.905]
            in RPY (radian) [0.000, -0.000, -0.878]
            in RPY (degree) [0.000, -0.000, -50.320]
At time 1552315048.121
- Translation: [178.024, 232.796, 0.000]
- Rotation: in Quaternion [0.000, 0.000, -0.425, 0.905]
            in RPY (radian) [0.000, -0.000, -0.878]
            in RPY (degree) [0.000, -0.000, -50.320]
At time 1552315048.121
- Translation: [178.024, 232.796, 0.000]
- Rotation: in Quaternion [0.000, 0.000, -0.425, 0.905]
            in RPY (radian) [0.000, -0.000, -0.878]
            in RPY (degree) [0.000, -0.000, -50.320]
At time 1552315048.121
- Translation: [178.024, 232.796, 0.000]
- Rotation: in Quaternion [0.000, 0.000, -0.425, 0.905]
            in RPY (radian) [0.000, -0.000, -0.878]
            in RPY (degree) [0.000, -0.000, -50.320]
At time 1552315048.121
- Translation: [178.024, 232.796, 0.000]
- Rotation: in Quaternion [0.000, 0.000, -0.425, 0.905]
            in RPY (radian) [0.000, -0.000, -0.878]
            in RPY (degree) [0.000, -0.000, -50.320]
At time 1552315048.121
- Translation: [178.024, 232.796, 0.000]
- Rotation: in Quaternion [0.000, 0.000, -0.425, 0.905]
            in RPY (radian) [0.000, -0.000, -0.878]
            in RPY (degree) [0.000, -0.000, -50.320]
At time 1552315048.121
- Translation: [178.024, 232.796, 0.000]
- Rotation: in Quaternion [0.000, 0.000, -0.425, 0.905]
            in RPY (radian) [0.000, -0.000, -0.878]
            in RPY (degree) [0.000, -0.000, -50.320]
At time 1552315048.121
- Translation: [178.024, 232.796, 0.000]
- Rotation: in Quaternion [0.000, 0.000, -0.425, 0.905]
            in RPY (radian) [0.000, -0.000, -0.878]
            in RPY (degree) [0.000, -0.000, -50.320]
At time 1552315048.121
- Translation: [178.024, 232.796, 0.000]
- Rotation: in Quaternion [0.000, 0.000, -0.425, 0.905]
            in RPY (radian) [0.000, -0.000, -0.878]
            in RPY (degree) [0.000, -0.000, -50.320]
At time 1552315048.121
- Translation: [178.024, 232.796, 0.000]
- Rotation: in Quaternion [0.000, 0.000, -0.425, 0.905]
            in RPY (radian) [0.000, -0.000, -0.878]
            in RPY (degree) [0.000, -0.000, -50.320]
At time 1552315048.121
- Translation: [178.024, 232.796, 0.000]
- Rotation: in Quaternion [0.000, 0.000, -0.425, 0.905]
            in RPY (radian) [0.000, -0.000, -0.878]
            in RPY (degree) [0.000, -0.000, -50.320]
At time 1552315048.121
- Translation: [178.024, 232.796, 0.000]
- Rotation: in Quaternion [0.000, 0.000, -0.425, 0.905]
            in RPY (radian) [0.000, -0.000, -0.878]
            in RPY (degree) [0.000, -0.000, -50.320]
At time 1552315048.121
- Translation: [178.024, 232.796, 0.000]
- Rotation: in Quaternion [0.000, 0.000, -0.425, 0.905]
            in RPY (radian) [0.000, -0.000, -0.878]
            in RPY (degree) [0.000, -0.000, -50.320]
At time 1552315048.121
- Translation: [178.024, 232.796, 0.000]
- Rotation: in Quaternion [0.000, 0.000, -0.425, 0.905]
            in RPY (radian) [0.000, -0.000, -0.878]
            in RPY (degree) [0.000, -0.000, -50.320]
At time 1552315048.121
- Translation: [178.024, 232.796, 0.000]
- Rotation: in Quaternion [0.000, 0.000, -0.425, 0.905]
            in RPY (radian) [0.000, -0.000, -0.878]
            in RPY (degree) [0.000, -0.000, -50.320]
At time 1552315048.121
- Translation: [178.024, 232.796, 0.000]
- Rotation: in Quaternion [0.000, 0.000, -0.425, 0.905]
            in RPY (radian) [0.000, -0.000, -0.878]
            in RPY (degree) [0.000, -0.000, -50.320]
At time 1552315048.121
- Translation: [178.024, 232.796, 0.000]
- Rotation: in Quaternion [0.000, 0.000, -0.425, 0.905]
            in RPY (radian) [0.000, -0.000, -0.878]
            in RPY (degree) [0.000, -0.000, -50.320]
At time 1552315048.121
- Translation: [178.024, 232.796, 0.000]
- Rotation: in Quaternion [0.000, 0.000, -0.425, 0.905]
            in RPY (radian) [0.000, -0.000, -0.878]
            in RPY (degree) [0.000, -0.000, -50.320]
At time 1552315048.121
- Translation: [178.024, 232.796, 0.000]
- Rotation: in Quaternion [0.000, 0.000, -0.425, 0.905]
            in RPY (radian) [0.000, -0.000, -0.878]
            in RPY (degree) [0.000, -0.000, -50.320]
At time 1552315048.121
- Translation: [178.024, 232.796, 0.000]
- Rotation: in Quaternion [0.000, 0.000, -0.425, 0.905]
            in RPY (radian) [0.000, -0.000, -0.878]
            in RPY (degree) [0.000, -0.000, -50.320]
At time 1552315048.121
- Translation: [178.024, 232.796, 0.000]
- Rotation: in Quaternion [0.000, 0.000, -0.425, 0.905]
            in RPY (radian) [0.000, -0.000, -0.878]
            in RPY (degree) [0.000, -0.000, -50.320]
At time 1552315048.121
- Translation: [178.024, 232.796, 0.000]
- Rotation: in Quaternion [0.000, 0.000, -0.425, 0.905]
            in RPY (radian) [0.000, -0.000, -0.878]
            in RPY (degree) [0.000, -0.000, -50.320]
At time 1552315048.121
- Translation: [178.024, 232.796, 0.000]
- Rotation: in Quaternion [0.000, 0.000, -0.425, 0.905]
            in RPY (radian) [0.000, -0.000, -0.878]
            in RPY (degree) [0.000, -0.000, -50.320]
At time 1552315048.121
- Translation: [178.024, 232.796, 0.000]
- Rotation: in Quaternion [0.000, 0.000, -0.425, 0.905]
            in RPY (radian) [0.000, -0.000, -0.878]
            in RPY (degree) [0.000, -0.000, -50.320]
At time 1552315048.121
- Translation: [178.024, 232.796, 0.000]
- Rotation: in Quaternion [0.000, 0.000, -0.425, 0.905]
            in RPY (radian) [0.000, -0.000, -0.878]
            in RPY (degree) [0.000, -0.000, -50.320]
At time 1552315048.121
- Translation: [178.024, 232.796, 0.000]
- Rotation: in Quaternion [0.000, 0.000, -0.425, 0.905]
            in RPY (radian) [0.000, -0.000, -0.878]
            in RPY (degree) [0.000, -0.000, -50.320]
At time 1552315048.121
- Translation: [178.024, 232.796, 0.000]
- Rotation: in Quaternion [0.000, 0.000, -0.425, 0.905]
            in RPY (radian) [0.000, -0.000, -0.878]
            in RPY (degree) [0.000, -0.000, -50.320]
At time 1552315048.121
- Translation: [178.024, 232.796, 0.000]
- Rotation: in Quaternion [0.000, 0.000, -0.425, 0.905]
            in RPY (radian) [0.000, -0.000, -0.878]
            in RPY (degree) [0.000, -0.000, -50.320]
At time 1552315048.121
- Translation: [178.024, 232.796, 0.000]
- Rotation: in Quaternion [0.000, 0.000, -0.425, 0.905]
            in RPY (radian) [0.000, -0.000, -0.878]
            in RPY (degree) [0.000, -0.000, -50.320]
At time 1552315048.121
- Translation: [178.024, 232.796, 0.000]
- Rotation: in Quaternion [0.000, 0.000, -0.425, 0.905]
            in RPY (radian) [0.000, -0.000, -0.878]
            in RPY (degree) [0.000, -0.000, -50.320]
At time 1552315048.121
- Translation: [178.024, 232.796, 0.000]
- Rotation: in Quaternion [0.000, 0.000, -0.425, 0.905]
            in RPY (radian) [0.000, -0.000, -0.878]
            in RPY (degree) [0.000, -0.000, -50.320]
At time 1552315048.121
- Translation: [178.024, 232.796, 0.000]
- Rotation: in Quaternion [0.000, 0.000, -0.425, 0.905]
            in RPY (radian) [0.000, -0.000, -0.878]
            in RPY (degree) [0.000, -0.000, -50.320]
At time 1552315048.121
- Translation: [178.024, 232.796, 0.000]
- Rotation: in Quaternion [0.000, 0.000, -0.425, 0.905]
            in RPY (radian) [0.000, -0.000, -0.878]
            in RPY (degree) [0.000, -0.000, -50.320]
At time 1552315048.121
- Translation: [178.024, 232.796, 0.000]
- Rotation: in Quaternion [0.000, 0.000, -0.425, 0.905]
            in RPY (radian) [0.000, -0.000, -0.878]
            in RPY (degree) [0.000, -0.000, -50.320]
At time 1552315048.121
- Translation: [178.024, 232.796, 0.000]
- Rotation: in Quaternion [0.000, 0.000, -0.425, 0.905]
            in RPY (radian) [0.000, -0.000, -0.878]
            in RPY (degree) [0.000, -0.000, -50.320]
At time 1552315048.121
- Translation: [178.024, 232.796, 0.000]
- Rotation: in Quaternion [0.000, 0.000, -0.425, 0.905]
            in RPY (radian) [0.000, -0.000, -0.878]
            in RPY (degree) [0.000, -0.000, -50.320]
At time 1552315048.121
- Translation: [178.024, 232.796, 0.000]
- Rotation: in Quaternion [0.000, 0.000, -0.425, 0.905]
            in RPY (radian) [0.000, -0.000, -0.878]
            in RPY (degree) [0.000, -0.000, -50.320]
At time 1552315048.121
- Translation: [178.024, 232.796, 0.000]
- Rotation: in Quaternion [0.000, 0.000, -0.425, 0.905]
            in RPY (radian) [0.000, -0.000, -0.878]
            in RPY (degree) [0.000, -0.000, -50.320]
At time 1552315048.121
- Translation: [178.024, 232.796, 0.000]
- Rotation: in Quaternion [0.000, 0.000, -0.425, 0.905]
            in RPY (radian) [0.000, -0.000, -0.878]
            in RPY (degree) [0.000, -0.000, -50.320]
At time 1552315048.121
- Translation: [178.024, 232.796, 0.000]
- Rotation: in Quaternion [0.000, 0.000, -0.425, 0.905]
            in RPY (radian) [0.000, -0.000, -0.878]
            in RPY (degree) [0.000, -0.000, -50.320]
At time 1552315048.121
- Translation: [178.024, 232.796, 0.000]
- Rotation: in Quaternion [0.000, 0.000, -0.425, 0.905]
            in RPY (radian) [0.000, -0.000, -0.878]
            in RPY (degree) [0.000, -0.000, -50.320]
At time 1552315048.121
- Translation: [178.024, 232.796, 0.000]
- Rotation: in Quaternion [0.000, 0.000, -0.425, 0.905]
            in RPY (radian) [0.000, -0.000, -0.878]
            in RPY (degree) [0.000, -0.000, -50.320]
At time 1552315048.121
- Translation: [178.024, 232.796, 0.000]
- Rotation: in Quaternion [0.000, 0.000, -0.425, 0.905]
            in RPY (radian) [0.000, -0.000, -0.878]
            in RPY (degree) [0.000, -0.000, -50.320]
At time 1552315048.121
- Translation: [178.024, 232.796, 0.000]
- Rotation: in Quaternion [0.000, 0.000, -0.425, 0.905]
            in RPY (radian) [0.000, -0.000, -0.878]
            in RPY (degree) [0.000, -0.000, -50.320]
At time 1552315048.121
- Translation: [178.024, 232.796, 0.000]
- Rotation: in Quaternion [0.000, 0.000, -0.425, 0.905]
            in RPY (radian) [0.000, -0.000, -0.878]
            in RPY (degree) [0.000, -0.000, -50.320]
At time 1552315048.121
- Translation: [178.024, 232.796, 0.000]
- Rotation: in Quaternion [0.000, 0.000, -0.425, 0.905]
            in RPY (radian) [0.000, -0.000, -0.878]
            in RPY (degree) [0.000, -0.000, -50.320]
At time 1552315048.121
- Translation: [178.024, 232.796, 0.000]
- Rotation: in Quaternion [0.000, 0.000, -0.425, 0.905]
            in RPY (radian) [0.000, -0.000, -0.878]
            in RPY (degree) [0.000, -0.000, -50.320]
At time 1552315048.121
- Translation: [178.024, 232.796, 0.000]
- Rotation: in Quaternion [0.000, 0.000, -0.425, 0.905]
            in RPY (radian) [0.000, -0.000, -0.878]
            in RPY (degree) [0.000, -0.000, -50.320]
At time 1552315048.121
- Translation: [178.024, 232.796, 0.000]
- Rotation: in Quaternion [0.000, 0.000, -0.425, 0.905]
            in RPY (radian) [0.000, -0.000, -0.878]
            in RPY (degree) [0.000, -0.000, -50.320]
At time 1552315048.121
- Translation: [178.024, 232.796, 0.000]
- Rotation: in Quaternion [0.000, 0.000, -0.425, 0.905]
            in RPY (radian) [0.000, -0.000, -0.878]
            in RPY (degree) [0.000, -0.000, -50.320]
At time 1552315048.121
- Translation: [178.024, 232.796, 0.000]
- Rotation: in Quaternion [0.000, 0.000, -0.425, 0.905]
            in RPY (radian) [0.000, -0.000, -0.878]
            in RPY (degree) [0.000, -0.000, -50.320]
At time 1552315048.121
- Translation: [178.024, 232.796, 0.000]
- Rotation: in Quaternion [0.000, 0.000, -0.425, 0.905]
            in RPY (radian) [0.000, -0.000, -0.878]
            in RPY (degree) [0.000, -0.000, -50.320]
At time 1552315048.121
- Translation: [178.024, 232.796, 0.000]
- Rotation: in Quaternion [0.000, 0.000, -0.425, 0.905]
            in RPY (radian) [0.000, -0.000, -0.878]
            in RPY (degree) [0.000, -0.000, -50.320]
At time 1552315048.121
- Translation: [178.024, 232.796, 0.000]
- Rotation: in Quaternion [0.000, 0.000, -0.425, 0.905]
            in RPY (radian) [0.000, -0.000, -0.878]
            in RPY (degree) [0.000, -0.000, -50.320]
At time 1552315048.121
- Translation: [178.024, 232.796, 0.000]
- Rotation: in Quaternion [0.000, 0.000, -0.425, 0.905]
            in RPY (radian) [0.000, -0.000, -0.878]
            in RPY (degree) [0.000, -0.000, -50.320]
At time 1552315048.121
- Translation: [178.024, 232.796, 0.000]
- Rotation: in Quaternion [0.000, 0.000, -0.425, 0.905]
            in RPY (radian) [0.000, -0.000, -0.878]
            in RPY (degree) [0.000, -0.000, -50.320]
At time 1552315048.121
- Translation: [178.024, 232.796, 0.000]
- Rotation: in Quaternion [0.000, 0.000, -0.425, 0.905]
            in RPY (radian) [0.000, -0.000, -0.878]
            in RPY (degree) [0.000, -0.000, -50.320]
At time 1552315048.121
- Translation: [178.024, 232.796, 0.000]
- Rotation: in Quaternion [0.000, 0.000, -0.425, 0.905]
            in RPY (radian) [0.000, -0.000, -0.878]
            in RPY (degree) [0.000, -0.000, -50.320]
At time 1552315048.121
- Translation: [178.024, 232.796, 0.000]
- Rotation: in Quaternion [0.000, 0.000, -0.425, 0.905]
            in RPY (radian) [0.000, -0.000, -0.878]
            in RPY (degree) [0.000, -0.000, -50.320]
At time 1552315048.121
- Translation: [178.024, 232.796, 0.000]
- Rotation: in Quaternion [0.000, 0.000, -0.425, 0.905]
            in RPY (radian) [0.000, -0.000, -0.878]
            in RPY (degree) [0.000, -0.000, -50.320]
At time 1552315048.121
- Translation: [178.024, 232.796, 0.000]
- Rotation: in Quaternion [0.000, 0.000, -0.425, 0.905]
            in RPY (radian) [0.000, -0.000, -0.878]
            in RPY (degree) [0.000, -0.000, -50.320]
At time 1552315048.121
- Translation: [178.024, 232.796, 0.000]
- Rotation: in Quaternion [0.000, 0.000, -0.425, 0.905]
            in RPY (radian) [0.000, -0.000, -0.878]
            in RPY (degree) [0.000, -0.000, -50.320]
At time 1552315048.121
- Translation: [178.024, 232.796, 0.000]
- Rotation: in Quaternion [0.000, 0.000, -0.425, 0.905]
            in RPY (radian) [0.000, -0.000, -0.878]
            in RPY (degree) [0.000, -0.000, -50.320]
At time 1552315048.121
- Translation: [178.024, 232.796, 0.000]
- Rotation: in Quaternion [0.000, 0.000, -0.425, 0.905]
            in RPY (radian) [0.000, -0.000, -0.878]
            in RPY (degree) [0.000, -0.000, -50.320]
At time 1552315048.121
- Translation: [178.024, 232.796, 0.000]
- Rotation: in Quaternion [0.000, 0.000, -0.425, 0.905]
            in RPY (radian) [0.000, -0.000, -0.878]
            in RPY (degree) [0.000, -0.000, -50.320]
At time 1552315048.121
- Translation: [178.024, 232.796, 0.000]
- Rotation: in Quaternion [0.000, 0.000, -0.425, 0.905]
            in RPY (radian) [0.000, -0.000, -0.878]
            in RPY (degree) [0.000, -0.000, -50.320]
At time 1552315048.121
- Translation: [178.024, 232.796, 0.000]
- Rotation: in Quaternion [0.000, 0.000, -0.425, 0.905]
            in RPY (radian) [0.000, -0.000, -0.878]
            in RPY (degree) [0.000, -0.000, -50.320]
At time 1552315048.121
- Translation: [178.024, 232.796, 0.000]
- Rotation: in Quaternion [0.000, 0.000, -0.425, 0.905]
            in RPY (radian) [0.000, -0.000, -0.878]
            in RPY (degree) [0.000, -0.000, -50.320]
At time 1552315048.121
- Translation: [178.024, 232.796, 0.000]
- Rotation: in Quaternion [0.000, 0.000, -0.425, 0.905]
            in RPY (radian) [0.000, -0.000, -0.878]
            in RPY (degree) [0.000, -0.000, -50.320]
At time 1552315048.121
- Translation: [178.024, 232.796, 0.000]
- Rotation: in Quaternion [0.000, 0.000, -0.425, 0.905]
            in RPY (radian) [0.000, -0.000, -0.878]
            in RPY (degree) [0.000, -0.000, -50.320]
At time 1552315048.121
- Translation: [178.024, 232.796, 0.000]
- Rotation: in Quaternion [0.000, 0.000, -0.425, 0.905]
            in RPY (radian) [0.000, -0.000, -0.878]
            in RPY (degree) [0.000, -0.000, -50.320]
At time 1552315048.121
- Translation: [178.024, 232.796, 0.000]
- Rotation: in Quaternion [0.000, 0.000, -0.425, 0.905]
            in RPY (radian) [0.000, -0.000, -0.878]
            in RPY (degree) [0.000, -0.000, -50.320]
At time 1552315048.121
- Translation: [178.024, 232.796, 0.000]
- Rotation: in Quaternion [0.000, 0.000, -0.425, 0.905]
            in RPY (radian) [0.000, -0.000, -0.878]
            in RPY (degree) [0.000, -0.000, -50.320]
At time 1552315048.121
- Translation: [178.024, 232.796, 0.000]
- Rotation: in Quaternion [0.000, 0.000, -0.425, 0.905]
            in RPY (radian) [0.000, -0.000, -0.878]
            in RPY (degree) [0.000, -0.000, -50.320]
At time 1552315048.121
- Translation: [178.024, 232.796, 0.000]
- Rotation: in Quaternion [0.000, 0.000, -0.425, 0.905]
            in RPY (radian) [0.000, -0.000, -0.878]
            in RPY (degree) [0.000, -0.000, -50.320]
At time 1552315048.121
- Translation: [178.024, 232.796, 0.000]
- Rotation: in Quaternion [0.000, 0.000, -0.425, 0.905]
            in RPY (radian) [0.000, -0.000, -0.878]
            in RPY (degree) [0.000, -0.000, -50.320]
At time 1552315048.121
- Translation: [178.024, 232.796, 0.000]
- Rotation: in Quaternion [0.000, 0.000, -0.425, 0.905]
            in RPY (radian) [0.000, -0.000, -0.878]
            in RPY (degree) [0.000, -0.000, -50.320]
At time 1552315048.121
- Translation: [178.024, 232.796, 0.000]
- Rotation: in Quaternion [0.000, 0.000, -0.425, 0.905]
            in RPY (radian) [0.000, -0.000, -0.878]
            in RPY (degree) [0.000, -0.000, -50.320]
At time 1552315048.121
- Translation: [178.024, 232.796, 0.000]
- Rotation: in Quaternion [0.000, 0.000, -0.425, 0.905]
            in RPY (radian) [0.000, -0.000, -0.878]
            in RPY (degree) [0.000, -0.000, -50.320]
At time 1552315048.121
- Translation: [178.024, 232.796, 0.000]
- Rotation: in Quaternion [0.000, 0.000, -0.425, 0.905]
            in RPY (radian) [0.000, -0.000, -0.878]
            in RPY (degree) [0.000, -0.000, -50.320]
At time 1552315048.121
- Translation: [178.024, 232.796, 0.000]
- Rotation: in Quaternion [0.000, 0.000, -0.425, 0.905]
            in RPY (radian) [0.000, -0.000, -0.878]
            in RPY (degree) [0.000, -0.000, -50.320]
At time 1552315048.121
- Translation: [178.024, 232.796, 0.000]
- Rotation: in Quaternion [0.000, 0.000, -0.425, 0.905]
            in RPY (radian) [0.000, -0.000, -0.878]
            in RPY (degree) [0.000, -0.000, -50.320]
At time 1552315048.121
- Translation: [178.024, 232.796, 0.000]
- Rotation: in Quaternion [0.000, 0.000, -0.425, 0.905]
            in RPY (radian) [0.000, -0.000, -0.878]
            in RPY (degree) [0.000, -0.000, -50.320]
At time 1552315048.121
- Translation: [178.024, 232.796, 0.000]
- Rotation: in Quaternion [0.000, 0.000, -0.425, 0.905]
            in RPY (radian) [0.000, -0.000, -0.878]
            in RPY (degree) [0.000, -0.000, -50.320]
At time 1552315048.121
- Translation: [178.024, 232.796, 0.000]
- Rotation: in Quaternion [0.000, 0.000, -0.425, 0.905]
            in RPY (radian) [0.000, -0.000, -0.878]
            in RPY (degree) [0.000, -0.000, -50.320]
At time 1552315048.121
- Translation: [178.024, 232.796, 0.000]
- Rotation: in Quaternion [0.000, 0.000, -0.425, 0.905]
            in RPY (radian) [0.000, -0.000, -0.878]
            in RPY (degree) [0.000, -0.000, -50.320]
At time 1552315048.121
- Translation: [178.024, 232.796, 0.000]
- Rotation: in Quaternion [0.000, 0.000, -0.425, 0.905]
            in RPY (radian) [0.000, -0.000, -0.878]
            in RPY (degree) [0.000, -0.000, -50.320]
At time 1552315048.121
- Translation: [178.024, 232.796, 0.000]
- Rotation: in Quaternion [0.000, 0.000, -0.425, 0.905]
            in RPY (radian) [0.000, -0.000, -0.878]
            in RPY (degree) [0.000, -0.000, -50.320]
At time 1552315048.121
- Translation: [178.024, 232.796, 0.000]
- Rotation: in Quaternion [0.000, 0.000, -0.425, 0.905]
            in RPY (radian) [0.000, -0.000, -0.878]
            in RPY (degree) [0.000, -0.000, -50.320]
At time 1552315048.121
- Translation: [178.024, 232.796, 0.000]
- Rotation: in Quaternion [0.000, 0.000, -0.425, 0.905]
            in RPY (radian) [0.000, -0.000, -0.878]
            in RPY (degree) [0.000, -0.000, -50.320]
At time 1552315048.121
- Translation: [178.024, 232.796, 0.000]
- Rotation: in Quaternion [0.000, 0.000, -0.425, 0.905]
            in RPY (radian) [0.000, -0.000, -0.878]
            in RPY (degree) [0.000, -0.000, -50.320]
At time 1552315048.121
- Translation: [178.024, 232.796, 0.000]
- Rotation: in Quaternion [0.000, 0.000, -0.425, 0.905]
            in RPY (radian) [0.000, -0.000, -0.878]
            in RPY (degree) [0.000, -0.000, -50.320]
At time 1552315048.121
- Translation: [178.024, 232.796, 0.000]
- Rotation: in Quaternion [0.000, 0.000, -0.425, 0.905]
            in RPY (radian) [0.000, -0.000, -0.878]
            in RPY (degree) [0.000, -0.000, -50.320]
At time 1552315048.121
- Translation: [178.024, 232.796, 0.000]
- Rotation: in Quaternion [0.000, 0.000, -0.425, 0.905]
            in RPY (radian) [0.000, -0.000, -0.878]
            in RPY (degree) [0.000, -0.000, -50.320]
At time 1552315048.121
- Translation: [178.024, 232.796, 0.000]
- Rotation: in Quaternion [0.000, 0.000, -0.425, 0.905]
            in RPY (radian) [0.000, -0.000, -0.878]
            in RPY (degree) [0.000, -0.000, -50.320]
At time 1552315048.121
- Translation: [178.024, 232.796, 0.000]
- Rotation: in Quaternion [0.000, 0.000, -0.425, 0.905]
            in RPY (radian) [0.000, -0.000, -0.878]
            in RPY (degree) [0.000, -0.000, -50.320]
At time 1552315048.121
- Translation: [178.024, 232.796, 0.000]
- Rotation: in Quaternion [0.000, 0.000, -0.425, 0.905]
            in RPY (radian) [0.000, -0.000, -0.878]
            in RPY (degree) [0.000, -0.000, -50.320]
At time 1552315048.121
- Translation: [178.024, 232.796, 0.000]
- Rotation: in Quaternion [0.000, 0.000, -0.425, 0.905]
            in RPY (radian) [0.000, -0.000, -0.878]
            in RPY (degree) [0.000, -0.000, -50.320]
At time 1552315048.121
- Translation: [178.024, 232.796, 0.000]
- Rotation: in Quaternion [0.000, 0.000, -0.425, 0.905]
            in RPY (radian) [0.000, -0.000, -0.878]
            in RPY (degree) [0.000, -0.000, -50.320]
At time 1552315048.121
- Translation: [178.024, 232.796, 0.000]
- Rotation: in Quaternion [0.000, 0.000, -0.425, 0.905]
            in RPY (radian) [0.000, -0.000, -0.878]
            in RPY (degree) [0.000, -0.000, -50.320]
At time 1552315048.121
- Translation: [178.024, 232.796, 0.000]
- Rotation: in Quaternion [0.000, 0.000, -0.425, 0.905]
            in RPY (radian) [0.000, -0.000, -0.878]
            in RPY (degree) [0.000, -0.000, -50.320]
At time 1552315048.121
- Translation: [178.024, 232.796, 0.000]
- Rotation: in Quaternion [0.000, 0.000, -0.425, 0.905]
            in RPY (radian) [0.000, -0.000, -0.878]
            in RPY (degree) [0.000, -0.000, -50.320]
At time 1552315048.121
- Translation: [178.024, 232.796, 0.000]
- Rotation: in Quaternion [0.000, 0.000, -0.425, 0.905]
            in RPY (radian) [0.000, -0.000, -0.878]
            in RPY (degree) [0.000, -0.000, -50.320]
At time 1552315048.121
- Translation: [178.024, 232.796, 0.000]
- Rotation: in Quaternion [0.000, 0.000, -0.425, 0.905]
            in RPY (radian) [0.000, -0.000, -0.878]
            in RPY (degree) [0.000, -0.000, -50.320]
At time 1552315048.121
- Translation: [178.024, 232.796, 0.000]
- Rotation: in Quaternion [0.000, 0.000, -0.425, 0.905]
            in RPY (radian) [0.000, -0.000, -0.878]
            in RPY (degree) [0.000, -0.000, -50.320]
At time 1552315048.121
- Translation: [178.024, 232.796, 0.000]
- Rotation: in Quaternion [0.000, 0.000, -0.425, 0.905]
            in RPY (radian) [0.000, -0.000, -0.878]
            in RPY (degree) [0.000, -0.000, -50.320]
At time 1552315048.121
- Translation: [178.024, 232.796, 0.000]
- Rotation: in Quaternion [0.000, 0.000, -0.425, 0.905]
            in RPY (radian) [0.000, -0.000, -0.878]
            in RPY (degree) [0.000, -0.000, -50.320]
At time 1552315048.121
- Translation: [178.024, 232.796, 0.000]
- Rotation: in Quaternion [0.000, 0.000, -0.425, 0.905]
            in RPY (radian) [0.000, -0.000, -0.878]
            in RPY (degree) [0.000, -0.000, -50.320]
At time 1552315164.514
- Translation: [48.331, 240.711, 0.000]
- Rotation: in Quaternion [0.000, 0.000, 0.435, 0.901]
            in RPY (radian) [0.000, -0.000, 0.899]
            in RPY (degree) [0.000, -0.000, 51.510]
At time 1552315165.513
- Translation: [48.986, 241.432, 0.000]
- Rotation: in Quaternion [0.000, 0.000, 0.430, 0.903]
            in RPY (radian) [0.000, -0.000, 0.889]
            in RPY (degree) [0.000, -0.000, 50.960]
At time 1552315166.497
- Translation: [49.119, 241.569, 0.000]
- Rotation: in Quaternion [0.000, 0.000, 0.429, 0.903]
            in RPY (radian) [0.000, -0.000, 0.887]
            in RPY (degree) [0.000, -0.000, 50.800]
At time 1552315167.514
- Translation: [48.905, 241.610, 0.000]
- Rotation: in Quaternion [0.000, 0.000, 0.430, 0.903]
            in RPY (radian) [0.000, -0.000, 0.890]
            in RPY (degree) [0.000, -0.000, 50.990]
At time 1552315168.509
- Translation: [48.936, 241.645, 0.000]
- Rotation: in Quaternion [0.000, 0.000, 0.429, 0.903]
            in RPY (radian) [0.000, -0.000, 0.887]
            in RPY (degree) [0.000, -0.000, 50.820]
At time 1552315169.575
- Translation: [48.595, 241.285, 0.000]
- Rotation: in Quaternion [0.000, 0.000, 0.428, 0.904]
            in RPY (radian) [0.000, -0.000, 0.885]
            in RPY (degree) [0.000, -0.000, 50.690]
At time 1552315170.458
- Translation: [48.590, 241.163, 0.000]
- Rotation: in Quaternion [0.000, 0.000, 0.428, 0.904]
            in RPY (radian) [0.000, -0.000, 0.885]
            in RPY (degree) [0.000, -0.000, 50.720]
At time 1552315171.590
- Translation: [48.367, 241.595, 0.000]
- Rotation: in Quaternion [0.000, 0.000, 0.434, 0.901]
            in RPY (radian) [0.000, -0.000, 0.898]
            in RPY (degree) [0.000, -0.000, 51.430]
At time 1552315171.590
- Translation: [48.367, 241.595, 0.000]
- Rotation: in Quaternion [0.000, 0.000, 0.434, 0.901]
            in RPY (radian) [0.000, -0.000, 0.898]
            in RPY (degree) [0.000, -0.000, 51.430]
At time 1552315171.590
- Translation: [48.367, 241.595, 0.000]
- Rotation: in Quaternion [0.000, 0.000, 0.434, 0.901]
            in RPY (radian) [0.000, -0.000, 0.898]
            in RPY (degree) [0.000, -0.000, 51.430]
At time 1552315171.590
- Translation: [48.367, 241.595, 0.000]
- Rotation: in Quaternion [0.000, 0.000, 0.434, 0.901]
            in RPY (radian) [0.000, -0.000, 0.898]
            in RPY (degree) [0.000, -0.000, 51.430]
At time 1552315171.590
- Translation: [48.367, 241.595, 0.000]
- Rotation: in Quaternion [0.000, 0.000, 0.434, 0.901]
            in RPY (radian) [0.000, -0.000, 0.898]
            in RPY (degree) [0.000, -0.000, 51.430]
At time 1552315171.590
- Translation: [48.367, 241.595, 0.000]
- Rotation: in Quaternion [0.000, 0.000, 0.434, 0.901]
            in RPY (radian) [0.000, -0.000, 0.898]
            in RPY (degree) [0.000, -0.000, 51.430]
At time 1552315171.590
- Translation: [48.367, 241.595, 0.000]
- Rotation: in Quaternion [0.000, 0.000, 0.434, 0.901]
            in RPY (radian) [0.000, -0.000, 0.898]
            in RPY (degree) [0.000, -0.000, 51.430]
At time 1552315171.590
- Translation: [48.367, 241.595, 0.000]
- Rotation: in Quaternion [0.000, 0.000, 0.434, 0.901]
            in RPY (radian) [0.000, -0.000, 0.898]
            in RPY (degree) [0.000, -0.000, 51.430]
At time 1552315171.590
- Translation: [48.367, 241.595, 0.000]
- Rotation: in Quaternion [0.000, 0.000, 0.434, 0.901]
            in RPY (radian) [0.000, -0.000, 0.898]
            in RPY (degree) [0.000, -0.000, 51.430]
At time 1552315171.590
- Translation: [48.367, 241.595, 0.000]
- Rotation: in Quaternion [0.000, 0.000, 0.434, 0.901]
            in RPY (radian) [0.000, -0.000, 0.898]
            in RPY (degree) [0.000, -0.000, 51.430]
At time 1552315171.590
- Translation: [48.367, 241.595, 0.000]
- Rotation: in Quaternion [0.000, 0.000, 0.434, 0.901]
            in RPY (radian) [0.000, -0.000, 0.898]
            in RPY (degree) [0.000, -0.000, 51.430]
At time 1552315182.601
- Translation: [54.102, 248.519, 0.000]
- Rotation: in Quaternion [0.000, 0.000, 0.376, 0.927]
            in RPY (radian) [0.000, -0.000, 0.770]
            in RPY (degree) [0.000, -0.000, 44.140]
At time 1552315183.312
- Translation: [54.244, 248.564, 0.000]
- Rotation: in Quaternion [0.000, 0.000, 0.378, 0.926]
            in RPY (radian) [0.000, -0.000, 0.775]
            in RPY (degree) [0.000, -0.000, 44.420]
At time 1552315184.492
- Translation: [54.229, 248.585, 0.000]
- Rotation: in Quaternion [0.000, 0.000, 0.376, 0.926]
            in RPY (radian) [0.000, -0.000, 0.772]
            in RPY (degree) [0.000, -0.000, 44.210]
At time 1552315185.495
- Translation: [54.254, 248.590, 0.000]
- Rotation: in Quaternion [0.000, 0.000, 0.378, 0.926]
            in RPY (radian) [0.000, -0.000, 0.775]
            in RPY (degree) [0.000, -0.000, 44.430]
At time 1552315186.601
- Translation: [54.686, 248.412, 0.000]
- Rotation: in Quaternion [0.000, 0.000, 0.376, 0.926]
            in RPY (radian) [0.000, -0.000, 0.772]
            in RPY (degree) [0.000, -0.000, 44.210]
At time 1552315187.646
- Translation: [53.640, 247.934, 0.000]
- Rotation: in Quaternion [0.000, 0.000, 0.368, 0.930]
            in RPY (radian) [0.000, -0.000, 0.755]
            in RPY (degree) [0.000, -0.000, 43.230]
At time 1552315188.636
- Translation: [54.097, 247.813, 0.000]
- Rotation: in Quaternion [0.000, 0.000, 0.368, 0.930]
            in RPY (radian) [0.000, -0.000, 0.753]
            in RPY (degree) [0.000, -0.000, 43.140]
At time 1552315189.003
- Translation: [52.095, 248.305, 0.000]
- Rotation: in Quaternion [0.000, 0.000, 0.369, 0.930]
            in RPY (radian) [0.000, -0.000, 0.755]
            in RPY (degree) [0.000, -0.000, 43.260]
At time 1552315190.586
- Translation: [54.320, 345.989, 0.000]
- Rotation: in Quaternion [0.000, 0.000, 0.456, 0.890]
            in RPY (radian) [0.000, -0.000, 0.946]
            in RPY (degree) [0.000, -0.000, 54.220]
At time 1552315191.242
- Translation: [51.592, 346.771, 0.000]
- Rotation: in Quaternion [0.000, 0.000, 0.413, 0.911]
            in RPY (radian) [0.000, -0.000, 0.852]
            in RPY (degree) [0.000, -0.000, 48.820]
At time 1552315192.094
- Translation: [53.741, 349.250, 0.000]
- Rotation: in Quaternion [0.000, 0.000, 0.235, 0.972]
            in RPY (radian) [0.000, -0.000, 0.474]
            in RPY (degree) [0.000, -0.000, 27.160]
At time 1552315193.492
- Translation: [57.399, 351.704, 0.000]
- Rotation: in Quaternion [0.000, 0.000, 0.230, 0.973]
            in RPY (radian) [0.000, -0.000, 0.464]
            in RPY (degree) [0.000, -0.000, 26.600]
At time 1552315194.651
- Translation: [58.466, 349.976, 0.000]
- Rotation: in Quaternion [0.000, 0.000, 0.254, 0.967]
            in RPY (radian) [0.000, -0.000, 0.513]
            in RPY (degree) [0.000, -0.000, 29.370]
At time 1552315195.602
- Translation: [58.354, 350.210, 0.000]
- Rotation: in Quaternion [0.000, 0.000, 0.243, 0.970]
            in RPY (radian) [0.000, -0.000, 0.491]
            in RPY (degree) [0.000, -0.000, 28.130]
At time 1552315196.576
- Translation: [59.827, 349.829, 0.000]
- Rotation: in Quaternion [0.000, 0.000, 0.250, 0.968]
            in RPY (radian) [0.000, -0.000, 0.505]
            in RPY (degree) [0.000, -0.000, 28.910]
At time 1552315197.630
- Translation: [58.882, 350.053, 0.000]
- Rotation: in Quaternion [0.000, 0.000, 0.243, 0.970]
            in RPY (radian) [0.000, -0.000, 0.491]
            in RPY (degree) [0.000, -0.000, 28.140]
At time 1552315198.586
- Translation: [56.637, 349.905, 0.000]
- Rotation: in Quaternion [0.000, 0.000, 0.246, 0.969]
            in RPY (radian) [0.000, -0.000, 0.498]
            in RPY (degree) [0.000, -0.000, 28.520]
At time 1552315199.492
- Translation: [56.043, 349.799, 0.000]
- Rotation: in Quaternion [0.000, 0.000, 0.237, 0.972]
            in RPY (radian) [0.000, -0.000, 0.478]
            in RPY (degree) [0.000, -0.000, 27.370]
At time 1552315200.494
- Translation: [56.449, 349.976, 0.000]
- Rotation: in Quaternion [0.000, 0.000, 0.235, 0.972]
            in RPY (radian) [0.000, -0.000, 0.475]
            in RPY (degree) [0.000, -0.000, 27.230]
At time 1552315201.294
- Translation: [56.510, 349.961, 0.000]
- Rotation: in Quaternion [0.000, 0.000, 0.234, 0.972]
            in RPY (radian) [0.000, -0.000, 0.473]
            in RPY (degree) [0.000, -0.000, 27.100]
At time 1552315202.502
- Translation: [56.205, 349.865, 0.000]
- Rotation: in Quaternion [0.000, 0.000, 0.233, 0.972]
            in RPY (radian) [0.000, -0.000, 0.471]
            in RPY (degree) [0.000, -0.000, 26.970]
At time 1552315203.510
- Translation: [56.225, 349.855, 0.000]
- Rotation: in Quaternion [0.000, 0.000, 0.237, 0.972]
            in RPY (radian) [0.000, -0.000, 0.478]
            in RPY (degree) [0.000, -0.000, 27.370]
At time 1552315204.503
- Translation: [55.834, 349.875, 0.000]
- Rotation: in Quaternion [0.000, 0.000, 0.235, 0.972]
            in RPY (radian) [0.000, -0.000, 0.474]
            in RPY (degree) [0.000, -0.000, 27.140]
At time 1552315205.520
- Translation: [56.017, 349.738, 0.000]
- Rotation: in Quaternion [0.000, 0.000, 0.235, 0.972]
            in RPY (radian) [0.000, -0.000, 0.474]
            in RPY (degree) [0.000, -0.000, 27.140]
At time 1552315206.539
- Translation: [56.114, 349.728, 0.000]
- Rotation: in Quaternion [0.000, 0.000, 0.230, 0.973]
            in RPY (radian) [0.000, -0.000, 0.465]
            in RPY (degree) [0.000, -0.000, 26.650]
At time 1552315207.028
- Translation: [56.109, 349.722, 0.000]
- Rotation: in Quaternion [0.000, 0.000, 0.231, 0.973]
            in RPY (radian) [0.000, -0.000, 0.466]
            in RPY (degree) [0.000, -0.000, 26.700]
At time 1552315208.094
- Translation: [56.124, 349.728, 0.000]
- Rotation: in Quaternion [0.000, 0.000, 0.230, 0.973]
            in RPY (radian) [0.000, -0.000, 0.465]
            in RPY (degree) [0.000, -0.000, 26.650]
At time 1552315209.525
- Translation: [56.104, 349.722, 0.000]
- Rotation: in Quaternion [0.000, 0.000, 0.230, 0.973]
            in RPY (radian) [0.000, -0.000, 0.465]
            in RPY (degree) [0.000, -0.000, 26.650]
At time 1552315210.520
- Translation: [56.109, 349.733, 0.000]
- Rotation: in Quaternion [0.000, 0.000, 0.230, 0.973]
            in RPY (radian) [0.000, -0.000, 0.464]
            in RPY (degree) [0.000, -0.000, 26.610]
At time 1552315211.532
- Translation: [56.109, 349.722, 0.000]
- Rotation: in Quaternion [0.000, 0.000, 0.230, 0.973]
            in RPY (radian) [0.000, -0.000, 0.465]
            in RPY (degree) [0.000, -0.000, 26.650]
At time 1552315212.533
- Translation: [56.104, 349.728, 0.000]
- Rotation: in Quaternion [0.000, 0.000, 0.230, 0.973]
            in RPY (radian) [0.000, -0.000, 0.464]
            in RPY (degree) [0.000, -0.000, 26.560]
At time 1552315213.539
- Translation: [56.124, 349.733, 0.000]
- Rotation: in Quaternion [0.000, 0.000, 0.230, 0.973]
            in RPY (radian) [0.000, -0.000, 0.464]
            in RPY (degree) [0.000, -0.000, 26.560]
At time 1552315214.545
- Translation: [56.114, 349.722, 0.000]
- Rotation: in Quaternion [0.000, 0.000, 0.231, 0.973]
            in RPY (radian) [0.000, -0.000, 0.466]
            in RPY (degree) [0.000, -0.000, 26.700]
At time 1552315215.545
- Translation: [56.109, 349.717, 0.000]
- Rotation: in Quaternion [0.000, 0.000, 0.231, 0.973]
            in RPY (radian) [0.000, -0.000, 0.467]
            in RPY (degree) [0.000, -0.000, 26.740]
At time 1552315216.537
- Translation: [56.109, 349.733, 0.000]
- Rotation: in Quaternion [0.000, 0.000, 0.229, 0.974]
            in RPY (radian) [0.000, -0.000, 0.461]
            in RPY (degree) [0.000, -0.000, 26.420]
At time 1552315217.551
- Translation: [56.119, 349.733, 0.000]
- Rotation: in Quaternion [0.000, 0.000, 0.230, 0.973]
            in RPY (radian) [0.000, -0.000, 0.464]
            in RPY (degree) [0.000, -0.000, 26.560]
At time 1552315218.544
- Translation: [56.109, 349.722, 0.000]
- Rotation: in Quaternion [0.000, 0.000, 0.231, 0.973]
            in RPY (radian) [0.000, -0.000, 0.466]
            in RPY (degree) [0.000, -0.000, 26.700]
At time 1552315219.061
- Translation: [56.109, 349.728, 0.000]
- Rotation: in Quaternion [0.000, 0.000, 0.230, 0.973]
            in RPY (radian) [0.000, -0.000, 0.464]
            in RPY (degree) [0.000, -0.000, 26.560]
At time 1552315220.109
- Translation: [56.109, 349.728, 0.000]
- Rotation: in Quaternion [0.000, 0.000, 0.230, 0.973]
            in RPY (radian) [0.000, -0.000, 0.464]
            in RPY (degree) [0.000, -0.000, 26.560]
At time 1552315221.111
- Translation: [56.109, 349.722, 0.000]
- Rotation: in Quaternion [0.000, 0.000, 0.230, 0.973]
            in RPY (radian) [0.000, -0.000, 0.464]
            in RPY (degree) [0.000, -0.000, 26.610]
At time 1552315222.567
- Translation: [56.109, 349.733, 0.000]
- Rotation: in Quaternion [0.000, 0.000, 0.230, 0.973]
            in RPY (radian) [0.000, -0.000, 0.464]
            in RPY (degree) [0.000, -0.000, 26.560]
At time 1552315223.559
- Translation: [56.114, 349.728, 0.000]
- Rotation: in Quaternion [0.000, 0.000, 0.229, 0.973]
            in RPY (radian) [0.000, -0.000, 0.463]
            in RPY (degree) [0.000, -0.000, 26.510]
At time 1552315224.577
- Translation: [56.119, 349.722, 0.000]
- Rotation: in Quaternion [0.000, 0.000, 0.230, 0.973]
            in RPY (radian) [0.000, -0.000, 0.465]
            in RPY (degree) [0.000, -0.000, 26.650]
At time 1552315225.576
- Translation: [56.109, 349.722, 0.000]
- Rotation: in Quaternion [0.000, 0.000, 0.231, 0.973]
            in RPY (radian) [0.000, -0.000, 0.466]
            in RPY (degree) [0.000, -0.000, 26.700]
At time 1552315226.587
- Translation: [56.109, 349.712, 0.000]
- Rotation: in Quaternion [0.000, 0.000, 0.232, 0.973]
            in RPY (radian) [0.000, -0.000, 0.468]
            in RPY (degree) [0.000, -0.000, 26.790]
At time 1552315227.076
- Translation: [56.098, 349.717, 0.000]
- Rotation: in Quaternion [0.000, 0.000, 0.231, 0.973]
            in RPY (radian) [0.000, -0.000, 0.466]
            in RPY (degree) [0.000, -0.000, 26.700]
At time 1552315228.109
- Translation: [56.114, 349.717, 0.000]
- Rotation: in Quaternion [0.000, 0.000, 0.231, 0.973]
            in RPY (radian) [0.000, -0.000, 0.466]
            in RPY (degree) [0.000, -0.000, 26.700]
At time 1552315229.573
- Translation: [56.114, 349.728, 0.000]
- Rotation: in Quaternion [0.000, 0.000, 0.230, 0.973]
            in RPY (radian) [0.000, -0.000, 0.464]
            in RPY (degree) [0.000, -0.000, 26.610]
At time 1552315230.590
- Translation: [56.124, 349.722, 0.000]
- Rotation: in Quaternion [0.000, 0.000, 0.230, 0.973]
            in RPY (radian) [0.000, -0.000, 0.465]
            in RPY (degree) [0.000, -0.000, 26.650]
At time 1552315231.589
- Translation: [56.124, 349.712, 0.000]
- Rotation: in Quaternion [0.000, 0.000, 0.232, 0.973]
            in RPY (radian) [0.000, -0.000, 0.469]
            in RPY (degree) [0.000, -0.000, 26.870]
At time 1552315232.596
- Translation: [56.114, 349.712, 0.000]
- Rotation: in Quaternion [0.000, 0.000, 0.232, 0.973]
            in RPY (radian) [0.000, -0.000, 0.468]
            in RPY (degree) [0.000, -0.000, 26.830]
At time 1552315233.582
- Translation: [56.114, 349.712, 0.000]
- Rotation: in Quaternion [0.000, 0.000, 0.232, 0.973]
            in RPY (radian) [0.000, -0.000, 0.468]
            in RPY (degree) [0.000, -0.000, 26.830]
At time 1552315234.593
- Translation: [56.114, 349.712, 0.000]
- Rotation: in Quaternion [0.000, 0.000, 0.232, 0.973]
            in RPY (radian) [0.000, -0.000, 0.468]
            in RPY (degree) [0.000, -0.000, 26.830]
At time 1552315235.601
- Translation: [56.109, 349.712, 0.000]
- Rotation: in Quaternion [0.000, 0.000, 0.232, 0.973]
            in RPY (radian) [0.000, -0.000, 0.469]
            in RPY (degree) [0.000, -0.000, 26.880]
At time 1552315236.614
- Translation: [56.104, 349.717, 0.000]
- Rotation: in Quaternion [0.000, 0.000, 0.232, 0.973]
            in RPY (radian) [0.000, -0.000, 0.468]
            in RPY (degree) [0.000, -0.000, 26.790]
At time 1552315237.614
- Translation: [56.119, 349.722, 0.000]
- Rotation: in Quaternion [0.000, 0.000, 0.230, 0.973]
            in RPY (radian) [0.000, -0.000, 0.464]
            in RPY (degree) [0.000, -0.000, 26.610]
At time 1552315238.616
- Translation: [56.109, 349.712, 0.000]
- Rotation: in Quaternion [0.000, 0.000, 0.232, 0.973]
            in RPY (radian) [0.000, -0.000, 0.468]
            in RPY (degree) [0.000, -0.000, 26.790]
At time 1552315239.105
- Translation: [56.124, 349.717, 0.000]
- Rotation: in Quaternion [0.000, 0.000, 0.232, 0.973]
            in RPY (radian) [0.000, -0.000, 0.468]
            in RPY (degree) [0.000, -0.000, 26.830]
At time 1552315240.604
- Translation: [56.098, 349.728, 0.000]
- Rotation: in Quaternion [0.000, 0.000, 0.230, 0.973]
            in RPY (radian) [0.000, -0.000, 0.464]
            in RPY (degree) [0.000, -0.000, 26.560]
At time 1552315241.621
- Translation: [56.119, 349.712, 0.000]
- Rotation: in Quaternion [0.000, 0.000, 0.231, 0.973]
            in RPY (radian) [0.000, -0.000, 0.467]
            in RPY (degree) [0.000, -0.000, 26.740]
At time 1552315242.620
- Translation: [56.124, 349.722, 0.000]
- Rotation: in Quaternion [0.000, 0.000, 0.231, 0.973]
            in RPY (radian) [0.000, -0.000, 0.466]
            in RPY (degree) [0.000, -0.000, 26.690]
At time 1552315243.625
- Translation: [56.129, 349.712, 0.000]
- Rotation: in Quaternion [0.000, 0.000, 0.232, 0.973]
            in RPY (radian) [0.000, -0.000, 0.467]
            in RPY (degree) [0.000, -0.000, 26.780]
At time 1552315244.640
- Translation: [56.109, 349.712, 0.000]
- Rotation: in Quaternion [0.000, 0.000, 0.232, 0.973]
            in RPY (radian) [0.000, -0.000, 0.468]
            in RPY (degree) [0.000, -0.000, 26.830]
At time 1552315245.309
- Translation: [56.124, 349.717, 0.000]
- Rotation: in Quaternion [0.000, 0.000, 0.232, 0.973]
            in RPY (radian) [0.000, -0.000, 0.467]
            in RPY (degree) [0.000, -0.000, 26.780]
At time 1552315246.650
- Translation: [56.129, 349.717, 0.000]
- Rotation: in Quaternion [0.000, 0.000, 0.231, 0.973]
            in RPY (radian) [0.000, -0.000, 0.466]
            in RPY (degree) [0.000, -0.000, 26.690]
At time 1552315247.628
- Translation: [56.119, 349.722, 0.000]
- Rotation: in Quaternion [0.000, 0.000, 0.230, 0.973]
            in RPY (radian) [0.000, -0.000, 0.465]
            in RPY (degree) [0.000, -0.000, 26.650]
At time 1552315248.633
- Translation: [56.124, 349.707, 0.000]
- Rotation: in Quaternion [0.000, 0.000, 0.232, 0.973]
            in RPY (radian) [0.000, -0.000, 0.469]
            in RPY (degree) [0.000, -0.000, 26.870]
At time 1552315249.149
- Translation: [56.109, 349.707, 0.000]
- Rotation: in Quaternion [0.000, 0.000, 0.232, 0.973]
            in RPY (radian) [0.000, -0.000, 0.469]
            in RPY (degree) [0.000, -0.000, 26.880]
At time 1552315250.640
- Translation: [56.098, 349.717, 0.000]
- Rotation: in Quaternion [0.000, 0.000, 0.231, 0.973]
            in RPY (radian) [0.000, -0.000, 0.466]
            in RPY (degree) [0.000, -0.000, 26.700]
At time 1552315251.155
- Translation: [56.119, 349.707, 0.000]
- Rotation: in Quaternion [0.000, 0.000, 0.233, 0.973]
            in RPY (radian) [0.000, -0.000, 0.470]
            in RPY (degree) [0.000, -0.000, 26.920]
At time 1552315252.310
- Translation: [56.098, 349.717, 0.000]
- Rotation: in Quaternion [0.000, 0.000, 0.232, 0.973]
            in RPY (radian) [0.000, -0.000, 0.468]
            in RPY (degree) [0.000, -0.000, 26.830]
At time 1552315253.310
- Translation: [56.119, 349.707, 0.000]
- Rotation: in Quaternion [0.000, 0.000, 0.233, 0.973]
            in RPY (radian) [0.000, -0.000, 0.470]
            in RPY (degree) [0.000, -0.000, 26.920]
At time 1552315254.651
- Translation: [56.109, 349.717, 0.000]
- Rotation: in Quaternion [0.000, 0.000, 0.231, 0.973]
            in RPY (radian) [0.000, -0.000, 0.467]
            in RPY (degree) [0.000, -0.000, 26.740]
At time 1552315255.154
- Translation: [56.119, 349.717, 0.000]
- Rotation: in Quaternion [0.000, 0.000, 0.232, 0.973]
            in RPY (radian) [0.000, -0.000, 0.467]
            in RPY (degree) [0.000, -0.000, 26.780]
At time 1552315256.164
- Translation: [56.109, 349.712, 0.000]
- Rotation: in Quaternion [0.000, 0.000, 0.232, 0.973]
            in RPY (radian) [0.000, -0.000, 0.468]
            in RPY (degree) [0.000, -0.000, 26.830]
At time 1552315257.176
- Translation: [56.104, 349.717, 0.000]
- Rotation: in Quaternion [0.000, 0.000, 0.232, 0.973]
            in RPY (radian) [0.000, -0.000, 0.468]
            in RPY (degree) [0.000, -0.000, 26.830]
At time 1552315258.177
- Translation: [56.134, 349.712, 0.000]
- Rotation: in Quaternion [0.000, 0.000, 0.232, 0.973]
            in RPY (radian) [0.000, -0.000, 0.468]
            in RPY (degree) [0.000, -0.000, 26.830]
At time 1552315259.174
- Translation: [56.114, 349.707, 0.000]
- Rotation: in Quaternion [0.000, 0.000, 0.233, 0.973]
            in RPY (radian) [0.000, -0.000, 0.470]
            in RPY (degree) [0.000, -0.000, 26.920]
At time 1552315260.309
- Translation: [56.114, 349.712, 0.000]
- Rotation: in Quaternion [0.000, 0.000, 0.232, 0.973]
            in RPY (radian) [0.000, -0.000, 0.468]
            in RPY (degree) [0.000, -0.000, 26.830]
At time 1552315261.183
- Translation: [56.119, 349.717, 0.000]
- Rotation: in Quaternion [0.000, 0.000, 0.232, 0.973]
            in RPY (radian) [0.000, -0.000, 0.468]
            in RPY (degree) [0.000, -0.000, 26.830]
At time 1552315262.196
- Translation: [56.088, 349.712, 0.000]
- Rotation: in Quaternion [0.000, 0.000, 0.232, 0.973]
            in RPY (radian) [0.000, -0.000, 0.469]
            in RPY (degree) [0.000, -0.000, 26.880]
At time 1552315263.189
- Translation: [56.129, 349.717, 0.000]
- Rotation: in Quaternion [0.000, 0.000, 0.233, 0.972]
            in RPY (radian) [0.000, -0.000, 0.471]
            in RPY (degree) [0.000, -0.000, 26.970]
At time 1552315264.189
- Translation: [56.114, 349.722, 0.000]
- Rotation: in Quaternion [0.000, 0.000, 0.231, 0.973]
            in RPY (radian) [0.000, -0.000, 0.467]
            in RPY (degree) [0.000, -0.000, 26.740]
At time 1552315265.199
- Translation: [56.129, 349.722, 0.000]
- Rotation: in Quaternion [0.000, 0.000, 0.232, 0.973]
            in RPY (radian) [0.000, -0.000, 0.469]
            in RPY (degree) [0.000, -0.000, 26.880]
At time 1552315266.295
- Translation: [56.134, 349.722, 0.000]
- Rotation: in Quaternion [0.000, 0.000, 0.232, 0.973]
            in RPY (radian) [0.000, -0.000, 0.469]
            in RPY (degree) [0.000, -0.000, 26.870]
At time 1552315267.206
- Translation: [56.139, 349.712, 0.000]
- Rotation: in Quaternion [0.000, 0.000, 0.233, 0.972]
            in RPY (radian) [0.000, -0.000, 0.471]
            in RPY (degree) [0.000, -0.000, 26.960]
At time 1552315268.218
- Translation: [56.129, 349.712, 0.000]
- Rotation: in Quaternion [0.000, 0.000, 0.232, 0.973]
            in RPY (radian) [0.000, -0.000, 0.468]
            in RPY (degree) [0.000, -0.000, 26.830]
At time 1552315269.211
- Translation: [56.139, 349.712, 0.000]
- Rotation: in Quaternion [0.000, 0.000, 0.231, 0.973]
            in RPY (radian) [0.000, -0.000, 0.466]
            in RPY (degree) [0.000, -0.000, 26.690]
At time 1552315270.215
- Translation: [56.114, 349.702, 0.000]
- Rotation: in Quaternion [0.000, 0.000, 0.234, 0.972]
            in RPY (radian) [0.000, -0.000, 0.472]
            in RPY (degree) [0.000, -0.000, 27.060]
At time 1552315271.211
- Translation: [56.139, 349.702, 0.000]
- Rotation: in Quaternion [0.000, 0.000, 0.232, 0.973]
            in RPY (radian) [0.000, -0.000, 0.469]
            in RPY (degree) [0.000, -0.000, 26.870]
At time 1552315272.294
- Translation: [56.139, 349.707, 0.000]
- Rotation: in Quaternion [0.000, 0.000, 0.232, 0.973]
            in RPY (radian) [0.000, -0.000, 0.468]
            in RPY (degree) [0.000, -0.000, 26.830]
At time 1552315273.294
- Translation: [56.114, 349.697, 0.000]
- Rotation: in Quaternion [0.000, 0.000, 0.235, 0.972]
            in RPY (radian) [0.000, -0.000, 0.474]
            in RPY (degree) [0.000, -0.000, 27.150]
At time 1552315274.634
- Translation: [56.987, 350.322, 0.000]
- Rotation: in Quaternion [0.000, 0.000, 0.236, 0.972]
            in RPY (radian) [0.000, -0.000, 0.476]
            in RPY (degree) [0.000, -0.000, 27.270]
At time 1552315275.581
- Translation: [56.662, 350.241, 0.000]
- Rotation: in Quaternion [0.000, 0.000, 0.237, 0.971]
            in RPY (radian) [0.000, -0.000, 0.479]
            in RPY (degree) [0.000, -0.000, 27.450]
At time 1552315276.575
- Translation: [56.642, 350.302, 0.000]
- Rotation: in Quaternion [0.000, 0.000, 0.236, 0.972]
            in RPY (radian) [0.000, -0.000, 0.477]
            in RPY (degree) [0.000, -0.000, 27.310]
At time 1552315277.576
- Translation: [56.612, 350.322, 0.000]
- Rotation: in Quaternion [0.000, 0.000, 0.236, 0.972]
            in RPY (radian) [0.000, -0.000, 0.478]
            in RPY (degree) [0.000, -0.000, 27.360]
At time 1552315278.578
- Translation: [56.510, 350.423, 0.000]
- Rotation: in Quaternion [0.000, 0.000, 0.236, 0.972]
            in RPY (radian) [0.000, -0.000, 0.478]
            in RPY (degree) [0.000, -0.000, 27.360]
At time 1552315279.529
- Translation: [55.966, 350.286, 0.000]
- Rotation: in Quaternion [0.000, 0.000, 0.237, 0.971]
            in RPY (radian) [0.000, -0.000, 0.479]
            in RPY (degree) [0.000, -0.000, 27.450]
At time 1552315280.097
- Translation: [56.261, 349.809, 0.000]
- Rotation: in Quaternion [0.000, 0.000, 0.232, 0.973]
            in RPY (radian) [0.000, -0.000, 0.468]
            in RPY (degree) [0.000, -0.000, 26.830]
At time 1552315281.096
- Translation: [56.256, 349.778, 0.000]
- Rotation: in Quaternion [0.000, 0.000, 0.239, 0.971]
            in RPY (radian) [0.000, -0.000, 0.483]
            in RPY (degree) [0.000, -0.000, 27.650]
At time 1552315282.544
- Translation: [56.256, 349.783, 0.000]
- Rotation: in Quaternion [0.000, 0.000, 0.239, 0.971]
            in RPY (radian) [0.000, -0.000, 0.482]
            in RPY (degree) [0.000, -0.000, 27.600]
At time 1552315283.544
- Translation: [56.271, 349.778, 0.000]
- Rotation: in Quaternion [0.000, 0.000, 0.239, 0.971]
            in RPY (radian) [0.000, -0.000, 0.482]
            in RPY (degree) [0.000, -0.000, 27.630]
At time 1552315284.554
- Translation: [56.256, 349.773, 0.000]
- Rotation: in Quaternion [0.000, 0.000, 0.239, 0.971]
            in RPY (radian) [0.000, -0.000, 0.482]
            in RPY (degree) [0.000, -0.000, 27.640]
At time 1552315285.560
- Translation: [56.261, 349.778, 0.000]
- Rotation: in Quaternion [0.000, 0.000, 0.237, 0.971]
            in RPY (radian) [0.000, -0.000, 0.479]
            in RPY (degree) [0.000, -0.000, 27.460]
At time 1552315286.558
- Translation: [56.271, 349.768, 0.000]
- Rotation: in Quaternion [0.000, 0.000, 0.238, 0.971]
            in RPY (radian) [0.000, -0.000, 0.482]
            in RPY (degree) [0.000, -0.000, 27.590]
At time 1552315287.058
- Translation: [56.266, 349.778, 0.000]
- Rotation: in Quaternion [0.000, 0.000, 0.239, 0.971]
            in RPY (radian) [0.000, -0.000, 0.483]
            in RPY (degree) [0.000, -0.000, 27.680]
At time 1552315288.094
- Translation: [56.256, 349.783, 0.000]
- Rotation: in Quaternion [0.000, 0.000, 0.237, 0.971]
            in RPY (radian) [0.000, -0.000, 0.479]
            in RPY (degree) [0.000, -0.000, 27.460]
At time 1552315289.094
- Translation: [56.271, 349.768, 0.000]
- Rotation: in Quaternion [0.000, 0.000, 0.240, 0.971]
            in RPY (radian) [0.000, -0.000, 0.484]
            in RPY (degree) [0.000, -0.000, 27.730]
At time 1552315290.574
- Translation: [56.261, 349.778, 0.000]
- Rotation: in Quaternion [0.000, 0.000, 0.237, 0.971]
            in RPY (radian) [0.000, -0.000, 0.479]
            in RPY (degree) [0.000, -0.000, 27.460]
At time 1552315291.574
- Translation: [56.261, 349.783, 0.000]
- Rotation: in Quaternion [0.000, 0.000, 0.236, 0.972]
            in RPY (radian) [0.000, -0.000, 0.477]
            in RPY (degree) [0.000, -0.000, 27.330]
At time 1552315292.583
- Translation: [56.266, 349.773, 0.000]
- Rotation: in Quaternion [0.000, 0.000, 0.239, 0.971]
            in RPY (radian) [0.000, -0.000, 0.483]
            in RPY (degree) [0.000, -0.000, 27.680]
At time 1552315293.583
- Translation: [56.261, 349.773, 0.000]
- Rotation: in Quaternion [0.000, 0.000, 0.238, 0.971]
            in RPY (radian) [0.000, -0.000, 0.481]
            in RPY (degree) [0.000, -0.000, 27.550]
At time 1552315294.586
- Translation: [56.271, 349.763, 0.000]
- Rotation: in Quaternion [0.000, 0.000, 0.239, 0.971]
            in RPY (radian) [0.000, -0.000, 0.483]
            in RPY (degree) [0.000, -0.000, 27.680]
At time 1552315295.088
- Translation: [56.266, 349.778, 0.000]
- Rotation: in Quaternion [0.000, 0.000, 0.237, 0.971]
            in RPY (radian) [0.000, -0.000, 0.479]
            in RPY (degree) [0.000, -0.000, 27.460]
At time 1552315296.095
- Translation: [56.266, 349.794, 0.000]
- Rotation: in Quaternion [0.000, 0.000, 0.234, 0.972]
            in RPY (radian) [0.000, -0.000, 0.471]
            in RPY (degree) [0.000, -0.000, 27.010]
At time 1552315297.094
- Translation: [56.266, 349.768, 0.000]
- Rotation: in Quaternion [0.000, 0.000, 0.238, 0.971]
            in RPY (radian) [0.000, -0.000, 0.482]
            in RPY (degree) [0.000, -0.000, 27.590]
At time 1552315298.579
- Translation: [56.256, 349.773, 0.000]
- Rotation: in Quaternion [0.000, 0.000, 0.238, 0.971]
            in RPY (radian) [0.000, -0.000, 0.482]
            in RPY (degree) [0.000, -0.000, 27.590]
At time 1552315299.601
- Translation: [56.256, 349.788, 0.000]
- Rotation: in Quaternion [0.000, 0.000, 0.235, 0.972]
            in RPY (radian) [0.000, -0.000, 0.474]
            in RPY (degree) [0.000, -0.000, 27.140]
At time 1552315300.603
- Translation: [56.256, 349.773, 0.000]
- Rotation: in Quaternion [0.000, 0.000, 0.237, 0.971]
            in RPY (radian) [0.000, -0.000, 0.479]
            in RPY (degree) [0.000, -0.000, 27.460]
At time 1552315301.603
- Translation: [56.251, 349.794, 0.000]
- Rotation: in Quaternion [0.000, 0.000, 0.234, 0.972]
            in RPY (radian) [0.000, -0.000, 0.471]
            in RPY (degree) [0.000, -0.000, 27.010]
At time 1552315302.595
- Translation: [56.266, 349.778, 0.000]
- Rotation: in Quaternion [0.000, 0.000, 0.238, 0.971]
            in RPY (radian) [0.000, -0.000, 0.481]
            in RPY (degree) [0.000, -0.000, 27.550]
At time 1552315303.114
- Translation: [56.256, 349.788, 0.000]
- Rotation: in Quaternion [0.000, 0.000, 0.235, 0.972]
            in RPY (radian) [0.000, -0.000, 0.475]
            in RPY (degree) [0.000, -0.000, 27.190]
At time 1552315304.293
- Translation: [56.251, 349.783, 0.000]
- Rotation: in Quaternion [0.000, 0.000, 0.236, 0.972]
            in RPY (radian) [0.000, -0.000, 0.477]
            in RPY (degree) [0.000, -0.000, 27.330]
At time 1552315305.293
- Translation: [56.251, 349.768, 0.000]
- Rotation: in Quaternion [0.000, 0.000, 0.239, 0.971]
            in RPY (radian) [0.000, -0.000, 0.482]
            in RPY (degree) [0.000, -0.000, 27.640]
At time 1552315306.619
- Translation: [56.256, 349.778, 0.000]
- Rotation: in Quaternion [0.000, 0.000, 0.237, 0.972]
            in RPY (radian) [0.000, -0.000, 0.478]
            in RPY (degree) [0.000, -0.000, 27.370]
At time 1552315307.621
- Translation: [56.261, 349.783, 0.000]
- Rotation: in Quaternion [0.000, 0.000, 0.237, 0.971]
            in RPY (radian) [0.000, -0.000, 0.479]
            in RPY (degree) [0.000, -0.000, 27.460]
At time 1552315308.615
- Translation: [56.266, 349.778, 0.000]
- Rotation: in Quaternion [0.000, 0.000, 0.237, 0.972]
            in RPY (radian) [0.000, -0.000, 0.478]
            in RPY (degree) [0.000, -0.000, 27.370]
At time 1552315309.611
- Translation: [56.266, 349.773, 0.000]
- Rotation: in Quaternion [0.000, 0.000, 0.237, 0.972]
            in RPY (radian) [0.000, -0.000, 0.478]
            in RPY (degree) [0.000, -0.000, 27.370]
At time 1552315310.624
- Translation: [56.256, 349.783, 0.000]
- Rotation: in Quaternion [0.000, 0.000, 0.235, 0.972]
            in RPY (radian) [0.000, -0.000, 0.475]
            in RPY (degree) [0.000, -0.000, 27.190]
At time 1552315311.121
- Translation: [56.256, 349.783, 0.000]
- Rotation: in Quaternion [0.000, 0.000, 0.236, 0.972]
            in RPY (radian) [0.000, -0.000, 0.476]
            in RPY (degree) [0.000, -0.000, 27.280]
At time 1552315312.294
- Translation: [56.266, 349.778, 0.000]
- Rotation: in Quaternion [0.000, 0.000, 0.236, 0.972]
            in RPY (radian) [0.000, -0.000, 0.476]
            in RPY (degree) [0.000, -0.000, 27.280]
At time 1552315313.294
- Translation: [56.261, 349.788, 0.000]
- Rotation: in Quaternion [0.000, 0.000, 0.234, 0.972]
            in RPY (radian) [0.000, -0.000, 0.472]
            in RPY (degree) [0.000, -0.000, 27.050]
At time 1552315314.638
- Translation: [56.256, 349.783, 0.000]
- Rotation: in Quaternion [0.000, 0.000, 0.235, 0.972]
            in RPY (radian) [0.000, -0.000, 0.474]
            in RPY (degree) [0.000, -0.000, 27.140]
At time 1552315315.635
- Translation: [56.251, 349.788, 0.000]
- Rotation: in Quaternion [0.000, 0.000, 0.234, 0.972]
            in RPY (radian) [0.000, -0.000, 0.472]
            in RPY (degree) [0.000, -0.000, 27.060]
At time 1552315316.643
- Translation: [56.256, 349.778, 0.000]
- Rotation: in Quaternion [0.000, 0.000, 0.237, 0.972]
            in RPY (radian) [0.000, -0.000, 0.479]
            in RPY (degree) [0.000, -0.000, 27.420]
At time 1552315317.645
- Translation: [56.266, 349.783, 0.000]
- Rotation: in Quaternion [0.000, 0.000, 0.236, 0.972]
            in RPY (radian) [0.000, -0.000, 0.476]
            in RPY (degree) [0.000, -0.000, 27.280]
At time 1552315318.151
- Translation: [56.256, 349.768, 0.000]
- Rotation: in Quaternion [0.000, 0.000, 0.239, 0.971]
            in RPY (radian) [0.000, -0.000, 0.482]
            in RPY (degree) [0.000, -0.000, 27.640]
At time 1552315319.143
- Translation: [56.251, 349.788, 0.000]
- Rotation: in Quaternion [0.000, 0.000, 0.234, 0.972]
            in RPY (radian) [0.000, -0.000, 0.472]
            in RPY (degree) [0.000, -0.000, 27.060]
At time 1552315320.293
- Translation: [56.256, 349.778, 0.000]
- Rotation: in Quaternion [0.000, 0.000, 0.235, 0.972]
            in RPY (radian) [0.000, -0.000, 0.474]
            in RPY (degree) [0.000, -0.000, 27.140]
At time 1552315321.294
- Translation: [56.266, 349.778, 0.000]
- Rotation: in Quaternion [0.000, 0.000, 0.236, 0.972]
            in RPY (radian) [0.000, -0.000, 0.476]
            in RPY (degree) [0.000, -0.000, 27.280]
At time 1552315322.294
- Translation: [56.261, 349.768, 0.000]
- Rotation: in Quaternion [0.000, 0.000, 0.237, 0.972]
            in RPY (radian) [0.000, -0.000, 0.478]
            in RPY (degree) [0.000, -0.000, 27.370]
At time 1552315323.158
- Translation: [56.246, 349.799, 0.000]
- Rotation: in Quaternion [0.000, 0.000, 0.234, 0.972]
            in RPY (radian) [0.000, -0.000, 0.471]
            in RPY (degree) [0.000, -0.000, 27.010]
At time 1552315324.164
- Translation: [56.266, 349.778, 0.000]
- Rotation: in Quaternion [0.000, 0.000, 0.236, 0.972]
            in RPY (radian) [0.000, -0.000, 0.476]
            in RPY (degree) [0.000, -0.000, 27.280]
At time 1552315325.173
- Translation: [56.251, 349.783, 0.000]
- Rotation: in Quaternion [0.000, 0.000, 0.237, 0.972]
            in RPY (radian) [0.000, -0.000, 0.478]
            in RPY (degree) [0.000, -0.000, 27.370]
At time 1552315326.163
- Translation: [56.271, 349.783, 0.000]
- Rotation: in Quaternion [0.000, 0.000, 0.235, 0.972]
            in RPY (radian) [0.000, -0.000, 0.474]
            in RPY (degree) [0.000, -0.000, 27.140]
At time 1552315327.176
- Translation: [56.266, 349.778, 0.000]
- Rotation: in Quaternion [0.000, 0.000, 0.237, 0.972]
            in RPY (radian) [0.000, -0.000, 0.478]
            in RPY (degree) [0.000, -0.000, 27.410]
At time 1552315328.294
- Translation: [56.261, 349.788, 0.000]
- Rotation: in Quaternion [0.000, 0.000, 0.235, 0.972]
            in RPY (radian) [0.000, -0.000, 0.475]
            in RPY (degree) [0.000, -0.000, 27.230]
At time 1552315329.190
- Translation: [56.261, 349.768, 0.000]
- Rotation: in Quaternion [0.000, 0.000, 0.237, 0.972]
            in RPY (radian) [0.000, -0.000, 0.478]
            in RPY (degree) [0.000, -0.000, 27.370]
At time 1552315330.207
- Translation: [56.261, 349.773, 0.000]
- Rotation: in Quaternion [0.000, 0.000, 0.237, 0.971]
            in RPY (radian) [0.000, -0.000, 0.479]
            in RPY (degree) [0.000, -0.000, 27.460]
At time 1552315331.175
- Translation: [56.261, 349.783, 0.000]
- Rotation: in Quaternion [0.000, 0.000, 0.236, 0.972]
            in RPY (radian) [0.000, -0.000, 0.477]
            in RPY (degree) [0.000, -0.000, 27.320]
At time 1552315332.190
- Translation: [56.251, 349.788, 0.000]
- Rotation: in Quaternion [0.000, 0.000, 0.234, 0.972]
            in RPY (radian) [0.000, -0.000, 0.472]
            in RPY (degree) [0.000, -0.000, 27.060]
At time 1552315333.194
- Translation: [56.251, 349.778, 0.000]
- Rotation: in Quaternion [0.000, 0.000, 0.236, 0.972]
            in RPY (radian) [0.000, -0.000, 0.476]
            in RPY (degree) [0.000, -0.000, 27.280]
At time 1552315334.294
- Translation: [56.251, 349.783, 0.000]
- Rotation: in Quaternion [0.000, 0.000, 0.236, 0.972]
            in RPY (radian) [0.000, -0.000, 0.477]
            in RPY (degree) [0.000, -0.000, 27.330]
At time 1552315335.200
- Translation: [56.256, 349.773, 0.000]
- Rotation: in Quaternion [0.000, 0.000, 0.238, 0.971]
            in RPY (radian) [0.000, -0.000, 0.480]
            in RPY (degree) [0.000, -0.000, 27.510]
At time 1552315336.195
- Translation: [56.261, 349.768, 0.000]
- Rotation: in Quaternion [0.000, 0.000, 0.237, 0.972]
            in RPY (radian) [0.000, -0.000, 0.478]
            in RPY (degree) [0.000, -0.000, 27.370]
At time 1552315337.204
- Translation: [56.261, 349.773, 0.000]
- Rotation: in Quaternion [0.000, 0.000, 0.236, 0.972]
            in RPY (radian) [0.000, -0.000, 0.477]
            in RPY (degree) [0.000, -0.000, 27.320]
At time 1552315338.200
- Translation: [56.251, 349.773, 0.000]
- Rotation: in Quaternion [0.000, 0.000, 0.237, 0.972]
            in RPY (radian) [0.000, -0.000, 0.478]
            in RPY (degree) [0.000, -0.000, 27.410]
At time 1552315339.217
- Translation: [56.266, 349.778, 0.000]
- Rotation: in Quaternion [0.000, 0.000, 0.236, 0.972]
            in RPY (radian) [0.000, -0.000, 0.476]
            in RPY (degree) [0.000, -0.000, 27.280]
At time 1552315340.310
- Translation: [56.246, 349.773, 0.000]
- Rotation: in Quaternion [0.000, 0.000, 0.237, 0.972]
            in RPY (radian) [0.000, -0.000, 0.479]
            in RPY (degree) [0.000, -0.000, 27.420]
At time 1552315341.310
- Translation: [56.256, 349.768, 0.000]
- Rotation: in Quaternion [0.000, 0.000, 0.238, 0.971]
            in RPY (radian) [0.000, -0.000, 0.481]
            in RPY (degree) [0.000, -0.000, 27.550]
At time 1552315342.312
- Translation: [56.266, 349.773, 0.000]
- Rotation: in Quaternion [0.000, 0.000, 0.237, 0.972]
            in RPY (radian) [0.000, -0.000, 0.478]
            in RPY (degree) [0.000, -0.000, 27.370]
At time 1552315343.224
- Translation: [56.261, 349.778, 0.000]
- Rotation: in Quaternion [0.000, 0.000, 0.236, 0.972]
            in RPY (radian) [0.000, -0.000, 0.476]
            in RPY (degree) [0.000, -0.000, 27.280]
At time 1552315344.224
- Translation: [56.256, 349.773, 0.000]
- Rotation: in Quaternion [0.000, 0.000, 0.238, 0.971]
            in RPY (radian) [0.000, -0.000, 0.481]
            in RPY (degree) [0.000, -0.000, 27.550]
At time 1552315345.230
- Translation: [56.261, 349.773, 0.000]
- Rotation: in Quaternion [0.000, 0.000, 0.237, 0.972]
            in RPY (radian) [0.000, -0.000, 0.478]
            in RPY (degree) [0.000, -0.000, 27.370]
At time 1552315346.230
- Translation: [56.271, 349.773, 0.000]
- Rotation: in Quaternion [0.000, 0.000, 0.236, 0.972]
            in RPY (radian) [0.000, -0.000, 0.477]
            in RPY (degree) [0.000, -0.000, 27.320]
At time 1552315347.231
- Translation: [56.261, 349.773, 0.000]
- Rotation: in Quaternion [0.000, 0.000, 0.237, 0.972]
            in RPY (radian) [0.000, -0.000, 0.478]
            in RPY (degree) [0.000, -0.000, 27.370]
At time 1552315348.309
- Translation: [56.256, 349.768, 0.000]
- Rotation: in Quaternion [0.000, 0.000, 0.238, 0.971]
            in RPY (radian) [0.000, -0.000, 0.482]
            in RPY (degree) [0.000, -0.000, 27.590]
At time 1552315349.310
- Translation: [56.261, 349.768, 0.000]
- Rotation: in Quaternion [0.000, 0.000, 0.238, 0.971]
            in RPY (radian) [0.000, -0.000, 0.480]
            in RPY (degree) [0.000, -0.000, 27.500]
At time 1552315350.310
- Translation: [56.246, 349.773, 0.000]
- Rotation: in Quaternion [0.000, 0.000, 0.237, 0.972]
            in RPY (radian) [0.000, -0.000, 0.479]
            in RPY (degree) [0.000, -0.000, 27.420]
At time 1552315351.244
- Translation: [56.261, 349.788, 0.000]
- Rotation: in Quaternion [0.000, 0.000, 0.234, 0.972]
            in RPY (radian) [0.000, -0.000, 0.472]
            in RPY (degree) [0.000, -0.000, 27.060]
At time 1552315352.253
- Translation: [56.261, 349.778, 0.000]
- Rotation: in Quaternion [0.000, 0.000, 0.236, 0.972]
            in RPY (radian) [0.000, -0.000, 0.476]
            in RPY (degree) [0.000, -0.000, 27.280]
At time 1552315353.248
- Translation: [56.261, 349.768, 0.000]
- Rotation: in Quaternion [0.000, 0.000, 0.238, 0.971]
            in RPY (radian) [0.000, -0.000, 0.480]
            in RPY (degree) [0.000, -0.000, 27.500]
At time 1552315354.263
- Translation: [56.261, 349.773, 0.000]
- Rotation: in Quaternion [0.000, 0.000, 0.237, 0.972]
            in RPY (radian) [0.000, -0.000, 0.478]
            in RPY (degree) [0.000, -0.000, 27.410]
At time 1552315355.274
- Translation: [56.261, 349.773, 0.000]
- Rotation: in Quaternion [0.000, 0.000, 0.237, 0.972]
            in RPY (radian) [0.000, -0.000, 0.478]
            in RPY (degree) [0.000, -0.000, 27.410]
At time 1552315356.310
- Translation: [56.256, 349.788, 0.000]
- Rotation: in Quaternion [0.000, 0.000, 0.234, 0.972]
            in RPY (radian) [0.000, -0.000, 0.473]
            in RPY (degree) [0.000, -0.000, 27.100]
At time 1552315357.256
- Translation: [56.256, 349.763, 0.000]
- Rotation: in Quaternion [0.000, 0.000, 0.237, 0.972]
            in RPY (radian) [0.000, -0.000, 0.478]
            in RPY (degree) [0.000, -0.000, 27.370]
At time 1552315358.270
- Translation: [56.251, 349.773, 0.000]
- Rotation: in Quaternion [0.000, 0.000, 0.237, 0.972]
            in RPY (radian) [0.000, -0.000, 0.478]
            in RPY (degree) [0.000, -0.000, 27.370]
At time 1552315359.267
- Translation: [56.256, 349.778, 0.000]
- Rotation: in Quaternion [0.000, 0.000, 0.235, 0.972]
            in RPY (radian) [0.000, -0.000, 0.475]
            in RPY (degree) [0.000, -0.000, 27.230]
At time 1552315360.261
- Translation: [56.261, 349.773, 0.000]
- Rotation: in Quaternion [0.000, 0.000, 0.237, 0.971]
            in RPY (radian) [0.000, -0.000, 0.479]
            in RPY (degree) [0.000, -0.000, 27.460]
At time 1552315361.275
- Translation: [56.246, 349.778, 0.000]
- Rotation: in Quaternion [0.000, 0.000, 0.235, 0.972]
            in RPY (radian) [0.000, -0.000, 0.475]
            in RPY (degree) [0.000, -0.000, 27.240]
At time 1552315362.294
- Translation: [56.261, 349.768, 0.000]
- Rotation: in Quaternion [0.000, 0.000, 0.238, 0.971]
            in RPY (radian) [0.000, -0.000, 0.481]
            in RPY (degree) [0.000, -0.000, 27.550]
At time 1552315363.281
- Translation: [56.256, 349.788, 0.000]
- Rotation: in Quaternion [0.000, 0.000, 0.234, 0.972]
            in RPY (radian) [0.000, -0.000, 0.473]
            in RPY (degree) [0.000, -0.000, 27.100]
At time 1552315364.293
- Translation: [56.261, 349.778, 0.000]
- Rotation: in Quaternion [0.000, 0.000, 0.237, 0.972]
            in RPY (radian) [0.000, -0.000, 0.478]
            in RPY (degree) [0.000, -0.000, 27.410]
At time 1552315365.280
- Translation: [56.256, 349.773, 0.000]
- Rotation: in Quaternion [0.000, 0.000, 0.237, 0.971]
            in RPY (radian) [0.000, -0.000, 0.479]
            in RPY (degree) [0.000, -0.000, 27.460]
At time 1552315366.295
- Translation: [56.261, 349.763, 0.000]
- Rotation: in Quaternion [0.000, 0.000, 0.237, 0.972]
            in RPY (radian) [0.000, -0.000, 0.478]
            in RPY (degree) [0.000, -0.000, 27.370]
At time 1552315367.293
- Translation: [56.261, 349.768, 0.000]
- Rotation: in Quaternion [0.000, 0.000, 0.238, 0.971]
            in RPY (radian) [0.000, -0.000, 0.481]
            in RPY (degree) [0.000, -0.000, 27.550]
At time 1552315368.294
- Translation: [56.266, 349.778, 0.000]
- Rotation: in Quaternion [0.000, 0.000, 0.236, 0.972]
            in RPY (radian) [0.000, -0.000, 0.476]
            in RPY (degree) [0.000, -0.000, 27.280]
At time 1552315369.303
- Translation: [56.261, 349.778, 0.000]
- Rotation: in Quaternion [0.000, 0.000, 0.236, 0.972]
            in RPY (radian) [0.000, -0.000, 0.477]
            in RPY (degree) [0.000, -0.000, 27.320]
At time 1552315370.493
- Translation: [56.251, 349.778, 0.000]
- Rotation: in Quaternion [0.000, 0.000, 0.237, 0.972]
            in RPY (radian) [0.000, -0.000, 0.478]
            in RPY (degree) [0.000, -0.000, 27.370]
At time 1552315371.304
- Translation: [56.261, 349.783, 0.000]
- Rotation: in Quaternion [0.000, 0.000, 0.235, 0.972]
            in RPY (radian) [0.000, -0.000, 0.475]
            in RPY (degree) [0.000, -0.000, 27.230]
At time 1552315372.314
- Translation: [56.261, 349.768, 0.000]
- Rotation: in Quaternion [0.000, 0.000, 0.237, 0.971]
            in RPY (radian) [0.000, -0.000, 0.479]
            in RPY (degree) [0.000, -0.000, 27.460]
At time 1552315373.314
- Translation: [56.251, 349.773, 0.000]
- Rotation: in Quaternion [0.000, 0.000, 0.237, 0.971]
            in RPY (radian) [0.000, -0.000, 0.479]
            in RPY (degree) [0.000, -0.000, 27.460]
At time 1552315374.414
- Translation: [55.103, 349.275, 0.000]
- Rotation: in Quaternion [0.000, 0.000, 0.214, 0.977]
            in RPY (radian) [0.000, -0.000, 0.430]
            in RPY (degree) [0.000, -0.000, 24.660]
At time 1552315374.414
- Translation: [55.103, 349.275, 0.000]
- Rotation: in Quaternion [0.000, 0.000, 0.214, 0.977]
            in RPY (radian) [0.000, -0.000, 0.430]
            in RPY (degree) [0.000, -0.000, 24.660]
At time 1552315374.414
- Translation: [55.103, 349.275, 0.000]
- Rotation: in Quaternion [0.000, 0.000, 0.214, 0.977]
            in RPY (radian) [0.000, -0.000, 0.430]
            in RPY (degree) [0.000, -0.000, 24.660]
At time 1552315374.414
- Translation: [55.103, 349.275, 0.000]
- Rotation: in Quaternion [0.000, 0.000, 0.214, 0.977]
            in RPY (radian) [0.000, -0.000, 0.430]
            in RPY (degree) [0.000, -0.000, 24.660]
At time 1552315374.414
- Translation: [55.103, 349.275, 0.000]
- Rotation: in Quaternion [0.000, 0.000, 0.214, 0.977]
            in RPY (radian) [0.000, -0.000, 0.430]
            in RPY (degree) [0.000, -0.000, 24.660]
At time 1552315379.578
- Translation: [65.385, 283.550, 0.000]
- Rotation: in Quaternion [0.000, 0.000, 0.019, 1.000]
            in RPY (radian) [0.000, -0.000, 0.039]
            in RPY (degree) [0.000, -0.000, 2.210]
At time 1552315380.164
- Translation: [65.364, 283.566, 0.000]
- Rotation: in Quaternion [0.000, 0.000, 0.022, 1.000]
            in RPY (radian) [0.000, -0.000, 0.045]
            in RPY (degree) [0.000, -0.000, 2.550]
At time 1552315381.173
- Translation: [65.364, 283.561, 0.000]
- Rotation: in Quaternion [0.000, 0.000, 0.024, 1.000]
            in RPY (radian) [0.000, -0.000, 0.048]
            in RPY (degree) [0.000, -0.000, 2.750]
At time 1552315382.182
- Translation: [65.369, 283.596, 0.000]
- Rotation: in Quaternion [0.000, 0.000, 0.020, 1.000]
            in RPY (radian) [0.000, -0.000, 0.041]
            in RPY (degree) [0.000, -0.000, 2.330]
At time 1552315383.184
- Translation: [65.380, 283.571, 0.000]
- Rotation: in Quaternion [0.000, 0.000, 0.025, 1.000]
            in RPY (radian) [0.000, -0.000, 0.049]
            in RPY (degree) [0.000, -0.000, 2.830]
At time 1552315384.295
- Translation: [65.385, 283.581, 0.000]
- Rotation: in Quaternion [0.000, 0.000, 0.025, 1.000]
            in RPY (radian) [0.000, -0.000, 0.049]
            in RPY (degree) [0.000, -0.000, 2.830]
At time 1552315385.295
- Translation: [65.380, 283.586, 0.000]
- Rotation: in Quaternion [0.000, 0.000, 0.025, 1.000]
            in RPY (radian) [0.000, -0.000, 0.050]
            in RPY (degree) [0.000, -0.000, 2.840]
At time 1552315386.183
- Translation: [65.380, 283.591, 0.000]
- Rotation: in Quaternion [0.000, 0.000, 0.025, 1.000]
            in RPY (radian) [0.000, -0.000, 0.049]
            in RPY (degree) [0.000, -0.000, 2.830]
At time 1552315387.190
- Translation: [65.380, 283.591, 0.000]
- Rotation: in Quaternion [0.000, 0.000, 0.024, 1.000]
            in RPY (radian) [0.000, -0.000, 0.048]
            in RPY (degree) [0.000, -0.000, 2.730]
At time 1552315388.193
- Translation: [65.375, 283.601, 0.000]
- Rotation: in Quaternion [0.000, 0.000, 0.021, 1.000]
            in RPY (radian) [0.000, -0.000, 0.042]
            in RPY (degree) [0.000, -0.000, 2.430]
At time 1552315389.185
- Translation: [65.380, 283.601, 0.000]
- Rotation: in Quaternion [0.000, 0.000, 0.021, 1.000]
            in RPY (radian) [0.000, -0.000, 0.042]
            in RPY (degree) [0.000, -0.000, 2.430]
At time 1552315390.202
- Translation: [65.375, 283.601, 0.000]
- Rotation: in Quaternion [0.000, 0.000, 0.021, 1.000]
            in RPY (radian) [0.000, -0.000, 0.042]
            in RPY (degree) [0.000, -0.000, 2.430]
At time 1552315391.296
- Translation: [65.375, 283.606, 0.000]
- Rotation: in Quaternion [0.000, 0.000, 0.020, 1.000]
            in RPY (radian) [0.000, -0.000, 0.041]
            in RPY (degree) [0.000, -0.000, 2.330]
At time 1552315392.296
- Translation: [65.390, 283.601, 0.000]
- Rotation: in Quaternion [0.000, 0.000, 0.021, 1.000]
            in RPY (radian) [0.000, -0.000, 0.042]
            in RPY (degree) [0.000, -0.000, 2.420]
At time 1552315393.295
- Translation: [65.385, 283.606, 0.000]
- Rotation: in Quaternion [0.000, 0.000, 0.021, 1.000]
            in RPY (radian) [0.000, -0.000, 0.042]
            in RPY (degree) [0.000, -0.000, 2.430]
At time 1552315394.232
- Translation: [65.400, 283.611, 0.000]
- Rotation: in Quaternion [0.000, 0.000, 0.020, 1.000]
            in RPY (radian) [0.000, -0.000, 0.041]
            in RPY (degree) [0.000, -0.000, 2.330]
At time 1552315395.220
- Translation: [65.385, 283.606, 0.000]
- Rotation: in Quaternion [0.000, 0.000, 0.020, 1.000]
            in RPY (radian) [0.000, -0.000, 0.041]
            in RPY (degree) [0.000, -0.000, 2.330]
At time 1552315396.234
- Translation: [65.390, 283.601, 0.000]
- Rotation: in Quaternion [0.000, 0.000, 0.020, 1.000]
            in RPY (radian) [0.000, -0.000, 0.041]
            in RPY (degree) [0.000, -0.000, 2.330]
At time 1552315397.224
- Translation: [65.385, 283.606, 0.000]
- Rotation: in Quaternion [0.000, 0.000, 0.020, 1.000]
            in RPY (radian) [0.000, -0.000, 0.041]
            in RPY (degree) [0.000, -0.000, 2.330]
At time 1552315398.228
- Translation: [65.390, 283.601, 0.000]
- Rotation: in Quaternion [0.000, 0.000, 0.020, 1.000]
            in RPY (radian) [0.000, -0.000, 0.041]
            in RPY (degree) [0.000, -0.000, 2.330]
At time 1552315399.311
- Translation: [65.395, 283.601, 0.000]
- Rotation: in Quaternion [0.000, 0.000, 0.021, 1.000]
            in RPY (radian) [0.000, -0.000, 0.042]
            in RPY (degree) [0.000, -0.000, 2.430]
At time 1552315400.312
- Translation: [65.441, 283.637, 0.000]
- Rotation: in Quaternion [0.000, 0.000, 0.022, 1.000]
            in RPY (radian) [0.000, -0.000, 0.044]
            in RPY (degree) [0.000, -0.000, 2.540]
At time 1552315401.311
- Translation: [65.446, 283.637, 0.000]
- Rotation: in Quaternion [0.000, 0.000, 0.022, 1.000]
            in RPY (radian) [0.000, -0.000, 0.044]
            in RPY (degree) [0.000, -0.000, 2.540]
At time 1552315402.311
- Translation: [65.425, 283.637, 0.000]
- Rotation: in Quaternion [0.000, 0.000, 0.021, 1.000]
            in RPY (radian) [0.000, -0.000, 0.043]
            in RPY (degree) [0.000, -0.000, 2.440]
At time 1552315403.233
- Translation: [65.441, 283.647, 0.000]
- Rotation: in Quaternion [0.000, 0.000, 0.022, 1.000]
            in RPY (radian) [0.000, -0.000, 0.044]
            in RPY (degree) [0.000, -0.000, 2.540]
At time 1552315404.242
- Translation: [65.451, 283.632, 0.000]
- Rotation: in Quaternion [0.000, 0.000, 0.022, 1.000]
            in RPY (radian) [0.000, -0.000, 0.044]
            in RPY (degree) [0.000, -0.000, 2.530]
At time 1552315405.251
- Translation: [65.471, 283.637, 0.000]
- Rotation: in Quaternion [0.000, 0.000, 0.022, 1.000]
            in RPY (radian) [0.000, -0.000, 0.044]
            in RPY (degree) [0.000, -0.000, 2.530]
At time 1552315406.258
- Translation: [65.451, 283.632, 0.000]
- Rotation: in Quaternion [0.000, 0.000, 0.022, 1.000]
            in RPY (radian) [0.000, -0.000, 0.044]
            in RPY (degree) [0.000, -0.000, 2.530]
At time 1552315407.257
- Translation: [65.446, 283.647, 0.000]
- Rotation: in Quaternion [0.000, 0.000, 0.022, 1.000]
            in RPY (radian) [0.000, -0.000, 0.044]
            in RPY (degree) [0.000, -0.000, 2.540]
