Linked: (/home/tprobotics/Documents/PROJECTS/catkin_ws/devel/.private/ros_cellulo_swarm/include/ros_cellulo_swarm/cellulo_vibrateOnMotion.h, /home/tprobotics/Documents/PROJECTS/catkin_ws/devel/include/ros_cellulo_swarm/cellulo_vibrateOnMotion.h)
Linked: (/home/tprobotics/Documents/PROJECTS/catkin_ws/devel/.private/ros_cellulo_swarm/include/ros_cellulo_swarm/cellulo_pose_velocity.h, /home/tprobotics/Documents/PROJECTS/catkin_ws/devel/include/ros_cellulo_swarm/cellulo_pose_velocity.h)
Linked: (/home/tprobotics/Documents/PROJECTS/catkin_ws/devel/.private/ros_cellulo_swarm/include/ros_cellulo_swarm/CelluloStateRequest.h, /home/tprobotics/Documents/PROJECTS/catkin_ws/devel/include/ros_cellulo_swarm/CelluloStateRequest.h)
Linked: (/home/tprobotics/Documents/PROJECTS/catkin_ws/devel/.private/ros_cellulo_swarm/include/ros_cellulo_swarm/ros_cellulo_sensor.h, /home/tprobotics/Documents/PROJECTS/catkin_ws/devel/include/ros_cellulo_swarm/ros_cellulo_sensor.h)
Linked: (/home/tprobotics/Documents/PROJECTS/catkin_ws/devel/.private/ros_cellulo_swarm/include/ros_cellulo_swarm/CelluloState.h, /home/tprobotics/Documents/PROJECTS/catkin_ws/devel/include/ros_cellulo_swarm/CelluloState.h)
Linked: (/home/tprobotics/Documents/PROJECTS/catkin_ws/devel/.private/ros_cellulo_swarm/include/ros_cellulo_swarm/CelluloStateResponse.h, /home/tprobotics/Documents/PROJECTS/catkin_ws/devel/include/ros_cellulo_swarm/CelluloStateResponse.h)
Linked: (/home/tprobotics/Documents/PROJECTS/catkin_ws/devel/.private/ros_cellulo_swarm/include/ros_cellulo_swarm/cellulo_visual_effect.h, /home/tprobotics/Documents/PROJECTS/catkin_ws/devel/include/ros_cellulo_swarm/cellulo_visual_effect.h)
Linked: (/home/tprobotics/Documents/PROJECTS/catkin_ws/devel/.private/ros_cellulo_swarm/include/ros_cellulo_swarm/cellulo_coord.h, /home/tprobotics/Documents/PROJECTS/catkin_ws/devel/include/ros_cellulo_swarm/cellulo_coord.h)
Linked: (/home/tprobotics/Documents/PROJECTS/catkin_ws/devel/.private/ros_cellulo_swarm/include/ros_cellulo_swarm/cellulo_kidnapped_msg.h, /home/tprobotics/Documents/PROJECTS/catkin_ws/devel/include/ros_cellulo_swarm/cellulo_kidnapped_msg.h)
Linked: (/home/tprobotics/Documents/PROJECTS/catkin_ws/devel/.private/ros_cellulo_swarm/include/ros_cellulo_swarm/cellulo_touch_key.h, /home/tprobotics/Documents/PROJECTS/catkin_ws/devel/include/ros_cellulo_swarm/cellulo_touch_key.h)
Linked: (/home/tprobotics/Documents/PROJECTS/catkin_ws/devel/.private/ros_cellulo_swarm/include/ros_cellulo_swarm/cellulo_simpleVibrate.h, /home/tprobotics/Documents/PROJECTS/catkin_ws/devel/include/ros_cellulo_swarm/cellulo_simpleVibrate.h)
Linked: (/home/tprobotics/Documents/PROJECTS/catkin_ws/devel/.private/ros_cellulo_swarm/share/gennodejs/ros/ros_cellulo_swarm/_index.js, /home/tprobotics/Documents/PROJECTS/catkin_ws/devel/share/gennodejs/ros/ros_cellulo_swarm/_index.js)
Linked: (/home/tprobotics/Documents/PROJECTS/catkin_ws/devel/.private/ros_cellulo_swarm/share/gennodejs/ros/ros_cellulo_swarm/srv/CelluloState.js, /home/tprobotics/Documents/PROJECTS/catkin_ws/devel/share/gennodejs/ros/ros_cellulo_swarm/srv/CelluloState.js)
Linked: (/home/tprobotics/Documents/PROJECTS/catkin_ws/devel/.private/ros_cellulo_swarm/share/gennodejs/ros/ros_cellulo_swarm/srv/_index.js, /home/tprobotics/Documents/PROJECTS/catkin_ws/devel/share/gennodejs/ros/ros_cellulo_swarm/srv/_index.js)
Linked: (/home/tprobotics/Documents/PROJECTS/catkin_ws/devel/.private/ros_cellulo_swarm/share/gennodejs/ros/ros_cellulo_swarm/msg/cellulo_coord.js, /home/tprobotics/Documents/PROJECTS/catkin_ws/devel/share/gennodejs/ros/ros_cellulo_swarm/msg/cellulo_coord.js)
Linked: (/home/tprobotics/Documents/PROJECTS/catkin_ws/devel/.private/ros_cellulo_swarm/share/gennodejs/ros/ros_cellulo_swarm/msg/cellulo_visual_effect.js, /home/tprobotics/Documents/PROJECTS/catkin_ws/devel/share/gennodejs/ros/ros_cellulo_swarm/msg/cellulo_visual_effect.js)
Linked: (/home/tprobotics/Documents/PROJECTS/catkin_ws/devel/.private/ros_cellulo_swarm/share/gennodejs/ros/ros_cellulo_swarm/msg/cellulo_simpleVibrate.js, /home/tprobotics/Documents/PROJECTS/catkin_ws/devel/share/gennodejs/ros/ros_cellulo_swarm/msg/cellulo_simpleVibrate.js)
Linked: (/home/tprobotics/Documents/PROJECTS/catkin_ws/devel/.private/ros_cellulo_swarm/share/gennodejs/ros/ros_cellulo_swarm/msg/cellulo_touch_key.js, /home/tprobotics/Documents/PROJECTS/catkin_ws/devel/share/gennodejs/ros/ros_cellulo_swarm/msg/cellulo_touch_key.js)
Linked: (/home/tprobotics/Documents/PROJECTS/catkin_ws/devel/.private/ros_cellulo_swarm/share/gennodejs/ros/ros_cellulo_swarm/msg/cellulo_kidnapped_msg.js, /home/tprobotics/Documents/PROJECTS/catkin_ws/devel/share/gennodejs/ros/ros_cellulo_swarm/msg/cellulo_kidnapped_msg.js)
Linked: (/home/tprobotics/Documents/PROJECTS/catkin_ws/devel/.private/ros_cellulo_swarm/share/gennodejs/ros/ros_cellulo_swarm/msg/cellulo_vibrateOnMotion.js, /home/tprobotics/Documents/PROJECTS/catkin_ws/devel/share/gennodejs/ros/ros_cellulo_swarm/msg/cellulo_vibrateOnMotion.js)
Linked: (/home/tprobotics/Documents/PROJECTS/catkin_ws/devel/.private/ros_cellulo_swarm/share/gennodejs/ros/ros_cellulo_swarm/msg/cellulo_pose_velocity.js, /home/tprobotics/Documents/PROJECTS/catkin_ws/devel/share/gennodejs/ros/ros_cellulo_swarm/msg/cellulo_pose_velocity.js)
Linked: (/home/tprobotics/Documents/PROJECTS/catkin_ws/devel/.private/ros_cellulo_swarm/share/gennodejs/ros/ros_cellulo_swarm/msg/_index.js, /home/tprobotics/Documents/PROJECTS/catkin_ws/devel/share/gennodejs/ros/ros_cellulo_swarm/msg/_index.js)
Linked: (/home/tprobotics/Documents/PROJECTS/catkin_ws/devel/.private/ros_cellulo_swarm/share/gennodejs/ros/ros_cellulo_swarm/msg/ros_cellulo_sensor.js, /home/tprobotics/Documents/PROJECTS/catkin_ws/devel/share/gennodejs/ros/ros_cellulo_swarm/msg/ros_cellulo_sensor.js)
Linked: (/home/tprobotics/Documents/PROJECTS/catkin_ws/devel/.private/ros_cellulo_swarm/share/ros_cellulo_swarm/cmake/ros_cellulo_swarmConfig-version.cmake, /home/tprobotics/Documents/PROJECTS/catkin_ws/devel/share/ros_cellulo_swarm/cmake/ros_cellulo_swarmConfig-version.cmake)
Linked: (/home/tprobotics/Documents/PROJECTS/catkin_ws/devel/.private/ros_cellulo_swarm/share/ros_cellulo_swarm/cmake/ros_cellulo_swarm-msg-paths.cmake, /home/tprobotics/Documents/PROJECTS/catkin_ws/devel/share/ros_cellulo_swarm/cmake/ros_cellulo_swarm-msg-paths.cmake)
Linked: (/home/tprobotics/Documents/PROJECTS/catkin_ws/devel/.private/ros_cellulo_swarm/share/ros_cellulo_swarm/cmake/ros_cellulo_swarmConfig.cmake, /home/tprobotics/Documents/PROJECTS/catkin_ws/devel/share/ros_cellulo_swarm/cmake/ros_cellulo_swarmConfig.cmake)
Linked: (/home/tprobotics/Documents/PROJECTS/catkin_ws/devel/.private/ros_cellulo_swarm/share/ros_cellulo_swarm/cmake/ros_cellulo_swarm-msg-extras.cmake, /home/tprobotics/Documents/PROJECTS/catkin_ws/devel/share/ros_cellulo_swarm/cmake/ros_cellulo_swarm-msg-extras.cmake)
Linked: (/home/tprobotics/Documents/PROJECTS/catkin_ws/devel/.private/ros_cellulo_swarm/share/roseus/ros/ros_cellulo_swarm/manifest.l, /home/tprobotics/Documents/PROJECTS/catkin_ws/devel/share/roseus/ros/ros_cellulo_swarm/manifest.l)
Linked: (/home/tprobotics/Documents/PROJECTS/catkin_ws/devel/.private/ros_cellulo_swarm/share/roseus/ros/ros_cellulo_swarm/srv/CelluloState.l, /home/tprobotics/Documents/PROJECTS/catkin_ws/devel/share/roseus/ros/ros_cellulo_swarm/srv/CelluloState.l)
Linked: (/home/tprobotics/Documents/PROJECTS/catkin_ws/devel/.private/ros_cellulo_swarm/share/roseus/ros/ros_cellulo_swarm/msg/cellulo_coord.l, /home/tprobotics/Documents/PROJECTS/catkin_ws/devel/share/roseus/ros/ros_cellulo_swarm/msg/cellulo_coord.l)
Linked: (/home/tprobotics/Documents/PROJECTS/catkin_ws/devel/.private/ros_cellulo_swarm/share/roseus/ros/ros_cellulo_swarm/msg/cellulo_pose_velocity.l, /home/tprobotics/Documents/PROJECTS/catkin_ws/devel/share/roseus/ros/ros_cellulo_swarm/msg/cellulo_pose_velocity.l)
Linked: (/home/tprobotics/Documents/PROJECTS/catkin_ws/devel/.private/ros_cellulo_swarm/share/roseus/ros/ros_cellulo_swarm/msg/cellulo_touch_key.l, /home/tprobotics/Documents/PROJECTS/catkin_ws/devel/share/roseus/ros/ros_cellulo_swarm/msg/cellulo_touch_key.l)
Linked: (/home/tprobotics/Documents/PROJECTS/catkin_ws/devel/.private/ros_cellulo_swarm/share/roseus/ros/ros_cellulo_swarm/msg/cellulo_visual_effect.l, /home/tprobotics/Documents/PROJECTS/catkin_ws/devel/share/roseus/ros/ros_cellulo_swarm/msg/cellulo_visual_effect.l)
Linked: (/home/tprobotics/Documents/PROJECTS/catkin_ws/devel/.private/ros_cellulo_swarm/share/roseus/ros/ros_cellulo_swarm/msg/cellulo_vibrateOnMotion.l, /home/tprobotics/Documents/PROJECTS/catkin_ws/devel/share/roseus/ros/ros_cellulo_swarm/msg/cellulo_vibrateOnMotion.l)
Linked: (/home/tprobotics/Documents/PROJECTS/catkin_ws/devel/.private/ros_cellulo_swarm/share/roseus/ros/ros_cellulo_swarm/msg/ros_cellulo_sensor.l, /home/tprobotics/Documents/PROJECTS/catkin_ws/devel/share/roseus/ros/ros_cellulo_swarm/msg/ros_cellulo_sensor.l)
Linked: (/home/tprobotics/Documents/PROJECTS/catkin_ws/devel/.private/ros_cellulo_swarm/share/roseus/ros/ros_cellulo_swarm/msg/cellulo_kidnapped_msg.l, /home/tprobotics/Documents/PROJECTS/catkin_ws/devel/share/roseus/ros/ros_cellulo_swarm/msg/cellulo_kidnapped_msg.l)
Linked: (/home/tprobotics/Documents/PROJECTS/catkin_ws/devel/.private/ros_cellulo_swarm/share/roseus/ros/ros_cellulo_swarm/msg/cellulo_simpleVibrate.l, /home/tprobotics/Documents/PROJECTS/catkin_ws/devel/share/roseus/ros/ros_cellulo_swarm/msg/cellulo_simpleVibrate.l)
Linked: (/home/tprobotics/Documents/PROJECTS/catkin_ws/devel/.private/ros_cellulo_swarm/share/common-lisp/ros/ros_cellulo_swarm/srv/_package_CelluloState.lisp, /home/tprobotics/Documents/PROJECTS/catkin_ws/devel/share/common-lisp/ros/ros_cellulo_swarm/srv/_package_CelluloState.lisp)
Linked: (/home/tprobotics/Documents/PROJECTS/catkin_ws/devel/.private/ros_cellulo_swarm/share/common-lisp/ros/ros_cellulo_swarm/srv/_package.lisp, /home/tprobotics/Documents/PROJECTS/catkin_ws/devel/share/common-lisp/ros/ros_cellulo_swarm/srv/_package.lisp)
Linked: (/home/tprobotics/Documents/PROJECTS/catkin_ws/devel/.private/ros_cellulo_swarm/share/common-lisp/ros/ros_cellulo_swarm/srv/ros_cellulo_swarm-srv.asd, /home/tprobotics/Documents/PROJECTS/catkin_ws/devel/share/common-lisp/ros/ros_cellulo_swarm/srv/ros_cellulo_swarm-srv.asd)
Linked: (/home/tprobotics/Documents/PROJECTS/catkin_ws/devel/.private/ros_cellulo_swarm/share/common-lisp/ros/ros_cellulo_swarm/srv/CelluloState.lisp, /home/tprobotics/Documents/PROJECTS/catkin_ws/devel/share/common-lisp/ros/ros_cellulo_swarm/srv/CelluloState.lisp)
Linked: (/home/tprobotics/Documents/PROJECTS/catkin_ws/devel/.private/ros_cellulo_swarm/share/common-lisp/ros/ros_cellulo_swarm/msg/_package_cellulo_vibrateOnMotion.lisp, /home/tprobotics/Documents/PROJECTS/catkin_ws/devel/share/common-lisp/ros/ros_cellulo_swarm/msg/_package_cellulo_vibrateOnMotion.lisp)
Linked: (/home/tprobotics/Documents/PROJECTS/catkin_ws/devel/.private/ros_cellulo_swarm/share/common-lisp/ros/ros_cellulo_swarm/msg/cellulo_vibrateOnMotion.lisp, /home/tprobotics/Documents/PROJECTS/catkin_ws/devel/share/common-lisp/ros/ros_cellulo_swarm/msg/cellulo_vibrateOnMotion.lisp)
Linked: (/home/tprobotics/Documents/PROJECTS/catkin_ws/devel/.private/ros_cellulo_swarm/share/common-lisp/ros/ros_cellulo_swarm/msg/_package_cellulo_coord.lisp, /home/tprobotics/Documents/PROJECTS/catkin_ws/devel/share/common-lisp/ros/ros_cellulo_swarm/msg/_package_cellulo_coord.lisp)
Linked: (/home/tprobotics/Documents/PROJECTS/catkin_ws/devel/.private/ros_cellulo_swarm/share/common-lisp/ros/ros_cellulo_swarm/msg/cellulo_pose_velocity.lisp, /home/tprobotics/Documents/PROJECTS/catkin_ws/devel/share/common-lisp/ros/ros_cellulo_swarm/msg/cellulo_pose_velocity.lisp)
Linked: (/home/tprobotics/Documents/PROJECTS/catkin_ws/devel/.private/ros_cellulo_swarm/share/common-lisp/ros/ros_cellulo_swarm/msg/_package_cellulo_pose_velocity.lisp, /home/tprobotics/Documents/PROJECTS/catkin_ws/devel/share/common-lisp/ros/ros_cellulo_swarm/msg/_package_cellulo_pose_velocity.lisp)
Linked: (/home/tprobotics/Documents/PROJECTS/catkin_ws/devel/.private/ros_cellulo_swarm/share/common-lisp/ros/ros_cellulo_swarm/msg/_package_cellulo_visual_effect.lisp, /home/tprobotics/Documents/PROJECTS/catkin_ws/devel/share/common-lisp/ros/ros_cellulo_swarm/msg/_package_cellulo_visual_effect.lisp)
Linked: (/home/tprobotics/Documents/PROJECTS/catkin_ws/devel/.private/ros_cellulo_swarm/share/common-lisp/ros/ros_cellulo_swarm/msg/_package_cellulo_kidnapped_msg.lisp, /home/tprobotics/Documents/PROJECTS/catkin_ws/devel/share/common-lisp/ros/ros_cellulo_swarm/msg/_package_cellulo_kidnapped_msg.lisp)
Linked: (/home/tprobotics/Documents/PROJECTS/catkin_ws/devel/.private/ros_cellulo_swarm/share/common-lisp/ros/ros_cellulo_swarm/msg/cellulo_coord.lisp, /home/tprobotics/Documents/PROJECTS/catkin_ws/devel/share/common-lisp/ros/ros_cellulo_swarm/msg/cellulo_coord.lisp)
Linked: (/home/tprobotics/Documents/PROJECTS/catkin_ws/devel/.private/ros_cellulo_swarm/share/common-lisp/ros/ros_cellulo_swarm/msg/cellulo_visual_effect.lisp, /home/tprobotics/Documents/PROJECTS/catkin_ws/devel/share/common-lisp/ros/ros_cellulo_swarm/msg/cellulo_visual_effect.lisp)
Linked: (/home/tprobotics/Documents/PROJECTS/catkin_ws/devel/.private/ros_cellulo_swarm/share/common-lisp/ros/ros_cellulo_swarm/msg/_package.lisp, /home/tprobotics/Documents/PROJECTS/catkin_ws/devel/share/common-lisp/ros/ros_cellulo_swarm/msg/_package.lisp)
Linked: (/home/tprobotics/Documents/PROJECTS/catkin_ws/devel/.private/ros_cellulo_swarm/share/common-lisp/ros/ros_cellulo_swarm/msg/ros_cellulo_sensor.lisp, /home/tprobotics/Documents/PROJECTS/catkin_ws/devel/share/common-lisp/ros/ros_cellulo_swarm/msg/ros_cellulo_sensor.lisp)
Linked: (/home/tprobotics/Documents/PROJECTS/catkin_ws/devel/.private/ros_cellulo_swarm/share/common-lisp/ros/ros_cellulo_swarm/msg/cellulo_simpleVibrate.lisp, /home/tprobotics/Documents/PROJECTS/catkin_ws/devel/share/common-lisp/ros/ros_cellulo_swarm/msg/cellulo_simpleVibrate.lisp)
Linked: (/home/tprobotics/Documents/PROJECTS/catkin_ws/devel/.private/ros_cellulo_swarm/share/common-lisp/ros/ros_cellulo_swarm/msg/_package_ros_cellulo_sensor.lisp, /home/tprobotics/Documents/PROJECTS/catkin_ws/devel/share/common-lisp/ros/ros_cellulo_swarm/msg/_package_ros_cellulo_sensor.lisp)
Linked: (/home/tprobotics/Documents/PROJECTS/catkin_ws/devel/.private/ros_cellulo_swarm/share/common-lisp/ros/ros_cellulo_swarm/msg/ros_cellulo_swarm-msg.asd, /home/tprobotics/Documents/PROJECTS/catkin_ws/devel/share/common-lisp/ros/ros_cellulo_swarm/msg/ros_cellulo_swarm-msg.asd)
Linked: (/home/tprobotics/Documents/PROJECTS/catkin_ws/devel/.private/ros_cellulo_swarm/share/common-lisp/ros/ros_cellulo_swarm/msg/cellulo_touch_key.lisp, /home/tprobotics/Documents/PROJECTS/catkin_ws/devel/share/common-lisp/ros/ros_cellulo_swarm/msg/cellulo_touch_key.lisp)
Linked: (/home/tprobotics/Documents/PROJECTS/catkin_ws/devel/.private/ros_cellulo_swarm/share/common-lisp/ros/ros_cellulo_swarm/msg/cellulo_kidnapped_msg.lisp, /home/tprobotics/Documents/PROJECTS/catkin_ws/devel/share/common-lisp/ros/ros_cellulo_swarm/msg/cellulo_kidnapped_msg.lisp)
Linked: (/home/tprobotics/Documents/PROJECTS/catkin_ws/devel/.private/ros_cellulo_swarm/share/common-lisp/ros/ros_cellulo_swarm/msg/_package_cellulo_touch_key.lisp, /home/tprobotics/Documents/PROJECTS/catkin_ws/devel/share/common-lisp/ros/ros_cellulo_swarm/msg/_package_cellulo_touch_key.lisp)
Linked: (/home/tprobotics/Documents/PROJECTS/catkin_ws/devel/.private/ros_cellulo_swarm/share/common-lisp/ros/ros_cellulo_swarm/msg/_package_cellulo_simpleVibrate.lisp, /home/tprobotics/Documents/PROJECTS/catkin_ws/devel/share/common-lisp/ros/ros_cellulo_swarm/msg/_package_cellulo_simpleVibrate.lisp)
Linked: (/home/tprobotics/Documents/PROJECTS/catkin_ws/devel/.private/ros_cellulo_swarm/lib/libros_cellulo_reduced_core.so, /home/tprobotics/Documents/PROJECTS/catkin_ws/devel/lib/libros_cellulo_reduced_core.so)
Linked: (/home/tprobotics/Documents/PROJECTS/catkin_ws/devel/.private/ros_cellulo_swarm/lib/libros_cellulo_sensor_core.so, /home/tprobotics/Documents/PROJECTS/catkin_ws/devel/lib/libros_cellulo_sensor_core.so)
Linked: (/home/tprobotics/Documents/PROJECTS/catkin_ws/devel/.private/ros_cellulo_swarm/lib/ros_cellulo_swarm/ros_cellulo_sensor, /home/tprobotics/Documents/PROJECTS/catkin_ws/devel/lib/ros_cellulo_swarm/ros_cellulo_sensor)
Linked: (/home/tprobotics/Documents/PROJECTS/catkin_ws/devel/.private/ros_cellulo_swarm/lib/ros_cellulo_swarm/ros_cellulo_reduced, /home/tprobotics/Documents/PROJECTS/catkin_ws/devel/lib/ros_cellulo_swarm/ros_cellulo_reduced)
Linked: (/home/tprobotics/Documents/PROJECTS/catkin_ws/devel/.private/ros_cellulo_swarm/lib/python2.7/dist-packages/ros_cellulo_swarm/__init__.py, /home/tprobotics/Documents/PROJECTS/catkin_ws/devel/lib/python2.7/dist-packages/ros_cellulo_swarm/__init__.py)
Linked: (/home/tprobotics/Documents/PROJECTS/catkin_ws/devel/.private/ros_cellulo_swarm/lib/python2.7/dist-packages/ros_cellulo_swarm/srv/__init__.py, /home/tprobotics/Documents/PROJECTS/catkin_ws/devel/lib/python2.7/dist-packages/ros_cellulo_swarm/srv/__init__.py)
Linked: (/home/tprobotics/Documents/PROJECTS/catkin_ws/devel/.private/ros_cellulo_swarm/lib/python2.7/dist-packages/ros_cellulo_swarm/srv/_CelluloState.py, /home/tprobotics/Documents/PROJECTS/catkin_ws/devel/lib/python2.7/dist-packages/ros_cellulo_swarm/srv/_CelluloState.py)
Linked: (/home/tprobotics/Documents/PROJECTS/catkin_ws/devel/.private/ros_cellulo_swarm/lib/python2.7/dist-packages/ros_cellulo_swarm/msg/_cellulo_vibrateOnMotion.py, /home/tprobotics/Documents/PROJECTS/catkin_ws/devel/lib/python2.7/dist-packages/ros_cellulo_swarm/msg/_cellulo_vibrateOnMotion.py)
Linked: (/home/tprobotics/Documents/PROJECTS/catkin_ws/devel/.private/ros_cellulo_swarm/lib/python2.7/dist-packages/ros_cellulo_swarm/msg/__init__.py, /home/tprobotics/Documents/PROJECTS/catkin_ws/devel/lib/python2.7/dist-packages/ros_cellulo_swarm/msg/__init__.py)
Linked: (/home/tprobotics/Documents/PROJECTS/catkin_ws/devel/.private/ros_cellulo_swarm/lib/python2.7/dist-packages/ros_cellulo_swarm/msg/_ros_cellulo_sensor.py, /home/tprobotics/Documents/PROJECTS/catkin_ws/devel/lib/python2.7/dist-packages/ros_cellulo_swarm/msg/_ros_cellulo_sensor.py)
Linked: (/home/tprobotics/Documents/PROJECTS/catkin_ws/devel/.private/ros_cellulo_swarm/lib/python2.7/dist-packages/ros_cellulo_swarm/msg/_cellulo_pose_velocity.py, /home/tprobotics/Documents/PROJECTS/catkin_ws/devel/lib/python2.7/dist-packages/ros_cellulo_swarm/msg/_cellulo_pose_velocity.py)
Linked: (/home/tprobotics/Documents/PROJECTS/catkin_ws/devel/.private/ros_cellulo_swarm/lib/python2.7/dist-packages/ros_cellulo_swarm/msg/_cellulo_kidnapped_msg.py, /home/tprobotics/Documents/PROJECTS/catkin_ws/devel/lib/python2.7/dist-packages/ros_cellulo_swarm/msg/_cellulo_kidnapped_msg.py)
Linked: (/home/tprobotics/Documents/PROJECTS/catkin_ws/devel/.private/ros_cellulo_swarm/lib/python2.7/dist-packages/ros_cellulo_swarm/msg/_cellulo_touch_key.py, /home/tprobotics/Documents/PROJECTS/catkin_ws/devel/lib/python2.7/dist-packages/ros_cellulo_swarm/msg/_cellulo_touch_key.py)
Linked: (/home/tprobotics/Documents/PROJECTS/catkin_ws/devel/.private/ros_cellulo_swarm/lib/python2.7/dist-packages/ros_cellulo_swarm/msg/_cellulo_simpleVibrate.py, /home/tprobotics/Documents/PROJECTS/catkin_ws/devel/lib/python2.7/dist-packages/ros_cellulo_swarm/msg/_cellulo_simpleVibrate.py)
Linked: (/home/tprobotics/Documents/PROJECTS/catkin_ws/devel/.private/ros_cellulo_swarm/lib/python2.7/dist-packages/ros_cellulo_swarm/msg/_cellulo_visual_effect.py, /home/tprobotics/Documents/PROJECTS/catkin_ws/devel/lib/python2.7/dist-packages/ros_cellulo_swarm/msg/_cellulo_visual_effect.py)
Linked: (/home/tprobotics/Documents/PROJECTS/catkin_ws/devel/.private/ros_cellulo_swarm/lib/python2.7/dist-packages/ros_cellulo_swarm/msg/_cellulo_coord.py, /home/tprobotics/Documents/PROJECTS/catkin_ws/devel/lib/python2.7/dist-packages/ros_cellulo_swarm/msg/_cellulo_coord.py)
Linked: (/home/tprobotics/Documents/PROJECTS/catkin_ws/devel/.private/ros_cellulo_swarm/lib/pkgconfig/ros_cellulo_swarm.pc, /home/tprobotics/Documents/PROJECTS/catkin_ws/devel/lib/pkgconfig/ros_cellulo_swarm.pc)
