[  1%] [34m[1mAutomatic MOC for target ros_cellulo_sensor_core[0m
[  1%] Built target std_msgs_generate_messages_py
[  1%] Built target geometry_msgs_generate_messages_py
[  1%] Built target ros_cellulo_sensor_core_autogen
[  1%] Built target _ros_cellulo_swarm_generate_messages_check_deps_CelluloState
[  1%] Built target _ros_cellulo_swarm_generate_messages_check_deps_cellulo_pose_velocity
[  1%] Built target _ros_cellulo_swarm_generate_messages_check_deps_ros_cellulo_sensor
[  1%] Built target _ros_cellulo_swarm_generate_messages_check_deps_cellulo_simpleVibrate
[  1%] Built target geometry_msgs_generate_messages_eus
[  1%] Built target std_msgs_generate_messages_eus
[  1%] Built target _ros_cellulo_swarm_generate_messages_check_deps_cellulo_kidnapped_msg
[  1%] Built target _ros_cellulo_swarm_generate_messages_check_deps_cellulo_coord
[  1%] Built target geometry_msgs_generate_messages_lisp
[  1%] Built target geometry_msgs_generate_messages_cpp
[  1%] Built target std_msgs_generate_messages_lisp
[  1%] Built target std_msgs_generate_messages_cpp
[  1%] Built target std_msgs_generate_messages_nodejs
[  1%] Built target geometry_msgs_generate_messages_nodejs
[  1%] Built target _ros_cellulo_swarm_generate_messages_check_deps_cellulo_vibrateOnMotion
[  3%] Built target ros_cellulo_sensor_core
[  3%] [34m[1mAutomatic MOC for target ros_cellulo_reduced_core[0m
[  3%] Built target _ros_cellulo_swarm_generate_messages_check_deps_cellulo_visual_effect
[  3%] [34m[1mAutomatic MOC for target ros_cellulo_sensor[0m
[  3%] Built target _ros_cellulo_swarm_generate_messages_check_deps_cellulo_touch_key
[  3%] Built target ros_cellulo_sensor_autogen
[ 13%] Built target ros_cellulo_swarm_generate_messages_py
[ 13%] Built target ros_cellulo_reduced_core_autogen
[ 21%] Built target ros_cellulo_swarm_generate_messages_eus
[ 29%] Built target ros_cellulo_swarm_generate_messages_lisp
[ 36%] Built target ros_cellulo_swarm_generate_messages_cpp
[ 44%] Built target ros_cellulo_swarm_generate_messages_nodejs
[ 44%] Built target ros_cellulo_swarm_generate_messages
[ 48%] Built target ros_cellulo_sensor
[ 95%] Built target ros_cellulo_reduced_core
[ 96%] [34m[1mAutomatic MOC for target ros_cellulo_reduced[0m
[ 96%] Built target ros_cellulo_reduced_autogen
[100%] Built target ros_cellulo_reduced
