[rosmaster.main][INFO] 2019-03-18 17:18:26,469: initialization complete, waiting for shutdown
[rosmaster.main][INFO] 2019-03-18 17:18:26,469: Starting ROS Master Node
[xmlrpc][INFO] 2019-03-18 17:18:26,470: XML-RPC server binding to 0.0.0.0:11311
[xmlrpc][INFO] 2019-03-18 17:18:26,471: Started XML-RPC server [http://chiliPC:11311/]
[rosmaster.master][INFO] 2019-03-18 17:18:26,471: Master initialized: port[11311], uri[http://chiliPC:11311/]
[xmlrpc][INFO] 2019-03-18 17:18:26,471: xml rpc node: starting XML-RPC server
[rosmaster.master][INFO] 2019-03-18 17:18:26,484: +PARAM [/run_id] by /roslaunch
[rosmaster.master][INFO] 2019-03-18 17:18:26,487: +PARAM [/roslaunch/uris/host_chilipc__35977] by /roslaunch
[rosmaster.master][INFO] 2019-03-18 17:18:26,557: +PARAM [/cellulo_node_00_06_66_D2_CF_7B/scale_coord] by /roslaunch
[rosmaster.master][INFO] 2019-03-18 17:18:26,557: +PARAM [/sensor_node_00_06_66_D2_CF_7B/scale] by /roslaunch
[rosmaster.master][INFO] 2019-03-18 17:18:26,559: +PARAM [/aggregation_node_00_06_66_E7_8A_D6/scale] by /roslaunch
[rosmaster.master][INFO] 2019-03-18 17:18:26,559: +PARAM [/cellulo_node_00_06_66_E7_8E_BD/scale_coord] by /roslaunch
[rosmaster.master][INFO] 2019-03-18 17:18:26,559: +PARAM [/sensor_node_00_06_66_E7_8E_BD/scale] by /roslaunch
[rosmaster.master][INFO] 2019-03-18 17:18:26,560: +PARAM [/sensor_node_00_06_66_E7_8E_BD/paper_width] by /roslaunch
[rosmaster.master][INFO] 2019-03-18 17:18:26,560: +PARAM [/sensor_node_00_06_66_E7_8A_D6/scale] by /roslaunch
[rosmaster.master][INFO] 2019-03-18 17:18:26,560: +PARAM [/sensor_node_00_06_66_D2_CF_7B/cellulo_num] by /roslaunch
[rosmaster.master][INFO] 2019-03-18 17:18:26,561: +SERVICE [/rosout/get_loggers] /rosout http://chiliPC:40623/
[rosmaster.master][INFO] 2019-03-18 17:18:26,561: +PARAM [/cellulo_node_00_06_66_E7_8A_D6/scale_coord] by /roslaunch
[rosmaster.master][INFO] 2019-03-18 17:18:26,562: +PARAM [/aggregation_node_00_06_66_E7_8E_BD/scale] by /roslaunch
[rosmaster.master][INFO] 2019-03-18 17:18:26,562: +PARAM [/sensor_node_00_06_66_E7_8A_D6/paper_length] by /roslaunch
[rosmaster.master][INFO] 2019-03-18 17:18:26,563: +SERVICE [/rosout/set_logger_level] /rosout http://chiliPC:40623/
[rosmaster.master][INFO] 2019-03-18 17:18:26,563: +PARAM [/sensor_node_00_06_66_D2_CF_7B/threshold] by /roslaunch
[rosmaster.master][INFO] 2019-03-18 17:18:26,563: +PARAM [/sensor_node_00_06_66_E7_8A_D6/paper_width] by /roslaunch
[rosmaster.master][INFO] 2019-03-18 17:18:26,564: +PARAM [/aggregation_node_00_06_66_E7_8E_BD/thetaDis] by /roslaunch
[rosmaster.master][INFO] 2019-03-18 17:18:26,564: +PARAM [/sensor_node_00_06_66_E7_8A_D6/cellulo_num] by /roslaunch
[rosmaster.master][INFO] 2019-03-18 17:18:26,565: +PARAM [/rosdistro] by /roslaunch
[rosmaster.master][INFO] 2019-03-18 17:18:26,565: +PARAM [/rosversion] by /roslaunch
[rosmaster.master][INFO] 2019-03-18 17:18:26,565: +PUB [/rosout_agg] /rosout http://chiliPC:40623/
[rosmaster.master][INFO] 2019-03-18 17:18:26,566: +PARAM [/sensor_node_00_06_66_E7_8E_BD/threshold] by /roslaunch
[rosmaster.master][INFO] 2019-03-18 17:18:26,566: +PARAM [/sensor_node_00_06_66_E7_8E_BD/cellulo_num] by /roslaunch
[rosmaster.master][INFO] 2019-03-18 17:18:26,566: +PARAM [/sensor_node_00_06_66_E7_8A_D6/threshold] by /roslaunch
[rosmaster.master][INFO] 2019-03-18 17:18:26,567: +PARAM [/aggregation_node_00_06_66_E7_8A_D6/thetaDis] by /roslaunch
[rosmaster.master][INFO] 2019-03-18 17:18:26,567: +PARAM [/aggregation_node_00_06_66_D2_CF_7B/scale] by /roslaunch
[rosmaster.master][INFO] 2019-03-18 17:18:26,568: +PARAM [/sensor_node_00_06_66_D2_CF_7B/paper_length] by /roslaunch
[rosmaster.master][INFO] 2019-03-18 17:18:26,568: +PARAM [/sensor_node_00_06_66_D2_CF_7B/paper_width] by /roslaunch
[rosmaster.master][INFO] 2019-03-18 17:18:26,569: +PARAM [/sensor_node_00_06_66_E7_8E_BD/paper_length] by /roslaunch
[rosmaster.master][INFO] 2019-03-18 17:18:26,569: +PARAM [/aggregation_node_00_06_66_D2_CF_7B/thetaDis] by /roslaunch
[rosmaster.master][INFO] 2019-03-18 17:18:26,572: +SUB [/rosout] /rosout http://chiliPC:40623/
[rosmaster.master][INFO] 2019-03-18 17:18:26,610: +PUB [/rosout] /cellulo_node_00_06_66_E7_8A_D6 http://chiliPC:43459/
[rosmaster.master][INFO] 2019-03-18 17:18:26,611: +SERVICE [/cellulo_node_00_06_66_E7_8A_D6/get_loggers] /cellulo_node_00_06_66_E7_8A_D6 http://chiliPC:43459/
[rosmaster.master][INFO] 2019-03-18 17:18:26,612: +SERVICE [/cellulo_node_00_06_66_E7_8A_D6/set_logger_level] /cellulo_node_00_06_66_E7_8A_D6 http://chiliPC:43459/
[rosmaster.master][INFO] 2019-03-18 17:18:26,619: +SUB [/cellulo_node_00_06_66_E7_8A_D6/setVisualEffect] /cellulo_node_00_06_66_E7_8A_D6 http://chiliPC:43459/
[rosmaster.master][INFO] 2019-03-18 17:18:26,623: +PUB [/rosout] /cellulo_node_00_06_66_E7_8E_BD http://chiliPC:42419/
[rosmaster.master][INFO] 2019-03-18 17:18:26,626: +SERVICE [/cellulo_node_00_06_66_E7_8E_BD/get_loggers] /cellulo_node_00_06_66_E7_8E_BD http://chiliPC:42419/
[rosmaster.master][INFO] 2019-03-18 17:18:26,629: +SERVICE [/cellulo_node_00_06_66_E7_8E_BD/set_logger_level] /cellulo_node_00_06_66_E7_8E_BD http://chiliPC:42419/
[rosmaster.master][INFO] 2019-03-18 17:18:26,630: +PUB [/rosout] /cellulo_node_00_06_66_D2_CF_7B http://chiliPC:35505/
[rosmaster.master][INFO] 2019-03-18 17:18:26,631: +PUB [/rosout] /sensor_node_00_06_66_E7_8A_D6 http://chiliPC:46023/
[rosmaster.master][INFO] 2019-03-18 17:18:26,636: +SERVICE [/cellulo_node_00_06_66_D2_CF_7B/get_loggers] /cellulo_node_00_06_66_D2_CF_7B http://chiliPC:35505/
[rosmaster.master][INFO] 2019-03-18 17:18:26,639: +SERVICE [/sensor_node_00_06_66_E7_8A_D6/get_loggers] /sensor_node_00_06_66_E7_8A_D6 http://chiliPC:46023/
[rosmaster.master][INFO] 2019-03-18 17:18:26,639: +SUB [/cellulo_node_00_06_66_E7_8A_D6/setLEDResponseMode] /cellulo_node_00_06_66_E7_8A_D6 http://chiliPC:43459/
[rosmaster.master][INFO] 2019-03-18 17:18:26,641: +SERVICE [/cellulo_node_00_06_66_D2_CF_7B/set_logger_level] /cellulo_node_00_06_66_D2_CF_7B http://chiliPC:35505/
[rosmaster.master][INFO] 2019-03-18 17:18:26,643: +SERVICE [/sensor_node_00_06_66_E7_8A_D6/set_logger_level] /sensor_node_00_06_66_E7_8A_D6 http://chiliPC:46023/
[rosmaster.master][INFO] 2019-03-18 17:18:26,645: +PUB [/rosout] /sensor_node_00_06_66_E7_8E_BD http://chiliPC:40839/
[rosmaster.master][INFO] 2019-03-18 17:18:26,653: +SERVICE [/sensor_node_00_06_66_E7_8E_BD/get_loggers] /sensor_node_00_06_66_E7_8E_BD http://chiliPC:40839/
[rosmaster.master][INFO] 2019-03-18 17:18:26,658: +SERVICE [/sensor_node_00_06_66_E7_8E_BD/set_logger_level] /sensor_node_00_06_66_E7_8E_BD http://chiliPC:40839/
[rosmaster.master][INFO] 2019-03-18 17:18:26,665: +PUB [/rosout] /sensor_node_00_06_66_D2_CF_7B http://chiliPC:36281/
[rosmaster.master][INFO] 2019-03-18 17:18:26,670: publisherUpdate[/rosout] -> http://chiliPC:40623/ ['http://chiliPC:43459/']
[rosmaster.master][INFO] 2019-03-18 17:18:26,672: +PUB [/rosout] /aggregation_node_00_06_66_E7_8A_D6 http://chiliPC:40063/
[rosmaster.master][INFO] 2019-03-18 17:18:26,673: publisherUpdate[/rosout] -> http://chiliPC:40623/ ['http://chiliPC:43459/']: sec=0.00, result=[1, '', 0]
[rosmaster.master][INFO] 2019-03-18 17:18:26,673: publisherUpdate[/rosout] -> http://chiliPC:40623/ ['http://chiliPC:43459/', 'http://chiliPC:42419/']
[rosmaster.master][INFO] 2019-03-18 17:18:26,674: publisherUpdate[/rosout] -> http://chiliPC:40623/ ['http://chiliPC:43459/', 'http://chiliPC:42419/']: sec=0.00, result=[1, '', 0]
[rosmaster.master][INFO] 2019-03-18 17:18:26,674: publisherUpdate[/rosout] -> http://chiliPC:40623/ ['http://chiliPC:43459/', 'http://chiliPC:42419/', 'http://chiliPC:35505/']
[rosmaster.master][INFO] 2019-03-18 17:18:26,675: publisherUpdate[/rosout] -> http://chiliPC:40623/ ['http://chiliPC:43459/', 'http://chiliPC:42419/', 'http://chiliPC:35505/']: sec=0.00, result=[1, '', 0]
[rosmaster.master][INFO] 2019-03-18 17:18:26,676: publisherUpdate[/rosout] -> http://chiliPC:40623/ ['http://chiliPC:43459/', 'http://chiliPC:42419/', 'http://chiliPC:35505/', 'http://chiliPC:46023/']
[rosmaster.master][INFO] 2019-03-18 17:18:26,676: +SERVICE [/sensor_node_00_06_66_D2_CF_7B/get_loggers] /sensor_node_00_06_66_D2_CF_7B http://chiliPC:36281/
[rosmaster.master][INFO] 2019-03-18 17:18:26,678: publisherUpdate[/rosout] -> http://chiliPC:40623/ ['http://chiliPC:43459/', 'http://chiliPC:42419/', 'http://chiliPC:35505/', 'http://chiliPC:46023/']: sec=0.00, result=[1, '', 0]
[rosmaster.master][INFO] 2019-03-18 17:18:26,679: +SUB [/cellulo_node_00_06_66_E7_8A_D6/setGoalVelocity] /cellulo_node_00_06_66_E7_8A_D6 http://chiliPC:43459/
[rosmaster.master][INFO] 2019-03-18 17:18:26,679: publisherUpdate[/rosout] -> http://chiliPC:40623/ ['http://chiliPC:43459/', 'http://chiliPC:42419/', 'http://chiliPC:35505/', 'http://chiliPC:46023/', 'http://chiliPC:40839/']
[rosmaster.master][INFO] 2019-03-18 17:18:26,681: publisherUpdate[/rosout] -> http://chiliPC:40623/ ['http://chiliPC:43459/', 'http://chiliPC:42419/', 'http://chiliPC:35505/', 'http://chiliPC:46023/', 'http://chiliPC:40839/']: sec=0.00, result=[1, '', 0]
[rosmaster.master][INFO] 2019-03-18 17:18:26,682: publisherUpdate[/rosout] -> http://chiliPC:40623/ ['http://chiliPC:43459/', 'http://chiliPC:42419/', 'http://chiliPC:35505/', 'http://chiliPC:46023/', 'http://chiliPC:40839/', 'http://chiliPC:36281/']
[rosmaster.master][INFO] 2019-03-18 17:18:26,682: publisherUpdate[/rosout] -> http://chiliPC:40623/ ['http://chiliPC:43459/', 'http://chiliPC:42419/', 'http://chiliPC:35505/', 'http://chiliPC:46023/', 'http://chiliPC:40839/', 'http://chiliPC:36281/']: sec=0.00, result=[1, '', 0]
[rosmaster.master][INFO] 2019-03-18 17:18:26,682: publisherUpdate[/rosout] -> http://chiliPC:40623/ ['http://chiliPC:43459/', 'http://chiliPC:42419/', 'http://chiliPC:35505/', 'http://chiliPC:46023/', 'http://chiliPC:40839/', 'http://chiliPC:36281/', 'http://chiliPC:40063/']
[rosmaster.master][INFO] 2019-03-18 17:18:26,683: publisherUpdate[/rosout] -> http://chiliPC:40623/ ['http://chiliPC:43459/', 'http://chiliPC:42419/', 'http://chiliPC:35505/', 'http://chiliPC:46023/', 'http://chiliPC:40839/', 'http://chiliPC:36281/', 'http://chiliPC:40063/']: sec=0.00, result=[1, '', 0]
[rosmaster.master][INFO] 2019-03-18 17:18:26,687: +SERVICE [/aggregation_node_00_06_66_E7_8A_D6/get_loggers] /aggregation_node_00_06_66_E7_8A_D6 http://chiliPC:40063/
[rosmaster.master][INFO] 2019-03-18 17:18:26,688: +SUB [/cellulo_node_00_06_66_E7_8E_BD/setVisualEffect] /cellulo_node_00_06_66_E7_8E_BD http://chiliPC:42419/
[rosmaster.master][INFO] 2019-03-18 17:18:26,689: +SERVICE [/sensor_node_00_06_66_D2_CF_7B/set_logger_level] /sensor_node_00_06_66_D2_CF_7B http://chiliPC:36281/
[rosmaster.master][INFO] 2019-03-18 17:18:26,693: +PUB [/rosout] /aggregation_node_00_06_66_E7_8E_BD http://chiliPC:36959/
[rosmaster.master][INFO] 2019-03-18 17:18:26,694: +SERVICE [/aggregation_node_00_06_66_E7_8A_D6/set_logger_level] /aggregation_node_00_06_66_E7_8A_D6 http://chiliPC:40063/
[rosmaster.master][INFO] 2019-03-18 17:18:26,700: +PUB [/rosout] /aggregation_node_00_06_66_D2_CF_7B http://chiliPC:32953/
[rosmaster.master][INFO] 2019-03-18 17:18:26,702: +SERVICE [/aggregation_node_00_06_66_E7_8E_BD/get_loggers] /aggregation_node_00_06_66_E7_8E_BD http://chiliPC:36959/
[rosmaster.master][INFO] 2019-03-18 17:18:26,707: +SUB [/cellulo_node_00_06_66_D2_CF_7B/setVisualEffect] /cellulo_node_00_06_66_D2_CF_7B http://chiliPC:35505/
[rosmaster.master][INFO] 2019-03-18 17:18:26,708: +PUB [/rosout] /tf_echo_00_06_66_E7_8A_D6 http://chiliPC:37973/
[rosmaster.master][INFO] 2019-03-18 17:18:26,709: +SERVICE [/aggregation_node_00_06_66_D2_CF_7B/get_loggers] /aggregation_node_00_06_66_D2_CF_7B http://chiliPC:32953/
[rosmaster.master][INFO] 2019-03-18 17:18:26,713: +SERVICE [/aggregation_node_00_06_66_E7_8E_BD/set_logger_level] /aggregation_node_00_06_66_E7_8E_BD http://chiliPC:36959/
[rosmaster.master][INFO] 2019-03-18 17:18:26,718: +SERVICE [/tf_echo_00_06_66_E7_8A_D6/get_loggers] /tf_echo_00_06_66_E7_8A_D6 http://chiliPC:37973/
[rosmaster.master][INFO] 2019-03-18 17:18:26,719: +SERVICE [/aggregation_node_00_06_66_D2_CF_7B/set_logger_level] /aggregation_node_00_06_66_D2_CF_7B http://chiliPC:32953/
[rosmaster.master][INFO] 2019-03-18 17:18:26,721: +PUB [/rosout] /tf_echo_00_06_66_E7_8E_BD http://chiliPC:45131/
[rosmaster.master][INFO] 2019-03-18 17:18:26,730: +PUB [/rosout] /tf_echo_00_06_66_D2_CF_7B http://chiliPC:38045/
[rosmaster.master][INFO] 2019-03-18 17:18:26,731: +SERVICE [/tf_echo_00_06_66_E7_8A_D6/set_logger_level] /tf_echo_00_06_66_E7_8A_D6 http://chiliPC:37973/
[rosmaster.master][INFO] 2019-03-18 17:18:26,737: +SERVICE [/tf_echo_00_06_66_E7_8E_BD/get_loggers] /tf_echo_00_06_66_E7_8E_BD http://chiliPC:45131/
[rosmaster.master][INFO] 2019-03-18 17:18:26,748: +PUB [/rosout] /paper_world_broadcaster http://chiliPC:35073/
[rosmaster.master][INFO] 2019-03-18 17:18:26,748: +SERVICE [/tf_echo_00_06_66_D2_CF_7B/get_loggers] /tf_echo_00_06_66_D2_CF_7B http://chiliPC:38045/
[rosmaster.master][INFO] 2019-03-18 17:18:26,753: +SUB [/cellulo_node_00_06_66_E7_8A_D6/reset] /cellulo_node_00_06_66_E7_8A_D6 http://chiliPC:43459/
[rosmaster.master][INFO] 2019-03-18 17:18:26,754: +SERVICE [/tf_echo_00_06_66_E7_8E_BD/set_logger_level] /tf_echo_00_06_66_E7_8E_BD http://chiliPC:45131/
[rosmaster.master][INFO] 2019-03-18 17:18:26,756: +SUB [/cellulo_node_00_06_66_E7_8E_BD/setLEDResponseMode] /cellulo_node_00_06_66_E7_8E_BD http://chiliPC:42419/
[rosmaster.master][INFO] 2019-03-18 17:18:26,760: +SERVICE [/paper_world_broadcaster/get_loggers] /paper_world_broadcaster http://chiliPC:35073/
[rosmaster.master][INFO] 2019-03-18 17:18:26,760: +SERVICE [/tf_echo_00_06_66_D2_CF_7B/set_logger_level] /tf_echo_00_06_66_D2_CF_7B http://chiliPC:38045/
[rosmaster.master][INFO] 2019-03-18 17:18:26,764: +SUB [/setThreshold] /sensor_node_00_06_66_E7_8A_D6 http://chiliPC:46023/
[rosmaster.master][INFO] 2019-03-18 17:18:26,771: publisherUpdate[/rosout] -> http://chiliPC:40623/ ['http://chiliPC:43459/', 'http://chiliPC:42419/', 'http://chiliPC:35505/', 'http://chiliPC:46023/', 'http://chiliPC:40839/', 'http://chiliPC:36281/', 'http://chiliPC:40063/', 'http://chiliPC:36959/']
[rosmaster.master][INFO] 2019-03-18 17:18:26,772: +SERVICE [/paper_world_broadcaster/set_logger_level] /paper_world_broadcaster http://chiliPC:35073/
[rosmaster.master][INFO] 2019-03-18 17:18:26,773: publisherUpdate[/rosout] -> http://chiliPC:40623/ ['http://chiliPC:43459/', 'http://chiliPC:42419/', 'http://chiliPC:35505/', 'http://chiliPC:46023/', 'http://chiliPC:40839/', 'http://chiliPC:36281/', 'http://chiliPC:40063/', 'http://chiliPC:36959/']: sec=0.00, result=[1, '', 0]
[rosmaster.master][INFO] 2019-03-18 17:18:26,773: publisherUpdate[/rosout] -> http://chiliPC:40623/ ['http://chiliPC:43459/', 'http://chiliPC:42419/', 'http://chiliPC:35505/', 'http://chiliPC:46023/', 'http://chiliPC:40839/', 'http://chiliPC:36281/', 'http://chiliPC:40063/', 'http://chiliPC:36959/', 'http://chiliPC:32953/']
[rosmaster.master][INFO] 2019-03-18 17:18:26,775: publisherUpdate[/rosout] -> http://chiliPC:40623/ ['http://chiliPC:43459/', 'http://chiliPC:42419/', 'http://chiliPC:35505/', 'http://chiliPC:46023/', 'http://chiliPC:40839/', 'http://chiliPC:36281/', 'http://chiliPC:40063/', 'http://chiliPC:36959/', 'http://chiliPC:32953/']: sec=0.00, result=[1, '', 0]
[rosmaster.master][INFO] 2019-03-18 17:18:26,775: publisherUpdate[/rosout] -> http://chiliPC:40623/ ['http://chiliPC:43459/', 'http://chiliPC:42419/', 'http://chiliPC:35505/', 'http://chiliPC:46023/', 'http://chiliPC:40839/', 'http://chiliPC:36281/', 'http://chiliPC:40063/', 'http://chiliPC:36959/', 'http://chiliPC:32953/', 'http://chiliPC:37973/']
[rosmaster.master][INFO] 2019-03-18 17:18:26,776: publisherUpdate[/rosout] -> http://chiliPC:40623/ ['http://chiliPC:43459/', 'http://chiliPC:42419/', 'http://chiliPC:35505/', 'http://chiliPC:46023/', 'http://chiliPC:40839/', 'http://chiliPC:36281/', 'http://chiliPC:40063/', 'http://chiliPC:36959/', 'http://chiliPC:32953/', 'http://chiliPC:37973/']: sec=0.00, result=[1, '', 0]
[rosmaster.master][INFO] 2019-03-18 17:18:26,777: publisherUpdate[/rosout] -> http://chiliPC:40623/ ['http://chiliPC:43459/', 'http://chiliPC:42419/', 'http://chiliPC:35505/', 'http://chiliPC:46023/', 'http://chiliPC:40839/', 'http://chiliPC:36281/', 'http://chiliPC:40063/', 'http://chiliPC:36959/', 'http://chiliPC:32953/', 'http://chiliPC:37973/', 'http://chiliPC:45131/']
[rosmaster.master][INFO] 2019-03-18 17:18:26,778: publisherUpdate[/rosout] -> http://chiliPC:40623/ ['http://chiliPC:43459/', 'http://chiliPC:42419/', 'http://chiliPC:35505/', 'http://chiliPC:46023/', 'http://chiliPC:40839/', 'http://chiliPC:36281/', 'http://chiliPC:40063/', 'http://chiliPC:36959/', 'http://chiliPC:32953/', 'http://chiliPC:37973/', 'http://chiliPC:45131/']: sec=0.00, result=[1, '', 0]
[rosmaster.master][INFO] 2019-03-18 17:18:26,779: publisherUpdate[/rosout] -> http://chiliPC:40623/ ['http://chiliPC:43459/', 'http://chiliPC:42419/', 'http://chiliPC:35505/', 'http://chiliPC:46023/', 'http://chiliPC:40839/', 'http://chiliPC:36281/', 'http://chiliPC:40063/', 'http://chiliPC:36959/', 'http://chiliPC:32953/', 'http://chiliPC:37973/', 'http://chiliPC:45131/', 'http://chiliPC:38045/']
[rosmaster.master][INFO] 2019-03-18 17:18:26,780: publisherUpdate[/rosout] -> http://chiliPC:40623/ ['http://chiliPC:43459/', 'http://chiliPC:42419/', 'http://chiliPC:35505/', 'http://chiliPC:46023/', 'http://chiliPC:40839/', 'http://chiliPC:36281/', 'http://chiliPC:40063/', 'http://chiliPC:36959/', 'http://chiliPC:32953/', 'http://chiliPC:37973/', 'http://chiliPC:45131/', 'http://chiliPC:38045/']: sec=0.00, result=[1, '', 0]
[rosmaster.master][INFO] 2019-03-18 17:18:26,780: publisherUpdate[/rosout] -> http://chiliPC:40623/ ['http://chiliPC:43459/', 'http://chiliPC:42419/', 'http://chiliPC:35505/', 'http://chiliPC:46023/', 'http://chiliPC:40839/', 'http://chiliPC:36281/', 'http://chiliPC:40063/', 'http://chiliPC:36959/', 'http://chiliPC:32953/', 'http://chiliPC:37973/', 'http://chiliPC:45131/', 'http://chiliPC:38045/', 'http://chiliPC:35073/']
[rosmaster.master][INFO] 2019-03-18 17:18:26,782: publisherUpdate[/rosout] -> http://chiliPC:40623/ ['http://chiliPC:43459/', 'http://chiliPC:42419/', 'http://chiliPC:35505/', 'http://chiliPC:46023/', 'http://chiliPC:40839/', 'http://chiliPC:36281/', 'http://chiliPC:40063/', 'http://chiliPC:36959/', 'http://chiliPC:32953/', 'http://chiliPC:37973/', 'http://chiliPC:45131/', 'http://chiliPC:38045/', 'http://chiliPC:35073/']: sec=0.00, result=[1, '', 0]
[rosmaster.master][INFO] 2019-03-18 17:18:26,783: +SUB [/cellulo_node_00_06_66_D2_CF_7B/setLEDResponseMode] /cellulo_node_00_06_66_D2_CF_7B http://chiliPC:35505/
[rosmaster.master][INFO] 2019-03-18 17:18:26,792: +SUB [/setThreshold] /sensor_node_00_06_66_E7_8E_BD http://chiliPC:40839/
[rosmaster.master][INFO] 2019-03-18 17:18:26,793: +PUB [/tf_static] /paper_world_broadcaster http://chiliPC:35073/
[rosmaster.master][INFO] 2019-03-18 17:18:26,798: +SUB [/setThetaDis] /aggregation_node_00_06_66_E7_8A_D6 http://chiliPC:40063/
[rosmaster.master][INFO] 2019-03-18 17:18:26,805: +PUB [/cellulo_node_00_06_66_E7_8A_D6/setGoalVelocity] /aggregation_node_00_06_66_E7_8A_D6 http://chiliPC:40063/
[rosmaster.master][INFO] 2019-03-18 17:18:26,810: +SUB [/cellulo_node_00_06_66_E7_8A_D6/clearTracking] /cellulo_node_00_06_66_E7_8A_D6 http://chiliPC:43459/
[rosmaster.master][INFO] 2019-03-18 17:18:26,812: +SUB [/setThetaDis] /aggregation_node_00_06_66_E7_8E_BD http://chiliPC:36959/
[rosmaster.master][INFO] 2019-03-18 17:18:26,813: +SUB [/setThreshold] /sensor_node_00_06_66_D2_CF_7B http://chiliPC:36281/
[rosmaster.master][INFO] 2019-03-18 17:18:26,815: +SUB [/cellulo_node_00_06_66_E7_8E_BD/setGoalVelocity] /cellulo_node_00_06_66_E7_8E_BD http://chiliPC:42419/
[rosmaster.master][INFO] 2019-03-18 17:18:26,818: +SUB [/tf] /tf_echo_00_06_66_E7_8A_D6 http://chiliPC:37973/
[rosmaster.master][INFO] 2019-03-18 17:18:26,819: +SUB [/setThetaDis] /aggregation_node_00_06_66_D2_CF_7B http://chiliPC:32953/
[rosmaster.master][INFO] 2019-03-18 17:18:26,820: +SUB [/tf] /sensor_node_00_06_66_E7_8A_D6 http://chiliPC:46023/
[rosmaster.master][INFO] 2019-03-18 17:18:26,822: +PUB [/cellulo_node_00_06_66_E7_8E_BD/setGoalVelocity] /aggregation_node_00_06_66_E7_8E_BD http://chiliPC:36959/
[rosmaster.master][INFO] 2019-03-18 17:18:26,829: +PUB [/cellulo_node_00_06_66_D2_CF_7B/setGoalVelocity] /aggregation_node_00_06_66_D2_CF_7B http://chiliPC:32953/
[rosmaster.master][INFO] 2019-03-18 17:18:26,831: +SUB [/tf] /tf_echo_00_06_66_E7_8E_BD http://chiliPC:45131/
[rosmaster.master][INFO] 2019-03-18 17:18:26,834: +SUB [/cellulo_node_00_06_66_D2_CF_7B/setGoalVelocity] /cellulo_node_00_06_66_D2_CF_7B http://chiliPC:35505/
[rosmaster.master][INFO] 2019-03-18 17:18:26,836: +SUB [/tf] /tf_echo_00_06_66_D2_CF_7B http://chiliPC:38045/
[rosmaster.master][INFO] 2019-03-18 17:18:26,844: +SUB [/tf] /sensor_node_00_06_66_E7_8E_BD http://chiliPC:40839/
[rosmaster.master][INFO] 2019-03-18 17:18:26,855: +SUB [/sensor_node_00_06_66_E7_8A_D6/detectedRobots] /aggregation_node_00_06_66_E7_8A_D6 http://chiliPC:40063/
[rosmaster.master][INFO] 2019-03-18 17:18:26,862: +SUB [/cellulo_node_00_06_66_E7_8A_D6/shutdown] /cellulo_node_00_06_66_E7_8A_D6 http://chiliPC:43459/
[rosmaster.master][INFO] 2019-03-18 17:18:26,866: +SUB [/tf] /sensor_node_00_06_66_D2_CF_7B http://chiliPC:36281/
[rosmaster.master][INFO] 2019-03-18 17:18:26,867: +SUB [/cellulo_node_00_06_66_E7_8E_BD/reset] /cellulo_node_00_06_66_E7_8E_BD http://chiliPC:42419/
[rosmaster.master][INFO] 2019-03-18 17:18:26,871: +SUB [/tf_static] /tf_echo_00_06_66_E7_8A_D6 http://chiliPC:37973/
[rosmaster.master][INFO] 2019-03-18 17:18:26,872: publisherUpdate[/cellulo_node_00_06_66_E7_8A_D6/setGoalVelocity] -> http://chiliPC:43459/ ['http://chiliPC:40063/']
[rosmaster.master][INFO] 2019-03-18 17:18:26,873: +SUB [/tf_static] /sensor_node_00_06_66_E7_8A_D6 http://chiliPC:46023/
[rosmaster.master][INFO] 2019-03-18 17:18:26,877: +SUB [/sensor_node_00_06_66_E7_8E_BD/detectedRobots] /aggregation_node_00_06_66_E7_8E_BD http://chiliPC:36959/
[rosmaster.master][INFO] 2019-03-18 17:18:26,883: publisherUpdate[/cellulo_node_00_06_66_E7_8E_BD/setGoalVelocity] -> http://chiliPC:42419/ ['http://chiliPC:36959/']
[rosmaster.master][INFO] 2019-03-18 17:18:26,886: +PUB [/sensor_node_00_06_66_E7_8A_D6/detectedRobots] /sensor_node_00_06_66_E7_8A_D6 http://chiliPC:46023/
[rosmaster.master][INFO] 2019-03-18 17:18:26,887: +SUB [/sensor_node_00_06_66_D2_CF_7B/detectedRobots] /aggregation_node_00_06_66_D2_CF_7B http://chiliPC:32953/
[rosmaster.master][INFO] 2019-03-18 17:18:26,888: +SUB [/tf_static] /tf_echo_00_06_66_E7_8E_BD http://chiliPC:45131/
[rosmaster.master][INFO] 2019-03-18 17:18:26,892: +SUB [/cellulo_node_00_06_66_D2_CF_7B/reset] /cellulo_node_00_06_66_D2_CF_7B http://chiliPC:35505/
[rosmaster.master][INFO] 2019-03-18 17:18:26,893: +PUB [/rosout] /rviz_chiliPC_2239_4815672911172374359 http://chiliPC:36999/
[rosmaster.master][INFO] 2019-03-18 17:18:26,895: +SUB [/tf_static] /tf_echo_00_06_66_D2_CF_7B http://chiliPC:38045/
[rosmaster.master][INFO] 2019-03-18 17:18:26,897: +PUB [/sensor_node_00_06_66_E7_8A_D6/detectedObstacles] /sensor_node_00_06_66_E7_8A_D6 http://chiliPC:46023/
[rosmaster.master][INFO] 2019-03-18 17:18:26,903: +SERVICE [/rviz_chiliPC_2239_4815672911172374359/get_loggers] /rviz_chiliPC_2239_4815672911172374359 http://chiliPC:36999/
[rosmaster.master][INFO] 2019-03-18 17:18:26,904: +SUB [/tf_static] /sensor_node_00_06_66_E7_8E_BD http://chiliPC:40839/
[rosmaster.master][INFO] 2019-03-18 17:18:26,911: +SERVICE [/rviz_chiliPC_2239_4815672911172374359/set_logger_level] /rviz_chiliPC_2239_4815672911172374359 http://chiliPC:36999/
[rosmaster.master][INFO] 2019-03-18 17:18:26,913: +PUB [/sensor_node_00_06_66_E7_8E_BD/detectedRobots] /sensor_node_00_06_66_E7_8E_BD http://chiliPC:40839/
[rosmaster.master][INFO] 2019-03-18 17:18:26,915: +SUB [/sensor_node_00_06_66_E7_8A_D6/detectedObstacles] /aggregation_node_00_06_66_E7_8A_D6 http://chiliPC:40063/
[rosmaster.master][INFO] 2019-03-18 17:18:26,921: +PUB [/sensor_node_00_06_66_E7_8E_BD/detectedObstacles] /sensor_node_00_06_66_E7_8E_BD http://chiliPC:40839/
[rosmaster.master][INFO] 2019-03-18 17:18:26,922: +SUB [/cellulo_node_00_06_66_E7_8A_D6/clearHapticFeedback] /cellulo_node_00_06_66_E7_8A_D6 http://chiliPC:43459/
[rosmaster.master][INFO] 2019-03-18 17:18:26,924: publisherUpdate[/cellulo_node_00_06_66_E7_8A_D6/setGoalVelocity] -> http://chiliPC:43459/ ['http://chiliPC:40063/']: sec=0.05, result=[1, '', 0]
[rosmaster.master][INFO] 2019-03-18 17:18:26,925: publisherUpdate[/sensor_node_00_06_66_E7_8A_D6/detectedRobots] -> http://chiliPC:40063/ ['http://chiliPC:46023/']
[rosmaster.master][INFO] 2019-03-18 17:18:26,927: +SUB [/tf_static] /sensor_node_00_06_66_D2_CF_7B http://chiliPC:36281/
[rosmaster.master][INFO] 2019-03-18 17:18:26,929: +SUB [/cellulo_node_00_06_66_E7_8E_BD/clearTracking] /cellulo_node_00_06_66_E7_8E_BD http://chiliPC:42419/
[rosmaster.master][INFO] 2019-03-18 17:18:26,930: publisherUpdate[/cellulo_node_00_06_66_E7_8E_BD/setGoalVelocity] -> http://chiliPC:42419/ ['http://chiliPC:36959/']: sec=0.05, result=[1, '', 0]
[rosmaster.master][INFO] 2019-03-18 17:18:26,932: publisherUpdate[/rosout] -> http://chiliPC:40623/ ['http://chiliPC:43459/', 'http://chiliPC:42419/', 'http://chiliPC:35505/', 'http://chiliPC:46023/', 'http://chiliPC:40839/', 'http://chiliPC:36281/', 'http://chiliPC:40063/', 'http://chiliPC:36959/', 'http://chiliPC:32953/', 'http://chiliPC:37973/', 'http://chiliPC:45131/', 'http://chiliPC:38045/', 'http://chiliPC:35073/', 'http://chiliPC:36999/']
[rosmaster.master][INFO] 2019-03-18 17:18:26,933: publisherUpdate[/rosout] -> http://chiliPC:40623/ ['http://chiliPC:43459/', 'http://chiliPC:42419/', 'http://chiliPC:35505/', 'http://chiliPC:46023/', 'http://chiliPC:40839/', 'http://chiliPC:36281/', 'http://chiliPC:40063/', 'http://chiliPC:36959/', 'http://chiliPC:32953/', 'http://chiliPC:37973/', 'http://chiliPC:45131/', 'http://chiliPC:38045/', 'http://chiliPC:35073/', 'http://chiliPC:36999/']: sec=0.00, result=[1, '', 0]
[rosmaster.master][INFO] 2019-03-18 17:18:26,934: publisherUpdate[/sensor_node_00_06_66_E7_8E_BD/detectedRobots] -> http://chiliPC:36959/ ['http://chiliPC:40839/']
[rosmaster.master][INFO] 2019-03-18 17:18:26,935: +SUB [/sensor_node_00_06_66_E7_8E_BD/detectedObstacles] /aggregation_node_00_06_66_E7_8E_BD http://chiliPC:36959/
[rosmaster.master][INFO] 2019-03-18 17:18:26,937: +PUB [/sensor_node_00_06_66_D2_CF_7B/detectedRobots] /sensor_node_00_06_66_D2_CF_7B http://chiliPC:36281/
[rosmaster.master][INFO] 2019-03-18 17:18:26,937: publisherUpdate[/sensor_node_00_06_66_E7_8E_BD/detectedRobots] -> http://chiliPC:36959/ ['http://chiliPC:40839/']: sec=0.00, result=[1, '', 0]
[rosmaster.master][INFO] 2019-03-18 17:18:26,938: publisherUpdate[/sensor_node_00_06_66_D2_CF_7B/detectedRobots] -> http://chiliPC:32953/ ['http://chiliPC:36281/']
[rosmaster.master][INFO] 2019-03-18 17:18:26,939: +SUB [/sensor_node_00_06_66_D2_CF_7B/detectedObstacles] /aggregation_node_00_06_66_D2_CF_7B http://chiliPC:32953/
[rosmaster.master][INFO] 2019-03-18 17:18:26,941: publisherUpdate[/sensor_node_00_06_66_D2_CF_7B/detectedRobots] -> http://chiliPC:32953/ ['http://chiliPC:36281/']: sec=0.00, result=[1, '', 0]
[rosmaster.master][INFO] 2019-03-18 17:18:26,942: +PUB [/sensor_node_00_06_66_D2_CF_7B/detectedObstacles] /sensor_node_00_06_66_D2_CF_7B http://chiliPC:36281/
[rosmaster.master][INFO] 2019-03-18 17:18:26,943: +SUB [/cellulo_node_00_06_66_D2_CF_7B/clearTracking] /cellulo_node_00_06_66_D2_CF_7B http://chiliPC:35505/
[rosmaster.master][INFO] 2019-03-18 17:18:26,951: +SUB [/cellulo_node_00_06_66_E7_8A_D6/velocity] /aggregation_node_00_06_66_E7_8A_D6 http://chiliPC:40063/
[rosmaster.master][INFO] 2019-03-18 17:18:26,952: publisherUpdate[/sensor_node_00_06_66_E7_8A_D6/detectedRobots] -> http://chiliPC:40063/ ['http://chiliPC:46023/']: sec=0.03, result=[1, '', 0]
[rosmaster.master][INFO] 2019-03-18 17:18:26,952: publisherUpdate[/sensor_node_00_06_66_D2_CF_7B/detectedObstacles] -> http://chiliPC:32953/ ['http://chiliPC:36281/']
[rosmaster.master][INFO] 2019-03-18 17:18:26,954: +SUB [/cellulo_node_00_06_66_E7_8A_D6/vibrateOnMotion] /cellulo_node_00_06_66_E7_8A_D6 http://chiliPC:43459/
[rosmaster.master][INFO] 2019-03-18 17:18:26,957: +SUB [/cellulo_node_00_06_66_E7_8E_BD/shutdown] /cellulo_node_00_06_66_E7_8E_BD http://chiliPC:42419/
[rosmaster.master][INFO] 2019-03-18 17:18:26,958: +SUB [/cellulo_node_00_06_66_E7_8E_BD/velocity] /aggregation_node_00_06_66_E7_8E_BD http://chiliPC:36959/
[rosmaster.master][INFO] 2019-03-18 17:18:26,961: +SUB [/cellulo_node_00_06_66_D2_CF_7B/velocity] /aggregation_node_00_06_66_D2_CF_7B http://chiliPC:32953/
[rosmaster.master][INFO] 2019-03-18 17:18:26,962: publisherUpdate[/sensor_node_00_06_66_D2_CF_7B/detectedObstacles] -> http://chiliPC:32953/ ['http://chiliPC:36281/']: sec=0.01, result=[1, '', 0]
[rosmaster.master][INFO] 2019-03-18 17:18:26,963: +SUB [/cellulo_node_00_06_66_D2_CF_7B/shutdown] /cellulo_node_00_06_66_D2_CF_7B http://chiliPC:35505/
[rosmaster.master][INFO] 2019-03-18 17:18:26,967: +SUB [/cellulo_node_00_06_66_E7_8A_D6/simpleVibrate] /cellulo_node_00_06_66_E7_8A_D6 http://chiliPC:43459/
[rosmaster.master][INFO] 2019-03-18 17:18:26,969: +SUB [/cellulo_node_00_06_66_E7_8E_BD/clearHapticFeedback] /cellulo_node_00_06_66_E7_8E_BD http://chiliPC:42419/
[rosmaster.master][INFO] 2019-03-18 17:18:26,973: +SUB [/cellulo_node_00_06_66_D2_CF_7B/clearHapticFeedback] /cellulo_node_00_06_66_D2_CF_7B http://chiliPC:35505/
[rosmaster.master][INFO] 2019-03-18 17:18:26,977: +SUB [/cellulo_node_00_06_66_E7_8A_D6/setGestureEnabled] /cellulo_node_00_06_66_E7_8A_D6 http://chiliPC:43459/
[rosmaster.master][INFO] 2019-03-18 17:18:26,979: +SUB [/cellulo_node_00_06_66_E7_8E_BD/vibrateOnMotion] /cellulo_node_00_06_66_E7_8E_BD http://chiliPC:42419/
[rosmaster.master][INFO] 2019-03-18 17:18:26,983: +SUB [/cellulo_node_00_06_66_D2_CF_7B/vibrateOnMotion] /cellulo_node_00_06_66_D2_CF_7B http://chiliPC:35505/
[rosmaster.master][INFO] 2019-03-18 17:18:26,988: +SUB [/cellulo_node_00_06_66_E7_8A_D6/setCasualBackdriveAssistEnabled] /cellulo_node_00_06_66_E7_8A_D6 http://chiliPC:43459/
[rosmaster.master][INFO] 2019-03-18 17:18:26,991: +PUB [/cellulo_node_00_06_66_E7_8A_D6/touchKey] /cellulo_node_00_06_66_E7_8A_D6 http://chiliPC:43459/
[rosmaster.master][INFO] 2019-03-18 17:18:26,992: +SUB [/cellulo_node_00_06_66_E7_8E_BD/simpleVibrate] /cellulo_node_00_06_66_E7_8E_BD http://chiliPC:42419/
[rosmaster.master][INFO] 2019-03-18 17:18:26,993: +PUB [/cellulo_node_00_06_66_E7_8A_D6/longTouchKey] /cellulo_node_00_06_66_E7_8A_D6 http://chiliPC:43459/
[rosmaster.master][INFO] 2019-03-18 17:18:26,996: +PUB [/cellulo_node_00_06_66_E7_8A_D6/kidnapped] /cellulo_node_00_06_66_E7_8A_D6 http://chiliPC:43459/
[rosmaster.master][INFO] 2019-03-18 17:18:26,998: +SUB [/cellulo_node_00_06_66_D2_CF_7B/simpleVibrate] /cellulo_node_00_06_66_D2_CF_7B http://chiliPC:35505/
[rosmaster.master][INFO] 2019-03-18 17:18:26,999: +PUB [/cellulo_node_00_06_66_E7_8A_D6/velocity] /cellulo_node_00_06_66_E7_8A_D6 http://chiliPC:43459/
[rosmaster.master][INFO] 2019-03-18 17:18:27,002: +PUB [/cellulo_node_00_06_66_E7_8A_D6/connectionStatus] /cellulo_node_00_06_66_E7_8A_D6 http://chiliPC:43459/
[rosmaster.master][INFO] 2019-03-18 17:18:27,004: +PUB [/cellulo_node_00_06_66_E7_8A_D6/localAdapterAdress] /cellulo_node_00_06_66_E7_8A_D6 http://chiliPC:43459/
[rosmaster.master][INFO] 2019-03-18 17:18:27,006: +SUB [/cellulo_node_00_06_66_E7_8E_BD/setGestureEnabled] /cellulo_node_00_06_66_E7_8E_BD http://chiliPC:42419/
[rosmaster.master][INFO] 2019-03-18 17:18:27,006: +PUB [/cellulo_node_00_06_66_E7_8A_D6/autoConnect] /cellulo_node_00_06_66_E7_8A_D6 http://chiliPC:43459/
[rosmaster.master][INFO] 2019-03-18 17:18:27,008: +PUB [/cellulo_node_00_06_66_E7_8A_D6/batteryState] /cellulo_node_00_06_66_E7_8A_D6 http://chiliPC:43459/
[rosmaster.master][INFO] 2019-03-18 17:18:27,009: +SUB [/cellulo_node_00_06_66_D2_CF_7B/setGestureEnabled] /cellulo_node_00_06_66_D2_CF_7B http://chiliPC:35505/
[rosmaster.master][INFO] 2019-03-18 17:18:27,010: +PUB [/cellulo_node_00_06_66_E7_8A_D6/gesture] /cellulo_node_00_06_66_E7_8A_D6 http://chiliPC:43459/
[rosmaster.master][INFO] 2019-03-18 17:18:27,012: +PUB [/cellulo_node_00_06_66_E7_8A_D6/lastTimestamp] /cellulo_node_00_06_66_E7_8A_D6 http://chiliPC:43459/
[rosmaster.master][INFO] 2019-03-18 17:18:27,014: +PUB [/cellulo_node_00_06_66_E7_8A_D6/framerate] /cellulo_node_00_06_66_E7_8A_D6 http://chiliPC:43459/
[rosmaster.master][INFO] 2019-03-18 17:18:27,016: +PUB [/cellulo_node_00_06_66_E7_8A_D6/cameraImageProgress] /cellulo_node_00_06_66_E7_8A_D6 http://chiliPC:43459/
[rosmaster.master][INFO] 2019-03-18 17:18:27,017: +SUB [/cellulo_node_00_06_66_E7_8E_BD/setCasualBackdriveAssistEnabled] /cellulo_node_00_06_66_E7_8E_BD http://chiliPC:42419/
[rosmaster.master][INFO] 2019-03-18 17:18:27,018: +PUB [/cellulo_node_00_06_66_E7_8A_D6/poseVelControlEnable] /cellulo_node_00_06_66_E7_8A_D6 http://chiliPC:43459/
[rosmaster.master][INFO] 2019-03-18 17:18:27,019: +PUB [/cellulo_node_00_06_66_E7_8E_BD/touchKey] /cellulo_node_00_06_66_E7_8E_BD http://chiliPC:42419/
[rosmaster.master][INFO] 2019-03-18 17:18:27,020: +PUB [/cellulo_node_00_06_66_E7_8A_D6/poseVelControlPeriod] /cellulo_node_00_06_66_E7_8A_D6 http://chiliPC:43459/
[rosmaster.master][INFO] 2019-03-18 17:18:27,021: +SUB [/cellulo_node_00_06_66_D2_CF_7B/setCasualBackdriveAssistEnabled] /cellulo_node_00_06_66_D2_CF_7B http://chiliPC:35505/
[rosmaster.master][INFO] 2019-03-18 17:18:27,022: +PUB [/cellulo_node_00_06_66_E7_8E_BD/longTouchKey] /cellulo_node_00_06_66_E7_8E_BD http://chiliPC:42419/
[rosmaster.master][INFO] 2019-03-18 17:18:27,023: +PUB [/cellulo_node_00_06_66_E7_8A_D6/visualization_marker_robot] /cellulo_node_00_06_66_E7_8A_D6 http://chiliPC:43459/
[rosmaster.master][INFO] 2019-03-18 17:18:27,024: +PUB [/cellulo_node_00_06_66_D2_CF_7B/touchKey] /cellulo_node_00_06_66_D2_CF_7B http://chiliPC:35505/
[rosmaster.master][INFO] 2019-03-18 17:18:27,025: +PUB [/cellulo_node_00_06_66_E7_8A_D6/visualization_marker_traj] /cellulo_node_00_06_66_E7_8A_D6 http://chiliPC:43459/
[rosmaster.master][INFO] 2019-03-18 17:18:27,025: +PUB [/cellulo_node_00_06_66_E7_8E_BD/kidnapped] /cellulo_node_00_06_66_E7_8E_BD http://chiliPC:42419/
[rosmaster.master][INFO] 2019-03-18 17:18:27,026: +PUB [/cellulo_node_00_06_66_D2_CF_7B/longTouchKey] /cellulo_node_00_06_66_D2_CF_7B http://chiliPC:35505/
[rosmaster.master][INFO] 2019-03-18 17:18:27,027: +SERVICE [/cellulo_node_00_06_66_E7_8A_D6/get_state] /cellulo_node_00_06_66_E7_8A_D6 http://chiliPC:43459/
[rosmaster.master][INFO] 2019-03-18 17:18:27,028: +PUB [/cellulo_node_00_06_66_E7_8E_BD/velocity] /cellulo_node_00_06_66_E7_8E_BD http://chiliPC:42419/
[rosmaster.master][INFO] 2019-03-18 17:18:27,029: +PUB [/cellulo_node_00_06_66_D2_CF_7B/kidnapped] /cellulo_node_00_06_66_D2_CF_7B http://chiliPC:35505/
[rosmaster.master][INFO] 2019-03-18 17:18:27,029: +PUB [/cellulo_node_00_06_66_E7_8E_BD/connectionStatus] /cellulo_node_00_06_66_E7_8E_BD http://chiliPC:42419/
[rosmaster.master][INFO] 2019-03-18 17:18:27,030: +PUB [/cellulo_node_00_06_66_D2_CF_7B/velocity] /cellulo_node_00_06_66_D2_CF_7B http://chiliPC:35505/
[rosmaster.master][INFO] 2019-03-18 17:18:27,031: +PUB [/cellulo_node_00_06_66_E7_8E_BD/localAdapterAdress] /cellulo_node_00_06_66_E7_8E_BD http://chiliPC:42419/
[rosmaster.master][INFO] 2019-03-18 17:18:27,031: +PUB [/cellulo_node_00_06_66_D2_CF_7B/connectionStatus] /cellulo_node_00_06_66_D2_CF_7B http://chiliPC:35505/
[rosmaster.master][INFO] 2019-03-18 17:18:27,032: +PUB [/cellulo_node_00_06_66_E7_8E_BD/autoConnect] /cellulo_node_00_06_66_E7_8E_BD http://chiliPC:42419/
[rosmaster.master][INFO] 2019-03-18 17:18:27,034: +PUB [/cellulo_node_00_06_66_D2_CF_7B/localAdapterAdress] /cellulo_node_00_06_66_D2_CF_7B http://chiliPC:35505/
[rosmaster.master][INFO] 2019-03-18 17:18:27,035: +PUB [/cellulo_node_00_06_66_E7_8E_BD/batteryState] /cellulo_node_00_06_66_E7_8E_BD http://chiliPC:42419/
[rosmaster.master][INFO] 2019-03-18 17:18:27,036: +PUB [/cellulo_node_00_06_66_D2_CF_7B/autoConnect] /cellulo_node_00_06_66_D2_CF_7B http://chiliPC:35505/
[rosmaster.master][INFO] 2019-03-18 17:18:27,037: +PUB [/cellulo_node_00_06_66_E7_8E_BD/gesture] /cellulo_node_00_06_66_E7_8E_BD http://chiliPC:42419/
[rosmaster.master][INFO] 2019-03-18 17:18:27,039: +PUB [/cellulo_node_00_06_66_D2_CF_7B/batteryState] /cellulo_node_00_06_66_D2_CF_7B http://chiliPC:35505/
[rosmaster.master][INFO] 2019-03-18 17:18:27,040: +PUB [/cellulo_node_00_06_66_E7_8E_BD/lastTimestamp] /cellulo_node_00_06_66_E7_8E_BD http://chiliPC:42419/
[rosmaster.master][INFO] 2019-03-18 17:18:27,041: +PUB [/cellulo_node_00_06_66_D2_CF_7B/gesture] /cellulo_node_00_06_66_D2_CF_7B http://chiliPC:35505/
[rosmaster.master][INFO] 2019-03-18 17:18:27,041: publisherUpdate[/cellulo_node_00_06_66_E7_8A_D6/velocity] -> http://chiliPC:40063/ ['http://chiliPC:43459/']
[rosmaster.master][INFO] 2019-03-18 17:18:27,043: publisherUpdate[/cellulo_node_00_06_66_E7_8A_D6/velocity] -> http://chiliPC:40063/ ['http://chiliPC:43459/']: sec=0.00, result=[1, '', 0]
[rosmaster.master][INFO] 2019-03-18 17:18:27,044: publisherUpdate[/cellulo_node_00_06_66_E7_8E_BD/velocity] -> http://chiliPC:36959/ ['http://chiliPC:42419/']
[rosmaster.master][INFO] 2019-03-18 17:18:27,044: +PUB [/cellulo_node_00_06_66_E7_8E_BD/framerate] /cellulo_node_00_06_66_E7_8E_BD http://chiliPC:42419/
[rosmaster.master][INFO] 2019-03-18 17:18:27,045: publisherUpdate[/cellulo_node_00_06_66_E7_8E_BD/velocity] -> http://chiliPC:36959/ ['http://chiliPC:42419/']: sec=0.00, result=[1, '', 0]
[rosmaster.master][INFO] 2019-03-18 17:18:27,045: +PUB [/cellulo_node_00_06_66_D2_CF_7B/lastTimestamp] /cellulo_node_00_06_66_D2_CF_7B http://chiliPC:35505/
[rosmaster.master][INFO] 2019-03-18 17:18:27,046: publisherUpdate[/cellulo_node_00_06_66_D2_CF_7B/velocity] -> http://chiliPC:32953/ ['http://chiliPC:35505/']
[rosmaster.master][INFO] 2019-03-18 17:18:27,047: +PUB [/cellulo_node_00_06_66_E7_8E_BD/cameraImageProgress] /cellulo_node_00_06_66_E7_8E_BD http://chiliPC:42419/
[rosmaster.master][INFO] 2019-03-18 17:18:27,048: publisherUpdate[/cellulo_node_00_06_66_D2_CF_7B/velocity] -> http://chiliPC:32953/ ['http://chiliPC:35505/']: sec=0.00, result=[1, '', 0]
[rosmaster.master][INFO] 2019-03-18 17:18:27,049: +PUB [/cellulo_node_00_06_66_D2_CF_7B/framerate] /cellulo_node_00_06_66_D2_CF_7B http://chiliPC:35505/
[rosmaster.master][INFO] 2019-03-18 17:18:27,050: +PUB [/cellulo_node_00_06_66_E7_8E_BD/poseVelControlEnable] /cellulo_node_00_06_66_E7_8E_BD http://chiliPC:42419/
[rosmaster.master][INFO] 2019-03-18 17:18:27,051: +PUB [/cellulo_node_00_06_66_D2_CF_7B/cameraImageProgress] /cellulo_node_00_06_66_D2_CF_7B http://chiliPC:35505/
[rosmaster.master][INFO] 2019-03-18 17:18:27,052: +PUB [/cellulo_node_00_06_66_E7_8E_BD/poseVelControlPeriod] /cellulo_node_00_06_66_E7_8E_BD http://chiliPC:42419/
[rosmaster.master][INFO] 2019-03-18 17:18:27,053: +PUB [/cellulo_node_00_06_66_D2_CF_7B/poseVelControlEnable] /cellulo_node_00_06_66_D2_CF_7B http://chiliPC:35505/
[rosmaster.master][INFO] 2019-03-18 17:18:27,054: +PUB [/cellulo_node_00_06_66_E7_8E_BD/visualization_marker_robot] /cellulo_node_00_06_66_E7_8E_BD http://chiliPC:42419/
[rosmaster.master][INFO] 2019-03-18 17:18:27,055: +PUB [/cellulo_node_00_06_66_D2_CF_7B/poseVelControlPeriod] /cellulo_node_00_06_66_D2_CF_7B http://chiliPC:35505/
[rosmaster.master][INFO] 2019-03-18 17:18:27,056: +PUB [/cellulo_node_00_06_66_E7_8E_BD/visualization_marker_traj] /cellulo_node_00_06_66_E7_8E_BD http://chiliPC:42419/
[rosmaster.master][INFO] 2019-03-18 17:18:27,057: +PUB [/cellulo_node_00_06_66_D2_CF_7B/visualization_marker_robot] /cellulo_node_00_06_66_D2_CF_7B http://chiliPC:35505/
[rosmaster.master][INFO] 2019-03-18 17:18:27,057: +SERVICE [/cellulo_node_00_06_66_E7_8E_BD/get_state] /cellulo_node_00_06_66_E7_8E_BD http://chiliPC:42419/
[rosmaster.master][INFO] 2019-03-18 17:18:27,058: +PUB [/cellulo_node_00_06_66_D2_CF_7B/visualization_marker_traj] /cellulo_node_00_06_66_D2_CF_7B http://chiliPC:35505/
[rosmaster.master][INFO] 2019-03-18 17:18:27,059: +SERVICE [/cellulo_node_00_06_66_D2_CF_7B/get_state] /cellulo_node_00_06_66_D2_CF_7B http://chiliPC:35505/
[rosmaster.master][INFO] 2019-03-18 17:18:27,369: +SUB [/tf] /rviz_chiliPC_2239_4815672911172374359 http://chiliPC:36999/
[rosmaster.master][INFO] 2019-03-18 17:18:27,375: +SUB [/tf_static] /rviz_chiliPC_2239_4815672911172374359 http://chiliPC:36999/
[rosmaster.master][INFO] 2019-03-18 17:18:27,435: +PUB [/initialpose] /rviz_chiliPC_2239_4815672911172374359 http://chiliPC:36999/
[rosmaster.master][INFO] 2019-03-18 17:18:27,437: +PUB [/goal] /rviz_chiliPC_2239_4815672911172374359 http://chiliPC:36999/
[rosmaster.master][INFO] 2019-03-18 17:18:27,449: +SUB [/visualization_marker] /rviz_chiliPC_2239_4815672911172374359 http://chiliPC:36999/
[rosmaster.master][INFO] 2019-03-18 17:18:27,454: +SUB [/visualization_marker_array] /rviz_chiliPC_2239_4815672911172374359 http://chiliPC:36999/
[rosmaster.master][INFO] 2019-03-18 17:18:27,456: -SUB [/visualization_marker] /rviz_chiliPC_2239_4815672911172374359 http://chiliPC:36999/
[rosmaster.master][INFO] 2019-03-18 17:18:27,457: -SUB [/visualization_marker_array] /rviz_chiliPC_2239_4815672911172374359 http://chiliPC:36999/
[rosmaster.master][INFO] 2019-03-18 17:18:27,464: +SUB [/cellulo_node_3E_7E/visualization_marker_robot] /rviz_chiliPC_2239_4815672911172374359 http://chiliPC:36999/
[rosmaster.master][INFO] 2019-03-18 17:18:27,471: +SUB [/cellulo_node_3E_7E/visualization_marker_robot_array] /rviz_chiliPC_2239_4815672911172374359 http://chiliPC:36999/
[rosmaster.master][INFO] 2019-03-18 17:18:27,479: +SUB [/visualization_marker] /rviz_chiliPC_2239_4815672911172374359 http://chiliPC:36999/
[rosmaster.master][INFO] 2019-03-18 17:18:27,485: +SUB [/visualization_marker_array] /rviz_chiliPC_2239_4815672911172374359 http://chiliPC:36999/
[rosmaster.master][INFO] 2019-03-18 17:18:27,487: -SUB [/visualization_marker] /rviz_chiliPC_2239_4815672911172374359 http://chiliPC:36999/
[rosmaster.master][INFO] 2019-03-18 17:18:27,488: -SUB [/visualization_marker_array] /rviz_chiliPC_2239_4815672911172374359 http://chiliPC:36999/
[rosmaster.master][INFO] 2019-03-18 17:18:27,495: +SUB [/cellulo_node_3E_82/visualization_marker_robot] /rviz_chiliPC_2239_4815672911172374359 http://chiliPC:36999/
[rosmaster.master][INFO] 2019-03-18 17:18:27,502: +SUB [/cellulo_node_3E_82/visualization_marker_robot_array] /rviz_chiliPC_2239_4815672911172374359 http://chiliPC:36999/
[rosmaster.master][INFO] 2019-03-18 17:18:27,503: -PUB [/goal] /rviz_chiliPC_2239_4815672911172374359 http://chiliPC:36999/
[rosmaster.master][INFO] 2019-03-18 17:18:27,505: -PUB [/initialpose] /rviz_chiliPC_2239_4815672911172374359 http://chiliPC:36999/
[rosmaster.master][INFO] 2019-03-18 17:18:27,512: +PUB [/initialpose] /rviz_chiliPC_2239_4815672911172374359 http://chiliPC:36999/
[rosmaster.master][INFO] 2019-03-18 17:18:27,514: +PUB [/goal] /rviz_chiliPC_2239_4815672911172374359 http://chiliPC:36999/
[rosmaster.master][INFO] 2019-03-18 17:18:27,515: +PUB [/move_base_simple/goal] /rviz_chiliPC_2239_4815672911172374359 http://chiliPC:36999/
[rosmaster.master][INFO] 2019-03-18 17:18:27,517: -PUB [/goal] /rviz_chiliPC_2239_4815672911172374359 http://chiliPC:36999/
[rosmaster.master][INFO] 2019-03-18 17:18:27,518: +PUB [/clicked_point] /rviz_chiliPC_2239_4815672911172374359 http://chiliPC:36999/
[rosmaster.master][INFO] 2019-03-18 17:18:27,561: +SERVICE [/rviz_chiliPC_2239_4815672911172374359/reload_shaders] /rviz_chiliPC_2239_4815672911172374359 http://chiliPC:36999/
[rosmaster.master][INFO] 2019-03-18 17:18:34,193: +PUB [/tf] /cellulo_node_00_06_66_D2_CF_7B http://chiliPC:35505/
[rosmaster.master][INFO] 2019-03-18 17:18:34,197: publisherUpdate[/tf] -> http://chiliPC:37973/ ['http://chiliPC:35505/']
[rosmaster.master][INFO] 2019-03-18 17:18:34,198: publisherUpdate[/tf] -> http://chiliPC:37973/ ['http://chiliPC:35505/']: sec=0.00, result=[1, '', 0]
[rosmaster.master][INFO] 2019-03-18 17:18:34,199: publisherUpdate[/tf] -> http://chiliPC:46023/ ['http://chiliPC:35505/']
[rosmaster.master][INFO] 2019-03-18 17:18:34,200: publisherUpdate[/tf] -> http://chiliPC:46023/ ['http://chiliPC:35505/']: sec=0.00, result=[1, '', 0]
[rosmaster.master][INFO] 2019-03-18 17:18:34,200: publisherUpdate[/tf] -> http://chiliPC:45131/ ['http://chiliPC:35505/']
[rosmaster.master][INFO] 2019-03-18 17:18:34,202: publisherUpdate[/tf] -> http://chiliPC:45131/ ['http://chiliPC:35505/']: sec=0.00, result=[1, '', 0]
[rosmaster.master][INFO] 2019-03-18 17:18:34,202: publisherUpdate[/tf] -> http://chiliPC:38045/ ['http://chiliPC:35505/']
[rosmaster.master][INFO] 2019-03-18 17:18:34,204: publisherUpdate[/tf] -> http://chiliPC:38045/ ['http://chiliPC:35505/']: sec=0.00, result=[1, '', 0]
[rosmaster.master][INFO] 2019-03-18 17:18:34,204: publisherUpdate[/tf] -> http://chiliPC:40839/ ['http://chiliPC:35505/']
[rosmaster.master][INFO] 2019-03-18 17:18:34,205: publisherUpdate[/tf] -> http://chiliPC:40839/ ['http://chiliPC:35505/']: sec=0.00, result=[1, '', 0]
[rosmaster.master][INFO] 2019-03-18 17:18:34,205: publisherUpdate[/tf] -> http://chiliPC:36281/ ['http://chiliPC:35505/']
[rosmaster.master][INFO] 2019-03-18 17:18:34,206: publisherUpdate[/tf] -> http://chiliPC:36281/ ['http://chiliPC:35505/']: sec=0.00, result=[1, '', 0]
[rosmaster.master][INFO] 2019-03-18 17:18:34,207: publisherUpdate[/tf] -> http://chiliPC:36999/ ['http://chiliPC:35505/']
[rosmaster.master][INFO] 2019-03-18 17:18:34,208: publisherUpdate[/tf] -> http://chiliPC:36999/ ['http://chiliPC:35505/']: sec=0.00, result=[1, '', 0]
[rosmaster.master][INFO] 2019-03-18 17:18:34,839: +PUB [/tf] /cellulo_node_00_06_66_E7_8A_D6 http://chiliPC:43459/
[rosmaster.master][INFO] 2019-03-18 17:18:34,863: publisherUpdate[/tf] -> http://chiliPC:37973/ ['http://chiliPC:35505/', 'http://chiliPC:43459/']
[rosmaster.master][INFO] 2019-03-18 17:18:34,865: publisherUpdate[/tf] -> http://chiliPC:37973/ ['http://chiliPC:35505/', 'http://chiliPC:43459/']: sec=0.00, result=[1, '', 0]
[rosmaster.master][INFO] 2019-03-18 17:18:34,865: publisherUpdate[/tf] -> http://chiliPC:46023/ ['http://chiliPC:35505/', 'http://chiliPC:43459/']
[rosmaster.master][INFO] 2019-03-18 17:18:34,866: publisherUpdate[/tf] -> http://chiliPC:46023/ ['http://chiliPC:35505/', 'http://chiliPC:43459/']: sec=0.00, result=[1, '', 0]
[rosmaster.master][INFO] 2019-03-18 17:18:34,866: publisherUpdate[/tf] -> http://chiliPC:45131/ ['http://chiliPC:35505/', 'http://chiliPC:43459/']
[rosmaster.master][INFO] 2019-03-18 17:18:34,868: publisherUpdate[/tf] -> http://chiliPC:45131/ ['http://chiliPC:35505/', 'http://chiliPC:43459/']: sec=0.00, result=[1, '', 0]
[rosmaster.master][INFO] 2019-03-18 17:18:34,868: publisherUpdate[/tf] -> http://chiliPC:38045/ ['http://chiliPC:35505/', 'http://chiliPC:43459/']
[rosmaster.master][INFO] 2019-03-18 17:18:34,869: publisherUpdate[/tf] -> http://chiliPC:38045/ ['http://chiliPC:35505/', 'http://chiliPC:43459/']: sec=0.00, result=[1, '', 0]
[rosmaster.master][INFO] 2019-03-18 17:18:34,870: publisherUpdate[/tf] -> http://chiliPC:40839/ ['http://chiliPC:35505/', 'http://chiliPC:43459/']
[rosmaster.master][INFO] 2019-03-18 17:18:34,871: publisherUpdate[/tf] -> http://chiliPC:40839/ ['http://chiliPC:35505/', 'http://chiliPC:43459/']: sec=0.00, result=[1, '', 0]
[rosmaster.master][INFO] 2019-03-18 17:18:34,871: publisherUpdate[/tf] -> http://chiliPC:36281/ ['http://chiliPC:35505/', 'http://chiliPC:43459/']
[rosmaster.master][INFO] 2019-03-18 17:18:34,872: publisherUpdate[/tf] -> http://chiliPC:36281/ ['http://chiliPC:35505/', 'http://chiliPC:43459/']: sec=0.00, result=[1, '', 0]
[rosmaster.master][INFO] 2019-03-18 17:18:34,873: publisherUpdate[/tf] -> http://chiliPC:36999/ ['http://chiliPC:35505/', 'http://chiliPC:43459/']
[rosmaster.master][INFO] 2019-03-18 17:18:34,874: publisherUpdate[/tf] -> http://chiliPC:36999/ ['http://chiliPC:35505/', 'http://chiliPC:43459/']: sec=0.00, result=[1, '', 0]
[rosmaster.master][INFO] 2019-03-18 17:18:37,260: +PUB [/tf] /cellulo_node_00_06_66_E7_8E_BD http://chiliPC:42419/
[rosmaster.master][INFO] 2019-03-18 17:18:37,278: publisherUpdate[/tf] -> http://chiliPC:37973/ ['http://chiliPC:35505/', 'http://chiliPC:43459/', 'http://chiliPC:42419/']
[rosmaster.master][INFO] 2019-03-18 17:18:37,280: publisherUpdate[/tf] -> http://chiliPC:46023/ ['http://chiliPC:35505/', 'http://chiliPC:43459/', 'http://chiliPC:42419/']
[rosmaster.master][INFO] 2019-03-18 17:18:37,280: publisherUpdate[/tf] -> http://chiliPC:37973/ ['http://chiliPC:35505/', 'http://chiliPC:43459/', 'http://chiliPC:42419/']: sec=0.00, result=[1, '', 0]
[rosmaster.master][INFO] 2019-03-18 17:18:37,281: publisherUpdate[/tf] -> http://chiliPC:45131/ ['http://chiliPC:35505/', 'http://chiliPC:43459/', 'http://chiliPC:42419/']
[rosmaster.master][INFO] 2019-03-18 17:18:37,282: publisherUpdate[/tf] -> http://chiliPC:46023/ ['http://chiliPC:35505/', 'http://chiliPC:43459/', 'http://chiliPC:42419/']: sec=0.00, result=[1, '', 0]
[rosmaster.master][INFO] 2019-03-18 17:18:37,283: publisherUpdate[/tf] -> http://chiliPC:38045/ ['http://chiliPC:35505/', 'http://chiliPC:43459/', 'http://chiliPC:42419/']
[rosmaster.master][INFO] 2019-03-18 17:18:37,283: publisherUpdate[/tf] -> http://chiliPC:45131/ ['http://chiliPC:35505/', 'http://chiliPC:43459/', 'http://chiliPC:42419/']: sec=0.00, result=[1, '', 0]
[rosmaster.master][INFO] 2019-03-18 17:18:37,284: publisherUpdate[/tf] -> http://chiliPC:40839/ ['http://chiliPC:35505/', 'http://chiliPC:43459/', 'http://chiliPC:42419/']
[rosmaster.master][INFO] 2019-03-18 17:18:37,284: publisherUpdate[/tf] -> http://chiliPC:38045/ ['http://chiliPC:35505/', 'http://chiliPC:43459/', 'http://chiliPC:42419/']: sec=0.00, result=[1, '', 0]
[rosmaster.master][INFO] 2019-03-18 17:18:37,285: publisherUpdate[/tf] -> http://chiliPC:36281/ ['http://chiliPC:35505/', 'http://chiliPC:43459/', 'http://chiliPC:42419/']
[rosmaster.master][INFO] 2019-03-18 17:18:37,286: publisherUpdate[/tf] -> http://chiliPC:40839/ ['http://chiliPC:35505/', 'http://chiliPC:43459/', 'http://chiliPC:42419/']: sec=0.00, result=[1, '', 0]
[rosmaster.master][INFO] 2019-03-18 17:18:37,286: publisherUpdate[/tf] -> http://chiliPC:36281/ ['http://chiliPC:35505/', 'http://chiliPC:43459/', 'http://chiliPC:42419/']: sec=0.00, result=[1, '', 0]
[rosmaster.master][INFO] 2019-03-18 17:18:37,287: publisherUpdate[/tf] -> http://chiliPC:36999/ ['http://chiliPC:35505/', 'http://chiliPC:43459/', 'http://chiliPC:42419/']
[rosmaster.master][INFO] 2019-03-18 17:18:37,288: publisherUpdate[/tf] -> http://chiliPC:36999/ ['http://chiliPC:35505/', 'http://chiliPC:43459/', 'http://chiliPC:42419/']: sec=0.00, result=[1, '', 0]
[rosmaster.master][INFO] 2019-03-18 17:19:03,527: -PUB [/rosout] /tf_echo_00_06_66_D2_CF_7B http://chiliPC:38045/
[rosmaster.master][INFO] 2019-03-18 17:19:03,528: -PUB [/rosout] /sensor_node_00_06_66_E7_8E_BD http://chiliPC:40839/
[rosmaster.master][INFO] 2019-03-18 17:19:03,529: -SUB [/tf] /tf_echo_00_06_66_D2_CF_7B http://chiliPC:38045/
[rosmaster.master][INFO] 2019-03-18 17:19:03,530: -PUB [/sensor_node_00_06_66_E7_8E_BD/detectedRobots] /sensor_node_00_06_66_E7_8E_BD http://chiliPC:40839/
[rosmaster.master][INFO] 2019-03-18 17:19:03,531: -SUB [/tf_static] /tf_echo_00_06_66_D2_CF_7B http://chiliPC:38045/
[rosmaster.master][INFO] 2019-03-18 17:19:03,531: -PUB [/sensor_node_00_06_66_E7_8E_BD/detectedObstacles] /sensor_node_00_06_66_E7_8E_BD http://chiliPC:40839/
[rosmaster.master][INFO] 2019-03-18 17:19:03,532: -SERVICE [/tf_echo_00_06_66_D2_CF_7B/get_loggers] /tf_echo_00_06_66_D2_CF_7B rosrpc://chiliPC:41667
[rosmaster.master][INFO] 2019-03-18 17:19:03,533: -SUB [/setThreshold] /sensor_node_00_06_66_E7_8E_BD http://chiliPC:40839/
[rosmaster.master][INFO] 2019-03-18 17:19:03,534: -SERVICE [/tf_echo_00_06_66_D2_CF_7B/set_logger_level] /tf_echo_00_06_66_D2_CF_7B rosrpc://chiliPC:41667
[rosmaster.master][INFO] 2019-03-18 17:19:03,535: -SUB [/tf] /sensor_node_00_06_66_E7_8E_BD http://chiliPC:40839/
[rosmaster.master][INFO] 2019-03-18 17:19:03,536: publisherUpdate[/rosout] -> http://chiliPC:40623/ ['http://chiliPC:43459/', 'http://chiliPC:42419/', 'http://chiliPC:35505/', 'http://chiliPC:46023/', 'http://chiliPC:40839/', 'http://chiliPC:36281/', 'http://chiliPC:40063/', 'http://chiliPC:36959/', 'http://chiliPC:32953/', 'http://chiliPC:37973/', 'http://chiliPC:45131/', 'http://chiliPC:35073/', 'http://chiliPC:36999/']
[rosmaster.master][INFO] 2019-03-18 17:19:03,536: publisherUpdate[/sensor_node_00_06_66_E7_8E_BD/detectedRobots] -> http://chiliPC:36959/ []
[rosmaster.master][INFO] 2019-03-18 17:19:03,537: -SUB [/tf_static] /sensor_node_00_06_66_E7_8E_BD http://chiliPC:40839/
[rosmaster.master][INFO] 2019-03-18 17:19:03,538: publisherUpdate[/sensor_node_00_06_66_E7_8E_BD/detectedRobots] -> http://chiliPC:36959/ []: sec=0.00, result=[1, '', 0]
[rosmaster.master][INFO] 2019-03-18 17:19:03,538: publisherUpdate[/rosout] -> http://chiliPC:40623/ ['http://chiliPC:43459/', 'http://chiliPC:42419/', 'http://chiliPC:35505/', 'http://chiliPC:46023/', 'http://chiliPC:40839/', 'http://chiliPC:36281/', 'http://chiliPC:40063/', 'http://chiliPC:36959/', 'http://chiliPC:32953/', 'http://chiliPC:37973/', 'http://chiliPC:45131/', 'http://chiliPC:35073/', 'http://chiliPC:36999/']: sec=0.00, result=[1, '', 0]
[rosmaster.master][INFO] 2019-03-18 17:19:03,538: publisherUpdate[/sensor_node_00_06_66_E7_8E_BD/detectedObstacles] -> http://chiliPC:36959/ []
[rosmaster.master][INFO] 2019-03-18 17:19:03,538: publisherUpdate[/rosout] -> http://chiliPC:40623/ ['http://chiliPC:43459/', 'http://chiliPC:42419/', 'http://chiliPC:35505/', 'http://chiliPC:46023/', 'http://chiliPC:36281/', 'http://chiliPC:40063/', 'http://chiliPC:36959/', 'http://chiliPC:32953/', 'http://chiliPC:37973/', 'http://chiliPC:45131/', 'http://chiliPC:35073/', 'http://chiliPC:36999/']
[rosmaster.master][INFO] 2019-03-18 17:19:03,539: -SERVICE [/sensor_node_00_06_66_E7_8E_BD/get_loggers] /sensor_node_00_06_66_E7_8E_BD rosrpc://chiliPC:36315
[rosmaster.master][INFO] 2019-03-18 17:19:03,540: publisherUpdate[/sensor_node_00_06_66_E7_8E_BD/detectedObstacles] -> http://chiliPC:36959/ []: sec=0.00, result=[1, '', 0]
[rosmaster.master][INFO] 2019-03-18 17:19:03,540: publisherUpdate[/rosout] -> http://chiliPC:40623/ ['http://chiliPC:43459/', 'http://chiliPC:42419/', 'http://chiliPC:35505/', 'http://chiliPC:46023/', 'http://chiliPC:36281/', 'http://chiliPC:40063/', 'http://chiliPC:36959/', 'http://chiliPC:32953/', 'http://chiliPC:37973/', 'http://chiliPC:45131/', 'http://chiliPC:35073/', 'http://chiliPC:36999/']: sec=0.00, result=[1, '', 0]
[rosmaster.master][INFO] 2019-03-18 17:19:03,541: -SERVICE [/sensor_node_00_06_66_E7_8E_BD/set_logger_level] /sensor_node_00_06_66_E7_8E_BD rosrpc://chiliPC:36315
[rosmaster.master][INFO] 2019-03-18 17:19:03,596: -PUB [/rosout] /paper_world_broadcaster http://chiliPC:35073/
[rosmaster.master][INFO] 2019-03-18 17:19:03,597: -PUB [/tf_static] /paper_world_broadcaster http://chiliPC:35073/
[rosmaster.master][INFO] 2019-03-18 17:19:03,598: -SERVICE [/paper_world_broadcaster/get_loggers] /paper_world_broadcaster rosrpc://chiliPC:54225
[rosmaster.master][INFO] 2019-03-18 17:19:03,599: -SERVICE [/paper_world_broadcaster/set_logger_level] /paper_world_broadcaster rosrpc://chiliPC:54225
[rosmaster.master][INFO] 2019-03-18 17:19:03,604: -PUB [/rosout] /aggregation_node_00_06_66_E7_8A_D6 http://chiliPC:40063/
[rosmaster.master][INFO] 2019-03-18 17:19:03,605: -PUB [/cellulo_node_00_06_66_E7_8A_D6/setGoalVelocity] /aggregation_node_00_06_66_E7_8A_D6 http://chiliPC:40063/
[rosmaster.master][INFO] 2019-03-18 17:19:03,605: -SUB [/setThetaDis] /aggregation_node_00_06_66_E7_8A_D6 http://chiliPC:40063/
[rosmaster.master][INFO] 2019-03-18 17:19:03,607: -SUB [/sensor_node_00_06_66_E7_8A_D6/detectedRobots] /aggregation_node_00_06_66_E7_8A_D6 http://chiliPC:40063/
[rosmaster.master][INFO] 2019-03-18 17:19:03,608: -SUB [/sensor_node_00_06_66_E7_8A_D6/detectedObstacles] /aggregation_node_00_06_66_E7_8A_D6 http://chiliPC:40063/
[rosmaster.master][INFO] 2019-03-18 17:19:03,609: -SUB [/cellulo_node_00_06_66_E7_8A_D6/velocity] /aggregation_node_00_06_66_E7_8A_D6 http://chiliPC:40063/
[rosmaster.master][INFO] 2019-03-18 17:19:03,610: -PUB [/rosout] /aggregation_node_00_06_66_D2_CF_7B http://chiliPC:32953/
[rosmaster.master][INFO] 2019-03-18 17:19:03,611: -SERVICE [/aggregation_node_00_06_66_E7_8A_D6/get_loggers] /aggregation_node_00_06_66_E7_8A_D6 rosrpc://chiliPC:47225
[rosmaster.master][INFO] 2019-03-18 17:19:03,612: -PUB [/cellulo_node_00_06_66_D2_CF_7B/setGoalVelocity] /aggregation_node_00_06_66_D2_CF_7B http://chiliPC:32953/
[rosmaster.master][INFO] 2019-03-18 17:19:03,612: -SERVICE [/aggregation_node_00_06_66_E7_8A_D6/set_logger_level] /aggregation_node_00_06_66_E7_8A_D6 rosrpc://chiliPC:47225
[rosmaster.master][INFO] 2019-03-18 17:19:03,613: -SUB [/setThetaDis] /aggregation_node_00_06_66_D2_CF_7B http://chiliPC:32953/
[rosmaster.master][INFO] 2019-03-18 17:19:03,614: -SUB [/sensor_node_00_06_66_D2_CF_7B/detectedRobots] /aggregation_node_00_06_66_D2_CF_7B http://chiliPC:32953/
[rosmaster.master][INFO] 2019-03-18 17:19:03,615: -SUB [/sensor_node_00_06_66_D2_CF_7B/detectedObstacles] /aggregation_node_00_06_66_D2_CF_7B http://chiliPC:32953/
[rosmaster.master][INFO] 2019-03-18 17:19:03,616: -SUB [/cellulo_node_00_06_66_D2_CF_7B/velocity] /aggregation_node_00_06_66_D2_CF_7B http://chiliPC:32953/
[rosmaster.master][INFO] 2019-03-18 17:19:03,617: -SERVICE [/aggregation_node_00_06_66_D2_CF_7B/get_loggers] /aggregation_node_00_06_66_D2_CF_7B rosrpc://chiliPC:57519
[rosmaster.master][INFO] 2019-03-18 17:19:03,619: -SERVICE [/aggregation_node_00_06_66_D2_CF_7B/set_logger_level] /aggregation_node_00_06_66_D2_CF_7B rosrpc://chiliPC:57519
[rosmaster.master][INFO] 2019-03-18 17:19:03,626: -PUB [/rosout] /tf_echo_00_06_66_E7_8A_D6 http://chiliPC:37973/
[rosmaster.master][INFO] 2019-03-18 17:19:03,627: -PUB [/rosout] /tf_echo_00_06_66_E7_8E_BD http://chiliPC:45131/
[rosmaster.master][INFO] 2019-03-18 17:19:03,628: -SUB [/tf] /tf_echo_00_06_66_E7_8A_D6 http://chiliPC:37973/
[rosmaster.master][INFO] 2019-03-18 17:19:03,630: -SUB [/tf] /tf_echo_00_06_66_E7_8E_BD http://chiliPC:45131/
[rosmaster.master][INFO] 2019-03-18 17:19:03,631: -PUB [/rosout] /sensor_node_00_06_66_D2_CF_7B http://chiliPC:36281/
[rosmaster.master][INFO] 2019-03-18 17:19:03,632: -SUB [/tf_static] /tf_echo_00_06_66_E7_8A_D6 http://chiliPC:37973/
[rosmaster.master][INFO] 2019-03-18 17:19:03,633: -PUB [/rosout] /rviz_chiliPC_2239_4815672911172374359 http://chiliPC:36999/
[rosmaster.master][INFO] 2019-03-18 17:19:03,634: -SUB [/tf_static] /tf_echo_00_06_66_E7_8E_BD http://chiliPC:45131/
[rosmaster.master][INFO] 2019-03-18 17:19:03,635: -PUB [/sensor_node_00_06_66_D2_CF_7B/detectedRobots] /sensor_node_00_06_66_D2_CF_7B http://chiliPC:36281/
[rosmaster.master][INFO] 2019-03-18 17:19:03,637: -SERVICE [/tf_echo_00_06_66_E7_8A_D6/get_loggers] /tf_echo_00_06_66_E7_8A_D6 rosrpc://chiliPC:40445
[rosmaster.master][INFO] 2019-03-18 17:19:03,638: -PUB [/initialpose] /rviz_chiliPC_2239_4815672911172374359 http://chiliPC:36999/
[rosmaster.master][INFO] 2019-03-18 17:19:03,639: -SERVICE [/tf_echo_00_06_66_E7_8E_BD/get_loggers] /tf_echo_00_06_66_E7_8E_BD rosrpc://chiliPC:41665
[rosmaster.master][INFO] 2019-03-18 17:19:03,640: -PUB [/sensor_node_00_06_66_D2_CF_7B/detectedObstacles] /sensor_node_00_06_66_D2_CF_7B http://chiliPC:36281/
[rosmaster.master][INFO] 2019-03-18 17:19:03,640: publisherUpdate[/rosout] -> http://chiliPC:40623/ ['http://chiliPC:43459/', 'http://chiliPC:42419/', 'http://chiliPC:35505/', 'http://chiliPC:46023/', 'http://chiliPC:36281/', 'http://chiliPC:40063/', 'http://chiliPC:36959/', 'http://chiliPC:32953/', 'http://chiliPC:37973/', 'http://chiliPC:45131/', 'http://chiliPC:36999/']
[rosmaster.master][INFO] 2019-03-18 17:19:03,641: publisherUpdate[/tf_static] -> http://chiliPC:37973/ []
[rosmaster.master][INFO] 2019-03-18 17:19:03,641: -SERVICE [/tf_echo_00_06_66_E7_8A_D6/set_logger_level] /tf_echo_00_06_66_E7_8A_D6 rosrpc://chiliPC:40445
[rosmaster.master][INFO] 2019-03-18 17:19:03,643: publisherUpdate[/rosout] -> http://chiliPC:40623/ ['http://chiliPC:43459/', 'http://chiliPC:42419/', 'http://chiliPC:35505/', 'http://chiliPC:46023/', 'http://chiliPC:36281/', 'http://chiliPC:40063/', 'http://chiliPC:36959/', 'http://chiliPC:32953/', 'http://chiliPC:37973/', 'http://chiliPC:45131/', 'http://chiliPC:36999/']: sec=0.00, result=[1, '', 0]
[rosmaster.master][INFO] 2019-03-18 17:19:03,645: publisherUpdate[/tf_static] -> http://chiliPC:37973/ []: sec=0.00, exception=<Fault -1: 'publisherUpdate: unknown method name'>
[rosmaster.master][INFO] 2019-03-18 17:19:03,646: -PUB [/move_base_simple/goal] /rviz_chiliPC_2239_4815672911172374359 http://chiliPC:36999/
[rosmaster.master][INFO] 2019-03-18 17:19:03,647: publisherUpdate[/tf_static] -> http://chiliPC:46023/ []
[rosmaster.master][INFO] 2019-03-18 17:19:03,649: -PUB [/rosout] /aggregation_node_00_06_66_E7_8E_BD http://chiliPC:36959/
[rosmaster.master][INFO] 2019-03-18 17:19:03,649: publisherUpdate[/tf_static] -> http://chiliPC:46023/ []: sec=0.00, result=[1, '', 0]
[rosmaster.master][INFO] 2019-03-18 17:19:03,650: -SERVICE [/tf_echo_00_06_66_E7_8E_BD/set_logger_level] /tf_echo_00_06_66_E7_8E_BD rosrpc://chiliPC:41665
[rosmaster.master][INFO] 2019-03-18 17:19:03,652: publisherUpdate[/tf_static] -> http://chiliPC:45131/ []
[rosmaster.master][INFO] 2019-03-18 17:19:03,652: -SUB [/setThreshold] /sensor_node_00_06_66_D2_CF_7B http://chiliPC:36281/
[rosmaster.master][INFO] 2019-03-18 17:19:03,654: publisherUpdate[/tf_static] -> http://chiliPC:45131/ []: sec=0.00, exception=<Fault -1: 'publisherUpdate: unknown method name'>
[rosmaster.threadpool][ERROR] 2019-03-18 17:19:03,654: Traceback (most recent call last):
  File "/opt/ros/kinetic/lib/python2.7/dist-packages/rosmaster/threadpool.py", line 218, in run
    result = cmd(*args)
  File "/opt/ros/kinetic/lib/python2.7/dist-packages/rosmaster/master_api.py", line 210, in publisher_update_task
    ret = xmlrpcapi(api).publisherUpdate('/master', topic, pub_uris)
  File "/usr/lib/python2.7/xmlrpclib.py", line 1243, in __call__
    return self.__send(self.__name, args)
  File "/usr/lib/python2.7/xmlrpclib.py", line 1602, in __request
    verbose=self.__verbose
  File "/usr/lib/python2.7/xmlrpclib.py", line 1283, in request
    return self.single_request(host, handler, request_body, verbose)
  File "/usr/lib/python2.7/xmlrpclib.py", line 1316, in single_request
    return self.parse_response(response)
  File "/usr/lib/python2.7/xmlrpclib.py", line 1493, in parse_response
    return u.close()
  File "/usr/lib/python2.7/xmlrpclib.py", line 800, in close
    raise Fault(**self._stack[0])
Fault: <Fault -1: 'publisherUpdate: unknown method name'>

[rosmaster.master][INFO] 2019-03-18 17:19:03,654: -PUB [/clicked_point] /rviz_chiliPC_2239_4815672911172374359 http://chiliPC:36999/
[rosmaster.master][INFO] 2019-03-18 17:19:03,655: publisherUpdate[/tf_static] -> http://chiliPC:36281/ []
[rosmaster.threadpool][ERROR] 2019-03-18 17:19:03,657: Traceback (most recent call last):
  File "/opt/ros/kinetic/lib/python2.7/dist-packages/rosmaster/threadpool.py", line 218, in run
    result = cmd(*args)
  File "/opt/ros/kinetic/lib/python2.7/dist-packages/rosmaster/master_api.py", line 210, in publisher_update_task
    ret = xmlrpcapi(api).publisherUpdate('/master', topic, pub_uris)
  File "/usr/lib/python2.7/xmlrpclib.py", line 1243, in __call__
    return self.__send(self.__name, args)
  File "/usr/lib/python2.7/xmlrpclib.py", line 1602, in __request
    verbose=self.__verbose
  File "/usr/lib/python2.7/xmlrpclib.py", line 1283, in request
    return self.single_request(host, handler, request_body, verbose)
  File "/usr/lib/python2.7/xmlrpclib.py", line 1316, in single_request
    return self.parse_response(response)
  File "/usr/lib/python2.7/xmlrpclib.py", line 1493, in parse_response
    return u.close()
  File "/usr/lib/python2.7/xmlrpclib.py", line 800, in close
    raise Fault(**self._stack[0])
Fault: <Fault -1: 'publisherUpdate: unknown method name'>

[rosmaster.master][INFO] 2019-03-18 17:19:03,657: -PUB [/cellulo_node_00_06_66_E7_8E_BD/setGoalVelocity] /aggregation_node_00_06_66_E7_8E_BD http://chiliPC:36959/
[rosmaster.master][INFO] 2019-03-18 17:19:03,658: publisherUpdate[/tf_static] -> http://chiliPC:36281/ []: sec=0.00, exception=<Fault -1: 'publisherUpdate: unknown method name'>
[rosmaster.master][INFO] 2019-03-18 17:19:03,659: publisherUpdate[/tf_static] -> http://chiliPC:36999/ []
[rosmaster.master][INFO] 2019-03-18 17:19:03,659: -SUB [/tf] /sensor_node_00_06_66_D2_CF_7B http://chiliPC:36281/
[rosmaster.master][INFO] 2019-03-18 17:19:03,661: publisherUpdate[/tf_static] -> http://chiliPC:36999/ []: sec=0.00, exception=<Fault -1: 'publisherUpdate: unknown method name'>
[rosmaster.master][INFO] 2019-03-18 17:19:03,662: -SUB [/tf] /rviz_chiliPC_2239_4815672911172374359 http://chiliPC:36999/
[rosmaster.master][INFO] 2019-03-18 17:19:03,662: publisherUpdate[/rosout] -> http://chiliPC:40623/ ['http://chiliPC:43459/', 'http://chiliPC:42419/', 'http://chiliPC:35505/', 'http://chiliPC:46023/', 'http://chiliPC:36281/', 'http://chiliPC:36959/', 'http://chiliPC:32953/', 'http://chiliPC:37973/', 'http://chiliPC:45131/', 'http://chiliPC:36999/']
[rosmaster.threadpool][ERROR] 2019-03-18 17:19:03,663: Traceback (most recent call last):
  File "/opt/ros/kinetic/lib/python2.7/dist-packages/rosmaster/threadpool.py", line 218, in run
    result = cmd(*args)
  File "/opt/ros/kinetic/lib/python2.7/dist-packages/rosmaster/master_api.py", line 210, in publisher_update_task
    ret = xmlrpcapi(api).publisherUpdate('/master', topic, pub_uris)
  File "/usr/lib/python2.7/xmlrpclib.py", line 1243, in __call__
    return self.__send(self.__name, args)
  File "/usr/lib/python2.7/xmlrpclib.py", line 1602, in __request
    verbose=self.__verbose
  File "/usr/lib/python2.7/xmlrpclib.py", line 1283, in request
    return self.single_request(host, handler, request_body, verbose)
  File "/usr/lib/python2.7/xmlrpclib.py", line 1316, in single_request
    return self.parse_response(response)
  File "/usr/lib/python2.7/xmlrpclib.py", line 1493, in parse_response
    return u.close()
  File "/usr/lib/python2.7/xmlrpclib.py", line 800, in close
    raise Fault(**self._stack[0])
Fault: <Fault -1: 'publisherUpdate: unknown method name'>

[rosmaster.master][INFO] 2019-03-18 17:19:03,664: -SUB [/setThetaDis] /aggregation_node_00_06_66_E7_8E_BD http://chiliPC:36959/
[rosmaster.threadpool][ERROR] 2019-03-18 17:19:03,664: Traceback (most recent call last):
  File "/opt/ros/kinetic/lib/python2.7/dist-packages/rosmaster/threadpool.py", line 218, in run
    result = cmd(*args)
  File "/opt/ros/kinetic/lib/python2.7/dist-packages/rosmaster/master_api.py", line 210, in publisher_update_task
    ret = xmlrpcapi(api).publisherUpdate('/master', topic, pub_uris)
  File "/usr/lib/python2.7/xmlrpclib.py", line 1243, in __call__
    return self.__send(self.__name, args)
  File "/usr/lib/python2.7/xmlrpclib.py", line 1602, in __request
    verbose=self.__verbose
  File "/usr/lib/python2.7/xmlrpclib.py", line 1283, in request
    return self.single_request(host, handler, request_body, verbose)
  File "/usr/lib/python2.7/xmlrpclib.py", line 1316, in single_request
    return self.parse_response(response)
  File "/usr/lib/python2.7/xmlrpclib.py", line 1493, in parse_response
    return u.close()
  File "/usr/lib/python2.7/xmlrpclib.py", line 800, in close
    raise Fault(**self._stack[0])
Fault: <Fault -1: 'publisherUpdate: unknown method name'>

[rosmaster.master][INFO] 2019-03-18 17:19:03,666: publisherUpdate[/rosout] -> http://chiliPC:40623/ ['http://chiliPC:43459/', 'http://chiliPC:42419/', 'http://chiliPC:35505/', 'http://chiliPC:46023/', 'http://chiliPC:36281/', 'http://chiliPC:36959/', 'http://chiliPC:32953/', 'http://chiliPC:37973/', 'http://chiliPC:45131/', 'http://chiliPC:36999/']: sec=0.00, result=[1, '', 0]
[rosmaster.master][INFO] 2019-03-18 17:19:03,666: publisherUpdate[/cellulo_node_00_06_66_E7_8A_D6/setGoalVelocity] -> http://chiliPC:43459/ []
[rosmaster.master][INFO] 2019-03-18 17:19:03,666: -SUB [/tf_static] /sensor_node_00_06_66_D2_CF_7B http://chiliPC:36281/
[rosmaster.master][INFO] 2019-03-18 17:19:03,667: publisherUpdate[/cellulo_node_00_06_66_D2_CF_7B/setGoalVelocity] -> http://chiliPC:35505/ []
[rosmaster.master][INFO] 2019-03-18 17:19:03,668: publisherUpdate[/rosout] -> http://chiliPC:40623/ ['http://chiliPC:43459/', 'http://chiliPC:42419/', 'http://chiliPC:35505/', 'http://chiliPC:46023/', 'http://chiliPC:36281/', 'http://chiliPC:36959/', 'http://chiliPC:37973/', 'http://chiliPC:45131/', 'http://chiliPC:36999/']
[rosmaster.master][INFO] 2019-03-18 17:19:03,669: -SUB [/tf_static] /rviz_chiliPC_2239_4815672911172374359 http://chiliPC:36999/
[rosmaster.master][INFO] 2019-03-18 17:19:03,669: publisherUpdate[/cellulo_node_00_06_66_E7_8A_D6/setGoalVelocity] -> http://chiliPC:43459/ []: sec=0.00, result=[1, '', 0]
[rosmaster.master][INFO] 2019-03-18 17:19:03,671: publisherUpdate[/rosout] -> http://chiliPC:40623/ ['http://chiliPC:43459/', 'http://chiliPC:42419/', 'http://chiliPC:35505/', 'http://chiliPC:46023/', 'http://chiliPC:36281/', 'http://chiliPC:36959/', 'http://chiliPC:37973/', 'http://chiliPC:45131/', 'http://chiliPC:36999/']: sec=0.00, result=[1, '', 0]
[rosmaster.master][INFO] 2019-03-18 17:19:03,671: -SUB [/sensor_node_00_06_66_E7_8E_BD/detectedRobots] /aggregation_node_00_06_66_E7_8E_BD http://chiliPC:36959/
[rosmaster.master][INFO] 2019-03-18 17:19:03,672: publisherUpdate[/cellulo_node_00_06_66_D2_CF_7B/setGoalVelocity] -> http://chiliPC:35505/ []: sec=0.00, result=[1, '', 0]
[rosmaster.master][INFO] 2019-03-18 17:19:03,673: publisherUpdate[/cellulo_node_00_06_66_E7_8E_BD/setGoalVelocity] -> http://chiliPC:42419/ []
[rosmaster.master][INFO] 2019-03-18 17:19:03,673: publisherUpdate[/rosout] -> http://chiliPC:40623/ ['http://chiliPC:43459/', 'http://chiliPC:42419/', 'http://chiliPC:35505/', 'http://chiliPC:46023/', 'http://chiliPC:36281/', 'http://chiliPC:36959/', 'http://chiliPC:45131/', 'http://chiliPC:36999/']
[rosmaster.master][INFO] 2019-03-18 17:19:03,673: -SERVICE [/sensor_node_00_06_66_D2_CF_7B/get_loggers] /sensor_node_00_06_66_D2_CF_7B rosrpc://chiliPC:59407
[rosmaster.master][INFO] 2019-03-18 17:19:03,675: publisherUpdate[/cellulo_node_00_06_66_E7_8E_BD/setGoalVelocity] -> http://chiliPC:42419/ []: sec=0.00, result=[1, '', 0]
[rosmaster.master][INFO] 2019-03-18 17:19:03,676: -SUB [/cellulo_node_3E_7E/visualization_marker_robot] /rviz_chiliPC_2239_4815672911172374359 http://chiliPC:36999/
[rosmaster.master][INFO] 2019-03-18 17:19:03,677: publisherUpdate[/rosout] -> http://chiliPC:40623/ ['http://chiliPC:43459/', 'http://chiliPC:42419/', 'http://chiliPC:35505/', 'http://chiliPC:46023/', 'http://chiliPC:36281/', 'http://chiliPC:36959/', 'http://chiliPC:45131/', 'http://chiliPC:36999/']: sec=0.00, result=[1, '', 0]
[rosmaster.master][INFO] 2019-03-18 17:19:03,678: -SUB [/sensor_node_00_06_66_E7_8E_BD/detectedObstacles] /aggregation_node_00_06_66_E7_8E_BD http://chiliPC:36959/
[rosmaster.master][INFO] 2019-03-18 17:19:03,679: publisherUpdate[/rosout] -> http://chiliPC:40623/ ['http://chiliPC:43459/', 'http://chiliPC:42419/', 'http://chiliPC:35505/', 'http://chiliPC:46023/', 'http://chiliPC:36281/', 'http://chiliPC:36959/', 'http://chiliPC:36999/']
[rosmaster.master][INFO] 2019-03-18 17:19:03,680: -SERVICE [/sensor_node_00_06_66_D2_CF_7B/set_logger_level] /sensor_node_00_06_66_D2_CF_7B rosrpc://chiliPC:59407
[rosmaster.master][INFO] 2019-03-18 17:19:03,681: publisherUpdate[/rosout] -> http://chiliPC:40623/ ['http://chiliPC:43459/', 'http://chiliPC:42419/', 'http://chiliPC:35505/', 'http://chiliPC:46023/', 'http://chiliPC:36281/', 'http://chiliPC:36959/', 'http://chiliPC:36999/']: sec=0.00, result=[1, '', 0]
[rosmaster.master][INFO] 2019-03-18 17:19:03,681: -SUB [/cellulo_node_3E_7E/visualization_marker_robot_array] /rviz_chiliPC_2239_4815672911172374359 http://chiliPC:36999/
[rosmaster.master][INFO] 2019-03-18 17:19:03,682: publisherUpdate[/rosout] -> http://chiliPC:40623/ ['http://chiliPC:43459/', 'http://chiliPC:42419/', 'http://chiliPC:35505/', 'http://chiliPC:46023/', 'http://chiliPC:36959/', 'http://chiliPC:36999/']
[rosmaster.master][INFO] 2019-03-18 17:19:03,682: -SUB [/cellulo_node_00_06_66_E7_8E_BD/velocity] /aggregation_node_00_06_66_E7_8E_BD http://chiliPC:36959/
[rosmaster.master][INFO] 2019-03-18 17:19:03,684: publisherUpdate[/rosout] -> http://chiliPC:40623/ ['http://chiliPC:43459/', 'http://chiliPC:42419/', 'http://chiliPC:35505/', 'http://chiliPC:46023/', 'http://chiliPC:36959/', 'http://chiliPC:36999/']: sec=0.00, result=[1, '', 0]
[rosmaster.master][INFO] 2019-03-18 17:19:03,685: -SUB [/cellulo_node_3E_82/visualization_marker_robot] /rviz_chiliPC_2239_4815672911172374359 http://chiliPC:36999/
[rosmaster.master][INFO] 2019-03-18 17:19:03,685: publisherUpdate[/rosout] -> http://chiliPC:40623/ ['http://chiliPC:43459/', 'http://chiliPC:42419/', 'http://chiliPC:35505/', 'http://chiliPC:46023/', 'http://chiliPC:36959/']
[rosmaster.master][INFO] 2019-03-18 17:19:03,687: publisherUpdate[/rosout] -> http://chiliPC:40623/ ['http://chiliPC:43459/', 'http://chiliPC:42419/', 'http://chiliPC:35505/', 'http://chiliPC:46023/', 'http://chiliPC:36959/']: sec=0.00, result=[1, '', 0]
[rosmaster.master][INFO] 2019-03-18 17:19:03,687: -SERVICE [/aggregation_node_00_06_66_E7_8E_BD/get_loggers] /aggregation_node_00_06_66_E7_8E_BD rosrpc://chiliPC:34117
[rosmaster.master][INFO] 2019-03-18 17:19:03,688: publisherUpdate[/rosout] -> http://chiliPC:40623/ ['http://chiliPC:43459/', 'http://chiliPC:42419/', 'http://chiliPC:35505/', 'http://chiliPC:46023/']
[rosmaster.master][INFO] 2019-03-18 17:19:03,690: publisherUpdate[/rosout] -> http://chiliPC:40623/ ['http://chiliPC:43459/', 'http://chiliPC:42419/', 'http://chiliPC:35505/', 'http://chiliPC:46023/']: sec=0.00, result=[1, '', 0]
[rosmaster.master][INFO] 2019-03-18 17:19:03,690: -SUB [/cellulo_node_3E_82/visualization_marker_robot_array] /rviz_chiliPC_2239_4815672911172374359 http://chiliPC:36999/
[rosmaster.master][INFO] 2019-03-18 17:19:03,692: -SERVICE [/aggregation_node_00_06_66_E7_8E_BD/set_logger_level] /aggregation_node_00_06_66_E7_8E_BD rosrpc://chiliPC:34117
[rosmaster.master][INFO] 2019-03-18 17:19:03,693: -SERVICE [/rviz_chiliPC_2239_4815672911172374359/get_loggers] /rviz_chiliPC_2239_4815672911172374359 rosrpc://chiliPC:52217
[rosmaster.master][INFO] 2019-03-18 17:19:03,694: -SERVICE [/rviz_chiliPC_2239_4815672911172374359/set_logger_level] /rviz_chiliPC_2239_4815672911172374359 rosrpc://chiliPC:52217
[rosmaster.master][INFO] 2019-03-18 17:19:03,695: -SERVICE [/rviz_chiliPC_2239_4815672911172374359/reload_shaders] /rviz_chiliPC_2239_4815672911172374359 rosrpc://chiliPC:52217
[rosmaster.master][INFO] 2019-03-18 17:19:03,851: -PUB [/rosout] /sensor_node_00_06_66_E7_8A_D6 http://chiliPC:46023/
[rosmaster.master][INFO] 2019-03-18 17:19:03,853: -PUB [/sensor_node_00_06_66_E7_8A_D6/detectedRobots] /sensor_node_00_06_66_E7_8A_D6 http://chiliPC:46023/
[rosmaster.master][INFO] 2019-03-18 17:19:03,858: -PUB [/sensor_node_00_06_66_E7_8A_D6/detectedObstacles] /sensor_node_00_06_66_E7_8A_D6 http://chiliPC:46023/
[rosmaster.master][INFO] 2019-03-18 17:19:03,860: -SUB [/setThreshold] /sensor_node_00_06_66_E7_8A_D6 http://chiliPC:46023/
[rosmaster.master][INFO] 2019-03-18 17:19:03,861: -SUB [/tf] /sensor_node_00_06_66_E7_8A_D6 http://chiliPC:46023/
[rosmaster.master][INFO] 2019-03-18 17:19:03,862: -SUB [/tf_static] /sensor_node_00_06_66_E7_8A_D6 http://chiliPC:46023/
[rosmaster.master][INFO] 2019-03-18 17:19:03,863: -SERVICE [/sensor_node_00_06_66_E7_8A_D6/get_loggers] /sensor_node_00_06_66_E7_8A_D6 rosrpc://chiliPC:46159
[rosmaster.master][INFO] 2019-03-18 17:19:03,864: -SERVICE [/sensor_node_00_06_66_E7_8A_D6/set_logger_level] /sensor_node_00_06_66_E7_8A_D6 rosrpc://chiliPC:46159
[rosmaster.master][INFO] 2019-03-18 17:19:03,870: -PUB [/rosout] /cellulo_node_00_06_66_E7_8A_D6 http://chiliPC:43459/
[rosmaster.master][INFO] 2019-03-18 17:19:03,871: -PUB [/cellulo_node_00_06_66_E7_8A_D6/touchKey] /cellulo_node_00_06_66_E7_8A_D6 http://chiliPC:43459/
[rosmaster.master][INFO] 2019-03-18 17:19:03,872: -PUB [/rosout] /cellulo_node_00_06_66_D2_CF_7B http://chiliPC:35505/
[rosmaster.master][INFO] 2019-03-18 17:19:03,873: -PUB [/cellulo_node_00_06_66_E7_8A_D6/longTouchKey] /cellulo_node_00_06_66_E7_8A_D6 http://chiliPC:43459/
[rosmaster.master][INFO] 2019-03-18 17:19:03,874: -PUB [/cellulo_node_00_06_66_D2_CF_7B/touchKey] /cellulo_node_00_06_66_D2_CF_7B http://chiliPC:35505/
[rosmaster.master][INFO] 2019-03-18 17:19:03,875: -PUB [/cellulo_node_00_06_66_E7_8A_D6/kidnapped] /cellulo_node_00_06_66_E7_8A_D6 http://chiliPC:43459/
[rosmaster.master][INFO] 2019-03-18 17:19:03,875: publisherUpdate[/rosout] -> http://chiliPC:40623/ ['http://chiliPC:43459/', 'http://chiliPC:42419/', 'http://chiliPC:35505/']
[rosmaster.master][INFO] 2019-03-18 17:19:03,877: -PUB [/cellulo_node_00_06_66_D2_CF_7B/longTouchKey] /cellulo_node_00_06_66_D2_CF_7B http://chiliPC:35505/
[rosmaster.master][INFO] 2019-03-18 17:19:03,877: publisherUpdate[/rosout] -> http://chiliPC:40623/ ['http://chiliPC:43459/', 'http://chiliPC:42419/', 'http://chiliPC:35505/']: sec=0.00, result=[1, '', 0]
[rosmaster.master][INFO] 2019-03-18 17:19:03,878: publisherUpdate[/rosout] -> http://chiliPC:40623/ ['http://chiliPC:42419/', 'http://chiliPC:35505/']
[rosmaster.master][INFO] 2019-03-18 17:19:03,879: -PUB [/rosout] /cellulo_node_00_06_66_E7_8E_BD http://chiliPC:42419/
[rosmaster.master][INFO] 2019-03-18 17:19:03,880: publisherUpdate[/rosout] -> http://chiliPC:40623/ ['http://chiliPC:42419/', 'http://chiliPC:35505/']: sec=0.00, result=[1, '', 0]
[rosmaster.master][INFO] 2019-03-18 17:19:03,881: -PUB [/cellulo_node_00_06_66_E7_8A_D6/velocity] /cellulo_node_00_06_66_E7_8A_D6 http://chiliPC:43459/
[rosmaster.master][INFO] 2019-03-18 17:19:03,882: publisherUpdate[/rosout] -> http://chiliPC:40623/ ['http://chiliPC:42419/']
[rosmaster.master][INFO] 2019-03-18 17:19:03,882: -PUB [/cellulo_node_00_06_66_D2_CF_7B/kidnapped] /cellulo_node_00_06_66_D2_CF_7B http://chiliPC:35505/
[rosmaster.master][INFO] 2019-03-18 17:19:03,884: publisherUpdate[/rosout] -> http://chiliPC:40623/ ['http://chiliPC:42419/']: sec=0.00, result=[1, '', 0]
[rosmaster.master][INFO] 2019-03-18 17:19:03,885: -PUB [/cellulo_node_00_06_66_E7_8E_BD/touchKey] /cellulo_node_00_06_66_E7_8E_BD http://chiliPC:42419/
[rosmaster.master][INFO] 2019-03-18 17:19:03,885: publisherUpdate[/rosout] -> http://chiliPC:40623/ []
[rosmaster.master][INFO] 2019-03-18 17:19:03,886: -PUB [/cellulo_node_00_06_66_E7_8A_D6/connectionStatus] /cellulo_node_00_06_66_E7_8A_D6 http://chiliPC:43459/
[rosmaster.master][INFO] 2019-03-18 17:19:03,887: publisherUpdate[/rosout] -> http://chiliPC:40623/ []: sec=0.00, result=[1, '', 0]
[rosmaster.master][INFO] 2019-03-18 17:19:03,888: -PUB [/cellulo_node_00_06_66_D2_CF_7B/velocity] /cellulo_node_00_06_66_D2_CF_7B http://chiliPC:35505/
[rosmaster.master][INFO] 2019-03-18 17:19:03,890: -PUB [/cellulo_node_00_06_66_E7_8E_BD/longTouchKey] /cellulo_node_00_06_66_E7_8E_BD http://chiliPC:42419/
[rosmaster.master][INFO] 2019-03-18 17:19:03,891: -PUB [/cellulo_node_00_06_66_E7_8A_D6/localAdapterAdress] /cellulo_node_00_06_66_E7_8A_D6 http://chiliPC:43459/
[rosmaster.master][INFO] 2019-03-18 17:19:03,892: -PUB [/cellulo_node_00_06_66_D2_CF_7B/connectionStatus] /cellulo_node_00_06_66_D2_CF_7B http://chiliPC:35505/
[rosmaster.master][INFO] 2019-03-18 17:19:03,894: -PUB [/cellulo_node_00_06_66_E7_8E_BD/kidnapped] /cellulo_node_00_06_66_E7_8E_BD http://chiliPC:42419/
[rosmaster.master][INFO] 2019-03-18 17:19:03,895: -PUB [/cellulo_node_00_06_66_E7_8A_D6/autoConnect] /cellulo_node_00_06_66_E7_8A_D6 http://chiliPC:43459/
[rosmaster.master][INFO] 2019-03-18 17:19:03,896: -PUB [/cellulo_node_00_06_66_D2_CF_7B/localAdapterAdress] /cellulo_node_00_06_66_D2_CF_7B http://chiliPC:35505/
[rosmaster.master][INFO] 2019-03-18 17:19:03,897: -PUB [/cellulo_node_00_06_66_E7_8E_BD/velocity] /cellulo_node_00_06_66_E7_8E_BD http://chiliPC:42419/
[rosmaster.master][INFO] 2019-03-18 17:19:03,898: -PUB [/cellulo_node_00_06_66_E7_8A_D6/batteryState] /cellulo_node_00_06_66_E7_8A_D6 http://chiliPC:43459/
[rosmaster.master][INFO] 2019-03-18 17:19:03,900: -PUB [/cellulo_node_00_06_66_D2_CF_7B/autoConnect] /cellulo_node_00_06_66_D2_CF_7B http://chiliPC:35505/
[rosmaster.master][INFO] 2019-03-18 17:19:03,901: -PUB [/cellulo_node_00_06_66_E7_8E_BD/connectionStatus] /cellulo_node_00_06_66_E7_8E_BD http://chiliPC:42419/
[rosmaster.master][INFO] 2019-03-18 17:19:03,903: -PUB [/cellulo_node_00_06_66_E7_8A_D6/gesture] /cellulo_node_00_06_66_E7_8A_D6 http://chiliPC:43459/
[rosmaster.master][INFO] 2019-03-18 17:19:03,904: -PUB [/cellulo_node_00_06_66_D2_CF_7B/batteryState] /cellulo_node_00_06_66_D2_CF_7B http://chiliPC:35505/
[rosmaster.master][INFO] 2019-03-18 17:19:03,905: -PUB [/cellulo_node_00_06_66_E7_8E_BD/localAdapterAdress] /cellulo_node_00_06_66_E7_8E_BD http://chiliPC:42419/
[rosmaster.master][INFO] 2019-03-18 17:19:03,906: -PUB [/cellulo_node_00_06_66_E7_8A_D6/lastTimestamp] /cellulo_node_00_06_66_E7_8A_D6 http://chiliPC:43459/
[rosmaster.master][INFO] 2019-03-18 17:19:03,908: -PUB [/cellulo_node_00_06_66_D2_CF_7B/gesture] /cellulo_node_00_06_66_D2_CF_7B http://chiliPC:35505/
[rosmaster.master][INFO] 2019-03-18 17:19:03,909: -PUB [/cellulo_node_00_06_66_E7_8E_BD/autoConnect] /cellulo_node_00_06_66_E7_8E_BD http://chiliPC:42419/
[rosmaster.master][INFO] 2019-03-18 17:19:03,910: -PUB [/cellulo_node_00_06_66_E7_8A_D6/framerate] /cellulo_node_00_06_66_E7_8A_D6 http://chiliPC:43459/
[rosmaster.master][INFO] 2019-03-18 17:19:03,911: -PUB [/cellulo_node_00_06_66_D2_CF_7B/lastTimestamp] /cellulo_node_00_06_66_D2_CF_7B http://chiliPC:35505/
[rosmaster.master][INFO] 2019-03-18 17:19:03,912: -PUB [/cellulo_node_00_06_66_E7_8E_BD/batteryState] /cellulo_node_00_06_66_E7_8E_BD http://chiliPC:42419/
[rosmaster.master][INFO] 2019-03-18 17:19:03,913: -PUB [/cellulo_node_00_06_66_E7_8A_D6/cameraImageProgress] /cellulo_node_00_06_66_E7_8A_D6 http://chiliPC:43459/
[rosmaster.master][INFO] 2019-03-18 17:19:03,915: -PUB [/cellulo_node_00_06_66_D2_CF_7B/framerate] /cellulo_node_00_06_66_D2_CF_7B http://chiliPC:35505/
[rosmaster.master][INFO] 2019-03-18 17:19:03,916: -PUB [/cellulo_node_00_06_66_E7_8E_BD/gesture] /cellulo_node_00_06_66_E7_8E_BD http://chiliPC:42419/
[rosmaster.master][INFO] 2019-03-18 17:19:03,917: -PUB [/cellulo_node_00_06_66_E7_8A_D6/poseVelControlEnable] /cellulo_node_00_06_66_E7_8A_D6 http://chiliPC:43459/
[rosmaster.master][INFO] 2019-03-18 17:19:03,918: -PUB [/cellulo_node_00_06_66_D2_CF_7B/cameraImageProgress] /cellulo_node_00_06_66_D2_CF_7B http://chiliPC:35505/
[rosmaster.master][INFO] 2019-03-18 17:19:03,919: -PUB [/cellulo_node_00_06_66_E7_8E_BD/lastTimestamp] /cellulo_node_00_06_66_E7_8E_BD http://chiliPC:42419/
[rosmaster.master][INFO] 2019-03-18 17:19:03,920: -PUB [/cellulo_node_00_06_66_E7_8A_D6/poseVelControlPeriod] /cellulo_node_00_06_66_E7_8A_D6 http://chiliPC:43459/
[rosmaster.master][INFO] 2019-03-18 17:19:03,922: -PUB [/cellulo_node_00_06_66_D2_CF_7B/poseVelControlEnable] /cellulo_node_00_06_66_D2_CF_7B http://chiliPC:35505/
[rosmaster.master][INFO] 2019-03-18 17:19:03,923: -PUB [/cellulo_node_00_06_66_E7_8E_BD/framerate] /cellulo_node_00_06_66_E7_8E_BD http://chiliPC:42419/
[rosmaster.master][INFO] 2019-03-18 17:19:03,924: -PUB [/cellulo_node_00_06_66_E7_8A_D6/visualization_marker_robot] /cellulo_node_00_06_66_E7_8A_D6 http://chiliPC:43459/
[rosmaster.master][INFO] 2019-03-18 17:19:03,925: -PUB [/cellulo_node_00_06_66_D2_CF_7B/poseVelControlPeriod] /cellulo_node_00_06_66_D2_CF_7B http://chiliPC:35505/
[rosmaster.master][INFO] 2019-03-18 17:19:03,927: -PUB [/cellulo_node_00_06_66_E7_8E_BD/cameraImageProgress] /cellulo_node_00_06_66_E7_8E_BD http://chiliPC:42419/
[rosmaster.master][INFO] 2019-03-18 17:19:03,927: -PUB [/cellulo_node_00_06_66_E7_8A_D6/visualization_marker_traj] /cellulo_node_00_06_66_E7_8A_D6 http://chiliPC:43459/
[rosmaster.master][INFO] 2019-03-18 17:19:03,929: -PUB [/cellulo_node_00_06_66_D2_CF_7B/visualization_marker_robot] /cellulo_node_00_06_66_D2_CF_7B http://chiliPC:35505/
[rosmaster.master][INFO] 2019-03-18 17:19:03,930: -PUB [/cellulo_node_00_06_66_E7_8E_BD/poseVelControlEnable] /cellulo_node_00_06_66_E7_8E_BD http://chiliPC:42419/
[rosmaster.master][INFO] 2019-03-18 17:19:03,931: -PUB [/tf] /cellulo_node_00_06_66_E7_8A_D6 http://chiliPC:43459/
[rosmaster.master][INFO] 2019-03-18 17:19:03,932: -PUB [/cellulo_node_00_06_66_D2_CF_7B/visualization_marker_traj] /cellulo_node_00_06_66_D2_CF_7B http://chiliPC:35505/
[rosmaster.master][INFO] 2019-03-18 17:19:03,934: -PUB [/cellulo_node_00_06_66_E7_8E_BD/poseVelControlPeriod] /cellulo_node_00_06_66_E7_8E_BD http://chiliPC:42419/
[rosmaster.master][INFO] 2019-03-18 17:19:03,935: -SUB [/cellulo_node_00_06_66_E7_8A_D6/setVisualEffect] /cellulo_node_00_06_66_E7_8A_D6 http://chiliPC:43459/
[rosmaster.master][INFO] 2019-03-18 17:19:03,936: -PUB [/tf] /cellulo_node_00_06_66_D2_CF_7B http://chiliPC:35505/
[rosmaster.master][INFO] 2019-03-18 17:19:03,937: -PUB [/cellulo_node_00_06_66_E7_8E_BD/visualization_marker_robot] /cellulo_node_00_06_66_E7_8E_BD http://chiliPC:42419/
[rosmaster.master][INFO] 2019-03-18 17:19:03,939: -SUB [/cellulo_node_00_06_66_E7_8A_D6/setLEDResponseMode] /cellulo_node_00_06_66_E7_8A_D6 http://chiliPC:43459/
[rosmaster.master][INFO] 2019-03-18 17:19:03,940: -SUB [/cellulo_node_00_06_66_D2_CF_7B/setVisualEffect] /cellulo_node_00_06_66_D2_CF_7B http://chiliPC:35505/
[rosmaster.master][INFO] 2019-03-18 17:19:03,941: -PUB [/cellulo_node_00_06_66_E7_8E_BD/visualization_marker_traj] /cellulo_node_00_06_66_E7_8E_BD http://chiliPC:42419/
[rosmaster.master][INFO] 2019-03-18 17:19:03,942: -SUB [/cellulo_node_00_06_66_E7_8A_D6/setGoalVelocity] /cellulo_node_00_06_66_E7_8A_D6 http://chiliPC:43459/
[rosmaster.master][INFO] 2019-03-18 17:19:03,943: -SUB [/cellulo_node_00_06_66_D2_CF_7B/setLEDResponseMode] /cellulo_node_00_06_66_D2_CF_7B http://chiliPC:35505/
[rosmaster.master][INFO] 2019-03-18 17:19:03,944: -PUB [/tf] /cellulo_node_00_06_66_E7_8E_BD http://chiliPC:42419/
[rosmaster.master][INFO] 2019-03-18 17:19:03,945: -SUB [/cellulo_node_00_06_66_E7_8A_D6/reset] /cellulo_node_00_06_66_E7_8A_D6 http://chiliPC:43459/
[rosmaster.master][INFO] 2019-03-18 17:19:03,946: -SUB [/cellulo_node_00_06_66_D2_CF_7B/setGoalVelocity] /cellulo_node_00_06_66_D2_CF_7B http://chiliPC:35505/
[rosmaster.master][INFO] 2019-03-18 17:19:03,947: -SUB [/cellulo_node_00_06_66_E7_8E_BD/setVisualEffect] /cellulo_node_00_06_66_E7_8E_BD http://chiliPC:42419/
[rosmaster.master][INFO] 2019-03-18 17:19:03,948: -SUB [/cellulo_node_00_06_66_E7_8A_D6/clearTracking] /cellulo_node_00_06_66_E7_8A_D6 http://chiliPC:43459/
[rosmaster.master][INFO] 2019-03-18 17:19:03,949: -SUB [/cellulo_node_00_06_66_D2_CF_7B/reset] /cellulo_node_00_06_66_D2_CF_7B http://chiliPC:35505/
[rosmaster.master][INFO] 2019-03-18 17:19:03,950: -SUB [/cellulo_node_00_06_66_E7_8E_BD/setLEDResponseMode] /cellulo_node_00_06_66_E7_8E_BD http://chiliPC:42419/
[rosmaster.master][INFO] 2019-03-18 17:19:03,952: -SUB [/cellulo_node_00_06_66_E7_8A_D6/shutdown] /cellulo_node_00_06_66_E7_8A_D6 http://chiliPC:43459/
[rosmaster.master][INFO] 2019-03-18 17:19:03,953: -SUB [/cellulo_node_00_06_66_D2_CF_7B/clearTracking] /cellulo_node_00_06_66_D2_CF_7B http://chiliPC:35505/
[rosmaster.master][INFO] 2019-03-18 17:19:03,954: -SUB [/cellulo_node_00_06_66_E7_8E_BD/setGoalVelocity] /cellulo_node_00_06_66_E7_8E_BD http://chiliPC:42419/
[rosmaster.master][INFO] 2019-03-18 17:19:03,955: -SUB [/cellulo_node_00_06_66_E7_8A_D6/clearHapticFeedback] /cellulo_node_00_06_66_E7_8A_D6 http://chiliPC:43459/
[rosmaster.master][INFO] 2019-03-18 17:19:03,957: -SUB [/cellulo_node_00_06_66_D2_CF_7B/shutdown] /cellulo_node_00_06_66_D2_CF_7B http://chiliPC:35505/
[rosmaster.master][INFO] 2019-03-18 17:19:03,958: -SUB [/cellulo_node_00_06_66_E7_8E_BD/reset] /cellulo_node_00_06_66_E7_8E_BD http://chiliPC:42419/
[rosmaster.master][INFO] 2019-03-18 17:19:03,959: -SUB [/cellulo_node_00_06_66_E7_8A_D6/vibrateOnMotion] /cellulo_node_00_06_66_E7_8A_D6 http://chiliPC:43459/
[rosmaster.master][INFO] 2019-03-18 17:19:03,960: -SUB [/cellulo_node_00_06_66_D2_CF_7B/clearHapticFeedback] /cellulo_node_00_06_66_D2_CF_7B http://chiliPC:35505/
[rosmaster.master][INFO] 2019-03-18 17:19:03,962: -SUB [/cellulo_node_00_06_66_E7_8E_BD/clearTracking] /cellulo_node_00_06_66_E7_8E_BD http://chiliPC:42419/
[rosmaster.master][INFO] 2019-03-18 17:19:03,962: -SUB [/cellulo_node_00_06_66_E7_8A_D6/simpleVibrate] /cellulo_node_00_06_66_E7_8A_D6 http://chiliPC:43459/
[rosmaster.master][INFO] 2019-03-18 17:19:03,963: -SUB [/cellulo_node_00_06_66_D2_CF_7B/vibrateOnMotion] /cellulo_node_00_06_66_D2_CF_7B http://chiliPC:35505/
[rosmaster.master][INFO] 2019-03-18 17:19:03,965: -SUB [/cellulo_node_00_06_66_E7_8E_BD/shutdown] /cellulo_node_00_06_66_E7_8E_BD http://chiliPC:42419/
[rosmaster.master][INFO] 2019-03-18 17:19:03,966: -SUB [/cellulo_node_00_06_66_E7_8A_D6/setGestureEnabled] /cellulo_node_00_06_66_E7_8A_D6 http://chiliPC:43459/
[rosmaster.master][INFO] 2019-03-18 17:19:03,967: -SUB [/cellulo_node_00_06_66_D2_CF_7B/simpleVibrate] /cellulo_node_00_06_66_D2_CF_7B http://chiliPC:35505/
[rosmaster.master][INFO] 2019-03-18 17:19:03,968: -SUB [/cellulo_node_00_06_66_E7_8E_BD/clearHapticFeedback] /cellulo_node_00_06_66_E7_8E_BD http://chiliPC:42419/
[rosmaster.master][INFO] 2019-03-18 17:19:03,970: -SUB [/cellulo_node_00_06_66_E7_8A_D6/setCasualBackdriveAssistEnabled] /cellulo_node_00_06_66_E7_8A_D6 http://chiliPC:43459/
[rosmaster.master][INFO] 2019-03-18 17:19:03,971: -SUB [/cellulo_node_00_06_66_D2_CF_7B/setGestureEnabled] /cellulo_node_00_06_66_D2_CF_7B http://chiliPC:35505/
[rosmaster.master][INFO] 2019-03-18 17:19:03,972: -SUB [/cellulo_node_00_06_66_E7_8E_BD/vibrateOnMotion] /cellulo_node_00_06_66_E7_8E_BD http://chiliPC:42419/
[rosmaster.master][INFO] 2019-03-18 17:19:03,973: -SERVICE [/cellulo_node_00_06_66_E7_8A_D6/get_loggers] /cellulo_node_00_06_66_E7_8A_D6 rosrpc://chiliPC:45753
[rosmaster.master][INFO] 2019-03-18 17:19:03,974: -SUB [/cellulo_node_00_06_66_D2_CF_7B/setCasualBackdriveAssistEnabled] /cellulo_node_00_06_66_D2_CF_7B http://chiliPC:35505/
[rosmaster.master][INFO] 2019-03-18 17:19:03,976: -SUB [/cellulo_node_00_06_66_E7_8E_BD/simpleVibrate] /cellulo_node_00_06_66_E7_8E_BD http://chiliPC:42419/
[rosmaster.master][INFO] 2019-03-18 17:19:03,977: -SERVICE [/cellulo_node_00_06_66_E7_8A_D6/set_logger_level] /cellulo_node_00_06_66_E7_8A_D6 rosrpc://chiliPC:45753
[rosmaster.master][INFO] 2019-03-18 17:19:03,978: -SERVICE [/cellulo_node_00_06_66_D2_CF_7B/get_loggers] /cellulo_node_00_06_66_D2_CF_7B rosrpc://chiliPC:41077
[rosmaster.master][INFO] 2019-03-18 17:19:03,979: -SUB [/cellulo_node_00_06_66_E7_8E_BD/setGestureEnabled] /cellulo_node_00_06_66_E7_8E_BD http://chiliPC:42419/
[rosmaster.master][INFO] 2019-03-18 17:19:03,980: -SERVICE [/cellulo_node_00_06_66_E7_8A_D6/get_state] /cellulo_node_00_06_66_E7_8A_D6 rosrpc://chiliPC:45753
[rosmaster.master][INFO] 2019-03-18 17:19:03,981: -SERVICE [/cellulo_node_00_06_66_D2_CF_7B/set_logger_level] /cellulo_node_00_06_66_D2_CF_7B rosrpc://chiliPC:41077
[rosmaster.master][INFO] 2019-03-18 17:19:03,983: -SUB [/cellulo_node_00_06_66_E7_8E_BD/setCasualBackdriveAssistEnabled] /cellulo_node_00_06_66_E7_8E_BD http://chiliPC:42419/
[rosmaster.master][INFO] 2019-03-18 17:19:03,984: -SERVICE [/cellulo_node_00_06_66_D2_CF_7B/get_state] /cellulo_node_00_06_66_D2_CF_7B rosrpc://chiliPC:41077
[rosmaster.master][INFO] 2019-03-18 17:19:03,985: -SERVICE [/cellulo_node_00_06_66_E7_8E_BD/get_loggers] /cellulo_node_00_06_66_E7_8E_BD rosrpc://chiliPC:55311
[rosmaster.master][INFO] 2019-03-18 17:19:03,986: -SERVICE [/cellulo_node_00_06_66_E7_8E_BD/set_logger_level] /cellulo_node_00_06_66_E7_8E_BD rosrpc://chiliPC:55311
[rosmaster.master][INFO] 2019-03-18 17:19:03,987: -SERVICE [/cellulo_node_00_06_66_E7_8E_BD/get_state] /cellulo_node_00_06_66_E7_8E_BD rosrpc://chiliPC:55311
[rosmaster.master][INFO] 2019-03-18 17:19:04,288: -PUB [/rosout_agg] /rosout http://chiliPC:40623/
[rosmaster.master][INFO] 2019-03-18 17:19:04,289: -SUB [/rosout] /rosout http://chiliPC:40623/
[rosmaster.master][INFO] 2019-03-18 17:19:04,290: -SERVICE [/rosout/get_loggers] /rosout rosrpc://chiliPC:52781
[rosmaster.master][INFO] 2019-03-18 17:19:04,291: -SERVICE [/rosout/set_logger_level] /rosout rosrpc://chiliPC:52781
[rosmaster.main][INFO] 2019-03-18 17:19:04,309: keyboard interrupt, will exit
[rosmaster.main][INFO] 2019-03-18 17:19:04,309: stopping master...
[rospy.core][INFO] 2019-03-18 17:19:04,309: signal_shutdown [atexit]
