Failure at 1552924550.192937871
Exception thrown:"00_06_66_E7_8A_D6" passed to lookupTransform argument source_frame does not exist. 
The current list of frames is:
Frame paper_world exists with parent base_footprint.

Failure at 1552924550.193055643
Exception thrown:"00_06_66_E7_8A_D6" passed to lookupTransform argument source_frame does not exist. 
The current list of frames is:
Frame paper_world exists with parent base_footprint.

Failure at 1552924550.947608007
Exception thrown:"00_06_66_E7_8A_D6" passed to lookupTransform argument source_frame does not exist. 
The current list of frames is:
Frame paper_world exists with parent base_footprint.

Failure at 1552924551.947552742
Exception thrown:"00_06_66_E7_8A_D6" passed to lookupTransform argument source_frame does not exist. 
The current list of frames is:
Frame paper_world exists with parent base_footprint.

Failure at 1552924552.947624361
Exception thrown:"00_06_66_E7_8A_D6" passed to lookupTransform argument source_frame does not exist. 
The current list of frames is:
Frame paper_world exists with parent base_footprint.

Failure at 1552924553.947539521
Exception thrown:"00_06_66_E7_8A_D6" passed to lookupTransform argument source_frame does not exist. 
The current list of frames is:
Frame paper_world exists with parent base_footprint.

Failure at 1552924554.947555431
Exception thrown:"00_06_66_E7_8A_D6" passed to lookupTransform argument source_frame does not exist. 
The current list of frames is:
Frame paper_world exists with parent base_footprint.

Failure at 1552924555.947555560
Exception thrown:"00_06_66_E7_8A_D6" passed to lookupTransform argument source_frame does not exist. 
The current list of frames is:
Frame paper_world exists with parent base_footprint.

Failure at 1552924556.947590848
Exception thrown:"00_06_66_E7_8A_D6" passed to lookupTransform argument source_frame does not exist. 
The current list of frames is:
Frame paper_world exists with parent base_footprint.

Failure at 1552924557.947661195
Exception thrown:"00_06_66_E7_8A_D6" passed to lookupTransform argument source_frame does not exist. 
The current list of frames is:
Frame paper_world exists with parent base_footprint.

Failure at 1552924558.947561988
Exception thrown:"00_06_66_E7_8A_D6" passed to lookupTransform argument source_frame does not exist. 
The current list of frames is:
Frame paper_world exists with parent base_footprint.

Failure at 1552924559.947615870
Exception thrown:"00_06_66_E7_8A_D6" passed to lookupTransform argument source_frame does not exist. 
The current list of frames is:
Frame paper_world exists with parent base_footprint.

Failure at 1552924560.947581804
Exception thrown:"00_06_66_E7_8A_D6" passed to lookupTransform argument source_frame does not exist. 
The current list of frames is:
Frame paper_world exists with parent base_footprint.

Failure at 1552924561.947566569
Exception thrown:"00_06_66_E7_8A_D6" passed to lookupTransform argument source_frame does not exist. 
The current list of frames is:
Frame paper_world exists with parent base_footprint.

Failure at 1552924562.947569364
Exception thrown:"00_06_66_E7_8A_D6" passed to lookupTransform argument source_frame does not exist. 
The current list of frames is:
Frame paper_world exists with parent base_footprint.

Failure at 1552924563.947556759
Exception thrown:"00_06_66_E7_8A_D6" passed to lookupTransform argument source_frame does not exist. 
The current list of frames is:
Frame paper_world exists with parent base_footprint.
Frame 00_06_66_E7_8E_BD exists with parent paper_world.

Failure at 1552924564.947620970
Exception thrown:"00_06_66_E7_8A_D6" passed to lookupTransform argument source_frame does not exist. 
The current list of frames is:
Frame paper_world exists with parent base_footprint.
Frame 00_06_66_E7_8E_BD exists with parent paper_world.
Frame 00_06_66_E7_8E_58 exists with parent paper_world.
Frame 00_06_66_E7_8A_44 exists with parent paper_world.

Failure at 1552924565.947688573
Exception thrown:"00_06_66_E7_8A_D6" passed to lookupTransform argument source_frame does not exist. 
The current list of frames is:
Frame paper_world exists with parent base_footprint.
Frame 00_06_66_E7_8E_BD exists with parent paper_world.
Frame 00_06_66_E7_8E_58 exists with parent paper_world.
Frame 00_06_66_E7_8A_44 exists with parent paper_world.

Failure at 1552924566.947535444
Exception thrown:"00_06_66_E7_8A_D6" passed to lookupTransform argument source_frame does not exist. 
The current list of frames is:
Frame paper_world exists with parent base_footprint.
Frame 00_06_66_E7_8E_BD exists with parent paper_world.
Frame 00_06_66_E7_8E_58 exists with parent paper_world.
Frame 00_06_66_E7_8A_44 exists with parent paper_world.
Frame 00_06_66_74_41_1E exists with parent paper_world.

Failure at 1552924567.947523673
Exception thrown:"00_06_66_E7_8A_D6" passed to lookupTransform argument source_frame does not exist. 
The current list of frames is:
Frame paper_world exists with parent base_footprint.
Frame 00_06_66_E7_8E_BD exists with parent paper_world.
Frame 00_06_66_E7_8E_58 exists with parent paper_world.
Frame 00_06_66_E7_8A_44 exists with parent paper_world.
Frame 00_06_66_74_41_1E exists with parent paper_world.
Frame 00_06_66_D2_CF_7B exists with parent paper_world.

At time 1552924568.934
- Translation: [376.489, 387.807, 0.000]
- Rotation: in Quaternion [0.000, 0.000, 0.944, 0.330]
            in RPY (radian) [0.000, -0.000, 2.469]
            in RPY (degree) [0.000, -0.000, 141.460]
At time 1552924569.943
- Translation: [389.357, 396.672, 0.000]
- Rotation: in Quaternion [0.000, 0.000, 0.927, 0.376]
            in RPY (radian) [0.000, -0.000, 2.371]
            in RPY (degree) [0.000, -0.000, 135.870]
At time 1552924570.922
- Translation: [398.978, 401.818, 0.000]
- Rotation: in Quaternion [0.000, 0.000, 0.901, 0.433]
            in RPY (radian) [0.000, -0.000, 2.246]
            in RPY (degree) [0.000, -0.000, 128.690]
At time 1552924571.942
- Translation: [418.993, 409.499, 0.000]
- Rotation: in Quaternion [0.000, 0.000, 0.845, 0.535]
            in RPY (radian) [0.000, -0.000, 2.012]
            in RPY (degree) [0.000, -0.000, 115.280]
At time 1552924572.919
- Translation: [481.315, 464.322, 0.000]
- Rotation: in Quaternion [0.000, 0.000, 0.790, 0.614]
            in RPY (radian) [0.000, -0.000, 1.820]
            in RPY (degree) [0.000, -0.000, 104.300]
At time 1552924573.048
- Translation: [497.439, 476.123, 0.000]
- Rotation: in Quaternion [0.000, 0.000, 0.755, 0.655]
            in RPY (radian) [0.000, -0.000, 1.713]
            in RPY (degree) [0.000, -0.000, 98.130]
At time 1552924573.048
- Translation: [497.439, 476.123, 0.000]
- Rotation: in Quaternion [0.000, 0.000, 0.755, 0.655]
            in RPY (radian) [0.000, -0.000, 1.713]
            in RPY (degree) [0.000, -0.000, 98.130]
At time 1552924573.048
- Translation: [497.439, 476.123, 0.000]
- Rotation: in Quaternion [0.000, 0.000, 0.755, 0.655]
            in RPY (radian) [0.000, -0.000, 1.713]
            in RPY (degree) [0.000, -0.000, 98.130]
At time 1552924573.048
- Translation: [497.439, 476.123, 0.000]
- Rotation: in Quaternion [0.000, 0.000, 0.755, 0.655]
            in RPY (radian) [0.000, -0.000, 1.713]
            in RPY (degree) [0.000, -0.000, 98.130]
At time 1552924573.048
- Translation: [497.439, 476.123, 0.000]
- Rotation: in Quaternion [0.000, 0.000, 0.755, 0.655]
            in RPY (radian) [0.000, -0.000, 1.713]
            in RPY (degree) [0.000, -0.000, 98.130]
At time 1552924573.048
- Translation: [497.439, 476.123, 0.000]
- Rotation: in Quaternion [0.000, 0.000, 0.755, 0.655]
            in RPY (radian) [0.000, -0.000, 1.713]
            in RPY (degree) [0.000, -0.000, 98.130]
At time 1552924573.048
- Translation: [497.439, 476.123, 0.000]
- Rotation: in Quaternion [0.000, 0.000, 0.755, 0.655]
            in RPY (radian) [0.000, -0.000, 1.713]
            in RPY (degree) [0.000, -0.000, 98.130]
At time 1552924573.048
- Translation: [497.439, 476.123, 0.000]
- Rotation: in Quaternion [0.000, 0.000, 0.755, 0.655]
            in RPY (radian) [0.000, -0.000, 1.713]
            in RPY (degree) [0.000, -0.000, 98.130]
At time 1552924573.048
- Translation: [497.439, 476.123, 0.000]
- Rotation: in Quaternion [0.000, 0.000, 0.755, 0.655]
            in RPY (radian) [0.000, -0.000, 1.713]
            in RPY (degree) [0.000, -0.000, 98.130]
At time 1552924573.048
- Translation: [497.439, 476.123, 0.000]
- Rotation: in Quaternion [0.000, 0.000, 0.755, 0.655]
            in RPY (radian) [0.000, -0.000, 1.713]
            in RPY (degree) [0.000, -0.000, 98.130]
At time 1552924573.048
- Translation: [497.439, 476.123, 0.000]
- Rotation: in Quaternion [0.000, 0.000, 0.755, 0.655]
            in RPY (radian) [0.000, -0.000, 1.713]
            in RPY (degree) [0.000, -0.000, 98.130]
At time 1552924573.048
- Translation: [497.439, 476.123, 0.000]
- Rotation: in Quaternion [0.000, 0.000, 0.755, 0.655]
            in RPY (radian) [0.000, -0.000, 1.713]
            in RPY (degree) [0.000, -0.000, 98.130]
At time 1552924573.048
- Translation: [497.439, 476.123, 0.000]
- Rotation: in Quaternion [0.000, 0.000, 0.755, 0.655]
            in RPY (radian) [0.000, -0.000, 1.713]
            in RPY (degree) [0.000, -0.000, 98.130]
At time 1552924573.048
- Translation: [497.439, 476.123, 0.000]
- Rotation: in Quaternion [0.000, 0.000, 0.755, 0.655]
            in RPY (radian) [0.000, -0.000, 1.713]
            in RPY (degree) [0.000, -0.000, 98.130]
At time 1552924573.048
- Translation: [497.439, 476.123, 0.000]
- Rotation: in Quaternion [0.000, 0.000, 0.755, 0.655]
            in RPY (radian) [0.000, -0.000, 1.713]
            in RPY (degree) [0.000, -0.000, 98.130]
At time 1552924588.932
- Translation: [204.876, 233.314, 0.000]
- Rotation: in Quaternion [0.000, 0.000, 0.036, 0.999]
            in RPY (radian) [0.000, -0.000, 0.071]
            in RPY (degree) [0.000, -0.000, 4.070]
At time 1552924589.925
- Translation: [241.935, 269.154, 0.000]
- Rotation: in Quaternion [0.000, 0.000, -0.285, 0.959]
            in RPY (radian) [0.000, -0.000, -0.578]
            in RPY (degree) [0.000, -0.000, -33.120]
At time 1552924590.943
- Translation: [264.932, 254.198, 0.000]
- Rotation: in Quaternion [0.000, 0.000, -0.538, 0.843]
            in RPY (radian) [0.000, -0.000, -1.137]
            in RPY (degree) [0.000, -0.000, -65.130]
At time 1552924591.935
- Translation: [327.050, 218.623, 0.000]
- Rotation: in Quaternion [0.000, 0.000, -0.580, 0.815]
            in RPY (radian) [0.000, -0.000, -1.238]
            in RPY (degree) [0.000, -0.000, -70.910]
At time 1552924592.944
- Translation: [365.973, 190.449, 0.000]
- Rotation: in Quaternion [0.000, 0.000, -0.611, 0.792]
            in RPY (radian) [0.000, -0.000, -1.314]
            in RPY (degree) [0.000, -0.000, -75.290]
At time 1552924593.925
- Translation: [415.143, 193.497, 0.000]
- Rotation: in Quaternion [0.000, 0.000, 0.905, -0.425]
            in RPY (radian) [0.000, -0.000, -2.263]
            in RPY (degree) [0.000, -0.000, -129.640]
At time 1552924594.910
- Translation: [491.978, 195.260, 0.000]
- Rotation: in Quaternion [0.000, 0.000, 0.887, -0.461]
            in RPY (radian) [0.000, -0.000, -2.184]
            in RPY (degree) [0.000, -0.000, -125.110]
At time 1552924595.017
- Translation: [503.062, 196.433, 0.000]
- Rotation: in Quaternion [0.000, 0.000, 0.878, -0.479]
            in RPY (radian) [0.000, -0.000, -2.143]
            in RPY (degree) [0.000, -0.000, -122.760]
At time 1552924595.017
- Translation: [503.062, 196.433, 0.000]
- Rotation: in Quaternion [0.000, 0.000, 0.878, -0.479]
            in RPY (radian) [0.000, -0.000, -2.143]
            in RPY (degree) [0.000, -0.000, -122.760]
At time 1552924595.017
- Translation: [503.062, 196.433, 0.000]
- Rotation: in Quaternion [0.000, 0.000, 0.878, -0.479]
            in RPY (radian) [0.000, -0.000, -2.143]
            in RPY (degree) [0.000, -0.000, -122.760]
