Failure at 1552924550.215203180
Exception thrown:"00_06_66_E7_8E_58" passed to lookupTransform argument source_frame does not exist. 
The current list of frames is:
Frame paper_world exists with parent base_footprint.

Failure at 1552924550.215307361
Exception thrown:"00_06_66_E7_8E_58" passed to lookupTransform argument source_frame does not exist. 
The current list of frames is:
Frame paper_world exists with parent base_footprint.

Failure at 1552924550.965756117
Exception thrown:"00_06_66_E7_8E_58" passed to lookupTransform argument source_frame does not exist. 
The current list of frames is:
Frame paper_world exists with parent base_footprint.

Failure at 1552924551.965656635
Exception thrown:"00_06_66_E7_8E_58" passed to lookupTransform argument source_frame does not exist. 
The current list of frames is:
Frame paper_world exists with parent base_footprint.

Failure at 1552924552.965767072
Exception thrown:"00_06_66_E7_8E_58" passed to lookupTransform argument source_frame does not exist. 
The current list of frames is:
Frame paper_world exists with parent base_footprint.

Failure at 1552924553.965755832
Exception thrown:"00_06_66_E7_8E_58" passed to lookupTransform argument source_frame does not exist. 
The current list of frames is:
Frame paper_world exists with parent base_footprint.

Failure at 1552924554.965753915
Exception thrown:"00_06_66_E7_8E_58" passed to lookupTransform argument source_frame does not exist. 
The current list of frames is:
Frame paper_world exists with parent base_footprint.

Failure at 1552924555.965755103
Exception thrown:"00_06_66_E7_8E_58" passed to lookupTransform argument source_frame does not exist. 
The current list of frames is:
Frame paper_world exists with parent base_footprint.

Failure at 1552924556.965752619
Exception thrown:"00_06_66_E7_8E_58" passed to lookupTransform argument source_frame does not exist. 
The current list of frames is:
Frame paper_world exists with parent base_footprint.

Failure at 1552924557.965749318
Exception thrown:"00_06_66_E7_8E_58" passed to lookupTransform argument source_frame does not exist. 
The current list of frames is:
Frame paper_world exists with parent base_footprint.

Failure at 1552924558.965771912
Exception thrown:"00_06_66_E7_8E_58" passed to lookupTransform argument source_frame does not exist. 
The current list of frames is:
Frame paper_world exists with parent base_footprint.

Failure at 1552924559.965784801
Exception thrown:"00_06_66_E7_8E_58" passed to lookupTransform argument source_frame does not exist. 
The current list of frames is:
Frame paper_world exists with parent base_footprint.

Failure at 1552924560.965789734
Exception thrown:"00_06_66_E7_8E_58" passed to lookupTransform argument source_frame does not exist. 
The current list of frames is:
Frame paper_world exists with parent base_footprint.

Failure at 1552924561.965754480
Exception thrown:"00_06_66_E7_8E_58" passed to lookupTransform argument source_frame does not exist. 
The current list of frames is:
Frame paper_world exists with parent base_footprint.

Failure at 1552924562.965876431
Exception thrown:"00_06_66_E7_8E_58" passed to lookupTransform argument source_frame does not exist. 
The current list of frames is:
Frame paper_world exists with parent base_footprint.

Failure at 1552924563.965735670
Exception thrown:"00_06_66_E7_8E_58" passed to lookupTransform argument source_frame does not exist. 
The current list of frames is:
Frame paper_world exists with parent base_footprint.
Frame 00_06_66_E7_8E_BD exists with parent paper_world.

At time 1552924564.938
- Translation: [74.209, 336.520, 0.000]
- Rotation: in Quaternion [0.000, 0.000, -0.088, 0.996]
            in RPY (radian) [0.000, -0.000, -0.177]
            in RPY (degree) [0.000, -0.000, -10.120]
At time 1552924565.890
- Translation: [4.958, 368.071, 0.000]
- Rotation: in Quaternion [0.000, 0.000, 0.003, 1.000]
            in RPY (radian) [0.000, -0.000, 0.005]
            in RPY (degree) [0.000, -0.000, 0.300]
At time 1552924565.890
- Translation: [4.958, 368.071, 0.000]
- Rotation: in Quaternion [0.000, 0.000, 0.003, 1.000]
            in RPY (radian) [0.000, -0.000, 0.005]
            in RPY (degree) [0.000, -0.000, 0.300]
At time 1552924565.890
- Translation: [4.958, 368.071, 0.000]
- Rotation: in Quaternion [0.000, 0.000, 0.003, 1.000]
            in RPY (radian) [0.000, -0.000, 0.005]
            in RPY (degree) [0.000, -0.000, 0.300]
At time 1552924565.890
- Translation: [4.958, 368.071, 0.000]
- Rotation: in Quaternion [0.000, 0.000, 0.003, 1.000]
            in RPY (radian) [0.000, -0.000, 0.005]
            in RPY (degree) [0.000, -0.000, 0.300]
At time 1552924565.890
- Translation: [4.958, 368.071, 0.000]
- Rotation: in Quaternion [0.000, 0.000, 0.003, 1.000]
            in RPY (radian) [0.000, -0.000, 0.005]
            in RPY (degree) [0.000, -0.000, 0.300]
At time 1552924565.890
- Translation: [4.958, 368.071, 0.000]
- Rotation: in Quaternion [0.000, 0.000, 0.003, 1.000]
            in RPY (radian) [0.000, -0.000, 0.005]
            in RPY (degree) [0.000, -0.000, 0.300]
At time 1552924565.890
- Translation: [4.958, 368.071, 0.000]
- Rotation: in Quaternion [0.000, 0.000, 0.003, 1.000]
            in RPY (radian) [0.000, -0.000, 0.005]
            in RPY (degree) [0.000, -0.000, 0.300]
At time 1552924565.890
- Translation: [4.958, 368.071, 0.000]
- Rotation: in Quaternion [0.000, 0.000, 0.003, 1.000]
            in RPY (radian) [0.000, -0.000, 0.005]
            in RPY (degree) [0.000, -0.000, 0.300]
At time 1552924565.890
- Translation: [4.958, 368.071, 0.000]
- Rotation: in Quaternion [0.000, 0.000, 0.003, 1.000]
            in RPY (radian) [0.000, -0.000, 0.005]
            in RPY (degree) [0.000, -0.000, 0.300]
At time 1552924565.890
- Translation: [4.958, 368.071, 0.000]
- Rotation: in Quaternion [0.000, 0.000, 0.003, 1.000]
            in RPY (radian) [0.000, -0.000, 0.005]
            in RPY (degree) [0.000, -0.000, 0.300]
At time 1552924565.890
- Translation: [4.958, 368.071, 0.000]
- Rotation: in Quaternion [0.000, 0.000, 0.003, 1.000]
            in RPY (radian) [0.000, -0.000, 0.005]
            in RPY (degree) [0.000, -0.000, 0.300]
At time 1552924565.890
- Translation: [4.958, 368.071, 0.000]
- Rotation: in Quaternion [0.000, 0.000, 0.003, 1.000]
            in RPY (radian) [0.000, -0.000, 0.005]
            in RPY (degree) [0.000, -0.000, 0.300]
At time 1552924565.890
- Translation: [4.958, 368.071, 0.000]
- Rotation: in Quaternion [0.000, 0.000, 0.003, 1.000]
            in RPY (radian) [0.000, -0.000, 0.005]
            in RPY (degree) [0.000, -0.000, 0.300]
At time 1552924578.965
- Translation: [108.610, 363.200, 0.000]
- Rotation: in Quaternion [0.000, 0.000, 0.040, 0.999]
            in RPY (radian) [0.000, -0.000, 0.080]
            in RPY (degree) [0.000, -0.000, 4.610]
At time 1552924579.631
- Translation: [6.152, 379.852, 0.000]
- Rotation: in Quaternion [0.000, 0.000, 0.137, 0.991]
            in RPY (radian) [0.000, -0.000, 0.275]
            in RPY (degree) [0.000, -0.000, 15.760]
At time 1552924579.631
- Translation: [6.152, 379.852, 0.000]
- Rotation: in Quaternion [0.000, 0.000, 0.137, 0.991]
            in RPY (radian) [0.000, -0.000, 0.275]
            in RPY (degree) [0.000, -0.000, 15.760]
At time 1552924581.954
- Translation: [137.704, 216.103, 0.000]
- Rotation: in Quaternion [0.000, 0.000, 0.493, 0.870]
            in RPY (radian) [0.000, -0.000, 1.031]
            in RPY (degree) [0.000, -0.000, 59.100]
At time 1552924582.951
- Translation: [94.295, 230.805, 0.000]
- Rotation: in Quaternion [0.000, 0.000, 0.595, 0.804]
            in RPY (radian) [0.000, -0.000, 1.274]
            in RPY (degree) [0.000, -0.000, 72.980]
At time 1552924583.964
- Translation: [254.737, 357.297, 0.000]
- Rotation: in Quaternion [0.000, 0.000, 0.971, 0.238]
            in RPY (radian) [0.000, -0.000, 2.661]
            in RPY (degree) [0.000, -0.000, 152.460]
At time 1552924584.949
- Translation: [268.508, 346.238, 0.000]
- Rotation: in Quaternion [0.000, 0.000, 0.982, 0.188]
            in RPY (radian) [0.000, -0.000, 2.763]
            in RPY (degree) [0.000, -0.000, 158.330]
At time 1552924585.959
- Translation: [295.341, 305.603, 0.000]
- Rotation: in Quaternion [0.000, 0.000, 0.992, 0.128]
            in RPY (radian) [0.000, -0.000, 2.886]
            in RPY (degree) [0.000, -0.000, 165.340]
At time 1552924586.963
- Translation: [325.674, 307.218, 0.000]
- Rotation: in Quaternion [0.000, 0.000, 0.973, 0.230]
            in RPY (radian) [0.000, -0.000, 2.677]
            in RPY (degree) [0.000, -0.000, 153.380]
At time 1552924587.955
- Translation: [313.299, 285.333, 0.000]
- Rotation: in Quaternion [0.000, 0.000, 0.891, 0.453]
            in RPY (radian) [0.000, -0.000, 2.200]
            in RPY (degree) [0.000, -0.000, 126.070]
At time 1552924588.958
- Translation: [300.579, 249.260, 0.000]
- Rotation: in Quaternion [0.000, 0.000, 0.963, 0.271]
            in RPY (radian) [0.000, -0.000, 2.592]
            in RPY (degree) [0.000, -0.000, 148.520]
At time 1552924589.954
- Translation: [310.784, 228.326, 0.000]
- Rotation: in Quaternion [0.000, 0.000, 0.968, 0.251]
            in RPY (radian) [0.000, -0.000, 2.634]
            in RPY (degree) [0.000, -0.000, 150.890]
At time 1552924590.959
- Translation: [333.487, 206.771, 0.000]
- Rotation: in Quaternion [0.000, 0.000, 0.983, 0.181]
            in RPY (radian) [0.000, -0.000, 2.777]
            in RPY (degree) [0.000, -0.000, 159.110]
At time 1552924591.945
- Translation: [399.628, 186.329, 0.000]
- Rotation: in Quaternion [0.000, 0.000, 0.997, 0.082]
            in RPY (radian) [0.000, -0.000, 2.978]
            in RPY (degree) [0.000, -0.000, 170.650]
At time 1552924592.948
- Translation: [439.552, 150.307, 0.000]
- Rotation: in Quaternion [0.000, 0.000, 0.998, -0.056]
            in RPY (radian) [0.000, -0.000, -3.030]
            in RPY (degree) [0.000, -0.000, -173.600]
At time 1552924593.955
- Translation: [462.036, 131.592, 0.000]
- Rotation: in Quaternion [0.000, 0.000, 0.889, -0.458]
            in RPY (radian) [0.000, -0.000, -2.191]
            in RPY (degree) [0.000, -0.000, -125.540]
At time 1552924594.694
- Translation: [500.466, 129.423, 0.000]
- Rotation: in Quaternion [0.000, 0.000, 0.897, -0.441]
            in RPY (radian) [0.000, -0.000, -2.228]
            in RPY (degree) [0.000, -0.000, -127.650]
At time 1552924594.694
- Translation: [500.466, 129.423, 0.000]
- Rotation: in Quaternion [0.000, 0.000, 0.897, -0.441]
            in RPY (radian) [0.000, -0.000, -2.228]
            in RPY (degree) [0.000, -0.000, -127.650]
At time 1552924594.694
- Translation: [500.466, 129.423, 0.000]
- Rotation: in Quaternion [0.000, 0.000, 0.897, -0.441]
            in RPY (radian) [0.000, -0.000, -2.228]
            in RPY (degree) [0.000, -0.000, -127.650]
At time 1552924594.694
- Translation: [500.466, 129.423, 0.000]
- Rotation: in Quaternion [0.000, 0.000, 0.897, -0.441]
            in RPY (radian) [0.000, -0.000, -2.228]
            in RPY (degree) [0.000, -0.000, -127.650]
