[  1%] [34m[1mAutomatic MOC for target ros_cellulo_core[0m
[  1%] Built target geometry_msgs_generate_messages_py
[  1%] Built target std_msgs_generate_messages_py
[  1%] Built target _ros_cellulo_generate_messages_check_deps_cellulo_simpleVibrate
[  1%] Built target _ros_cellulo_generate_messages_check_deps_cellulo_vibrateOnMotion
[  1%] Built target _ros_cellulo_generate_messages_check_deps_cellulo_coord
[  1%] Built target ros_cellulo_core_autogen
[  1%] Built target _ros_cellulo_generate_messages_check_deps_CelluloState
[  1%] Built target geometry_msgs_generate_messages_eus
[  1%] Built target _ros_cellulo_generate_messages_check_deps_cellulo_visual_effect
[  1%] Built target std_msgs_generate_messages_eus
[  1%] Built target geometry_msgs_generate_messages_cpp
[  1%] Built target std_msgs_generate_messages_cpp
[  1%] Built target geometry_msgs_generate_messages_lisp
[  1%] Built target std_msgs_generate_messages_lisp
[  1%] Built target _ros_cellulo_generate_messages_check_deps_cellulo_touch_key
[  1%] Built target std_msgs_generate_messages_nodejs
[  1%] Built target _ros_cellulo_generate_messages_check_deps_cellulo_pose_velocity
[  1%] Built target geometry_msgs_generate_messages_nodejs
[  1%] Built target _ros_cellulo_generate_messages_check_deps_cellulo_kidnapped_msg
[  8%] Built target ros_cellulo_generate_messages_cpp
[ 18%] Built target ros_cellulo_generate_messages_eus
[ 25%] Built target ros_cellulo_generate_messages_lisp
[ 37%] Built target ros_cellulo_generate_messages_nodejs
[ 42%] Built target ros_cellulo_generate_messages_py
[ 42%] Built target ros_cellulo_generate_messages
[ 94%] Built target ros_cellulo_core
[ 95%] [34m[1mAutomatic MOC for target ros_cellulo[0m
[ 95%] Built target ros_cellulo_autogen
[100%] Built target ros_cellulo
