Linked: (/home/tprobotics/Documents/PROJECTS/catkin_ws/devel/.private/ros_cellulo/include/ros_cellulo/cellulo_vibrateOnMotion.h, /home/tprobotics/Documents/PROJECTS/catkin_ws/devel/include/ros_cellulo/cellulo_vibrateOnMotion.h)
Linked: (/home/tprobotics/Documents/PROJECTS/catkin_ws/devel/.private/ros_cellulo/include/ros_cellulo/cellulo_pose_velocity.h, /home/tprobotics/Documents/PROJECTS/catkin_ws/devel/include/ros_cellulo/cellulo_pose_velocity.h)
Linked: (/home/tprobotics/Documents/PROJECTS/catkin_ws/devel/.private/ros_cellulo/include/ros_cellulo/CelluloStateRequest.h, /home/tprobotics/Documents/PROJECTS/catkin_ws/devel/include/ros_cellulo/CelluloStateRequest.h)
Linked: (/home/tprobotics/Documents/PROJECTS/catkin_ws/devel/.private/ros_cellulo/include/ros_cellulo/CelluloState.h, /home/tprobotics/Documents/PROJECTS/catkin_ws/devel/include/ros_cellulo/CelluloState.h)
Linked: (/home/tprobotics/Documents/PROJECTS/catkin_ws/devel/.private/ros_cellulo/include/ros_cellulo/CelluloStateResponse.h, /home/tprobotics/Documents/PROJECTS/catkin_ws/devel/include/ros_cellulo/CelluloStateResponse.h)
Linked: (/home/tprobotics/Documents/PROJECTS/catkin_ws/devel/.private/ros_cellulo/include/ros_cellulo/cellulo_visual_effect.h, /home/tprobotics/Documents/PROJECTS/catkin_ws/devel/include/ros_cellulo/cellulo_visual_effect.h)
Linked: (/home/tprobotics/Documents/PROJECTS/catkin_ws/devel/.private/ros_cellulo/include/ros_cellulo/cellulo_coord.h, /home/tprobotics/Documents/PROJECTS/catkin_ws/devel/include/ros_cellulo/cellulo_coord.h)
Linked: (/home/tprobotics/Documents/PROJECTS/catkin_ws/devel/.private/ros_cellulo/include/ros_cellulo/cellulo_kidnapped_msg.h, /home/tprobotics/Documents/PROJECTS/catkin_ws/devel/include/ros_cellulo/cellulo_kidnapped_msg.h)
Linked: (/home/tprobotics/Documents/PROJECTS/catkin_ws/devel/.private/ros_cellulo/include/ros_cellulo/cellulo_touch_key.h, /home/tprobotics/Documents/PROJECTS/catkin_ws/devel/include/ros_cellulo/cellulo_touch_key.h)
Linked: (/home/tprobotics/Documents/PROJECTS/catkin_ws/devel/.private/ros_cellulo/include/ros_cellulo/cellulo_simpleVibrate.h, /home/tprobotics/Documents/PROJECTS/catkin_ws/devel/include/ros_cellulo/cellulo_simpleVibrate.h)
Linked: (/home/tprobotics/Documents/PROJECTS/catkin_ws/devel/.private/ros_cellulo/share/gennodejs/ros/ros_cellulo/_index.js, /home/tprobotics/Documents/PROJECTS/catkin_ws/devel/share/gennodejs/ros/ros_cellulo/_index.js)
Linked: (/home/tprobotics/Documents/PROJECTS/catkin_ws/devel/.private/ros_cellulo/share/gennodejs/ros/ros_cellulo/srv/CelluloState.js, /home/tprobotics/Documents/PROJECTS/catkin_ws/devel/share/gennodejs/ros/ros_cellulo/srv/CelluloState.js)
Linked: (/home/tprobotics/Documents/PROJECTS/catkin_ws/devel/.private/ros_cellulo/share/gennodejs/ros/ros_cellulo/srv/_index.js, /home/tprobotics/Documents/PROJECTS/catkin_ws/devel/share/gennodejs/ros/ros_cellulo/srv/_index.js)
Linked: (/home/tprobotics/Documents/PROJECTS/catkin_ws/devel/.private/ros_cellulo/share/gennodejs/ros/ros_cellulo/msg/cellulo_coord.js, /home/tprobotics/Documents/PROJECTS/catkin_ws/devel/share/gennodejs/ros/ros_cellulo/msg/cellulo_coord.js)
Linked: (/home/tprobotics/Documents/PROJECTS/catkin_ws/devel/.private/ros_cellulo/share/gennodejs/ros/ros_cellulo/msg/cellulo_visual_effect.js, /home/tprobotics/Documents/PROJECTS/catkin_ws/devel/share/gennodejs/ros/ros_cellulo/msg/cellulo_visual_effect.js)
Linked: (/home/tprobotics/Documents/PROJECTS/catkin_ws/devel/.private/ros_cellulo/share/gennodejs/ros/ros_cellulo/msg/cellulo_simpleVibrate.js, /home/tprobotics/Documents/PROJECTS/catkin_ws/devel/share/gennodejs/ros/ros_cellulo/msg/cellulo_simpleVibrate.js)
Linked: (/home/tprobotics/Documents/PROJECTS/catkin_ws/devel/.private/ros_cellulo/share/gennodejs/ros/ros_cellulo/msg/cellulo_touch_key.js, /home/tprobotics/Documents/PROJECTS/catkin_ws/devel/share/gennodejs/ros/ros_cellulo/msg/cellulo_touch_key.js)
Linked: (/home/tprobotics/Documents/PROJECTS/catkin_ws/devel/.private/ros_cellulo/share/gennodejs/ros/ros_cellulo/msg/cellulo_kidnapped_msg.js, /home/tprobotics/Documents/PROJECTS/catkin_ws/devel/share/gennodejs/ros/ros_cellulo/msg/cellulo_kidnapped_msg.js)
Linked: (/home/tprobotics/Documents/PROJECTS/catkin_ws/devel/.private/ros_cellulo/share/gennodejs/ros/ros_cellulo/msg/cellulo_vibrateOnMotion.js, /home/tprobotics/Documents/PROJECTS/catkin_ws/devel/share/gennodejs/ros/ros_cellulo/msg/cellulo_vibrateOnMotion.js)
Linked: (/home/tprobotics/Documents/PROJECTS/catkin_ws/devel/.private/ros_cellulo/share/gennodejs/ros/ros_cellulo/msg/cellulo_pose_velocity.js, /home/tprobotics/Documents/PROJECTS/catkin_ws/devel/share/gennodejs/ros/ros_cellulo/msg/cellulo_pose_velocity.js)
Linked: (/home/tprobotics/Documents/PROJECTS/catkin_ws/devel/.private/ros_cellulo/share/gennodejs/ros/ros_cellulo/msg/_index.js, /home/tprobotics/Documents/PROJECTS/catkin_ws/devel/share/gennodejs/ros/ros_cellulo/msg/_index.js)
Linked: (/home/tprobotics/Documents/PROJECTS/catkin_ws/devel/.private/ros_cellulo/share/roseus/ros/ros_cellulo/manifest.l, /home/tprobotics/Documents/PROJECTS/catkin_ws/devel/share/roseus/ros/ros_cellulo/manifest.l)
Linked: (/home/tprobotics/Documents/PROJECTS/catkin_ws/devel/.private/ros_cellulo/share/roseus/ros/ros_cellulo/srv/CelluloState.l, /home/tprobotics/Documents/PROJECTS/catkin_ws/devel/share/roseus/ros/ros_cellulo/srv/CelluloState.l)
Linked: (/home/tprobotics/Documents/PROJECTS/catkin_ws/devel/.private/ros_cellulo/share/roseus/ros/ros_cellulo/msg/cellulo_coord.l, /home/tprobotics/Documents/PROJECTS/catkin_ws/devel/share/roseus/ros/ros_cellulo/msg/cellulo_coord.l)
Linked: (/home/tprobotics/Documents/PROJECTS/catkin_ws/devel/.private/ros_cellulo/share/roseus/ros/ros_cellulo/msg/cellulo_pose_velocity.l, /home/tprobotics/Documents/PROJECTS/catkin_ws/devel/share/roseus/ros/ros_cellulo/msg/cellulo_pose_velocity.l)
Linked: (/home/tprobotics/Documents/PROJECTS/catkin_ws/devel/.private/ros_cellulo/share/roseus/ros/ros_cellulo/msg/cellulo_touch_key.l, /home/tprobotics/Documents/PROJECTS/catkin_ws/devel/share/roseus/ros/ros_cellulo/msg/cellulo_touch_key.l)
Linked: (/home/tprobotics/Documents/PROJECTS/catkin_ws/devel/.private/ros_cellulo/share/roseus/ros/ros_cellulo/msg/cellulo_visual_effect.l, /home/tprobotics/Documents/PROJECTS/catkin_ws/devel/share/roseus/ros/ros_cellulo/msg/cellulo_visual_effect.l)
Linked: (/home/tprobotics/Documents/PROJECTS/catkin_ws/devel/.private/ros_cellulo/share/roseus/ros/ros_cellulo/msg/cellulo_vibrateOnMotion.l, /home/tprobotics/Documents/PROJECTS/catkin_ws/devel/share/roseus/ros/ros_cellulo/msg/cellulo_vibrateOnMotion.l)
Linked: (/home/tprobotics/Documents/PROJECTS/catkin_ws/devel/.private/ros_cellulo/share/roseus/ros/ros_cellulo/msg/cellulo_kidnapped_msg.l, /home/tprobotics/Documents/PROJECTS/catkin_ws/devel/share/roseus/ros/ros_cellulo/msg/cellulo_kidnapped_msg.l)
Linked: (/home/tprobotics/Documents/PROJECTS/catkin_ws/devel/.private/ros_cellulo/share/roseus/ros/ros_cellulo/msg/cellulo_simpleVibrate.l, /home/tprobotics/Documents/PROJECTS/catkin_ws/devel/share/roseus/ros/ros_cellulo/msg/cellulo_simpleVibrate.l)
Linked: (/home/tprobotics/Documents/PROJECTS/catkin_ws/devel/.private/ros_cellulo/share/common-lisp/ros/ros_cellulo/srv/_package_CelluloState.lisp, /home/tprobotics/Documents/PROJECTS/catkin_ws/devel/share/common-lisp/ros/ros_cellulo/srv/_package_CelluloState.lisp)
Linked: (/home/tprobotics/Documents/PROJECTS/catkin_ws/devel/.private/ros_cellulo/share/common-lisp/ros/ros_cellulo/srv/_package.lisp, /home/tprobotics/Documents/PROJECTS/catkin_ws/devel/share/common-lisp/ros/ros_cellulo/srv/_package.lisp)
Linked: (/home/tprobotics/Documents/PROJECTS/catkin_ws/devel/.private/ros_cellulo/share/common-lisp/ros/ros_cellulo/srv/ros_cellulo-srv.asd, /home/tprobotics/Documents/PROJECTS/catkin_ws/devel/share/common-lisp/ros/ros_cellulo/srv/ros_cellulo-srv.asd)
Linked: (/home/tprobotics/Documents/PROJECTS/catkin_ws/devel/.private/ros_cellulo/share/common-lisp/ros/ros_cellulo/srv/CelluloState.lisp, /home/tprobotics/Documents/PROJECTS/catkin_ws/devel/share/common-lisp/ros/ros_cellulo/srv/CelluloState.lisp)
Linked: (/home/tprobotics/Documents/PROJECTS/catkin_ws/devel/.private/ros_cellulo/share/common-lisp/ros/ros_cellulo/msg/_package_cellulo_vibrateOnMotion.lisp, /home/tprobotics/Documents/PROJECTS/catkin_ws/devel/share/common-lisp/ros/ros_cellulo/msg/_package_cellulo_vibrateOnMotion.lisp)
Linked: (/home/tprobotics/Documents/PROJECTS/catkin_ws/devel/.private/ros_cellulo/share/common-lisp/ros/ros_cellulo/msg/ros_cellulo-msg.asd, /home/tprobotics/Documents/PROJECTS/catkin_ws/devel/share/common-lisp/ros/ros_cellulo/msg/ros_cellulo-msg.asd)
Linked: (/home/tprobotics/Documents/PROJECTS/catkin_ws/devel/.private/ros_cellulo/share/common-lisp/ros/ros_cellulo/msg/cellulo_vibrateOnMotion.lisp, /home/tprobotics/Documents/PROJECTS/catkin_ws/devel/share/common-lisp/ros/ros_cellulo/msg/cellulo_vibrateOnMotion.lisp)
Linked: (/home/tprobotics/Documents/PROJECTS/catkin_ws/devel/.private/ros_cellulo/share/common-lisp/ros/ros_cellulo/msg/_package_cellulo_coord.lisp, /home/tprobotics/Documents/PROJECTS/catkin_ws/devel/share/common-lisp/ros/ros_cellulo/msg/_package_cellulo_coord.lisp)
Linked: (/home/tprobotics/Documents/PROJECTS/catkin_ws/devel/.private/ros_cellulo/share/common-lisp/ros/ros_cellulo/msg/cellulo_pose_velocity.lisp, /home/tprobotics/Documents/PROJECTS/catkin_ws/devel/share/common-lisp/ros/ros_cellulo/msg/cellulo_pose_velocity.lisp)
Linked: (/home/tprobotics/Documents/PROJECTS/catkin_ws/devel/.private/ros_cellulo/share/common-lisp/ros/ros_cellulo/msg/_package_cellulo_pose_velocity.lisp, /home/tprobotics/Documents/PROJECTS/catkin_ws/devel/share/common-lisp/ros/ros_cellulo/msg/_package_cellulo_pose_velocity.lisp)
Linked: (/home/tprobotics/Documents/PROJECTS/catkin_ws/devel/.private/ros_cellulo/share/common-lisp/ros/ros_cellulo/msg/_package_cellulo_visual_effect.lisp, /home/tprobotics/Documents/PROJECTS/catkin_ws/devel/share/common-lisp/ros/ros_cellulo/msg/_package_cellulo_visual_effect.lisp)
Linked: (/home/tprobotics/Documents/PROJECTS/catkin_ws/devel/.private/ros_cellulo/share/common-lisp/ros/ros_cellulo/msg/_package_cellulo_kidnapped_msg.lisp, /home/tprobotics/Documents/PROJECTS/catkin_ws/devel/share/common-lisp/ros/ros_cellulo/msg/_package_cellulo_kidnapped_msg.lisp)
Linked: (/home/tprobotics/Documents/PROJECTS/catkin_ws/devel/.private/ros_cellulo/share/common-lisp/ros/ros_cellulo/msg/cellulo_coord.lisp, /home/tprobotics/Documents/PROJECTS/catkin_ws/devel/share/common-lisp/ros/ros_cellulo/msg/cellulo_coord.lisp)
Linked: (/home/tprobotics/Documents/PROJECTS/catkin_ws/devel/.private/ros_cellulo/share/common-lisp/ros/ros_cellulo/msg/cellulo_visual_effect.lisp, /home/tprobotics/Documents/PROJECTS/catkin_ws/devel/share/common-lisp/ros/ros_cellulo/msg/cellulo_visual_effect.lisp)
Linked: (/home/tprobotics/Documents/PROJECTS/catkin_ws/devel/.private/ros_cellulo/share/common-lisp/ros/ros_cellulo/msg/_package.lisp, /home/tprobotics/Documents/PROJECTS/catkin_ws/devel/share/common-lisp/ros/ros_cellulo/msg/_package.lisp)
Linked: (/home/tprobotics/Documents/PROJECTS/catkin_ws/devel/.private/ros_cellulo/share/common-lisp/ros/ros_cellulo/msg/cellulo_simpleVibrate.lisp, /home/tprobotics/Documents/PROJECTS/catkin_ws/devel/share/common-lisp/ros/ros_cellulo/msg/cellulo_simpleVibrate.lisp)
Linked: (/home/tprobotics/Documents/PROJECTS/catkin_ws/devel/.private/ros_cellulo/share/common-lisp/ros/ros_cellulo/msg/cellulo_touch_key.lisp, /home/tprobotics/Documents/PROJECTS/catkin_ws/devel/share/common-lisp/ros/ros_cellulo/msg/cellulo_touch_key.lisp)
Linked: (/home/tprobotics/Documents/PROJECTS/catkin_ws/devel/.private/ros_cellulo/share/common-lisp/ros/ros_cellulo/msg/cellulo_kidnapped_msg.lisp, /home/tprobotics/Documents/PROJECTS/catkin_ws/devel/share/common-lisp/ros/ros_cellulo/msg/cellulo_kidnapped_msg.lisp)
Linked: (/home/tprobotics/Documents/PROJECTS/catkin_ws/devel/.private/ros_cellulo/share/common-lisp/ros/ros_cellulo/msg/_package_cellulo_touch_key.lisp, /home/tprobotics/Documents/PROJECTS/catkin_ws/devel/share/common-lisp/ros/ros_cellulo/msg/_package_cellulo_touch_key.lisp)
Linked: (/home/tprobotics/Documents/PROJECTS/catkin_ws/devel/.private/ros_cellulo/share/common-lisp/ros/ros_cellulo/msg/_package_cellulo_simpleVibrate.lisp, /home/tprobotics/Documents/PROJECTS/catkin_ws/devel/share/common-lisp/ros/ros_cellulo/msg/_package_cellulo_simpleVibrate.lisp)
Linked: (/home/tprobotics/Documents/PROJECTS/catkin_ws/devel/.private/ros_cellulo/share/ros_cellulo/cmake/ros_cellulo-msg-extras.cmake, /home/tprobotics/Documents/PROJECTS/catkin_ws/devel/share/ros_cellulo/cmake/ros_cellulo-msg-extras.cmake)
Linked: (/home/tprobotics/Documents/PROJECTS/catkin_ws/devel/.private/ros_cellulo/share/ros_cellulo/cmake/ros_celluloConfig-version.cmake, /home/tprobotics/Documents/PROJECTS/catkin_ws/devel/share/ros_cellulo/cmake/ros_celluloConfig-version.cmake)
Linked: (/home/tprobotics/Documents/PROJECTS/catkin_ws/devel/.private/ros_cellulo/share/ros_cellulo/cmake/ros_cellulo-msg-paths.cmake, /home/tprobotics/Documents/PROJECTS/catkin_ws/devel/share/ros_cellulo/cmake/ros_cellulo-msg-paths.cmake)
Linked: (/home/tprobotics/Documents/PROJECTS/catkin_ws/devel/.private/ros_cellulo/share/ros_cellulo/cmake/ros_celluloConfig.cmake, /home/tprobotics/Documents/PROJECTS/catkin_ws/devel/share/ros_cellulo/cmake/ros_celluloConfig.cmake)
Linked: (/home/tprobotics/Documents/PROJECTS/catkin_ws/devel/.private/ros_cellulo/lib/libros_cellulo_core.so, /home/tprobotics/Documents/PROJECTS/catkin_ws/devel/lib/libros_cellulo_core.so)
Linked: (/home/tprobotics/Documents/PROJECTS/catkin_ws/devel/.private/ros_cellulo/lib/python2.7/dist-packages/ros_cellulo/__init__.py, /home/tprobotics/Documents/PROJECTS/catkin_ws/devel/lib/python2.7/dist-packages/ros_cellulo/__init__.py)
Linked: (/home/tprobotics/Documents/PROJECTS/catkin_ws/devel/.private/ros_cellulo/lib/python2.7/dist-packages/ros_cellulo/srv/__init__.py, /home/tprobotics/Documents/PROJECTS/catkin_ws/devel/lib/python2.7/dist-packages/ros_cellulo/srv/__init__.py)
Linked: (/home/tprobotics/Documents/PROJECTS/catkin_ws/devel/.private/ros_cellulo/lib/python2.7/dist-packages/ros_cellulo/srv/_CelluloState.py, /home/tprobotics/Documents/PROJECTS/catkin_ws/devel/lib/python2.7/dist-packages/ros_cellulo/srv/_CelluloState.py)
Linked: (/home/tprobotics/Documents/PROJECTS/catkin_ws/devel/.private/ros_cellulo/lib/python2.7/dist-packages/ros_cellulo/msg/_cellulo_vibrateOnMotion.py, /home/tprobotics/Documents/PROJECTS/catkin_ws/devel/lib/python2.7/dist-packages/ros_cellulo/msg/_cellulo_vibrateOnMotion.py)
Linked: (/home/tprobotics/Documents/PROJECTS/catkin_ws/devel/.private/ros_cellulo/lib/python2.7/dist-packages/ros_cellulo/msg/__init__.py, /home/tprobotics/Documents/PROJECTS/catkin_ws/devel/lib/python2.7/dist-packages/ros_cellulo/msg/__init__.py)
Linked: (/home/tprobotics/Documents/PROJECTS/catkin_ws/devel/.private/ros_cellulo/lib/python2.7/dist-packages/ros_cellulo/msg/_cellulo_pose_velocity.py, /home/tprobotics/Documents/PROJECTS/catkin_ws/devel/lib/python2.7/dist-packages/ros_cellulo/msg/_cellulo_pose_velocity.py)
Linked: (/home/tprobotics/Documents/PROJECTS/catkin_ws/devel/.private/ros_cellulo/lib/python2.7/dist-packages/ros_cellulo/msg/_cellulo_kidnapped_msg.py, /home/tprobotics/Documents/PROJECTS/catkin_ws/devel/lib/python2.7/dist-packages/ros_cellulo/msg/_cellulo_kidnapped_msg.py)
Linked: (/home/tprobotics/Documents/PROJECTS/catkin_ws/devel/.private/ros_cellulo/lib/python2.7/dist-packages/ros_cellulo/msg/_cellulo_touch_key.py, /home/tprobotics/Documents/PROJECTS/catkin_ws/devel/lib/python2.7/dist-packages/ros_cellulo/msg/_cellulo_touch_key.py)
Linked: (/home/tprobotics/Documents/PROJECTS/catkin_ws/devel/.private/ros_cellulo/lib/python2.7/dist-packages/ros_cellulo/msg/_cellulo_simpleVibrate.py, /home/tprobotics/Documents/PROJECTS/catkin_ws/devel/lib/python2.7/dist-packages/ros_cellulo/msg/_cellulo_simpleVibrate.py)
Linked: (/home/tprobotics/Documents/PROJECTS/catkin_ws/devel/.private/ros_cellulo/lib/python2.7/dist-packages/ros_cellulo/msg/_cellulo_visual_effect.py, /home/tprobotics/Documents/PROJECTS/catkin_ws/devel/lib/python2.7/dist-packages/ros_cellulo/msg/_cellulo_visual_effect.py)
Linked: (/home/tprobotics/Documents/PROJECTS/catkin_ws/devel/.private/ros_cellulo/lib/python2.7/dist-packages/ros_cellulo/msg/_cellulo_coord.py, /home/tprobotics/Documents/PROJECTS/catkin_ws/devel/lib/python2.7/dist-packages/ros_cellulo/msg/_cellulo_coord.py)
Linked: (/home/tprobotics/Documents/PROJECTS/catkin_ws/devel/.private/ros_cellulo/lib/pkgconfig/ros_cellulo.pc, /home/tprobotics/Documents/PROJECTS/catkin_ws/devel/lib/pkgconfig/ros_cellulo.pc)
Linked: (/home/tprobotics/Documents/PROJECTS/catkin_ws/devel/.private/ros_cellulo/lib/ros_cellulo/ros_cellulo, /home/tprobotics/Documents/PROJECTS/catkin_ws/devel/lib/ros_cellulo/ros_cellulo)
