Failure at 1552922880.877578218
Exception thrown:"00_06_66_E7_8A_D6" passed to lookupTransform argument source_frame does not exist. 
The current list of frames is:
Frame paper_world exists with parent base_footprint.

Failure at 1552922880.877752619
Exception thrown:"00_06_66_E7_8A_D6" passed to lookupTransform argument source_frame does not exist. 
The current list of frames is:
Frame paper_world exists with parent base_footprint.

Failure at 1552922881.626973339
Exception thrown:"00_06_66_E7_8A_D6" passed to lookupTransform argument source_frame does not exist. 
The current list of frames is:
Frame paper_world exists with parent base_footprint.

Failure at 1552922882.626906092
Exception thrown:"00_06_66_E7_8A_D6" passed to lookupTransform argument source_frame does not exist. 
The current list of frames is:
Frame paper_world exists with parent base_footprint.

Failure at 1552922883.626982102
Exception thrown:"00_06_66_E7_8A_D6" passed to lookupTransform argument source_frame does not exist. 
The current list of frames is:
Frame paper_world exists with parent base_footprint.

Failure at 1552922884.626938180
Exception thrown:"00_06_66_E7_8A_D6" passed to lookupTransform argument source_frame does not exist. 
The current list of frames is:
Frame paper_world exists with parent base_footprint.

Failure at 1552922885.627016683
Exception thrown:"00_06_66_E7_8A_D6" passed to lookupTransform argument source_frame does not exist. 
The current list of frames is:
Frame paper_world exists with parent base_footprint.

Failure at 1552922886.626973413
Exception thrown:"00_06_66_E7_8A_D6" passed to lookupTransform argument source_frame does not exist. 
The current list of frames is:
Frame paper_world exists with parent base_footprint.

Failure at 1552922887.626963652
Exception thrown:"00_06_66_E7_8A_D6" passed to lookupTransform argument source_frame does not exist. 
The current list of frames is:
Frame paper_world exists with parent base_footprint.

Failure at 1552922888.627087754
Exception thrown:"00_06_66_E7_8A_D6" passed to lookupTransform argument source_frame does not exist. 
The current list of frames is:
Frame paper_world exists with parent base_footprint.

Failure at 1552922889.626902400
Exception thrown:"00_06_66_E7_8A_D6" passed to lookupTransform argument source_frame does not exist. 
The current list of frames is:
Frame paper_world exists with parent base_footprint.

Failure at 1552922890.627004038
Exception thrown:"00_06_66_E7_8A_D6" passed to lookupTransform argument source_frame does not exist. 
The current list of frames is:
Frame paper_world exists with parent base_footprint.

Failure at 1552922891.626960988
Exception thrown:"00_06_66_E7_8A_D6" passed to lookupTransform argument source_frame does not exist. 
The current list of frames is:
Frame paper_world exists with parent base_footprint.

Failure at 1552922892.626968907
Exception thrown:"00_06_66_E7_8A_D6" passed to lookupTransform argument source_frame does not exist. 
The current list of frames is:
Frame paper_world exists with parent base_footprint.

Failure at 1552922893.626916398
Exception thrown:"00_06_66_E7_8A_D6" passed to lookupTransform argument source_frame does not exist. 
The current list of frames is:
Frame paper_world exists with parent base_footprint.
Frame 00_06_66_E7_8E_BD exists with parent paper_world.

Failure at 1552922894.627020330
Exception thrown:"00_06_66_E7_8A_D6" passed to lookupTransform argument source_frame does not exist. 
The current list of frames is:
Frame paper_world exists with parent base_footprint.
Frame 00_06_66_E7_8E_BD exists with parent paper_world.

Failure at 1552922895.626998381
Exception thrown:"00_06_66_E7_8A_D6" passed to lookupTransform argument source_frame does not exist. 
The current list of frames is:
Frame paper_world exists with parent base_footprint.
Frame 00_06_66_E7_8E_BD exists with parent paper_world.

Failure at 1552922896.626961065
Exception thrown:"00_06_66_E7_8A_D6" passed to lookupTransform argument source_frame does not exist. 
The current list of frames is:
Frame paper_world exists with parent base_footprint.
Frame 00_06_66_E7_8E_BD exists with parent paper_world.

Failure at 1552922897.626931478
Exception thrown:"00_06_66_E7_8A_D6" passed to lookupTransform argument source_frame does not exist. 
The current list of frames is:
Frame paper_world exists with parent base_footprint.
Frame 00_06_66_E7_8E_BD exists with parent paper_world.
Frame 00_06_66_E7_8E_58 exists with parent paper_world.

At time 1552922898.554
- Translation: [145.451, 102.880, 0.000]
- Rotation: in Quaternion [0.000, 0.000, -0.617, 0.787]
            in RPY (radian) [0.000, -0.000, -1.330]
            in RPY (degree) [0.000, -0.000, -76.190]
At time 1552922899.232
- Translation: [157.053, 117.699, 0.000]
- Rotation: in Quaternion [0.000, 0.000, -0.637, 0.771]
            in RPY (radian) [0.000, -0.000, -1.381]
            in RPY (degree) [0.000, -0.000, -79.150]
At time 1552922900.274
- Translation: [157.048, 117.693, 0.000]
- Rotation: in Quaternion [0.000, 0.000, -0.639, 0.769]
            in RPY (radian) [0.000, -0.000, -1.387]
            in RPY (degree) [0.000, -0.000, -79.480]
At time 1552922901.302
- Translation: [157.043, 117.699, 0.000]
- Rotation: in Quaternion [0.000, 0.000, -0.637, 0.771]
            in RPY (radian) [0.000, -0.000, -1.382]
            in RPY (degree) [0.000, -0.000, -79.170]
At time 1552922902.314
- Translation: [157.053, 117.704, 0.000]
- Rotation: in Quaternion [0.000, 0.000, -0.637, 0.771]
            in RPY (radian) [0.000, -0.000, -1.380]
            in RPY (degree) [0.000, -0.000, -79.090]
At time 1552922903.358
- Translation: [157.053, 117.704, 0.000]
- Rotation: in Quaternion [0.000, 0.000, -0.638, 0.770]
            in RPY (radian) [0.000, -0.000, -1.384]
            in RPY (degree) [0.000, -0.000, -79.310]
