Failure at 1552924760.518160782
Exception thrown:"00_06_66_D2_CF_7B" passed to lookupTransform argument source_frame does not exist. 
The current list of frames is:
Frame paper_world exists with parent base_footprint.

Failure at 1552924760.518337642
Exception thrown:"00_06_66_D2_CF_7B" passed to lookupTransform argument source_frame does not exist. 
The current list of frames is:
Frame paper_world exists with parent base_footprint.

Failure at 1552924761.259839736
Exception thrown:"00_06_66_D2_CF_7B" passed to lookupTransform argument source_frame does not exist. 
The current list of frames is:
Frame paper_world exists with parent base_footprint.

Failure at 1552924762.259798354
Exception thrown:"00_06_66_D2_CF_7B" passed to lookupTransform argument source_frame does not exist. 
The current list of frames is:
Frame paper_world exists with parent base_footprint.

Failure at 1552924763.259796736
Exception thrown:"00_06_66_D2_CF_7B" passed to lookupTransform argument source_frame does not exist. 
The current list of frames is:
Frame paper_world exists with parent base_footprint.

Failure at 1552924764.259802320
Exception thrown:"00_06_66_D2_CF_7B" passed to lookupTransform argument source_frame does not exist. 
The current list of frames is:
Frame paper_world exists with parent base_footprint.

Failure at 1552924765.259834524
Exception thrown:"00_06_66_D2_CF_7B" passed to lookupTransform argument source_frame does not exist. 
The current list of frames is:
Frame paper_world exists with parent base_footprint.

Failure at 1552924766.259834442
Exception thrown:"00_06_66_D2_CF_7B" passed to lookupTransform argument source_frame does not exist. 
The current list of frames is:
Frame paper_world exists with parent base_footprint.

Failure at 1552924767.259877911
Exception thrown:"00_06_66_D2_CF_7B" passed to lookupTransform argument source_frame does not exist. 
The current list of frames is:
Frame paper_world exists with parent base_footprint.

Failure at 1552924768.259808516
Exception thrown:"00_06_66_D2_CF_7B" passed to lookupTransform argument source_frame does not exist. 
The current list of frames is:
Frame paper_world exists with parent base_footprint.

Failure at 1552924769.259891408
Exception thrown:"00_06_66_D2_CF_7B" passed to lookupTransform argument source_frame does not exist. 
The current list of frames is:
Frame paper_world exists with parent base_footprint.

Failure at 1552924770.259848590
Exception thrown:"00_06_66_D2_CF_7B" passed to lookupTransform argument source_frame does not exist. 
The current list of frames is:
Frame paper_world exists with parent base_footprint.

Failure at 1552924771.259843172
Exception thrown:"00_06_66_D2_CF_7B" passed to lookupTransform argument source_frame does not exist. 
The current list of frames is:
Frame paper_world exists with parent base_footprint.
Frame 00_06_66_E7_8E_BD exists with parent paper_world.

Failure at 1552924772.259777977
Exception thrown:"00_06_66_D2_CF_7B" passed to lookupTransform argument source_frame does not exist. 
The current list of frames is:
Frame paper_world exists with parent base_footprint.
Frame 00_06_66_E7_8E_BD exists with parent paper_world.

Failure at 1552924773.259781760
Exception thrown:"00_06_66_D2_CF_7B" passed to lookupTransform argument source_frame does not exist. 
The current list of frames is:
Frame paper_world exists with parent base_footprint.
Frame 00_06_66_E7_8E_BD exists with parent paper_world.

Failure at 1552924774.259846119
Exception thrown:"00_06_66_D2_CF_7B" passed to lookupTransform argument source_frame does not exist. 
The current list of frames is:
Frame paper_world exists with parent base_footprint.
Frame 00_06_66_E7_8E_BD exists with parent paper_world.

Failure at 1552924775.259835904
Exception thrown:"00_06_66_D2_CF_7B" passed to lookupTransform argument source_frame does not exist. 
The current list of frames is:
Frame paper_world exists with parent base_footprint.
Frame 00_06_66_E7_8E_BD exists with parent paper_world.
Frame 00_06_66_E7_8A_44 exists with parent paper_world.

Failure at 1552924776.259825729
Exception thrown:"00_06_66_D2_CF_7B" passed to lookupTransform argument source_frame does not exist. 
The current list of frames is:
Frame paper_world exists with parent base_footprint.
Frame 00_06_66_E7_8E_BD exists with parent paper_world.
Frame 00_06_66_E7_8A_44 exists with parent paper_world.
Frame 00_06_66_E7_8E_58 exists with parent paper_world.

Failure at 1552924777.259796276
Exception thrown:"00_06_66_D2_CF_7B" passed to lookupTransform argument source_frame does not exist. 
The current list of frames is:
Frame paper_world exists with parent base_footprint.
Frame 00_06_66_E7_8E_BD exists with parent paper_world.
Frame 00_06_66_E7_8A_44 exists with parent paper_world.
Frame 00_06_66_E7_8E_58 exists with parent paper_world.

Failure at 1552924778.259819086
Exception thrown:"00_06_66_D2_CF_7B" passed to lookupTransform argument source_frame does not exist. 
The current list of frames is:
Frame paper_world exists with parent base_footprint.
Frame 00_06_66_E7_8E_BD exists with parent paper_world.
Frame 00_06_66_E7_8A_44 exists with parent paper_world.
Frame 00_06_66_E7_8E_58 exists with parent paper_world.

Failure at 1552924779.259814879
Exception thrown:"00_06_66_D2_CF_7B" passed to lookupTransform argument source_frame does not exist. 
The current list of frames is:
Frame paper_world exists with parent base_footprint.
Frame 00_06_66_E7_8E_BD exists with parent paper_world.
Frame 00_06_66_E7_8A_44 exists with parent paper_world.
Frame 00_06_66_E7_8E_58 exists with parent paper_world.
Frame 00_06_66_74_41_1E exists with parent paper_world.

Failure at 1552924780.259781086
Exception thrown:"00_06_66_D2_CF_7B" passed to lookupTransform argument source_frame does not exist. 
The current list of frames is:
Frame paper_world exists with parent base_footprint.
Frame 00_06_66_E7_8E_BD exists with parent paper_world.
Frame 00_06_66_E7_8A_44 exists with parent paper_world.
Frame 00_06_66_E7_8E_58 exists with parent paper_world.
Frame 00_06_66_74_41_1E exists with parent paper_world.

Failure at 1552924781.259844221
Exception thrown:"00_06_66_D2_CF_7B" passed to lookupTransform argument source_frame does not exist. 
The current list of frames is:
Frame paper_world exists with parent base_footprint.
Frame 00_06_66_E7_8E_BD exists with parent paper_world.
Frame 00_06_66_E7_8A_44 exists with parent paper_world.
Frame 00_06_66_E7_8E_58 exists with parent paper_world.
Frame 00_06_66_74_41_1E exists with parent paper_world.
Frame 00_06_66_E7_8A_D6 exists with parent paper_world.

Failure at 1552924782.259830080
Exception thrown:"00_06_66_D2_CF_7B" passed to lookupTransform argument source_frame does not exist. 
The current list of frames is:
Frame paper_world exists with parent base_footprint.
Frame 00_06_66_E7_8E_BD exists with parent paper_world.
Frame 00_06_66_E7_8A_44 exists with parent paper_world.
Frame 00_06_66_E7_8E_58 exists with parent paper_world.
Frame 00_06_66_74_41_1E exists with parent paper_world.
Frame 00_06_66_E7_8A_D6 exists with parent paper_world.

At time 1552924783.240
- Translation: [191.023, 77.389, 0.000]
- Rotation: in Quaternion [0.000, 0.000, 1.000, -0.003]
            in RPY (radian) [0.000, -0.000, -3.136]
            in RPY (degree) [0.000, -0.000, -179.690]
At time 1552924784.237
- Translation: [186.878, 101.001, 0.000]
- Rotation: in Quaternion [0.000, 0.000, 1.000, 0.012]
            in RPY (radian) [0.000, -0.000, 3.119]
            in RPY (degree) [0.000, -0.000, 178.680]
At time 1552924785.236
- Translation: [186.431, 101.534, 0.000]
- Rotation: in Quaternion [0.000, 0.000, 1.000, 0.004]
            in RPY (radian) [0.000, -0.000, 3.134]
            in RPY (degree) [0.000, -0.000, 179.590]
At time 1552924786.235
- Translation: [186.472, 101.666, 0.000]
- Rotation: in Quaternion [0.000, 0.000, 1.000, 0.003]
            in RPY (radian) [0.000, -0.000, 3.136]
            in RPY (degree) [0.000, -0.000, 179.690]
At time 1552924787.250
- Translation: [186.466, 101.656, 0.000]
- Rotation: in Quaternion [0.000, 0.000, 1.000, 0.003]
            in RPY (radian) [0.000, -0.000, 3.136]
            in RPY (degree) [0.000, -0.000, 179.690]
At time 1552924788.252
- Translation: [186.273, 102.398, 0.000]
- Rotation: in Quaternion [0.000, 0.000, 1.000, -0.004]
            in RPY (radian) [0.000, -0.000, -3.134]
            in RPY (degree) [0.000, -0.000, -179.590]
At time 1552924789.259
- Translation: [177.937, 114.676, 0.000]
- Rotation: in Quaternion [0.000, 0.000, 1.000, -0.013]
            in RPY (radian) [0.000, -0.000, -3.115]
            in RPY (degree) [0.000, -0.000, -178.480]
At time 1552924790.244
- Translation: [165.014, 122.961, 0.000]
- Rotation: in Quaternion [0.000, 0.000, 1.000, 0.009]
            in RPY (radian) [0.000, -0.000, 3.124]
            in RPY (degree) [0.000, -0.000, 178.980]
At time 1552924791.242
- Translation: [154.081, 131.475, 0.000]
- Rotation: in Quaternion [0.000, 0.000, 0.999, 0.035]
            in RPY (radian) [0.000, -0.000, 3.072]
            in RPY (degree) [0.000, -0.000, 176.000]
At time 1552924792.244
- Translation: [149.550, 135.611, 0.000]
- Rotation: in Quaternion [0.000, 0.000, 1.000, 0.014]
            in RPY (radian) [0.000, -0.000, 3.113]
            in RPY (degree) [0.000, -0.000, 178.390]
At time 1552924793.249
- Translation: [147.554, 137.368, 0.000]
- Rotation: in Quaternion [0.000, 0.000, 1.000, 0.019]
            in RPY (radian) [0.000, -0.000, 3.103]
            in RPY (degree) [0.000, -0.000, 177.780]
At time 1552924794.250
- Translation: [147.462, 137.363, 0.000]
- Rotation: in Quaternion [0.000, 0.000, 1.000, 0.011]
            in RPY (radian) [0.000, -0.000, 3.120]
            in RPY (degree) [0.000, -0.000, 178.790]
At time 1552924795.250
- Translation: [146.045, 138.674, 0.000]
- Rotation: in Quaternion [0.000, 0.000, 1.000, -0.001]
            in RPY (radian) [0.000, -0.000, -3.140]
            in RPY (degree) [0.000, -0.000, -179.890]
At time 1552924796.257
- Translation: [145.420, 139.781, 0.000]
- Rotation: in Quaternion [0.000, 0.000, 1.000, -0.003]
            in RPY (radian) [0.000, -0.000, -3.136]
            in RPY (degree) [0.000, -0.000, -179.690]
At time 1552924797.250
- Translation: [222.169, 183.754, 0.000]
- Rotation: in Quaternion [0.000, 0.000, 0.986, -0.165]
            in RPY (radian) [0.000, -0.000, -2.810]
            in RPY (degree) [0.000, -0.000, -160.990]
At time 1552924798.245
- Translation: [182.103, 129.393, 0.000]
- Rotation: in Quaternion [0.000, 0.000, 1.000, -0.024]
            in RPY (radian) [0.000, -0.000, -3.093]
            in RPY (degree) [0.000, -0.000, -177.220]
At time 1552924799.237
- Translation: [178.887, 122.265, 0.000]
- Rotation: in Quaternion [0.000, 0.000, 1.000, -0.012]
            in RPY (radian) [0.000, -0.000, -3.118]
            in RPY (degree) [0.000, -0.000, -178.670]
At time 1552924800.224
- Translation: [180.604, 123.175, 0.000]
- Rotation: in Quaternion [0.000, 0.000, 1.000, 0.029]
            in RPY (radian) [0.000, -0.000, 3.083]
            in RPY (degree) [0.000, -0.000, 176.670]
At time 1552924801.230
- Translation: [180.584, 123.180, 0.000]
- Rotation: in Quaternion [0.000, 0.000, 1.000, 0.026]
            in RPY (radian) [0.000, -0.000, 3.089]
            in RPY (degree) [0.000, -0.000, 176.980]
At time 1552924802.257
- Translation: [180.838, 123.002, 0.000]
- Rotation: in Quaternion [0.000, 0.000, 1.000, 0.024]
            in RPY (radian) [0.000, -0.000, 3.093]
            in RPY (degree) [0.000, -0.000, 177.240]
At time 1552924803.224
- Translation: [180.823, 122.972, 0.000]
- Rotation: in Quaternion [0.000, 0.000, 1.000, 0.029]
            in RPY (radian) [0.000, -0.000, 3.083]
            in RPY (degree) [0.000, -0.000, 176.670]
At time 1552924804.234
- Translation: [180.812, 122.972, 0.000]
- Rotation: in Quaternion [0.000, 0.000, 1.000, 0.026]
            in RPY (radian) [0.000, -0.000, 3.090]
            in RPY (degree) [0.000, -0.000, 177.060]
At time 1552924805.239
- Translation: [180.812, 122.966, 0.000]
- Rotation: in Quaternion [0.000, 0.000, 1.000, 0.028]
            in RPY (radian) [0.000, -0.000, 3.085]
            in RPY (degree) [0.000, -0.000, 176.750]
At time 1552924806.257
- Translation: [180.823, 122.951, 0.000]
- Rotation: in Quaternion [0.000, 0.000, 1.000, 0.029]
            in RPY (radian) [0.000, -0.000, 3.083]
            in RPY (degree) [0.000, -0.000, 176.640]
At time 1552924807.254
- Translation: [180.807, 122.961, 0.000]
- Rotation: in Quaternion [0.000, 0.000, 1.000, 0.028]
            in RPY (radian) [0.000, -0.000, 3.085]
            in RPY (degree) [0.000, -0.000, 176.750]
At time 1552924808.229
- Translation: [180.802, 122.961, 0.000]
- Rotation: in Quaternion [0.000, 0.000, 1.000, 0.027]
            in RPY (radian) [0.000, -0.000, 3.087]
            in RPY (degree) [0.000, -0.000, 176.870]
At time 1552924809.253
- Translation: [180.797, 122.972, 0.000]
- Rotation: in Quaternion [0.000, 0.000, 1.000, 0.026]
            in RPY (radian) [0.000, -0.000, 3.089]
            in RPY (degree) [0.000, -0.000, 176.970]
At time 1552924810.244
- Translation: [180.802, 122.966, 0.000]
- Rotation: in Quaternion [0.000, 0.000, 1.000, 0.026]
            in RPY (radian) [0.000, -0.000, 3.089]
            in RPY (degree) [0.000, -0.000, 176.970]
At time 1552924811.247
- Translation: [180.787, 122.966, 0.000]
- Rotation: in Quaternion [0.000, 0.000, 1.000, 0.028]
            in RPY (radian) [0.000, -0.000, 3.085]
            in RPY (degree) [0.000, -0.000, 176.780]
At time 1552924812.234
- Translation: [180.792, 122.972, 0.000]
- Rotation: in Quaternion [0.000, 0.000, 1.000, 0.026]
            in RPY (radian) [0.000, -0.000, 3.089]
            in RPY (degree) [0.000, -0.000, 176.980]
At time 1552924813.252
- Translation: [180.807, 122.972, 0.000]
- Rotation: in Quaternion [0.000, 0.000, 1.000, 0.024]
            in RPY (radian) [0.000, -0.000, 3.094]
            in RPY (degree) [0.000, -0.000, 177.280]
At time 1552924814.128
- Translation: [186.487, 125.425, 0.000]
- Rotation: in Quaternion [0.000, 0.000, 0.998, 0.062]
            in RPY (radian) [0.000, -0.000, 3.018]
            in RPY (degree) [0.000, -0.000, 172.900]
At time 1552924815.245
- Translation: [252.044, 268.986, 0.000]
- Rotation: in Quaternion [0.000, 0.000, 0.979, -0.205]
            in RPY (radian) [0.000, -0.000, -2.728]
            in RPY (degree) [0.000, -0.000, -156.290]
At time 1552924816.250
- Translation: [249.301, 257.444, 0.000]
- Rotation: in Quaternion [0.000, 0.000, 0.978, -0.210]
            in RPY (radian) [0.000, -0.000, -2.719]
            in RPY (degree) [0.000, -0.000, -155.790]
At time 1552924817.254
- Translation: [246.761, 247.543, 0.000]
- Rotation: in Quaternion [0.000, 0.000, 0.964, -0.266]
            in RPY (radian) [0.000, -0.000, -2.603]
            in RPY (degree) [0.000, -0.000, -149.150]
At time 1552924818.247
- Translation: [240.990, 237.876, 0.000]
- Rotation: in Quaternion [0.000, 0.000, 0.960, -0.280]
            in RPY (radian) [0.000, -0.000, -2.574]
            in RPY (degree) [0.000, -0.000, -147.460]
At time 1552924819.257
- Translation: [240.360, 236.621, 0.000]
- Rotation: in Quaternion [0.000, 0.000, 0.957, -0.290]
            in RPY (radian) [0.000, -0.000, -2.554]
            in RPY (degree) [0.000, -0.000, -146.330]
At time 1552924820.229
- Translation: [239.344, 229.174, 0.000]
- Rotation: in Quaternion [0.000, 0.000, 0.953, -0.302]
            in RPY (radian) [0.000, -0.000, -2.528]
            in RPY (degree) [0.000, -0.000, -144.850]
At time 1552924821.257
- Translation: [237.835, 228.112, 0.000]
- Rotation: in Quaternion [0.000, 0.000, 0.954, -0.299]
            in RPY (radian) [0.000, -0.000, -2.535]
            in RPY (degree) [0.000, -0.000, -145.220]
At time 1552924822.259
- Translation: [235.123, 229.245, 0.000]
- Rotation: in Quaternion [0.000, 0.000, 0.962, -0.272]
            in RPY (radian) [0.000, -0.000, -2.591]
            in RPY (degree) [0.000, -0.000, -148.460]
At time 1552924823.245
- Translation: [232.888, 197.368, 0.000]
- Rotation: in Quaternion [0.000, 0.000, 0.947, -0.321]
            in RPY (radian) [0.000, -0.000, -2.489]
            in RPY (degree) [0.000, -0.000, -142.600]
At time 1552924824.244
- Translation: [232.766, 194.691, 0.000]
- Rotation: in Quaternion [0.000, 0.000, 0.939, -0.344]
            in RPY (radian) [0.000, -0.000, -2.439]
            in RPY (degree) [0.000, -0.000, -139.720]
At time 1552924825.248
- Translation: [232.258, 192.923, 0.000]
- Rotation: in Quaternion [0.000, 0.000, 0.942, -0.336]
            in RPY (radian) [0.000, -0.000, -2.456]
            in RPY (degree) [0.000, -0.000, -140.690]
At time 1552924826.242
- Translation: [232.186, 193.004, 0.000]
- Rotation: in Quaternion [0.000, 0.000, 0.941, -0.339]
            in RPY (radian) [0.000, -0.000, -2.449]
            in RPY (degree) [0.000, -0.000, -140.310]
At time 1552924827.230
- Translation: [231.851, 192.557, 0.000]
- Rotation: in Quaternion [0.000, 0.000, 0.944, -0.330]
            in RPY (radian) [0.000, -0.000, -2.469]
            in RPY (degree) [0.000, -0.000, -141.490]
At time 1552924828.233
- Translation: [231.323, 191.013, 0.000]
- Rotation: in Quaternion [0.000, 0.000, 0.950, -0.311]
            in RPY (radian) [0.000, -0.000, -2.509]
            in RPY (degree) [0.000, -0.000, -143.730]
At time 1552924829.253
- Translation: [231.044, 190.576, 0.000]
- Rotation: in Quaternion [0.000, 0.000, 0.950, -0.314]
            in RPY (radian) [0.000, -0.000, -2.503]
            in RPY (degree) [0.000, -0.000, -143.430]
At time 1552924830.249
- Translation: [229.885, 189.982, 0.000]
- Rotation: in Quaternion [0.000, 0.000, 0.957, -0.289]
            in RPY (radian) [0.000, -0.000, -2.556]
            in RPY (degree) [0.000, -0.000, -146.440]
At time 1552924831.239
- Translation: [229.616, 189.393, 0.000]
- Rotation: in Quaternion [0.000, 0.000, 0.963, -0.268]
            in RPY (radian) [0.000, -0.000, -2.599]
            in RPY (degree) [0.000, -0.000, -148.930]
At time 1552924832.258
- Translation: [228.519, 188.072, 0.000]
- Rotation: in Quaternion [0.000, 0.000, 0.969, -0.247]
            in RPY (radian) [0.000, -0.000, -2.642]
            in RPY (degree) [0.000, -0.000, -151.370]
At time 1552924833.254
- Translation: [226.898, 186.111, 0.000]
- Rotation: in Quaternion [0.000, 0.000, 0.974, -0.226]
            in RPY (radian) [0.000, -0.000, -2.686]
            in RPY (degree) [0.000, -0.000, -153.880]
At time 1552924834.242
- Translation: [227.305, 187.234, 0.000]
- Rotation: in Quaternion [0.000, 0.000, 0.980, -0.199]
            in RPY (radian) [0.000, -0.000, -2.742]
            in RPY (degree) [0.000, -0.000, -157.090]
At time 1552924835.252
- Translation: [219.324, 175.397, 0.000]
- Rotation: in Quaternion [0.000, 0.000, 0.980, -0.200]
            in RPY (radian) [0.000, -0.000, -2.739]
            in RPY (degree) [0.000, -0.000, -156.920]
At time 1552924836.254
- Translation: [221.839, 144.445, 0.000]
- Rotation: in Quaternion [0.000, 0.000, 0.970, -0.244]
            in RPY (radian) [0.000, -0.000, -2.648]
            in RPY (degree) [0.000, -0.000, -151.730]
At time 1552924837.243
- Translation: [205.938, 144.267, 0.000]
- Rotation: in Quaternion [0.000, 0.000, 0.981, -0.196]
            in RPY (radian) [0.000, -0.000, -2.747]
            in RPY (degree) [0.000, -0.000, -157.410]
At time 1552924838.245
- Translation: [197.515, 147.518, 0.000]
- Rotation: in Quaternion [0.000, 0.000, 0.980, -0.200]
            in RPY (radian) [0.000, -0.000, -2.739]
            in RPY (degree) [0.000, -0.000, -156.920]
At time 1552924838.728
- Translation: [202.733, 150.805, 0.000]
- Rotation: in Quaternion [0.000, 0.000, 0.984, -0.181]
            in RPY (radian) [0.000, -0.000, -2.779]
            in RPY (degree) [0.000, -0.000, -159.200]
At time 1552924838.728
- Translation: [202.733, 150.805, 0.000]
- Rotation: in Quaternion [0.000, 0.000, 0.984, -0.181]
            in RPY (radian) [0.000, -0.000, -2.779]
            in RPY (degree) [0.000, -0.000, -159.200]
At time 1552924838.728
- Translation: [202.733, 150.805, 0.000]
- Rotation: in Quaternion [0.000, 0.000, 0.984, -0.181]
            in RPY (radian) [0.000, -0.000, -2.779]
            in RPY (degree) [0.000, -0.000, -159.200]
At time 1552924842.249
- Translation: [202.733, 150.805, 0.000]
- Rotation: in Quaternion [0.000, 0.000, 0.907, -0.422]
            in RPY (radian) [0.000, -0.000, -2.271]
            in RPY (degree) [0.000, -0.000, -130.130]
At time 1552924843.252
- Translation: [312.237, 244.541, 0.000]
- Rotation: in Quaternion [0.000, 0.000, 0.898, -0.440]
            in RPY (radian) [0.000, -0.000, -2.230]
            in RPY (degree) [0.000, -0.000, -127.750]
At time 1552924844.238
- Translation: [319.603, 252.898, 0.000]
- Rotation: in Quaternion [0.000, 0.000, 0.913, -0.408]
            in RPY (radian) [0.000, -0.000, -2.301]
            in RPY (degree) [0.000, -0.000, -131.820]
At time 1552924845.257
- Translation: [305.811, 241.026, 0.000]
- Rotation: in Quaternion [0.000, 0.000, 0.928, -0.372]
            in RPY (radian) [0.000, -0.000, -2.378]
            in RPY (degree) [0.000, -0.000, -136.270]
At time 1552924846.237
- Translation: [305.765, 240.939, 0.000]
- Rotation: in Quaternion [0.000, 0.000, 0.929, -0.371]
            in RPY (radian) [0.000, -0.000, -2.381]
            in RPY (degree) [0.000, -0.000, -136.420]
At time 1552924847.248
- Translation: [305.643, 240.797, 0.000]
- Rotation: in Quaternion [0.000, 0.000, 0.927, -0.374]
            in RPY (radian) [0.000, -0.000, -2.375]
            in RPY (degree) [0.000, -0.000, -136.070]
At time 1552924848.254
- Translation: [305.486, 240.685, 0.000]
- Rotation: in Quaternion [0.000, 0.000, 0.926, -0.378]
            in RPY (radian) [0.000, -0.000, -2.367]
            in RPY (degree) [0.000, -0.000, -135.640]
At time 1552924849.252
- Translation: [305.460, 240.650, 0.000]
- Rotation: in Quaternion [0.000, 0.000, 0.926, -0.378]
            in RPY (radian) [0.000, -0.000, -2.367]
            in RPY (degree) [0.000, -0.000, -135.640]
At time 1552924850.247
- Translation: [305.740, 239.212, 0.000]
- Rotation: in Quaternion [0.000, 0.000, 0.917, -0.400]
            in RPY (radian) [0.000, -0.000, -2.319]
            in RPY (degree) [0.000, -0.000, -132.850]
At time 1552924851.239
- Translation: [325.659, 215.108, 0.000]
- Rotation: in Quaternion [0.000, 0.000, 0.913, -0.408]
            in RPY (radian) [0.000, -0.000, -2.301]
            in RPY (degree) [0.000, -0.000, -131.840]
At time 1552924852.243
- Translation: [330.332, 202.804, 0.000]
- Rotation: in Quaternion [0.000, 0.000, 0.890, -0.455]
            in RPY (radian) [0.000, -0.000, -2.196]
            in RPY (degree) [0.000, -0.000, -125.840]
At time 1552924853.229
- Translation: [329.809, 202.331, 0.000]
- Rotation: in Quaternion [0.000, 0.000, 0.889, -0.458]
            in RPY (radian) [0.000, -0.000, -2.191]
            in RPY (degree) [0.000, -0.000, -125.530]
At time 1552924854.259
- Translation: [329.717, 202.214, 0.000]
- Rotation: in Quaternion [0.000, 0.000, 0.888, -0.459]
            in RPY (radian) [0.000, -0.000, -2.187]
            in RPY (degree) [0.000, -0.000, -125.320]
At time 1552924855.242
- Translation: [331.450, 197.795, 0.000]
- Rotation: in Quaternion [0.000, 0.000, 0.885, -0.466]
            in RPY (radian) [0.000, -0.000, -2.173]
            in RPY (degree) [0.000, -0.000, -124.510]
At time 1552924856.258
- Translation: [341.940, 180.472, 0.000]
- Rotation: in Quaternion [0.000, 0.000, -0.856, 0.517]
            in RPY (radian) [0.000, -0.000, -2.055]
            in RPY (degree) [0.000, -0.000, -117.770]
At time 1552924857.237
- Translation: [347.442, 170.302, 0.000]
- Rotation: in Quaternion [0.000, 0.000, -0.818, 0.575]
            in RPY (radian) [0.000, -0.000, -1.915]
            in RPY (degree) [0.000, -0.000, -109.740]
At time 1552924858.256
- Translation: [354.554, 161.808, 0.000]
- Rotation: in Quaternion [0.000, 0.000, -0.798, 0.603]
            in RPY (radian) [0.000, -0.000, -1.846]
            in RPY (degree) [0.000, -0.000, -105.790]
At time 1552924859.242
- Translation: [347.660, 149.159, 0.000]
- Rotation: in Quaternion [0.000, 0.000, -0.819, 0.574]
            in RPY (radian) [0.000, -0.000, -1.920]
            in RPY (degree) [0.000, -0.000, -110.000]
At time 1552924860.235
- Translation: [339.837, 140.909, 0.000]
- Rotation: in Quaternion [0.000, 0.000, -0.799, 0.601]
            in RPY (radian) [0.000, -0.000, -1.851]
            in RPY (degree) [0.000, -0.000, -106.050]
At time 1552924861.248
- Translation: [338.501, 139.593, 0.000]
- Rotation: in Quaternion [0.000, 0.000, -0.787, 0.617]
            in RPY (radian) [0.000, -0.000, -1.812]
            in RPY (degree) [0.000, -0.000, -103.830]
At time 1552924862.245
- Translation: [333.080, 141.534, 0.000]
- Rotation: in Quaternion [0.000, 0.000, -0.810, 0.586]
            in RPY (radian) [0.000, -0.000, -1.889]
            in RPY (degree) [0.000, -0.000, -108.240]
At time 1552924863.230
- Translation: [330.637, 142.636, 0.000]
- Rotation: in Quaternion [0.000, 0.000, -0.829, 0.559]
            in RPY (radian) [0.000, -0.000, -1.955]
            in RPY (degree) [0.000, -0.000, -112.020]
At time 1552924864.234
- Translation: [323.784, 143.703, 0.000]
- Rotation: in Quaternion [0.000, 0.000, -0.836, 0.549]
            in RPY (radian) [0.000, -0.000, -1.978]
            in RPY (degree) [0.000, -0.000, -113.340]
At time 1552924865.246
- Translation: [309.428, 146.756, 0.000]
- Rotation: in Quaternion [0.000, 0.000, -0.848, 0.530]
            in RPY (radian) [0.000, -0.000, -2.024]
            in RPY (degree) [0.000, -0.000, -115.970]
At time 1552924865.602
- Translation: [304.119, 149.200, 0.000]
- Rotation: in Quaternion [0.000, 0.000, -0.845, 0.535]
            in RPY (radian) [0.000, -0.000, -2.012]
            in RPY (degree) [0.000, -0.000, -115.290]
At time 1552924865.602
- Translation: [304.119, 149.200, 0.000]
- Rotation: in Quaternion [0.000, 0.000, -0.845, 0.535]
            in RPY (radian) [0.000, -0.000, -2.012]
            in RPY (degree) [0.000, -0.000, -115.290]
At time 1552924868.255
- Translation: [304.119, 149.200, 0.000]
- Rotation: in Quaternion [0.000, 0.000, 0.969, -0.245]
            in RPY (radian) [0.000, -0.000, -2.646]
            in RPY (degree) [0.000, -0.000, -151.620]
At time 1552924868.324
- Translation: [304.119, 149.200, 0.000]
- Rotation: in Quaternion [0.000, 0.000, 0.965, -0.262]
            in RPY (radian) [0.000, -0.000, -2.612]
            in RPY (degree) [0.000, -0.000, -149.630]
At time 1552924868.324
- Translation: [304.119, 149.200, 0.000]
- Rotation: in Quaternion [0.000, 0.000, 0.965, -0.262]
            in RPY (radian) [0.000, -0.000, -2.612]
            in RPY (degree) [0.000, -0.000, -149.630]
At time 1552924868.324
- Translation: [304.119, 149.200, 0.000]
- Rotation: in Quaternion [0.000, 0.000, 0.965, -0.262]
            in RPY (radian) [0.000, -0.000, -2.612]
            in RPY (degree) [0.000, -0.000, -149.630]
At time 1552924872.169
- Translation: [304.119, 149.200, 0.000]
- Rotation: in Quaternion [0.000, 0.000, 0.960, -0.281]
            in RPY (radian) [0.000, -0.000, -2.572]
            in RPY (degree) [0.000, -0.000, -147.390]
At time 1552924872.169
- Translation: [304.119, 149.200, 0.000]
- Rotation: in Quaternion [0.000, 0.000, 0.960, -0.281]
            in RPY (radian) [0.000, -0.000, -2.572]
            in RPY (degree) [0.000, -0.000, -147.390]
At time 1552924872.169
- Translation: [304.119, 149.200, 0.000]
- Rotation: in Quaternion [0.000, 0.000, 0.960, -0.281]
            in RPY (radian) [0.000, -0.000, -2.572]
            in RPY (degree) [0.000, -0.000, -147.390]
At time 1552924875.244
- Translation: [370.942, 121.046, 0.000]
- Rotation: in Quaternion [0.000, 0.000, 0.956, -0.295]
            in RPY (radian) [0.000, -0.000, -2.543]
            in RPY (degree) [0.000, -0.000, -145.710]
At time 1552924876.234
- Translation: [347.960, 131.023, 0.000]
- Rotation: in Quaternion [0.000, 0.000, 0.947, -0.320]
            in RPY (radian) [0.000, -0.000, -2.491]
            in RPY (degree) [0.000, -0.000, -142.700]
At time 1552924877.257
- Translation: [348.960, 125.339, 0.000]
- Rotation: in Quaternion [0.000, 0.000, 0.926, -0.379]
            in RPY (radian) [0.000, -0.000, -2.365]
            in RPY (degree) [0.000, -0.000, -135.500]
At time 1552924878.249
- Translation: [347.279, 125.552, 0.000]
- Rotation: in Quaternion [0.000, 0.000, 0.931, -0.365]
            in RPY (radian) [0.000, -0.000, -2.395]
            in RPY (degree) [0.000, -0.000, -137.210]
At time 1552924879.251
- Translation: [347.254, 125.527, 0.000]
- Rotation: in Quaternion [0.000, 0.000, 0.931, -0.365]
            in RPY (radian) [0.000, -0.000, -2.395]
            in RPY (degree) [0.000, -0.000, -137.220]
At time 1552924880.248
- Translation: [346.888, 125.506, 0.000]
- Rotation: in Quaternion [0.000, 0.000, 0.934, -0.358]
            in RPY (radian) [0.000, -0.000, -2.410]
            in RPY (degree) [0.000, -0.000, -138.070]
At time 1552924881.239
- Translation: [345.526, 124.907, 0.000]
- Rotation: in Quaternion [0.000, 0.000, 0.938, -0.345]
            in RPY (radian) [0.000, -0.000, -2.436]
            in RPY (degree) [0.000, -0.000, -139.580]
At time 1552924882.250
- Translation: [329.057, 112.542, 0.000]
- Rotation: in Quaternion [0.000, 0.000, 0.971, -0.237]
            in RPY (radian) [0.000, -0.000, -2.662]
            in RPY (degree) [0.000, -0.000, -152.530]
At time 1552924883.252
- Translation: [313.339, 107.417, 0.000]
- Rotation: in Quaternion [0.000, 0.000, 0.988, -0.156]
            in RPY (radian) [0.000, -0.000, -2.829]
            in RPY (degree) [0.000, -0.000, -162.100]
At time 1552924884.253
- Translation: [307.635, 108.610, 0.000]
- Rotation: in Quaternion [0.000, 0.000, 0.971, -0.241]
            in RPY (radian) [0.000, -0.000, -2.656]
            in RPY (degree) [0.000, -0.000, -152.160]
At time 1552924885.227
- Translation: [167.731, 271.328, 0.000]
- Rotation: in Quaternion [0.000, 0.000, 0.959, -0.283]
            in RPY (radian) [0.000, -0.000, -2.568]
            in RPY (degree) [0.000, -0.000, -147.140]
At time 1552924886.254
- Translation: [167.198, 270.454, 0.000]
- Rotation: in Quaternion [0.000, 0.000, 0.953, -0.304]
            in RPY (radian) [0.000, -0.000, -2.525]
            in RPY (degree) [0.000, -0.000, -144.650]
At time 1552924887.254
- Translation: [167.797, 262.209, 0.000]
- Rotation: in Quaternion [0.000, 0.000, 0.920, -0.391]
            in RPY (radian) [0.000, -0.000, -2.339]
            in RPY (degree) [0.000, -0.000, -133.990]
At time 1552924888.255
- Translation: [163.271, 255.722, 0.000]
- Rotation: in Quaternion [0.000, 0.000, 0.892, -0.452]
            in RPY (radian) [0.000, -0.000, -2.203]
            in RPY (degree) [0.000, -0.000, -126.230]
At time 1552924889.252
- Translation: [162.052, 253.141, 0.000]
- Rotation: in Quaternion [0.000, 0.000, 0.877, -0.481]
            in RPY (radian) [0.000, -0.000, -2.139]
            in RPY (degree) [0.000, -0.000, -122.550]
At time 1552924890.254
- Translation: [183.114, 262.133, 0.000]
- Rotation: in Quaternion [0.000, 0.000, 0.877, -0.481]
            in RPY (radian) [0.000, -0.000, -2.137]
            in RPY (degree) [0.000, -0.000, -122.450]
At time 1552924891.256
- Translation: [198.882, 270.937, 0.000]
- Rotation: in Quaternion [0.000, 0.000, 0.872, -0.490]
            in RPY (radian) [0.000, -0.000, -2.117]
            in RPY (degree) [0.000, -0.000, -121.310]
At time 1552924892.231
- Translation: [200.528, 271.877, 0.000]
- Rotation: in Quaternion [0.000, 0.000, 0.871, -0.491]
            in RPY (radian) [0.000, -0.000, -2.114]
            in RPY (degree) [0.000, -0.000, -121.150]
At time 1552924893.256
- Translation: [198.603, 271.841, 0.000]
- Rotation: in Quaternion [0.000, 0.000, 0.875, -0.484]
            in RPY (radian) [0.000, -0.000, -2.131]
            in RPY (degree) [0.000, -0.000, -122.110]
At time 1552924894.245
- Translation: [200.523, 273.025, 0.000]
- Rotation: in Quaternion [0.000, 0.000, 0.881, -0.474]
            in RPY (radian) [0.000, -0.000, -2.154]
            in RPY (degree) [0.000, -0.000, -123.410]
At time 1552924895.240
- Translation: [201.366, 273.746, 0.000]
- Rotation: in Quaternion [0.000, 0.000, 0.883, -0.470]
            in RPY (radian) [0.000, -0.000, -2.164]
            in RPY (degree) [0.000, -0.000, -123.960]
At time 1552924896.230
- Translation: [202.245, 274.163, 0.000]
- Rotation: in Quaternion [0.000, 0.000, 0.889, -0.458]
            in RPY (radian) [0.000, -0.000, -2.191]
            in RPY (degree) [0.000, -0.000, -125.540]
At time 1552924897.239
- Translation: [186.111, 263.266, 0.000]
- Rotation: in Quaternion [0.000, 0.000, 0.912, -0.409]
            in RPY (radian) [0.000, -0.000, -2.298]
            in RPY (degree) [0.000, -0.000, -131.690]
At time 1552924898.244
- Translation: [199.812, 264.074, 0.000]
- Rotation: in Quaternion [0.000, 0.000, 0.929, -0.370]
            in RPY (radian) [0.000, -0.000, -2.385]
            in RPY (degree) [0.000, -0.000, -136.630]
At time 1552924899.252
- Translation: [198.176, 265.008, 0.000]
- Rotation: in Quaternion [0.000, 0.000, 0.936, -0.353]
            in RPY (radian) [0.000, -0.000, -2.421]
            in RPY (degree) [0.000, -0.000, -138.700]
At time 1552924900.246
- Translation: [197.907, 270.485, 0.000]
- Rotation: in Quaternion [0.000, 0.000, 0.965, -0.262]
            in RPY (radian) [0.000, -0.000, -2.612]
            in RPY (degree) [0.000, -0.000, -149.630]
At time 1552924901.246
- Translation: [194.061, 277.398, 0.000]
- Rotation: in Quaternion [0.000, 0.000, 0.985, -0.173]
            in RPY (radian) [0.000, -0.000, -2.793]
            in RPY (degree) [0.000, -0.000, -160.020]
At time 1552924902.241
- Translation: [187.716, 285.679, 0.000]
- Rotation: in Quaternion [0.000, 0.000, 0.995, -0.103]
            in RPY (radian) [0.000, -0.000, -2.935]
            in RPY (degree) [0.000, -0.000, -168.170]
At time 1552924903.241
- Translation: [185.715, 289.733, 0.000]
- Rotation: in Quaternion [0.000, 0.000, 0.995, -0.096]
            in RPY (radian) [0.000, -0.000, -2.950]
            in RPY (degree) [0.000, -0.000, -169.000]
At time 1552924904.252
- Translation: [183.220, 294.147, 0.000]
- Rotation: in Quaternion [0.000, 0.000, 0.997, -0.078]
            in RPY (radian) [0.000, -0.000, -2.985]
            in RPY (degree) [0.000, -0.000, -171.000]
At time 1552924905.257
- Translation: [176.698, 301.056, 0.000]
- Rotation: in Quaternion [0.000, 0.000, 0.996, -0.089]
            in RPY (radian) [0.000, -0.000, -2.964]
            in RPY (degree) [0.000, -0.000, -169.810]
At time 1552924906.225
- Translation: [176.179, 301.015, 0.000]
- Rotation: in Quaternion [0.000, 0.000, 0.996, -0.086]
            in RPY (radian) [0.000, -0.000, -2.969]
            in RPY (degree) [0.000, -0.000, -170.090]
At time 1552924907.246
- Translation: [176.149, 301.000, 0.000]
- Rotation: in Quaternion [0.000, 0.000, 0.996, -0.089]
            in RPY (radian) [0.000, -0.000, -2.964]
            in RPY (degree) [0.000, -0.000, -169.820]
At time 1552924908.247
- Translation: [176.159, 300.995, 0.000]
- Rotation: in Quaternion [0.000, 0.000, 0.996, -0.087]
            in RPY (radian) [0.000, -0.000, -2.967]
            in RPY (degree) [0.000, -0.000, -169.990]
At time 1552924909.244
- Translation: [172.202, 296.997, 0.000]
- Rotation: in Quaternion [0.000, 0.000, 0.994, -0.112]
            in RPY (radian) [0.000, -0.000, -2.916]
            in RPY (degree) [0.000, -0.000, -167.100]
At time 1552924910.237
- Translation: [157.201, 292.176, 0.000]
- Rotation: in Quaternion [0.000, 0.000, 0.999, -0.049]
            in RPY (radian) [0.000, -0.000, -3.043]
            in RPY (degree) [0.000, -0.000, -174.370]
At time 1552924911.250
- Translation: [119.685, 283.723, 0.000]
- Rotation: in Quaternion [0.000, 0.000, 1.000, 0.022]
            in RPY (radian) [0.000, -0.000, 3.097]
            in RPY (degree) [0.000, -0.000, 177.470]
At time 1552924912.252
- Translation: [116.114, 282.900, 0.000]
- Rotation: in Quaternion [0.000, 0.000, 0.999, 0.033]
            in RPY (radian) [0.000, -0.000, 3.076]
            in RPY (degree) [0.000, -0.000, 176.270]
At time 1552924913.254
- Translation: [115.336, 283.002, 0.000]
- Rotation: in Quaternion [0.000, 0.000, 0.999, 0.044]
            in RPY (radian) [0.000, -0.000, 3.054]
            in RPY (degree) [0.000, -0.000, 174.980]
At time 1552924914.241
- Translation: [113.812, 284.013, 0.000]
- Rotation: in Quaternion [0.000, 0.000, 0.998, 0.071]
            in RPY (radian) [0.000, -0.000, 3.000]
            in RPY (degree) [0.000, -0.000, 171.910]
At time 1552924915.240
- Translation: [113.792, 284.008, 0.000]
- Rotation: in Quaternion [0.000, 0.000, 0.997, 0.071]
            in RPY (radian) [0.000, -0.000, 2.999]
            in RPY (degree) [0.000, -0.000, 171.850]
At time 1552924916.222
- Translation: [113.970, 284.185, 0.000]
- Rotation: in Quaternion [0.000, 0.000, 0.998, 0.066]
            in RPY (radian) [0.000, -0.000, 3.010]
            in RPY (degree) [0.000, -0.000, 172.450]
At time 1552924917.229
- Translation: [113.960, 284.190, 0.000]
- Rotation: in Quaternion [0.000, 0.000, 0.998, 0.064]
            in RPY (radian) [0.000, -0.000, 3.013]
            in RPY (degree) [0.000, -0.000, 172.630]
At time 1552924918.247
- Translation: [113.970, 284.175, 0.000]
- Rotation: in Quaternion [0.000, 0.000, 0.998, 0.067]
            in RPY (radian) [0.000, -0.000, 3.008]
            in RPY (degree) [0.000, -0.000, 172.350]
At time 1552924919.246
- Translation: [113.975, 284.185, 0.000]
- Rotation: in Quaternion [0.000, 0.000, 0.998, 0.067]
            in RPY (radian) [0.000, -0.000, 3.008]
            in RPY (degree) [0.000, -0.000, 172.330]
At time 1552924920.252
- Translation: [113.965, 284.165, 0.000]
- Rotation: in Quaternion [0.000, 0.000, 0.998, 0.069]
            in RPY (radian) [0.000, -0.000, 3.003]
            in RPY (degree) [0.000, -0.000, 172.080]
At time 1552924921.240
- Translation: [113.970, 284.175, 0.000]
- Rotation: in Quaternion [0.000, 0.000, 0.998, 0.067]
            in RPY (radian) [0.000, -0.000, 3.008]
            in RPY (degree) [0.000, -0.000, 172.330]
At time 1552924922.255
- Translation: [113.965, 284.165, 0.000]
- Rotation: in Quaternion [0.000, 0.000, 0.998, 0.067]
            in RPY (radian) [0.000, -0.000, 3.008]
            in RPY (degree) [0.000, -0.000, 172.320]
At time 1552924923.259
- Translation: [113.949, 284.165, 0.000]
- Rotation: in Quaternion [0.000, 0.000, 0.998, 0.069]
            in RPY (radian) [0.000, -0.000, 3.003]
            in RPY (degree) [0.000, -0.000, 172.040]
At time 1552924924.229
- Translation: [113.960, 284.170, 0.000]
- Rotation: in Quaternion [0.000, 0.000, 0.998, 0.067]
            in RPY (radian) [0.000, -0.000, 3.008]
            in RPY (degree) [0.000, -0.000, 172.320]
At time 1552924925.252
- Translation: [113.955, 284.160, 0.000]
- Rotation: in Quaternion [0.000, 0.000, 0.998, 0.069]
            in RPY (radian) [0.000, -0.000, 3.004]
            in RPY (degree) [0.000, -0.000, 172.120]
At time 1552924926.250
- Translation: [113.960, 284.160, 0.000]
- Rotation: in Quaternion [0.000, 0.000, 0.998, 0.068]
            in RPY (radian) [0.000, -0.000, 3.006]
            in RPY (degree) [0.000, -0.000, 172.230]
At time 1552924927.247
- Translation: [113.960, 284.165, 0.000]
- Rotation: in Quaternion [0.000, 0.000, 0.998, 0.069]
            in RPY (radian) [0.000, -0.000, 3.004]
            in RPY (degree) [0.000, -0.000, 172.120]
At time 1552924928.235
- Translation: [113.944, 284.267, 0.000]
- Rotation: in Quaternion [0.000, 0.000, 0.998, 0.070]
            in RPY (radian) [0.000, -0.000, 3.001]
            in RPY (degree) [0.000, -0.000, 171.950]
At time 1552924929.249
- Translation: [113.934, 284.267, 0.000]
- Rotation: in Quaternion [0.000, 0.000, 0.998, 0.069]
            in RPY (radian) [0.000, -0.000, 3.003]
            in RPY (degree) [0.000, -0.000, 172.060]
At time 1552924930.225
- Translation: [113.944, 284.267, 0.000]
- Rotation: in Quaternion [0.000, 0.000, 0.998, 0.069]
            in RPY (radian) [0.000, -0.000, 3.004]
            in RPY (degree) [0.000, -0.000, 172.130]
At time 1552924931.245
- Translation: [113.919, 284.272, 0.000]
- Rotation: in Quaternion [0.000, 0.000, 0.998, 0.069]
            in RPY (radian) [0.000, -0.000, 3.003]
            in RPY (degree) [0.000, -0.000, 172.040]
At time 1552924932.250
- Translation: [113.919, 284.277, 0.000]
- Rotation: in Quaternion [0.000, 0.000, 0.998, 0.069]
            in RPY (radian) [0.000, -0.000, 3.003]
            in RPY (degree) [0.000, -0.000, 172.060]
At time 1552924933.254
- Translation: [113.939, 284.272, 0.000]
- Rotation: in Quaternion [0.000, 0.000, 0.998, 0.069]
            in RPY (radian) [0.000, -0.000, 3.003]
            in RPY (degree) [0.000, -0.000, 172.050]
At time 1552924934.241
- Translation: [113.914, 284.267, 0.000]
- Rotation: in Quaternion [0.000, 0.000, 0.998, 0.069]
            in RPY (radian) [0.000, -0.000, 3.004]
            in RPY (degree) [0.000, -0.000, 172.110]
At time 1552924935.230
- Translation: [113.914, 284.277, 0.000]
- Rotation: in Quaternion [0.000, 0.000, 0.998, 0.068]
            in RPY (radian) [0.000, -0.000, 3.005]
            in RPY (degree) [0.000, -0.000, 172.160]
At time 1552924936.257
- Translation: [113.924, 284.277, 0.000]
- Rotation: in Quaternion [0.000, 0.000, 0.998, 0.066]
            in RPY (radian) [0.000, -0.000, 3.010]
            in RPY (degree) [0.000, -0.000, 172.450]
At time 1552924937.255
- Translation: [113.924, 284.287, 0.000]
- Rotation: in Quaternion [0.000, 0.000, 0.998, 0.067]
            in RPY (radian) [0.000, -0.000, 3.008]
            in RPY (degree) [0.000, -0.000, 172.370]
At time 1552924938.259
- Translation: [113.929, 284.262, 0.000]
- Rotation: in Quaternion [0.000, 0.000, 0.998, 0.069]
            in RPY (radian) [0.000, -0.000, 3.003]
            in RPY (degree) [0.000, -0.000, 172.060]
At time 1552924939.254
- Translation: [113.929, 284.262, 0.000]
- Rotation: in Quaternion [0.000, 0.000, 0.998, 0.068]
            in RPY (radian) [0.000, -0.000, 3.005]
            in RPY (degree) [0.000, -0.000, 172.160]
At time 1552924940.255
- Translation: [113.924, 284.267, 0.000]
- Rotation: in Quaternion [0.000, 0.000, 0.998, 0.070]
            in RPY (radian) [0.000, -0.000, 3.001]
            in RPY (degree) [0.000, -0.000, 171.960]
At time 1552924941.255
- Translation: [113.919, 284.267, 0.000]
- Rotation: in Quaternion [0.000, 0.000, 0.997, 0.072]
            in RPY (radian) [0.000, -0.000, 2.997]
            in RPY (degree) [0.000, -0.000, 171.720]
At time 1552924942.232
- Translation: [113.919, 284.256, 0.000]
- Rotation: in Quaternion [0.000, 0.000, 0.998, 0.070]
            in RPY (radian) [0.000, -0.000, 3.002]
            in RPY (degree) [0.000, -0.000, 171.980]
At time 1552924943.253
- Translation: [113.914, 284.251, 0.000]
- Rotation: in Quaternion [0.000, 0.000, 0.997, 0.073]
            in RPY (radian) [0.000, -0.000, 2.996]
            in RPY (degree) [0.000, -0.000, 171.650]
At time 1552924944.249
- Translation: [113.914, 284.262, 0.000]
- Rotation: in Quaternion [0.000, 0.000, 0.998, 0.069]
            in RPY (radian) [0.000, -0.000, 3.003]
            in RPY (degree) [0.000, -0.000, 172.050]
At time 1552924945.251
- Translation: [113.929, 284.267, 0.000]
- Rotation: in Quaternion [0.000, 0.000, 0.997, 0.072]
            in RPY (radian) [0.000, -0.000, 2.998]
            in RPY (degree) [0.000, -0.000, 171.770]
At time 1552924946.252
- Translation: [121.234, 282.245, 0.000]
- Rotation: in Quaternion [0.000, 0.000, 0.994, 0.111]
            in RPY (radian) [0.000, -0.000, 2.919]
            in RPY (degree) [0.000, -0.000, 167.260]
At time 1552924947.257
- Translation: [119.725, 250.297, 0.000]
- Rotation: in Quaternion [0.000, 0.000, 0.976, 0.217]
            in RPY (radian) [0.000, -0.000, 2.705]
            in RPY (degree) [0.000, -0.000, 154.970]
At time 1552924948.258
- Translation: [118.572, 248.676, 0.000]
- Rotation: in Quaternion [0.000, 0.000, 0.983, 0.181]
            in RPY (radian) [0.000, -0.000, 2.777]
            in RPY (degree) [0.000, -0.000, 159.110]
At time 1552924949.191
- Translation: [114.590, 240.843, 0.000]
- Rotation: in Quaternion [0.000, 0.000, 0.982, 0.190]
            in RPY (radian) [0.000, -0.000, 2.759]
            in RPY (degree) [0.000, -0.000, 158.080]
At time 1552924950.259
- Translation: [234.970, 195.468, 0.000]
- Rotation: in Quaternion [0.000, 0.000, 0.938, 0.347]
            in RPY (radian) [0.000, -0.000, 2.432]
            in RPY (degree) [0.000, -0.000, 139.340]
At time 1552924951.251
- Translation: [186.075, 208.885, 0.000]
- Rotation: in Quaternion [0.000, 0.000, 0.748, 0.664]
            in RPY (radian) [0.000, -0.000, 1.690]
            in RPY (degree) [0.000, -0.000, 96.810]
At time 1552924952.252
- Translation: [167.269, 199.075, 0.000]
- Rotation: in Quaternion [0.000, 0.000, 0.597, 0.802]
            in RPY (radian) [0.000, -0.000, 1.279]
            in RPY (degree) [0.000, -0.000, 73.280]
At time 1552924953.244
- Translation: [160.020, 156.637, 0.000]
- Rotation: in Quaternion [0.000, 0.000, 0.574, 0.819]
            in RPY (radian) [0.000, -0.000, 1.224]
            in RPY (degree) [0.000, -0.000, 70.110]
At time 1552924954.249
- Translation: [171.160, 144.541, 0.000]
- Rotation: in Quaternion [0.000, 0.000, 0.510, 0.860]
            in RPY (radian) [0.000, -0.000, 1.071]
            in RPY (degree) [0.000, -0.000, 61.370]
At time 1552924955.237
- Translation: [177.703, 134.046, 0.000]
- Rotation: in Quaternion [0.000, 0.000, 0.419, 0.908]
            in RPY (radian) [0.000, -0.000, 0.865]
            in RPY (degree) [0.000, -0.000, 49.540]
At time 1552924956.240
- Translation: [216.682, 298.054, 0.000]
- Rotation: in Quaternion [0.000, 0.000, 0.633, 0.774]
            in RPY (radian) [0.000, -0.000, 1.370]
            in RPY (degree) [0.000, -0.000, 78.510]
At time 1552924957.250
- Translation: [216.017, 285.308, 0.000]
- Rotation: in Quaternion [0.000, 0.000, 0.667, 0.745]
            in RPY (radian) [0.000, -0.000, 1.459]
            in RPY (degree) [0.000, -0.000, 83.620]
At time 1552924958.231
- Translation: [215.539, 285.288, 0.000]
- Rotation: in Quaternion [0.000, 0.000, 0.667, 0.745]
            in RPY (radian) [0.000, -0.000, 1.460]
            in RPY (degree) [0.000, -0.000, 83.650]
At time 1552924959.246
- Translation: [227.650, 293.436, 0.000]
- Rotation: in Quaternion [0.000, 0.000, 0.706, 0.708]
            in RPY (radian) [0.000, -0.000, 1.569]
            in RPY (degree) [0.000, -0.000, 89.890]
At time 1552924960.256
- Translation: [216.372, 300.949, 0.000]
- Rotation: in Quaternion [0.000, 0.000, 0.727, 0.686]
            in RPY (radian) [0.000, -0.000, 1.628]
            in RPY (degree) [0.000, -0.000, 93.300]
At time 1552924961.249
- Translation: [215.509, 300.929, 0.000]
- Rotation: in Quaternion [0.000, 0.000, 0.687, 0.727]
            in RPY (radian) [0.000, -0.000, 1.515]
            in RPY (degree) [0.000, -0.000, 86.780]
At time 1552924962.247
- Translation: [213.980, 293.461, 0.000]
- Rotation: in Quaternion [0.000, 0.000, 0.685, 0.728]
            in RPY (radian) [0.000, -0.000, 1.510]
            in RPY (degree) [0.000, -0.000, 86.490]
At time 1552924963.252
- Translation: [213.954, 293.421, 0.000]
- Rotation: in Quaternion [0.000, 0.000, 0.686, 0.727]
            in RPY (radian) [0.000, -0.000, 1.513]
            in RPY (degree) [0.000, -0.000, 86.700]
At time 1552924964.240
- Translation: [208.524, 296.037, 0.000]
- Rotation: in Quaternion [0.000, 0.000, 0.742, 0.670]
            in RPY (radian) [0.000, -0.000, 1.672]
            in RPY (degree) [0.000, -0.000, 95.790]
At time 1552924965.242
- Translation: [191.389, 313.675, 0.000]
- Rotation: in Quaternion [0.000, 0.000, 0.751, 0.660]
            in RPY (radian) [0.000, -0.000, 1.699]
            in RPY (degree) [0.000, -0.000, 97.350]
At time 1552924966.256
- Translation: [194.691, 345.135, 0.000]
- Rotation: in Quaternion [0.000, 0.000, 0.678, 0.735]
            in RPY (radian) [0.000, -0.000, 1.491]
            in RPY (degree) [0.000, -0.000, 85.440]
At time 1552924967.244
- Translation: [208.549, 325.577, 0.000]
- Rotation: in Quaternion [0.000, 0.000, 0.649, 0.760]
            in RPY (radian) [0.000, -0.000, 1.414]
            in RPY (degree) [0.000, -0.000, 81.000]
At time 1552924968.248
- Translation: [219.177, 303.977, 0.000]
- Rotation: in Quaternion [0.000, 0.000, 0.617, 0.787]
            in RPY (radian) [0.000, -0.000, 1.330]
            in RPY (degree) [0.000, -0.000, 76.180]
At time 1552924969.235
- Translation: [217.018, 304.241, 0.000]
- Rotation: in Quaternion [0.000, 0.000, 0.680, 0.733]
            in RPY (radian) [0.000, -0.000, 1.496]
            in RPY (degree) [0.000, -0.000, 85.740]
At time 1552924970.246
- Translation: [184.805, 323.957, 0.000]
- Rotation: in Quaternion [0.000, 0.000, 0.717, 0.697]
            in RPY (radian) [0.000, -0.000, 1.599]
            in RPY (degree) [0.000, -0.000, 91.610]
At time 1552924971.258
- Translation: [181.976, 332.334, 0.000]
- Rotation: in Quaternion [0.000, 0.000, 0.743, 0.670]
            in RPY (radian) [0.000, -0.000, 1.674]
            in RPY (degree) [0.000, -0.000, 95.910]
At time 1552924972.219
- Translation: [180.228, 360.990, 0.000]
- Rotation: in Quaternion [0.000, 0.000, 0.726, 0.688]
            in RPY (radian) [0.000, -0.000, 1.625]
            in RPY (degree) [0.000, -0.000, 93.120]
At time 1552924973.246
- Translation: [168.326, 368.168, 0.000]
- Rotation: in Quaternion [0.000, 0.000, 0.768, 0.641]
            in RPY (radian) [0.000, -0.000, 1.751]
            in RPY (degree) [0.000, -0.000, 100.300]
At time 1552924974.240
- Translation: [165.705, 368.960, 0.000]
- Rotation: in Quaternion [0.000, 0.000, 0.796, 0.605]
            in RPY (radian) [0.000, -0.000, 1.841]
            in RPY (degree) [0.000, -0.000, 105.490]
At time 1552924975.246
- Translation: [164.211, 368.767, 0.000]
- Rotation: in Quaternion [0.000, 0.000, 0.811, 0.585]
            in RPY (radian) [0.000, -0.000, 1.893]
            in RPY (degree) [0.000, -0.000, 108.460]
At time 1552924976.254
- Translation: [164.206, 368.813, 0.000]
- Rotation: in Quaternion [0.000, 0.000, 0.811, 0.585]
            in RPY (radian) [0.000, -0.000, 1.891]
            in RPY (degree) [0.000, -0.000, 108.370]
At time 1552924977.256
- Translation: [164.191, 368.844, 0.000]
- Rotation: in Quaternion [0.000, 0.000, 0.810, 0.587]
            in RPY (radian) [0.000, -0.000, 1.887]
            in RPY (degree) [0.000, -0.000, 108.140]
At time 1552924978.246
- Translation: [164.221, 368.854, 0.000]
- Rotation: in Quaternion [0.000, 0.000, 0.810, 0.586]
            in RPY (radian) [0.000, -0.000, 1.889]
            in RPY (degree) [0.000, -0.000, 108.210]
At time 1552924979.246
- Translation: [164.181, 368.854, 0.000]
- Rotation: in Quaternion [0.000, 0.000, 0.810, 0.586]
            in RPY (radian) [0.000, -0.000, 1.890]
            in RPY (degree) [0.000, -0.000, 108.270]
At time 1552924980.241
- Translation: [164.201, 368.859, 0.000]
- Rotation: in Quaternion [0.000, 0.000, 0.810, 0.587]
            in RPY (radian) [0.000, -0.000, 1.887]
            in RPY (degree) [0.000, -0.000, 108.140]
At time 1552924981.256
- Translation: [164.175, 368.864, 0.000]
- Rotation: in Quaternion [0.000, 0.000, 0.809, 0.587]
            in RPY (radian) [0.000, -0.000, 1.886]
            in RPY (degree) [0.000, -0.000, 108.050]
At time 1552924982.239
- Translation: [164.186, 368.864, 0.000]
- Rotation: in Quaternion [0.000, 0.000, 0.809, 0.587]
            in RPY (radian) [0.000, -0.000, 1.886]
            in RPY (degree) [0.000, -0.000, 108.050]
At time 1552924983.226
- Translation: [164.175, 368.859, 0.000]
- Rotation: in Quaternion [0.000, 0.000, 0.810, 0.587]
            in RPY (radian) [0.000, -0.000, 1.888]
            in RPY (degree) [0.000, -0.000, 108.170]
At time 1552924984.256
- Translation: [164.186, 368.874, 0.000]
- Rotation: in Quaternion [0.000, 0.000, 0.808, 0.590]
            in RPY (radian) [0.000, -0.000, 1.880]
            in RPY (degree) [0.000, -0.000, 107.730]
At time 1552924985.246
- Translation: [164.181, 368.884, 0.000]
- Rotation: in Quaternion [0.000, 0.000, 0.807, 0.591]
            in RPY (radian) [0.000, -0.000, 1.877]
            in RPY (degree) [0.000, -0.000, 107.540]
At time 1552924986.257
- Translation: [164.094, 368.767, 0.000]
- Rotation: in Quaternion [0.000, 0.000, 0.810, 0.586]
            in RPY (radian) [0.000, -0.000, 1.889]
            in RPY (degree) [0.000, -0.000, 108.210]
At time 1552924987.239
- Translation: [164.074, 368.767, 0.000]
- Rotation: in Quaternion [0.000, 0.000, 0.807, 0.591]
            in RPY (radian) [0.000, -0.000, 1.878]
            in RPY (degree) [0.000, -0.000, 107.610]
At time 1552924988.241
- Translation: [164.064, 368.767, 0.000]
- Rotation: in Quaternion [0.000, 0.000, 0.808, 0.589]
            in RPY (radian) [0.000, -0.000, 1.883]
            in RPY (degree) [0.000, -0.000, 107.890]
At time 1552924989.254
- Translation: [164.054, 368.788, 0.000]
- Rotation: in Quaternion [0.000, 0.000, 0.809, 0.588]
            in RPY (radian) [0.000, -0.000, 1.884]
            in RPY (degree) [0.000, -0.000, 107.950]
At time 1552924990.252
- Translation: [164.048, 368.793, 0.000]
- Rotation: in Quaternion [0.000, 0.000, 0.810, 0.587]
            in RPY (radian) [0.000, -0.000, 1.887]
            in RPY (degree) [0.000, -0.000, 108.140]
At time 1552924991.234
- Translation: [164.064, 368.798, 0.000]
- Rotation: in Quaternion [0.000, 0.000, 0.809, 0.587]
            in RPY (radian) [0.000, -0.000, 1.886]
            in RPY (degree) [0.000, -0.000, 108.050]
At time 1552924992.236
- Translation: [164.054, 368.798, 0.000]
- Rotation: in Quaternion [0.000, 0.000, 0.808, 0.589]
            in RPY (radian) [0.000, -0.000, 1.881]
            in RPY (degree) [0.000, -0.000, 107.760]
At time 1552924993.244
- Translation: [164.059, 368.798, 0.000]
- Rotation: in Quaternion [0.000, 0.000, 0.809, 0.587]
            in RPY (radian) [0.000, -0.000, 1.886]
            in RPY (degree) [0.000, -0.000, 108.050]
At time 1552924994.234
- Translation: [164.048, 368.788, 0.000]
- Rotation: in Quaternion [0.000, 0.000, 0.808, 0.589]
            in RPY (radian) [0.000, -0.000, 1.883]
            in RPY (degree) [0.000, -0.000, 107.890]
At time 1552924995.246
- Translation: [164.038, 368.798, 0.000]
- Rotation: in Quaternion [0.000, 0.000, 0.808, 0.589]
            in RPY (radian) [0.000, -0.000, 1.883]
            in RPY (degree) [0.000, -0.000, 107.860]
At time 1552924996.251
- Translation: [164.048, 368.813, 0.000]
- Rotation: in Quaternion [0.000, 0.000, 0.807, 0.591]
            in RPY (radian) [0.000, -0.000, 1.877]
            in RPY (degree) [0.000, -0.000, 107.550]
At time 1552924997.241
- Translation: [164.048, 368.803, 0.000]
- Rotation: in Quaternion [0.000, 0.000, 0.808, 0.589]
            in RPY (radian) [0.000, -0.000, 1.881]
            in RPY (degree) [0.000, -0.000, 107.760]
At time 1552924998.241
- Translation: [164.033, 368.808, 0.000]
- Rotation: in Quaternion [0.000, 0.000, 0.808, 0.589]
            in RPY (radian) [0.000, -0.000, 1.881]
            in RPY (degree) [0.000, -0.000, 107.770]
At time 1552924999.256
- Translation: [164.043, 368.808, 0.000]
- Rotation: in Quaternion [0.000, 0.000, 0.809, 0.588]
            in RPY (radian) [0.000, -0.000, 1.885]
            in RPY (degree) [0.000, -0.000, 107.980]
At time 1552925000.259
- Translation: [164.038, 368.808, 0.000]
- Rotation: in Quaternion [0.000, 0.000, 0.808, 0.589]
            in RPY (radian) [0.000, -0.000, 1.883]
            in RPY (degree) [0.000, -0.000, 107.860]
At time 1552925001.226
- Translation: [164.038, 368.813, 0.000]
- Rotation: in Quaternion [0.000, 0.000, 0.809, 0.588]
            in RPY (radian) [0.000, -0.000, 1.884]
            in RPY (degree) [0.000, -0.000, 107.920]
At time 1552925002.254
- Translation: [164.059, 368.808, 0.000]
- Rotation: in Quaternion [0.000, 0.000, 0.807, 0.591]
            in RPY (radian) [0.000, -0.000, 1.878]
            in RPY (degree) [0.000, -0.000, 107.600]
At time 1552925003.247
- Translation: [164.043, 368.803, 0.000]
- Rotation: in Quaternion [0.000, 0.000, 0.809, 0.587]
            in RPY (radian) [0.000, -0.000, 1.886]
            in RPY (degree) [0.000, -0.000, 108.050]
At time 1552925004.259
- Translation: [164.054, 368.818, 0.000]
- Rotation: in Quaternion [0.000, 0.000, 0.808, 0.589]
            in RPY (radian) [0.000, -0.000, 1.883]
            in RPY (degree) [0.000, -0.000, 107.860]
At time 1552925005.243
- Translation: [164.038, 368.808, 0.000]
- Rotation: in Quaternion [0.000, 0.000, 0.808, 0.589]
            in RPY (radian) [0.000, -0.000, 1.882]
            in RPY (degree) [0.000, -0.000, 107.820]
At time 1552925006.237
- Translation: [164.028, 368.803, 0.000]
- Rotation: in Quaternion [0.000, 0.000, 0.807, 0.590]
            in RPY (radian) [0.000, -0.000, 1.880]
            in RPY (degree) [0.000, -0.000, 107.700]
At time 1552925007.256
- Translation: [164.043, 368.808, 0.000]
- Rotation: in Quaternion [0.000, 0.000, 0.808, 0.589]
            in RPY (radian) [0.000, -0.000, 1.882]
            in RPY (degree) [0.000, -0.000, 107.820]
At time 1552925008.224
- Translation: [164.048, 368.808, 0.000]
- Rotation: in Quaternion [0.000, 0.000, 0.808, 0.589]
            in RPY (radian) [0.000, -0.000, 1.883]
            in RPY (degree) [0.000, -0.000, 107.890]
At time 1552925009.252
- Translation: [164.043, 368.813, 0.000]
- Rotation: in Quaternion [0.000, 0.000, 0.807, 0.590]
            in RPY (radian) [0.000, -0.000, 1.880]
            in RPY (degree) [0.000, -0.000, 107.700]
At time 1552925010.241
- Translation: [164.033, 368.813, 0.000]
- Rotation: in Quaternion [0.000, 0.000, 0.808, 0.589]
            in RPY (radian) [0.000, -0.000, 1.883]
            in RPY (degree) [0.000, -0.000, 107.860]
At time 1552925011.246
- Translation: [164.013, 368.823, 0.000]
- Rotation: in Quaternion [0.000, 0.000, 0.809, 0.588]
            in RPY (radian) [0.000, -0.000, 1.884]
            in RPY (degree) [0.000, -0.000, 107.920]
At time 1552925012.256
- Translation: [164.054, 369.057, 0.000]
- Rotation: in Quaternion [0.000, 0.000, 0.807, 0.590]
            in RPY (radian) [0.000, -0.000, 1.880]
            in RPY (degree) [0.000, -0.000, 107.700]
At time 1552925013.252
- Translation: [158.151, 378.958, 0.000]
- Rotation: in Quaternion [0.000, 0.000, 0.762, 0.647]
            in RPY (radian) [0.000, -0.000, 1.734]
            in RPY (degree) [0.000, -0.000, 99.340]
At time 1552925014.252
- Translation: [156.611, 380.289, 0.000]
- Rotation: in Quaternion [0.000, 0.000, 0.770, 0.638]
            in RPY (radian) [0.000, -0.000, 1.757]
            in RPY (degree) [0.000, -0.000, 100.650]
At time 1552925015.256
- Translation: [151.999, 386.344, 0.000]
- Rotation: in Quaternion [0.000, 0.000, 0.759, 0.651]
            in RPY (radian) [0.000, -0.000, 1.723]
            in RPY (degree) [0.000, -0.000, 98.710]
At time 1552925016.250
- Translation: [150.541, 385.130, 0.000]
- Rotation: in Quaternion [0.000, 0.000, 0.766, 0.643]
            in RPY (radian) [0.000, -0.000, 1.745]
            in RPY (degree) [0.000, -0.000, 99.960]
At time 1552925017.241
- Translation: [149.728, 386.319, 0.000]
- Rotation: in Quaternion [0.000, 0.000, 0.782, 0.623]
            in RPY (radian) [0.000, -0.000, 1.797]
            in RPY (degree) [0.000, -0.000, 102.960]
At time 1552925018.234
- Translation: [149.626, 386.314, 0.000]
- Rotation: in Quaternion [0.000, 0.000, 0.785, 0.619]
            in RPY (radian) [0.000, -0.000, 1.806]
            in RPY (degree) [0.000, -0.000, 103.470]
At time 1552925019.230
- Translation: [149.301, 386.278, 0.000]
- Rotation: in Quaternion [0.000, 0.000, 0.785, 0.620]
            in RPY (radian) [0.000, -0.000, 1.804]
            in RPY (degree) [0.000, -0.000, 103.360]
At time 1552925020.249
- Translation: [147.742, 387.050, 0.000]
- Rotation: in Quaternion [0.000, 0.000, 0.813, 0.582]
            in RPY (radian) [0.000, -0.000, 1.900]
            in RPY (degree) [0.000, -0.000, 108.850]
At time 1552925021.249
- Translation: [139.360, 390.428, 0.000]
- Rotation: in Quaternion [0.000, 0.000, 0.871, 0.491]
            in RPY (radian) [0.000, -0.000, 2.116]
            in RPY (degree) [0.000, -0.000, 121.220]
At time 1552925022.254
- Translation: [134.082, 392.714, 0.000]
- Rotation: in Quaternion [0.000, 0.000, 0.905, 0.426]
            in RPY (radian) [0.000, -0.000, 2.262]
            in RPY (degree) [0.000, -0.000, 129.620]
At time 1552925023.242
- Translation: [128.453, 397.662, 0.000]
- Rotation: in Quaternion [0.000, 0.000, 0.879, 0.477]
            in RPY (radian) [0.000, -0.000, 2.147]
            in RPY (degree) [0.000, -0.000, 123.040]
