Failure at 1552924760.553794819
Exception thrown:"00_06_66_E7_8E_58" passed to lookupTransform argument source_frame does not exist. 
The current list of frames is:
Frame paper_world exists with parent base_footprint.

Failure at 1552924760.553997059
Exception thrown:"00_06_66_E7_8E_58" passed to lookupTransform argument source_frame does not exist. 
The current list of frames is:
Frame paper_world exists with parent base_footprint.

Failure at 1552924761.301752349
Exception thrown:"00_06_66_E7_8E_58" passed to lookupTransform argument source_frame does not exist. 
The current list of frames is:
Frame paper_world exists with parent base_footprint.

Failure at 1552924762.301770964
Exception thrown:"00_06_66_E7_8E_58" passed to lookupTransform argument source_frame does not exist. 
The current list of frames is:
Frame paper_world exists with parent base_footprint.

Failure at 1552924763.301762534
Exception thrown:"00_06_66_E7_8E_58" passed to lookupTransform argument source_frame does not exist. 
The current list of frames is:
Frame paper_world exists with parent base_footprint.

Failure at 1552924764.301827979
Exception thrown:"00_06_66_E7_8E_58" passed to lookupTransform argument source_frame does not exist. 
The current list of frames is:
Frame paper_world exists with parent base_footprint.

Failure at 1552924765.301792296
Exception thrown:"00_06_66_E7_8E_58" passed to lookupTransform argument source_frame does not exist. 
The current list of frames is:
Frame paper_world exists with parent base_footprint.

Failure at 1552924766.301791583
Exception thrown:"00_06_66_E7_8E_58" passed to lookupTransform argument source_frame does not exist. 
The current list of frames is:
Frame paper_world exists with parent base_footprint.

Failure at 1552924767.301812853
Exception thrown:"00_06_66_E7_8E_58" passed to lookupTransform argument source_frame does not exist. 
The current list of frames is:
Frame paper_world exists with parent base_footprint.

Failure at 1552924768.301796299
Exception thrown:"00_06_66_E7_8E_58" passed to lookupTransform argument source_frame does not exist. 
The current list of frames is:
Frame paper_world exists with parent base_footprint.

Failure at 1552924769.301799674
Exception thrown:"00_06_66_E7_8E_58" passed to lookupTransform argument source_frame does not exist. 
The current list of frames is:
Frame paper_world exists with parent base_footprint.

Failure at 1552924770.301801803
Exception thrown:"00_06_66_E7_8E_58" passed to lookupTransform argument source_frame does not exist. 
The current list of frames is:
Frame paper_world exists with parent base_footprint.

Failure at 1552924771.301759830
Exception thrown:"00_06_66_E7_8E_58" passed to lookupTransform argument source_frame does not exist. 
The current list of frames is:
Frame paper_world exists with parent base_footprint.
Frame 00_06_66_E7_8E_BD exists with parent paper_world.

Failure at 1552924772.301722785
Exception thrown:"00_06_66_E7_8E_58" passed to lookupTransform argument source_frame does not exist. 
The current list of frames is:
Frame paper_world exists with parent base_footprint.
Frame 00_06_66_E7_8E_BD exists with parent paper_world.

Failure at 1552924773.301706758
Exception thrown:"00_06_66_E7_8E_58" passed to lookupTransform argument source_frame does not exist. 
The current list of frames is:
Frame paper_world exists with parent base_footprint.
Frame 00_06_66_E7_8E_BD exists with parent paper_world.

Failure at 1552924774.301766024
Exception thrown:"00_06_66_E7_8E_58" passed to lookupTransform argument source_frame does not exist. 
The current list of frames is:
Frame paper_world exists with parent base_footprint.
Frame 00_06_66_E7_8E_BD exists with parent paper_world.

Failure at 1552924775.301780089
Exception thrown:"00_06_66_E7_8E_58" passed to lookupTransform argument source_frame does not exist. 
The current list of frames is:
Frame paper_world exists with parent base_footprint.
Frame 00_06_66_E7_8E_BD exists with parent paper_world.
Frame 00_06_66_E7_8A_44 exists with parent paper_world.

At time 1552924776.285
- Translation: [390.647, 257.231, 0.000]
- Rotation: in Quaternion [0.000, 0.000, 0.945, -0.327]
            in RPY (radian) [0.000, -0.000, -2.475]
            in RPY (degree) [0.000, -0.000, -141.780]
At time 1552924777.284
- Translation: [390.357, 257.480, 0.000]
- Rotation: in Quaternion [0.000, 0.000, 0.946, -0.324]
            in RPY (radian) [0.000, -0.000, -2.482]
            in RPY (degree) [0.000, -0.000, -142.230]
At time 1552924778.294
- Translation: [391.114, 259.537, 0.000]
- Rotation: in Quaternion [0.000, 0.000, 0.947, -0.322]
            in RPY (radian) [0.000, -0.000, -2.487]
            in RPY (degree) [0.000, -0.000, -142.490]
At time 1552924779.278
- Translation: [399.354, 263.916, 0.000]
- Rotation: in Quaternion [0.000, 0.000, 0.971, -0.240]
            in RPY (radian) [0.000, -0.000, -2.657]
            in RPY (degree) [0.000, -0.000, -152.240]
At time 1552924780.286
- Translation: [389.133, 257.861, 0.000]
- Rotation: in Quaternion [0.000, 0.000, 0.954, -0.300]
            in RPY (radian) [0.000, -0.000, -2.532]
            in RPY (degree) [0.000, -0.000, -145.090]
At time 1552924781.273
- Translation: [388.508, 256.631, 0.000]
- Rotation: in Quaternion [0.000, 0.000, 0.953, -0.304]
            in RPY (radian) [0.000, -0.000, -2.525]
            in RPY (degree) [0.000, -0.000, -144.650]
At time 1552924782.281
- Translation: [399.379, 268.976, 0.000]
- Rotation: in Quaternion [0.000, 0.000, 0.951, -0.308]
            in RPY (radian) [0.000, -0.000, -2.515]
            in RPY (degree) [0.000, -0.000, -144.110]
At time 1552924783.298
- Translation: [388.320, 270.078, 0.000]
- Rotation: in Quaternion [0.000, 0.000, 0.953, -0.302]
            in RPY (radian) [0.000, -0.000, -2.529]
            in RPY (degree) [0.000, -0.000, -144.890]
At time 1552924784.299
- Translation: [388.010, 270.088, 0.000]
- Rotation: in Quaternion [0.000, 0.000, 0.953, -0.303]
            in RPY (radian) [0.000, -0.000, -2.526]
            in RPY (degree) [0.000, -0.000, -144.740]
At time 1552924785.295
- Translation: [388.016, 270.068, 0.000]
- Rotation: in Quaternion [0.000, 0.000, 0.954, -0.300]
            in RPY (radian) [0.000, -0.000, -2.532]
            in RPY (degree) [0.000, -0.000, -145.080]
At time 1552924786.287
- Translation: [388.010, 270.078, 0.000]
- Rotation: in Quaternion [0.000, 0.000, 0.953, -0.302]
            in RPY (radian) [0.000, -0.000, -2.528]
            in RPY (degree) [0.000, -0.000, -144.850]
At time 1552924787.289
- Translation: [387.883, 270.012, 0.000]
- Rotation: in Quaternion [0.000, 0.000, 0.953, -0.303]
            in RPY (radian) [0.000, -0.000, -2.527]
            in RPY (degree) [0.000, -0.000, -144.770]
At time 1552924788.299
- Translation: [387.863, 270.002, 0.000]
- Rotation: in Quaternion [0.000, 0.000, 0.953, -0.302]
            in RPY (radian) [0.000, -0.000, -2.529]
            in RPY (degree) [0.000, -0.000, -144.890]
At time 1552924789.299
- Translation: [409.250, 275.976, 0.000]
- Rotation: in Quaternion [0.000, 0.000, 0.932, -0.363]
            in RPY (radian) [0.000, -0.000, -2.399]
            in RPY (degree) [0.000, -0.000, -137.480]
At time 1552924790.292
- Translation: [404.266, 280.213, 0.000]
- Rotation: in Quaternion [0.000, 0.000, 0.937, -0.349]
            in RPY (radian) [0.000, -0.000, -2.428]
            in RPY (degree) [0.000, -0.000, -139.110]
At time 1552924791.296
- Translation: [402.392, 281.986, 0.000]
- Rotation: in Quaternion [0.000, 0.000, 0.941, -0.339]
            in RPY (radian) [0.000, -0.000, -2.450]
            in RPY (degree) [0.000, -0.000, -140.350]
At time 1552924792.284
- Translation: [402.377, 282.026, 0.000]
- Rotation: in Quaternion [0.000, 0.000, 0.938, -0.345]
            in RPY (radian) [0.000, -0.000, -2.436]
            in RPY (degree) [0.000, -0.000, -139.600]
At time 1552924793.296
- Translation: [402.372, 282.016, 0.000]
- Rotation: in Quaternion [0.000, 0.000, 0.939, -0.344]
            in RPY (radian) [0.000, -0.000, -2.440]
            in RPY (degree) [0.000, -0.000, -139.810]
At time 1552924794.283
- Translation: [402.392, 282.016, 0.000]
- Rotation: in Quaternion [0.000, 0.000, 0.939, -0.343]
            in RPY (radian) [0.000, -0.000, -2.441]
            in RPY (degree) [0.000, -0.000, -139.850]
At time 1552924795.298
- Translation: [399.120, 284.952, 0.000]
- Rotation: in Quaternion [0.000, 0.000, 0.943, -0.332]
            in RPY (radian) [0.000, -0.000, -2.466]
            in RPY (degree) [0.000, -0.000, -141.270]
At time 1552924796.289
- Translation: [398.892, 285.684, 0.000]
- Rotation: in Quaternion [0.000, 0.000, 0.944, -0.331]
            in RPY (radian) [0.000, -0.000, -2.467]
            in RPY (degree) [0.000, -0.000, -141.350]
At time 1552924797.283
- Translation: [400.020, 285.511, 0.000]
- Rotation: in Quaternion [0.000, 0.000, 0.939, -0.344]
            in RPY (radian) [0.000, -0.000, -2.439]
            in RPY (degree) [0.000, -0.000, -139.760]
At time 1552924798.221
- Translation: [411.124, 287.447, 0.000]
- Rotation: in Quaternion [0.000, 0.000, 0.920, -0.391]
            in RPY (radian) [0.000, -0.000, -2.338]
            in RPY (degree) [0.000, -0.000, -133.970]
At time 1552924799.299
- Translation: [405.592, 288.270, 0.000]
- Rotation: in Quaternion [0.000, 0.000, 0.934, -0.356]
            in RPY (radian) [0.000, -0.000, -2.413]
            in RPY (degree) [0.000, -0.000, -138.230]
At time 1552924800.294
- Translation: [398.145, 291.181, 0.000]
- Rotation: in Quaternion [0.000, 0.000, 0.958, -0.287]
            in RPY (radian) [0.000, -0.000, -2.560]
            in RPY (degree) [0.000, -0.000, -146.670]
At time 1552924801.292
- Translation: [396.565, 292.004, 0.000]
- Rotation: in Quaternion [0.000, 0.000, 0.962, -0.274]
            in RPY (radian) [0.000, -0.000, -2.586]
            in RPY (degree) [0.000, -0.000, -148.170]
At time 1552924802.282
- Translation: [396.565, 292.034, 0.000]
- Rotation: in Quaternion [0.000, 0.000, 0.961, -0.278]
            in RPY (radian) [0.000, -0.000, -2.578]
            in RPY (degree) [0.000, -0.000, -147.690]
At time 1552924803.301
- Translation: [396.575, 292.019, 0.000]
- Rotation: in Quaternion [0.000, 0.000, 0.961, -0.277]
            in RPY (radian) [0.000, -0.000, -2.581]
            in RPY (degree) [0.000, -0.000, -147.860]
At time 1552924804.282
- Translation: [396.570, 292.034, 0.000]
- Rotation: in Quaternion [0.000, 0.000, 0.961, -0.278]
            in RPY (radian) [0.000, -0.000, -2.579]
            in RPY (degree) [0.000, -0.000, -147.740]
At time 1552924805.279
- Translation: [396.580, 292.014, 0.000]
- Rotation: in Quaternion [0.000, 0.000, 0.961, -0.275]
            in RPY (radian) [0.000, -0.000, -2.585]
            in RPY (degree) [0.000, -0.000, -148.090]
At time 1552924806.272
- Translation: [396.580, 292.004, 0.000]
- Rotation: in Quaternion [0.000, 0.000, 0.962, -0.273]
            in RPY (radian) [0.000, -0.000, -2.588]
            in RPY (degree) [0.000, -0.000, -148.260]
At time 1552924807.294
- Translation: [396.585, 291.993, 0.000]
- Rotation: in Quaternion [0.000, 0.000, 0.962, -0.273]
            in RPY (radian) [0.000, -0.000, -2.589]
            in RPY (degree) [0.000, -0.000, -148.350]
At time 1552924808.299
- Translation: [396.580, 291.993, 0.000]
- Rotation: in Quaternion [0.000, 0.000, 0.962, -0.273]
            in RPY (radian) [0.000, -0.000, -2.590]
            in RPY (degree) [0.000, -0.000, -148.370]
At time 1552924809.293
- Translation: [396.585, 292.004, 0.000]
- Rotation: in Quaternion [0.000, 0.000, 0.962, -0.274]
            in RPY (radian) [0.000, -0.000, -2.587]
            in RPY (degree) [0.000, -0.000, -148.230]
At time 1552924810.292
- Translation: [396.585, 291.983, 0.000]
- Rotation: in Quaternion [0.000, 0.000, 0.963, -0.271]
            in RPY (radian) [0.000, -0.000, -2.593]
            in RPY (degree) [0.000, -0.000, -148.540]
At time 1552924811.280
- Translation: [396.580, 291.998, 0.000]
- Rotation: in Quaternion [0.000, 0.000, 0.962, -0.273]
            in RPY (radian) [0.000, -0.000, -2.588]
            in RPY (degree) [0.000, -0.000, -148.310]
At time 1552924812.287
- Translation: [396.585, 291.973, 0.000]
- Rotation: in Quaternion [0.000, 0.000, 0.963, -0.269]
            in RPY (radian) [0.000, -0.000, -2.597]
            in RPY (degree) [0.000, -0.000, -148.770]
At time 1552924813.276
- Translation: [396.591, 291.988, 0.000]
- Rotation: in Quaternion [0.000, 0.000, 0.962, -0.272]
            in RPY (radian) [0.000, -0.000, -2.592]
            in RPY (degree) [0.000, -0.000, -148.490]
At time 1552924814.299
- Translation: [396.585, 291.983, 0.000]
- Rotation: in Quaternion [0.000, 0.000, 0.963, -0.271]
            in RPY (radian) [0.000, -0.000, -2.593]
            in RPY (degree) [0.000, -0.000, -148.590]
At time 1552924815.293
- Translation: [396.834, 292.181, 0.000]
- Rotation: in Quaternion [0.000, 0.000, 0.963, -0.270]
            in RPY (radian) [0.000, -0.000, -2.596]
            in RPY (degree) [0.000, -0.000, -148.730]
At time 1552924816.275
- Translation: [403.779, 295.753, 0.000]
- Rotation: in Quaternion [0.000, 0.000, 0.970, -0.242]
            in RPY (radian) [0.000, -0.000, -2.653]
            in RPY (degree) [0.000, -0.000, -152.020]
At time 1552924817.263
- Translation: [401.782, 296.428, 0.000]
- Rotation: in Quaternion [0.000, 0.000, 0.973, -0.231]
            in RPY (radian) [0.000, -0.000, -2.675]
            in RPY (degree) [0.000, -0.000, -153.290]
At time 1552924818.301
- Translation: [401.777, 296.423, 0.000]
- Rotation: in Quaternion [0.000, 0.000, 0.973, -0.231]
            in RPY (radian) [0.000, -0.000, -2.676]
            in RPY (degree) [0.000, -0.000, -153.340]
At time 1552924819.289
- Translation: [401.782, 296.423, 0.000]
- Rotation: in Quaternion [0.000, 0.000, 0.973, -0.231]
            in RPY (radian) [0.000, -0.000, -2.675]
            in RPY (degree) [0.000, -0.000, -153.290]
At time 1552924820.301
- Translation: [401.772, 296.423, 0.000]
- Rotation: in Quaternion [0.000, 0.000, 0.973, -0.229]
            in RPY (radian) [0.000, -0.000, -2.679]
            in RPY (degree) [0.000, -0.000, -153.520]
At time 1552924821.284
- Translation: [401.762, 296.428, 0.000]
- Rotation: in Quaternion [0.000, 0.000, 0.973, -0.230]
            in RPY (radian) [0.000, -0.000, -2.677]
            in RPY (degree) [0.000, -0.000, -153.380]
At time 1552924822.299
- Translation: [401.757, 296.428, 0.000]
- Rotation: in Quaternion [0.000, 0.000, 0.973, -0.230]
            in RPY (radian) [0.000, -0.000, -2.678]
            in RPY (degree) [0.000, -0.000, -153.430]
At time 1552924823.300
- Translation: [401.127, 297.663, 0.000]
- Rotation: in Quaternion [0.000, 0.000, 0.978, -0.207]
            in RPY (radian) [0.000, -0.000, -2.724]
            in RPY (degree) [0.000, -0.000, -156.050]
At time 1552924824.200
- Translation: [392.069, 300.614, 0.000]
- Rotation: in Quaternion [0.000, 0.000, 0.985, -0.171]
            in RPY (radian) [0.000, -0.000, -2.798]
            in RPY (degree) [0.000, -0.000, -160.300]
At time 1552924825.287
- Translation: [392.486, 300.269, 0.000]
- Rotation: in Quaternion [0.000, 0.000, 0.982, -0.187]
            in RPY (radian) [0.000, -0.000, -2.764]
            in RPY (degree) [0.000, -0.000, -158.390]
At time 1552924826.281
- Translation: [392.313, 300.360, 0.000]
- Rotation: in Quaternion [0.000, 0.000, 0.983, -0.186]
            in RPY (radian) [0.000, -0.000, -2.768]
            in RPY (degree) [0.000, -0.000, -158.600]
At time 1552924827.293
- Translation: [391.673, 300.797, 0.000]
- Rotation: in Quaternion [0.000, 0.000, 0.984, -0.177]
            in RPY (radian) [0.000, -0.000, -2.785]
            in RPY (degree) [0.000, -0.000, -159.560]
At time 1552924828.272
- Translation: [392.212, 300.385, 0.000]
- Rotation: in Quaternion [0.000, 0.000, 0.983, -0.184]
            in RPY (radian) [0.000, -0.000, -2.771]
            in RPY (degree) [0.000, -0.000, -158.740]
At time 1552924829.292
- Translation: [392.242, 299.938, 0.000]
- Rotation: in Quaternion [0.000, 0.000, 0.982, -0.190]
            in RPY (radian) [0.000, -0.000, -2.759]
            in RPY (degree) [0.000, -0.000, -158.100]
At time 1552924830.274
- Translation: [392.654, 299.613, 0.000]
- Rotation: in Quaternion [0.000, 0.000, 0.982, -0.190]
            in RPY (radian) [0.000, -0.000, -2.760]
            in RPY (degree) [0.000, -0.000, -158.120]
At time 1552924831.279
- Translation: [393.065, 299.207, 0.000]
- Rotation: in Quaternion [0.000, 0.000, 0.981, -0.193]
            in RPY (radian) [0.000, -0.000, -2.752]
            in RPY (degree) [0.000, -0.000, -157.700]
At time 1552924832.298
- Translation: [393.258, 299.212, 0.000]
- Rotation: in Quaternion [0.000, 0.000, 0.982, -0.191]
            in RPY (radian) [0.000, -0.000, -2.756]
            in RPY (degree) [0.000, -0.000, -157.930]
At time 1552924833.294
- Translation: [392.913, 299.690, 0.000]
- Rotation: in Quaternion [0.000, 0.000, 0.982, -0.191]
            in RPY (radian) [0.000, -0.000, -2.757]
            in RPY (degree) [0.000, -0.000, -157.990]
At time 1552924834.294
- Translation: [392.201, 299.989, 0.000]
- Rotation: in Quaternion [0.000, 0.000, 0.983, -0.184]
            in RPY (radian) [0.000, -0.000, -2.771]
            in RPY (degree) [0.000, -0.000, -158.740]
At time 1552924835.293
- Translation: [406.268, 297.256, 0.000]
- Rotation: in Quaternion [0.000, 0.000, 0.975, -0.222]
            in RPY (radian) [0.000, -0.000, -2.695]
            in RPY (degree) [0.000, -0.000, -154.390]
At time 1552924836.299
- Translation: [398.394, 298.694, 0.000]
- Rotation: in Quaternion [0.000, 0.000, 0.978, -0.209]
            in RPY (radian) [0.000, -0.000, -2.721]
            in RPY (degree) [0.000, -0.000, -155.930]
At time 1552924837.286
- Translation: [392.415, 300.904, 0.000]
- Rotation: in Quaternion [0.000, 0.000, 0.981, -0.192]
            in RPY (radian) [0.000, -0.000, -2.755]
            in RPY (degree) [0.000, -0.000, -157.850]
At time 1552924838.280
- Translation: [389.463, 296.880, 0.000]
- Rotation: in Quaternion [0.000, 0.000, 0.983, -0.184]
            in RPY (radian) [0.000, -0.000, -2.771]
            in RPY (degree) [0.000, -0.000, -158.770]
At time 1552924839.296
- Translation: [385.663, 290.921, 0.000]
- Rotation: in Quaternion [0.000, 0.000, 0.994, -0.109]
            in RPY (radian) [0.000, -0.000, -2.922]
            in RPY (degree) [0.000, -0.000, -167.440]
At time 1552924840.270
- Translation: [382.758, 283.759, 0.000]
- Rotation: in Quaternion [0.000, 0.000, 0.999, -0.048]
            in RPY (radian) [0.000, -0.000, -3.045]
            in RPY (degree) [0.000, -0.000, -174.470]
At time 1552924841.290
- Translation: [378.242, 272.755, 0.000]
- Rotation: in Quaternion [0.000, 0.000, 1.000, 0.029]
            in RPY (radian) [0.000, -0.000, 3.084]
            in RPY (degree) [0.000, -0.000, 176.700]
At time 1552924842.295
- Translation: [379.735, 265.476, 0.000]
- Rotation: in Quaternion [0.000, 0.000, 1.000, -0.006]
            in RPY (radian) [0.000, -0.000, -3.129]
            in RPY (degree) [0.000, -0.000, -179.270]
At time 1552924843.281
- Translation: [426.110, 272.933, 0.000]
- Rotation: in Quaternion [0.000, 0.000, 0.999, -0.045]
            in RPY (radian) [0.000, -0.000, -3.051]
            in RPY (degree) [0.000, -0.000, -174.800]
At time 1552924844.295
- Translation: [406.893, 284.831, 0.000]
- Rotation: in Quaternion [0.000, 0.000, 1.000, 0.031]
            in RPY (radian) [0.000, -0.000, 3.079]
            in RPY (degree) [0.000, -0.000, 176.430]
At time 1552924845.296
- Translation: [405.958, 287.294, 0.000]
- Rotation: in Quaternion [0.000, 0.000, 0.999, 0.053]
            in RPY (radian) [0.000, -0.000, 3.036]
            in RPY (degree) [0.000, -0.000, 173.960]
At time 1552924846.284
- Translation: [403.459, 293.329, 0.000]
- Rotation: in Quaternion [0.000, 0.000, 0.993, 0.120]
            in RPY (radian) [0.000, -0.000, 2.902]
            in RPY (degree) [0.000, -0.000, 166.260]
At time 1552924847.269
- Translation: [402.859, 295.239, 0.000]
- Rotation: in Quaternion [0.000, 0.000, 0.991, 0.136]
            in RPY (radian) [0.000, -0.000, 2.868]
            in RPY (degree) [0.000, -0.000, 164.340]
At time 1552924848.301
- Translation: [401.869, 298.806, 0.000]
- Rotation: in Quaternion [0.000, 0.000, 0.985, 0.173]
            in RPY (radian) [0.000, -0.000, 2.793]
            in RPY (degree) [0.000, -0.000, 160.040]
At time 1552924849.299
- Translation: [401.244, 300.853, 0.000]
- Rotation: in Quaternion [0.000, 0.000, 0.981, 0.193]
            in RPY (radian) [0.000, -0.000, 2.753]
            in RPY (degree) [0.000, -0.000, 157.740]
At time 1552924850.219
- Translation: [401.239, 300.853, 0.000]
- Rotation: in Quaternion [0.000, 0.000, 0.981, 0.196]
            in RPY (radian) [0.000, -0.000, 2.748]
            in RPY (degree) [0.000, -0.000, 157.450]
At time 1552924851.286
- Translation: [401.401, 300.995, 0.000]
- Rotation: in Quaternion [0.000, 0.000, 0.982, 0.188]
            in RPY (radian) [0.000, -0.000, 2.763]
            in RPY (degree) [0.000, -0.000, 158.330]
At time 1552924852.267
- Translation: [399.466, 301.041, 0.000]
- Rotation: in Quaternion [0.000, 0.000, 0.981, 0.196]
            in RPY (radian) [0.000, -0.000, 2.747]
            in RPY (degree) [0.000, -0.000, 157.410]
At time 1552924853.299
- Translation: [398.846, 300.995, 0.000]
- Rotation: in Quaternion [0.000, 0.000, 0.979, 0.202]
            in RPY (radian) [0.000, -0.000, 2.734]
            in RPY (degree) [0.000, -0.000, 156.660]
At time 1552924854.286
- Translation: [398.866, 301.041, 0.000]
- Rotation: in Quaternion [0.000, 0.000, 0.980, 0.199]
            in RPY (radian) [0.000, -0.000, 2.741]
            in RPY (degree) [0.000, -0.000, 157.020]
At time 1552924855.274
- Translation: [399.425, 301.341, 0.000]
- Rotation: in Quaternion [0.000, 0.000, 0.980, 0.201]
            in RPY (radian) [0.000, -0.000, 2.737]
            in RPY (degree) [0.000, -0.000, 156.810]
At time 1552924856.291
- Translation: [400.634, 302.036, 0.000]
- Rotation: in Quaternion [0.000, 0.000, 0.983, 0.182]
            in RPY (radian) [0.000, -0.000, 2.776]
            in RPY (degree) [0.000, -0.000, 159.070]
At time 1552924857.299
- Translation: [400.639, 302.021, 0.000]
- Rotation: in Quaternion [0.000, 0.000, 0.983, 0.182]
            in RPY (radian) [0.000, -0.000, 2.775]
            in RPY (degree) [0.000, -0.000, 158.970]
At time 1552924858.291
- Translation: [400.655, 302.062, 0.000]
- Rotation: in Quaternion [0.000, 0.000, 0.983, 0.182]
            in RPY (radian) [0.000, -0.000, 2.775]
            in RPY (degree) [0.000, -0.000, 158.970]
At time 1552924859.271
- Translation: [399.918, 301.925, 0.000]
- Rotation: in Quaternion [0.000, 0.000, 0.982, 0.191]
            in RPY (radian) [0.000, -0.000, 2.757]
            in RPY (degree) [0.000, -0.000, 157.950]
At time 1552924860.285
- Translation: [398.943, 299.603, 0.000]
- Rotation: in Quaternion [0.000, 0.000, 0.981, 0.194]
            in RPY (radian) [0.000, -0.000, 2.751]
            in RPY (degree) [0.000, -0.000, 157.640]
At time 1552924861.298
- Translation: [397.861, 299.136, 0.000]
- Rotation: in Quaternion [0.000, 0.000, 0.978, 0.211]
            in RPY (radian) [0.000, -0.000, 2.717]
            in RPY (degree) [0.000, -0.000, 155.650]
At time 1552924862.281
- Translation: [396.276, 299.827, 0.000]
- Rotation: in Quaternion [0.000, 0.000, 0.971, 0.239]
            in RPY (radian) [0.000, -0.000, 2.660]
            in RPY (degree) [0.000, -0.000, 152.390]
At time 1552924863.295
- Translation: [396.199, 300.050, 0.000]
- Rotation: in Quaternion [0.000, 0.000, 0.972, 0.237]
            in RPY (radian) [0.000, -0.000, 2.664]
            in RPY (degree) [0.000, -0.000, 152.610]
At time 1552924864.274
- Translation: [396.286, 299.217, 0.000]
- Rotation: in Quaternion [0.000, 0.000, 0.973, 0.232]
            in RPY (radian) [0.000, -0.000, 2.673]
            in RPY (degree) [0.000, -0.000, 153.160]
At time 1552924865.130
- Translation: [9900484.000, 302.829, 0.000]
- Rotation: in Quaternion [0.000, 0.000, 0.966, 0.259]
            in RPY (radian) [0.000, -0.000, 2.618]
            in RPY (degree) [0.000, -0.000, 149.980]
At time 1552924865.130
- Translation: [9900484.000, 302.829, 0.000]
- Rotation: in Quaternion [0.000, 0.000, 0.966, 0.259]
            in RPY (radian) [0.000, -0.000, 2.618]
            in RPY (degree) [0.000, -0.000, 149.980]
At time 1552924867.270
- Translation: [309.961, 182.773, 0.000]
- Rotation: in Quaternion [0.000, 0.000, 0.929, 0.370]
            in RPY (radian) [0.000, -0.000, 2.383]
            in RPY (degree) [0.000, -0.000, 136.510]
At time 1552924868.299
- Translation: [320.223, 273.014, 0.000]
- Rotation: in Quaternion [0.000, 0.000, 0.891, 0.454]
            in RPY (radian) [0.000, -0.000, 2.198]
            in RPY (degree) [0.000, -0.000, 125.950]
At time 1552924869.291
- Translation: [335.448, 316.956, 0.000]
- Rotation: in Quaternion [0.000, 0.000, 0.901, 0.433]
            in RPY (radian) [0.000, -0.000, 2.246]
            in RPY (degree) [0.000, -0.000, 128.700]
At time 1552924870.292
- Translation: [334.792, 312.669, 0.000]
- Rotation: in Quaternion [0.000, 0.000, 0.919, 0.395]
            in RPY (radian) [0.000, -0.000, 2.329]
            in RPY (degree) [0.000, -0.000, 133.420]
At time 1552924871.289
- Translation: [334.035, 307.975, 0.000]
- Rotation: in Quaternion [0.000, 0.000, 0.935, 0.353]
            in RPY (radian) [0.000, -0.000, 2.419]
            in RPY (degree) [0.000, -0.000, 138.600]
At time 1552924872.288
- Translation: [334.386, 306.177, 0.000]
- Rotation: in Quaternion [0.000, 0.000, 0.944, 0.331]
            in RPY (radian) [0.000, -0.000, 2.467]
            in RPY (degree) [0.000, -0.000, 141.370]
At time 1552924873.270
- Translation: [334.879, 308.132, 0.000]
- Rotation: in Quaternion [0.000, 0.000, 0.939, 0.344]
            in RPY (radian) [0.000, -0.000, 2.439]
            in RPY (degree) [0.000, -0.000, 139.760]
At time 1552924874.286
- Translation: [335.239, 300.624, 0.000]
- Rotation: in Quaternion [0.000, 0.000, 0.956, 0.294]
            in RPY (radian) [0.000, -0.000, 2.544]
            in RPY (degree) [0.000, -0.000, 145.770]
At time 1552924875.275
- Translation: [321.925, 251.506, 0.000]
- Rotation: in Quaternion [0.000, 0.000, 0.961, 0.275]
            in RPY (radian) [0.000, -0.000, 2.584]
            in RPY (degree) [0.000, -0.000, 148.030]
At time 1552924876.281
- Translation: [316.225, 238.892, 0.000]
- Rotation: in Quaternion [0.000, 0.000, 0.949, 0.316]
            in RPY (radian) [0.000, -0.000, 2.498]
            in RPY (degree) [0.000, -0.000, 143.150]
At time 1552924877.296
- Translation: [317.652, 244.094, 0.000]
- Rotation: in Quaternion [0.000, 0.000, 0.936, 0.352]
            in RPY (radian) [0.000, -0.000, 2.422]
            in RPY (degree) [0.000, -0.000, 138.770]
At time 1552924878.274
- Translation: [317.657, 244.094, 0.000]
- Rotation: in Quaternion [0.000, 0.000, 0.937, 0.350]
            in RPY (radian) [0.000, -0.000, 2.427]
            in RPY (degree) [0.000, -0.000, 139.040]
At time 1552924879.276
- Translation: [317.678, 244.114, 0.000]
- Rotation: in Quaternion [0.000, 0.000, 0.935, 0.354]
            in RPY (radian) [0.000, -0.000, 2.418]
            in RPY (degree) [0.000, -0.000, 138.520]
At time 1552924880.265
- Translation: [321.224, 244.699, 0.000]
- Rotation: in Quaternion [0.000, 0.000, 0.941, 0.339]
            in RPY (radian) [0.000, -0.000, 2.450]
            in RPY (degree) [0.000, -0.000, 140.390]
At time 1552924881.294
- Translation: [345.140, 220.878, 0.000]
- Rotation: in Quaternion [0.000, 0.000, 0.974, 0.227]
            in RPY (radian) [0.000, -0.000, 2.684]
            in RPY (degree) [0.000, -0.000, 153.800]
At time 1552924882.206
- Translation: [349.636, 224.968, 0.000]
- Rotation: in Quaternion [0.000, 0.000, 0.982, 0.187]
            in RPY (radian) [0.000, -0.000, 2.766]
            in RPY (degree) [0.000, -0.000, 158.500]
At time 1552924883.269
- Translation: [350.210, 221.371, 0.000]
- Rotation: in Quaternion [0.000, 0.000, 0.989, 0.151]
            in RPY (radian) [0.000, -0.000, 2.838]
            in RPY (degree) [0.000, -0.000, 162.620]
At time 1552924884.293
- Translation: [350.855, 219.039, 0.000]
- Rotation: in Quaternion [0.000, 0.000, 0.992, 0.129]
            in RPY (radian) [0.000, -0.000, 2.882]
            in RPY (degree) [0.000, -0.000, 165.120]
At time 1552924885.297
- Translation: [350.957, 218.714, 0.000]
- Rotation: in Quaternion [0.000, 0.000, 0.992, 0.128]
            in RPY (radian) [0.000, -0.000, 2.886]
            in RPY (degree) [0.000, -0.000, 165.340]
At time 1552924886.288
- Translation: [355.559, 186.736, 0.000]
- Rotation: in Quaternion [0.000, 0.000, 0.986, 0.166]
            in RPY (radian) [0.000, -0.000, 2.809]
            in RPY (degree) [0.000, -0.000, 160.920]
At time 1552924887.301
- Translation: [350.845, 180.035, 0.000]
- Rotation: in Quaternion [0.000, 0.000, 0.995, 0.101]
            in RPY (radian) [0.000, -0.000, 2.939]
            in RPY (degree) [0.000, -0.000, 168.420]
At time 1552924888.280
- Translation: [352.242, 177.693, 0.000]
- Rotation: in Quaternion [0.000, 0.000, 0.996, 0.084]
            in RPY (radian) [0.000, -0.000, 2.974]
            in RPY (degree) [0.000, -0.000, 170.370]
At time 1552924889.292
- Translation: [352.598, 176.713, 0.000]
- Rotation: in Quaternion [0.000, 0.000, 0.997, 0.074]
            in RPY (radian) [0.000, -0.000, 2.993]
            in RPY (degree) [0.000, -0.000, 171.490]
At time 1552924890.294
- Translation: [353.162, 175.956, 0.000]
- Rotation: in Quaternion [0.000, 0.000, 0.997, 0.074]
            in RPY (radian) [0.000, -0.000, 2.993]
            in RPY (degree) [0.000, -0.000, 171.480]
At time 1552924891.289
- Translation: [357.983, 167.589, 0.000]
- Rotation: in Quaternion [0.000, 0.000, 0.997, 0.080]
            in RPY (radian) [0.000, -0.000, 2.982]
            in RPY (degree) [0.000, -0.000, 170.870]
At time 1552924892.260
- Translation: [357.713, 167.279, 0.000]
- Rotation: in Quaternion [0.000, 0.000, 0.996, 0.087]
            in RPY (radian) [0.000, -0.000, 2.968]
            in RPY (degree) [0.000, -0.000, 170.050]
At time 1552924893.274
- Translation: [357.551, 167.604, 0.000]
- Rotation: in Quaternion [0.000, 0.000, 0.997, 0.075]
            in RPY (radian) [0.000, -0.000, 2.992]
            in RPY (degree) [0.000, -0.000, 171.420]
At time 1552924894.285
- Translation: [357.302, 167.498, 0.000]
- Rotation: in Quaternion [0.000, 0.000, 0.997, 0.080]
            in RPY (radian) [0.000, -0.000, 2.981]
            in RPY (degree) [0.000, -0.000, 170.820]
At time 1552924895.274
- Translation: [357.317, 167.508, 0.000]
- Rotation: in Quaternion [0.000, 0.000, 0.997, 0.079]
            in RPY (radian) [0.000, -0.000, 2.984]
            in RPY (degree) [0.000, -0.000, 170.970]
At time 1552924896.277
- Translation: [357.246, 167.518, 0.000]
- Rotation: in Quaternion [0.000, 0.000, 0.997, 0.077]
            in RPY (radian) [0.000, -0.000, 2.988]
            in RPY (degree) [0.000, -0.000, 171.190]
At time 1552924897.279
- Translation: [356.103, 150.383, 0.000]
- Rotation: in Quaternion [0.000, 0.000, 0.998, 0.066]
            in RPY (radian) [0.000, -0.000, 3.009]
            in RPY (degree) [0.000, -0.000, 172.410]
At time 1552924898.299
- Translation: [354.112, 135.016, 0.000]
- Rotation: in Quaternion [0.000, 0.000, 0.999, 0.055]
            in RPY (radian) [0.000, -0.000, 3.032]
            in RPY (degree) [0.000, -0.000, 173.730]
At time 1552924899.294
- Translation: [352.440, 132.486, 0.000]
- Rotation: in Quaternion [0.000, 0.000, 0.998, 0.058]
            in RPY (radian) [0.000, -0.000, 3.025]
            in RPY (degree) [0.000, -0.000, 173.340]
At time 1552924900.301
- Translation: [352.527, 132.278, 0.000]
- Rotation: in Quaternion [0.000, 0.000, 0.998, 0.058]
            in RPY (radian) [0.000, -0.000, 3.026]
            in RPY (degree) [0.000, -0.000, 173.360]
At time 1552924901.256
- Translation: [354.421, 125.319, 0.000]
- Rotation: in Quaternion [0.000, 0.000, 1.000, -0.004]
            in RPY (radian) [0.000, -0.000, -3.134]
            in RPY (degree) [0.000, -0.000, -179.580]
At time 1552924902.289
- Translation: [354.569, 124.861, 0.000]
- Rotation: in Quaternion [0.000, 0.000, 1.000, -0.011]
            in RPY (radian) [0.000, -0.000, -3.120]
            in RPY (degree) [0.000, -0.000, -178.760]
At time 1552924903.296
- Translation: [354.808, 124.496, 0.000]
- Rotation: in Quaternion [0.000, 0.000, 1.000, -0.016]
            in RPY (radian) [0.000, -0.000, -3.109]
            in RPY (degree) [0.000, -0.000, -178.150]
At time 1552924904.300
- Translation: [355.128, 122.184, 0.000]
- Rotation: in Quaternion [0.000, 0.000, 1.000, -0.027]
            in RPY (radian) [0.000, -0.000, -3.088]
            in RPY (degree) [0.000, -0.000, -176.920]
At time 1552924905.283
- Translation: [355.239, 121.991, 0.000]
- Rotation: in Quaternion [0.000, 0.000, 1.000, -0.027]
            in RPY (radian) [0.000, -0.000, -3.088]
            in RPY (degree) [0.000, -0.000, -176.920]
At time 1552924906.280
- Translation: [355.021, 121.036, 0.000]
- Rotation: in Quaternion [0.000, 0.000, 0.999, -0.046]
            in RPY (radian) [0.000, -0.000, -3.049]
            in RPY (degree) [0.000, -0.000, -174.680]
At time 1552924907.301
- Translation: [355.056, 120.909, 0.000]
- Rotation: in Quaternion [0.000, 0.000, 0.999, -0.049]
            in RPY (radian) [0.000, -0.000, -3.044]
            in RPY (degree) [0.000, -0.000, -174.420]
At time 1552924908.223
- Translation: [355.011, 120.787, 0.000]
- Rotation: in Quaternion [0.000, 0.000, 0.999, -0.042]
            in RPY (radian) [0.000, -0.000, -3.058]
            in RPY (degree) [0.000, -0.000, -175.200]
At time 1552924909.298
- Translation: [355.189, 120.467, 0.000]
- Rotation: in Quaternion [0.000, 0.000, 0.999, -0.049]
            in RPY (radian) [0.000, -0.000, -3.044]
            in RPY (degree) [0.000, -0.000, -174.390]
At time 1552924910.293
- Translation: [355.458, 120.096, 0.000]
- Rotation: in Quaternion [0.000, 0.000, 0.999, -0.054]
            in RPY (radian) [0.000, -0.000, -3.033]
            in RPY (degree) [0.000, -0.000, -173.760]
At time 1552924911.290
- Translation: [355.458, 119.898, 0.000]
- Rotation: in Quaternion [0.000, 0.000, 0.998, -0.055]
            in RPY (radian) [0.000, -0.000, -3.032]
            in RPY (degree) [0.000, -0.000, -173.720]
At time 1552924912.299
- Translation: [357.332, 117.780, 0.000]
- Rotation: in Quaternion [0.000, 0.000, 0.997, -0.080]
            in RPY (radian) [0.000, -0.000, -2.982]
            in RPY (degree) [0.000, -0.000, -170.830]
At time 1552924913.294
- Translation: [357.891, 119.822, 0.000]
- Rotation: in Quaternion [0.000, 0.000, 0.996, -0.093]
            in RPY (radian) [0.000, -0.000, -2.955]
            in RPY (degree) [0.000, -0.000, -169.320]
At time 1552924914.297
- Translation: [358.216, 119.512, 0.000]
- Rotation: in Quaternion [0.000, 0.000, 0.995, -0.099]
            in RPY (radian) [0.000, -0.000, -2.943]
            in RPY (degree) [0.000, -0.000, -168.640]
At time 1552924915.288
- Translation: [357.139, 120.599, 0.000]
- Rotation: in Quaternion [0.000, 0.000, 0.996, -0.087]
            in RPY (radian) [0.000, -0.000, -2.968]
            in RPY (degree) [0.000, -0.000, -170.060]
At time 1552924916.300
- Translation: [357.022, 120.553, 0.000]
- Rotation: in Quaternion [0.000, 0.000, 0.996, -0.085]
            in RPY (radian) [0.000, -0.000, -2.971]
            in RPY (degree) [0.000, -0.000, -170.200]
At time 1552924917.299
- Translation: [356.768, 120.559, 0.000]
- Rotation: in Quaternion [0.000, 0.000, 0.997, -0.079]
            in RPY (radian) [0.000, -0.000, -2.984]
            in RPY (degree) [0.000, -0.000, -170.950]
At time 1552924918.300
- Translation: [356.753, 120.559, 0.000]
- Rotation: in Quaternion [0.000, 0.000, 0.997, -0.076]
            in RPY (radian) [0.000, -0.000, -2.990]
            in RPY (degree) [0.000, -0.000, -171.330]
At time 1552924919.294
- Translation: [356.748, 120.614, 0.000]
- Rotation: in Quaternion [0.000, 0.000, 0.997, -0.080]
            in RPY (radian) [0.000, -0.000, -2.980]
            in RPY (degree) [0.000, -0.000, -170.770]
At time 1552924920.293
- Translation: [356.733, 120.620, 0.000]
- Rotation: in Quaternion [0.000, 0.000, 0.997, -0.080]
            in RPY (radian) [0.000, -0.000, -2.981]
            in RPY (degree) [0.000, -0.000, -170.780]
At time 1552924921.273
- Translation: [356.718, 120.630, 0.000]
- Rotation: in Quaternion [0.000, 0.000, 0.997, -0.082]
            in RPY (radian) [0.000, -0.000, -2.978]
            in RPY (degree) [0.000, -0.000, -170.620]
At time 1552924922.280
- Translation: [356.753, 120.701, 0.000]
- Rotation: in Quaternion [0.000, 0.000, 0.997, -0.081]
            in RPY (radian) [0.000, -0.000, -2.979]
            in RPY (degree) [0.000, -0.000, -170.700]
At time 1552924923.299
- Translation: [356.606, 120.813, 0.000]
- Rotation: in Quaternion [0.000, 0.000, 0.997, -0.073]
            in RPY (radian) [0.000, -0.000, -2.996]
            in RPY (degree) [0.000, -0.000, -171.650]
At time 1552924924.284
- Translation: [356.616, 120.813, 0.000]
- Rotation: in Quaternion [0.000, 0.000, 0.997, -0.072]
            in RPY (radian) [0.000, -0.000, -2.997]
            in RPY (degree) [0.000, -0.000, -171.690]
At time 1552924925.298
- Translation: [356.621, 120.807, 0.000]
- Rotation: in Quaternion [0.000, 0.000, 0.997, -0.073]
            in RPY (radian) [0.000, -0.000, -2.995]
            in RPY (degree) [0.000, -0.000, -171.590]
At time 1552924926.298
- Translation: [356.606, 120.813, 0.000]
- Rotation: in Quaternion [0.000, 0.000, 0.997, -0.074]
            in RPY (radian) [0.000, -0.000, -2.994]
            in RPY (degree) [0.000, -0.000, -171.520]
At time 1552924927.295
- Translation: [356.626, 120.813, 0.000]
- Rotation: in Quaternion [0.000, 0.000, 0.997, -0.074]
            in RPY (radian) [0.000, -0.000, -2.993]
            in RPY (degree) [0.000, -0.000, -171.470]
At time 1552924928.275
- Translation: [356.601, 120.823, 0.000]
- Rotation: in Quaternion [0.000, 0.000, 0.997, -0.075]
            in RPY (radian) [0.000, -0.000, -2.992]
            in RPY (degree) [0.000, -0.000, -171.430]
At time 1552924929.297
- Translation: [356.616, 120.833, 0.000]
- Rotation: in Quaternion [0.000, 0.000, 0.997, -0.079]
            in RPY (radian) [0.000, -0.000, -2.984]
            in RPY (degree) [0.000, -0.000, -170.990]
At time 1552924930.280
- Translation: [356.606, 120.823, 0.000]
- Rotation: in Quaternion [0.000, 0.000, 0.997, -0.074]
            in RPY (radian) [0.000, -0.000, -2.994]
            in RPY (degree) [0.000, -0.000, -171.520]
At time 1552924931.278
- Translation: [356.596, 120.823, 0.000]
- Rotation: in Quaternion [0.000, 0.000, 0.997, -0.076]
            in RPY (radian) [0.000, -0.000, -2.990]
            in RPY (degree) [0.000, -0.000, -171.330]
At time 1552924932.290
- Translation: [356.591, 120.818, 0.000]
- Rotation: in Quaternion [0.000, 0.000, 0.997, -0.074]
            in RPY (radian) [0.000, -0.000, -2.994]
            in RPY (degree) [0.000, -0.000, -171.550]
At time 1552924933.272
- Translation: [356.606, 120.813, 0.000]
- Rotation: in Quaternion [0.000, 0.000, 0.997, -0.073]
            in RPY (radian) [0.000, -0.000, -2.995]
            in RPY (degree) [0.000, -0.000, -171.620]
At time 1552924934.199
- Translation: [356.596, 120.818, 0.000]
- Rotation: in Quaternion [0.000, 0.000, 0.997, -0.075]
            in RPY (radian) [0.000, -0.000, -2.992]
            in RPY (degree) [0.000, -0.000, -171.450]
At time 1552924935.293
- Translation: [356.596, 120.823, 0.000]
- Rotation: in Quaternion [0.000, 0.000, 0.997, -0.075]
            in RPY (radian) [0.000, -0.000, -2.992]
            in RPY (degree) [0.000, -0.000, -171.450]
At time 1552924936.290
- Translation: [356.606, 120.828, 0.000]
- Rotation: in Quaternion [0.000, 0.000, 0.997, -0.077]
            in RPY (radian) [0.000, -0.000, -2.988]
            in RPY (degree) [0.000, -0.000, -171.200]
At time 1552924937.265
- Translation: [356.586, 120.818, 0.000]
- Rotation: in Quaternion [0.000, 0.000, 0.997, -0.075]
            in RPY (radian) [0.000, -0.000, -2.992]
            in RPY (degree) [0.000, -0.000, -171.450]
At time 1552924938.293
- Translation: [356.596, 120.823, 0.000]
- Rotation: in Quaternion [0.000, 0.000, 0.997, -0.075]
            in RPY (radian) [0.000, -0.000, -2.992]
            in RPY (degree) [0.000, -0.000, -171.430]
At time 1552924939.294
- Translation: [356.606, 120.823, 0.000]
- Rotation: in Quaternion [0.000, 0.000, 0.997, -0.074]
            in RPY (radian) [0.000, -0.000, -2.993]
            in RPY (degree) [0.000, -0.000, -171.500]
At time 1552924940.280
- Translation: [356.616, 120.823, 0.000]
- Rotation: in Quaternion [0.000, 0.000, 0.997, -0.076]
            in RPY (radian) [0.000, -0.000, -2.989]
            in RPY (degree) [0.000, -0.000, -171.260]
At time 1552924941.295
- Translation: [356.611, 120.833, 0.000]
- Rotation: in Quaternion [0.000, 0.000, 0.997, -0.076]
            in RPY (radian) [0.000, -0.000, -2.990]
            in RPY (degree) [0.000, -0.000, -171.290]
At time 1552924942.288
- Translation: [356.621, 120.828, 0.000]
- Rotation: in Quaternion [0.000, 0.000, 0.997, -0.075]
            in RPY (radian) [0.000, -0.000, -2.991]
            in RPY (degree) [0.000, -0.000, -171.370]
At time 1552924943.288
- Translation: [356.601, 120.838, 0.000]
- Rotation: in Quaternion [0.000, 0.000, 0.997, -0.078]
            in RPY (radian) [0.000, -0.000, -2.986]
            in RPY (degree) [0.000, -0.000, -171.100]
At time 1552924944.300
- Translation: [356.601, 120.823, 0.000]
- Rotation: in Quaternion [0.000, 0.000, 0.997, -0.075]
            in RPY (radian) [0.000, -0.000, -2.992]
            in RPY (degree) [0.000, -0.000, -171.420]
At time 1552924945.299
- Translation: [356.606, 120.823, 0.000]
- Rotation: in Quaternion [0.000, 0.000, 0.997, -0.075]
            in RPY (radian) [0.000, -0.000, -2.991]
            in RPY (degree) [0.000, -0.000, -171.400]
At time 1552924946.285
- Translation: [355.244, 123.307, 0.000]
- Rotation: in Quaternion [0.000, 0.000, 0.999, -0.054]
            in RPY (radian) [0.000, -0.000, -3.034]
            in RPY (degree) [0.000, -0.000, -173.860]
At time 1552924947.298
- Translation: [353.233, 127.229, 0.000]
- Rotation: in Quaternion [0.000, 0.000, 0.999, -0.046]
            in RPY (radian) [0.000, -0.000, -3.050]
            in RPY (degree) [0.000, -0.000, -174.750]
At time 1552924948.285
- Translation: [353.217, 127.224, 0.000]
- Rotation: in Quaternion [0.000, 0.000, 0.999, -0.046]
            in RPY (radian) [0.000, -0.000, -3.049]
            in RPY (degree) [0.000, -0.000, -174.670]
At time 1552924949.292
- Translation: [349.585, 126.741, 0.000]
- Rotation: in Quaternion [0.000, 0.000, 1.000, 0.004]
            in RPY (radian) [0.000, -0.000, 3.134]
            in RPY (degree) [0.000, -0.000, 179.580]
At time 1552924950.277
- Translation: [325.420, 197.841, 0.000]
- Rotation: in Quaternion [0.000, 0.000, 0.961, 0.276]
            in RPY (radian) [0.000, -0.000, 2.582]
            in RPY (degree) [0.000, -0.000, 147.940]
At time 1552924951.289
- Translation: [253.182, 244.790, 0.000]
- Rotation: in Quaternion [0.000, 0.000, 0.979, 0.203]
            in RPY (radian) [0.000, -0.000, 2.732]
            in RPY (degree) [0.000, -0.000, 156.530]
At time 1552924952.300
- Translation: [268.580, 231.267, 0.000]
- Rotation: in Quaternion [0.000, 0.000, 0.957, 0.289]
            in RPY (radian) [0.000, -0.000, 2.556]
            in RPY (degree) [0.000, -0.000, 146.450]
At time 1552924953.299
- Translation: [303.794, 182.021, 0.000]
- Rotation: in Quaternion [0.000, 0.000, 0.972, 0.235]
            in RPY (radian) [0.000, -0.000, 2.668]
            in RPY (degree) [0.000, -0.000, 152.840]
At time 1552924954.274
- Translation: [304.160, 180.564, 0.000]
- Rotation: in Quaternion [0.000, 0.000, 0.974, 0.226]
            in RPY (radian) [0.000, -0.000, 2.687]
            in RPY (degree) [0.000, -0.000, 153.930]
At time 1552924955.300
- Translation: [303.906, 179.542, 0.000]
- Rotation: in Quaternion [0.000, 0.000, 0.977, 0.212]
            in RPY (radian) [0.000, -0.000, 2.715]
            in RPY (degree) [0.000, -0.000, 155.530]
At time 1552924956.298
- Translation: [304.190, 177.282, 0.000]
- Rotation: in Quaternion [0.000, 0.000, 0.980, 0.199]
            in RPY (radian) [0.000, -0.000, 2.740]
            in RPY (degree) [0.000, -0.000, 157.000]
At time 1552924957.278
- Translation: [303.200, 164.876, 0.000]
- Rotation: in Quaternion [0.000, 0.000, 0.991, 0.135]
            in RPY (radian) [0.000, -0.000, 2.871]
            in RPY (degree) [0.000, -0.000, 164.500]
At time 1552924958.294
- Translation: [303.957, 159.182, 0.000]
- Rotation: in Quaternion [0.000, 0.000, 0.998, 0.067]
            in RPY (radian) [0.000, -0.000, 3.007]
            in RPY (degree) [0.000, -0.000, 172.290]
At time 1552924959.272
- Translation: [304.876, 193.258, 0.000]
- Rotation: in Quaternion [0.000, 0.000, 0.999, 0.047]
            in RPY (radian) [0.000, -0.000, 3.048]
            in RPY (degree) [0.000, -0.000, 174.610]
At time 1552924960.200
- Translation: [268.905, 179.334, 0.000]
- Rotation: in Quaternion [0.000, 0.000, 0.990, 0.138]
            in RPY (radian) [0.000, -0.000, 2.864]
            in RPY (degree) [0.000, -0.000, 164.110]
At time 1552924961.291
- Translation: [290.637, 111.404, 0.000]
- Rotation: in Quaternion [0.000, 0.000, 0.993, 0.118]
            in RPY (radian) [0.000, -0.000, 2.904]
            in RPY (degree) [0.000, -0.000, 166.400]
At time 1552924962.288
- Translation: [291.363, 120.391, 0.000]
- Rotation: in Quaternion [0.000, 0.000, 0.990, 0.144]
            in RPY (radian) [0.000, -0.000, 2.853]
            in RPY (degree) [0.000, -0.000, 163.440]
At time 1552924963.278
- Translation: [291.729, 119.979, 0.000]
- Rotation: in Quaternion [0.000, 0.000, 0.991, 0.136]
            in RPY (radian) [0.000, -0.000, 2.868]
            in RPY (degree) [0.000, -0.000, 164.310]
At time 1552924964.280
- Translation: [288.244, 182.880, 0.000]
- Rotation: in Quaternion [0.000, 0.000, 1.000, 0.015]
            in RPY (radian) [0.000, -0.000, 3.112]
            in RPY (degree) [0.000, -0.000, 178.280]
At time 1552924965.279
- Translation: [216.438, 209.464, 0.000]
- Rotation: in Quaternion [0.000, 0.000, 0.998, -0.060]
            in RPY (radian) [0.000, -0.000, -3.022]
            in RPY (degree) [0.000, -0.000, -173.170]
At time 1552924966.283
- Translation: [253.904, 101.829, 0.000]
- Rotation: in Quaternion [0.000, 0.000, 0.997, -0.075]
            in RPY (radian) [0.000, -0.000, -2.992]
            in RPY (degree) [0.000, -0.000, -171.420]
At time 1552924967.277
- Translation: [252.633, 111.760, 0.000]
- Rotation: in Quaternion [0.000, 0.000, 0.997, -0.077]
            in RPY (radian) [0.000, -0.000, -2.988]
            in RPY (degree) [0.000, -0.000, -171.210]
At time 1552924968.278
- Translation: [252.786, 112.857, 0.000]
- Rotation: in Quaternion [0.000, 0.000, 0.996, -0.090]
            in RPY (radian) [0.000, -0.000, -2.962]
            in RPY (degree) [0.000, -0.000, -169.710]
At time 1552924969.300
- Translation: [254.447, 109.784, 0.000]
- Rotation: in Quaternion [0.000, 0.000, 0.992, -0.127]
            in RPY (radian) [0.000, -0.000, -2.886]
            in RPY (degree) [0.000, -0.000, -165.360]
At time 1552924970.294
- Translation: [254.117, 101.392, 0.000]
- Rotation: in Quaternion [0.000, 0.000, 0.991, -0.131]
            in RPY (radian) [0.000, -0.000, -2.880]
            in RPY (degree) [0.000, -0.000, -164.990]
At time 1552924971.298
- Translation: [254.051, 100.945, 0.000]
- Rotation: in Quaternion [0.000, 0.000, 0.992, -0.128]
            in RPY (radian) [0.000, -0.000, -2.885]
            in RPY (degree) [0.000, -0.000, -165.320]
At time 1552924972.291
- Translation: [247.401, 98.963, 0.000]
- Rotation: in Quaternion [0.000, 0.000, 0.999, -0.044]
            in RPY (radian) [0.000, -0.000, -3.053]
            in RPY (degree) [0.000, -0.000, -174.950]
At time 1552924973.294
- Translation: [245.212, 100.086, 0.000]
- Rotation: in Quaternion [0.000, 0.000, 1.000, -0.013]
            in RPY (radian) [0.000, -0.000, -3.115]
            in RPY (degree) [0.000, -0.000, -178.460]
At time 1552924974.288
- Translation: [245.217, 100.086, 0.000]
- Rotation: in Quaternion [0.000, 0.000, 1.000, -0.012]
            in RPY (radian) [0.000, -0.000, -3.118]
            in RPY (degree) [0.000, -0.000, -178.660]
At time 1552924975.287
- Translation: [245.186, 100.091, 0.000]
- Rotation: in Quaternion [0.000, 0.000, 1.000, -0.013]
            in RPY (radian) [0.000, -0.000, -3.115]
            in RPY (degree) [0.000, -0.000, -178.470]
At time 1552924976.279
- Translation: [245.217, 100.117, 0.000]
- Rotation: in Quaternion [0.000, 0.000, 1.000, -0.017]
            in RPY (radian) [0.000, -0.000, -3.108]
            in RPY (degree) [0.000, -0.000, -178.060]
At time 1552924977.297
- Translation: [245.201, 100.132, 0.000]
- Rotation: in Quaternion [0.000, 0.000, 1.000, -0.016]
            in RPY (radian) [0.000, -0.000, -3.110]
            in RPY (degree) [0.000, -0.000, -178.170]
At time 1552924978.297
- Translation: [245.222, 100.142, 0.000]
- Rotation: in Quaternion [0.000, 0.000, 1.000, -0.018]
            in RPY (radian) [0.000, -0.000, -3.106]
            in RPY (degree) [0.000, -0.000, -177.950]
At time 1552924979.294
- Translation: [245.222, 100.132, 0.000]
- Rotation: in Quaternion [0.000, 0.000, 1.000, -0.014]
            in RPY (radian) [0.000, -0.000, -3.113]
            in RPY (degree) [0.000, -0.000, -178.360]
At time 1552924980.281
- Translation: [245.212, 100.142, 0.000]
- Rotation: in Quaternion [0.000, 0.000, 1.000, -0.014]
            in RPY (radian) [0.000, -0.000, -3.113]
            in RPY (degree) [0.000, -0.000, -178.370]
At time 1552924981.289
- Translation: [245.232, 100.132, 0.000]
- Rotation: in Quaternion [0.000, 0.000, 1.000, -0.013]
            in RPY (radian) [0.000, -0.000, -3.115]
            in RPY (degree) [0.000, -0.000, -178.460]
At time 1552924982.279
- Translation: [245.247, 100.127, 0.000]
- Rotation: in Quaternion [0.000, 0.000, 1.000, -0.016]
            in RPY (radian) [0.000, -0.000, -3.109]
            in RPY (degree) [0.000, -0.000, -178.140]
At time 1552924983.293
- Translation: [245.232, 100.122, 0.000]
- Rotation: in Quaternion [0.000, 0.000, 1.000, -0.017]
            in RPY (radian) [0.000, -0.000, -3.107]
            in RPY (degree) [0.000, -0.000, -178.040]
At time 1552924984.274
- Translation: [245.222, 100.142, 0.000]
- Rotation: in Quaternion [0.000, 0.000, 1.000, -0.017]
            in RPY (radian) [0.000, -0.000, -3.108]
            in RPY (degree) [0.000, -0.000, -178.050]
At time 1552924985.301
- Translation: [245.207, 100.127, 0.000]
- Rotation: in Quaternion [0.000, 0.000, 1.000, -0.017]
            in RPY (radian) [0.000, -0.000, -3.108]
            in RPY (degree) [0.000, -0.000, -178.050]
At time 1552924986.219
- Translation: [245.232, 100.127, 0.000]
- Rotation: in Quaternion [0.000, 0.000, 1.000, -0.017]
            in RPY (radian) [0.000, -0.000, -3.107]
            in RPY (degree) [0.000, -0.000, -178.040]
At time 1552924987.294
- Translation: [245.222, 100.127, 0.000]
- Rotation: in Quaternion [0.000, 0.000, 1.000, -0.017]
            in RPY (radian) [0.000, -0.000, -3.108]
            in RPY (degree) [0.000, -0.000, -178.050]
At time 1552924988.297
- Translation: [245.217, 100.132, 0.000]
- Rotation: in Quaternion [0.000, 0.000, 1.000, -0.017]
            in RPY (radian) [0.000, -0.000, -3.108]
            in RPY (degree) [0.000, -0.000, -178.050]
At time 1552924989.279
- Translation: [245.222, 100.127, 0.000]
- Rotation: in Quaternion [0.000, 0.000, 1.000, -0.017]
            in RPY (radian) [0.000, -0.000, -3.108]
            in RPY (degree) [0.000, -0.000, -178.050]
At time 1552924990.299
- Translation: [245.217, 100.142, 0.000]
- Rotation: in Quaternion [0.000, 0.000, 1.000, -0.018]
            in RPY (radian) [0.000, -0.000, -3.106]
            in RPY (degree) [0.000, -0.000, -177.950]
At time 1552924991.288
- Translation: [245.227, 100.147, 0.000]
- Rotation: in Quaternion [0.000, 0.000, 1.000, -0.017]
            in RPY (radian) [0.000, -0.000, -3.107]
            in RPY (degree) [0.000, -0.000, -178.040]
At time 1552924992.292
- Translation: [245.242, 100.132, 0.000]
- Rotation: in Quaternion [0.000, 0.000, 1.000, -0.017]
            in RPY (radian) [0.000, -0.000, -3.107]
            in RPY (degree) [0.000, -0.000, -178.040]
At time 1552924993.284
- Translation: [245.222, 100.142, 0.000]
- Rotation: in Quaternion [0.000, 0.000, 1.000, -0.018]
            in RPY (radian) [0.000, -0.000, -3.106]
            in RPY (degree) [0.000, -0.000, -177.950]
At time 1552924994.281
- Translation: [245.217, 100.147, 0.000]
- Rotation: in Quaternion [0.000, 0.000, 1.000, -0.019]
            in RPY (radian) [0.000, -0.000, -3.104]
            in RPY (degree) [0.000, -0.000, -177.840]
At time 1552924995.296
- Translation: [245.227, 100.142, 0.000]
- Rotation: in Quaternion [0.000, 0.000, 1.000, -0.019]
            in RPY (radian) [0.000, -0.000, -3.104]
            in RPY (degree) [0.000, -0.000, -177.840]
At time 1552924996.299
- Translation: [245.222, 100.132, 0.000]
- Rotation: in Quaternion [0.000, 0.000, 1.000, -0.017]
            in RPY (radian) [0.000, -0.000, -3.107]
            in RPY (degree) [0.000, -0.000, -178.040]
At time 1552924997.289
- Translation: [245.227, 100.137, 0.000]
- Rotation: in Quaternion [0.000, 0.000, 1.000, -0.018]
            in RPY (radian) [0.000, -0.000, -3.106]
            in RPY (degree) [0.000, -0.000, -177.940]
At time 1552924998.299
- Translation: [245.212, 100.137, 0.000]
- Rotation: in Quaternion [0.000, 0.000, 1.000, -0.017]
            in RPY (radian) [0.000, -0.000, -3.108]
            in RPY (degree) [0.000, -0.000, -178.050]
At time 1552924999.281
- Translation: [245.222, 100.147, 0.000]
- Rotation: in Quaternion [0.000, 0.000, 1.000, -0.019]
            in RPY (radian) [0.000, -0.000, -3.104]
            in RPY (degree) [0.000, -0.000, -177.840]
At time 1552925000.291
- Translation: [245.217, 100.137, 0.000]
- Rotation: in Quaternion [0.000, 0.000, 1.000, -0.017]
            in RPY (radian) [0.000, -0.000, -3.107]
            in RPY (degree) [0.000, -0.000, -178.040]
At time 1552925001.281
- Translation: [245.207, 100.142, 0.000]
- Rotation: in Quaternion [0.000, 0.000, 1.000, -0.017]
            in RPY (radian) [0.000, -0.000, -3.108]
            in RPY (degree) [0.000, -0.000, -178.050]
At time 1552925002.271
- Translation: [245.217, 100.142, 0.000]
- Rotation: in Quaternion [0.000, 0.000, 1.000, -0.018]
            in RPY (radian) [0.000, -0.000, -3.106]
            in RPY (degree) [0.000, -0.000, -177.950]
At time 1552925003.269
- Translation: [245.222, 100.132, 0.000]
- Rotation: in Quaternion [0.000, 0.000, 1.000, -0.016]
            in RPY (radian) [0.000, -0.000, -3.109]
            in RPY (degree) [0.000, -0.000, -178.150]
At time 1552925004.276
- Translation: [245.217, 100.132, 0.000]
- Rotation: in Quaternion [0.000, 0.000, 1.000, -0.014]
            in RPY (radian) [0.000, -0.000, -3.113]
            in RPY (degree) [0.000, -0.000, -178.360]
At time 1552925005.298
- Translation: [245.222, 100.142, 0.000]
- Rotation: in Quaternion [0.000, 0.000, 1.000, -0.018]
            in RPY (radian) [0.000, -0.000, -3.106]
            in RPY (degree) [0.000, -0.000, -177.950]
At time 1552925006.301
- Translation: [245.222, 100.142, 0.000]
- Rotation: in Quaternion [0.000, 0.000, 1.000, -0.018]
            in RPY (radian) [0.000, -0.000, -3.106]
            in RPY (degree) [0.000, -0.000, -177.940]
At time 1552925007.297
- Translation: [245.227, 100.142, 0.000]
- Rotation: in Quaternion [0.000, 0.000, 1.000, -0.017]
            in RPY (radian) [0.000, -0.000, -3.107]
            in RPY (degree) [0.000, -0.000, -178.040]
At time 1552925008.294
- Translation: [245.212, 100.147, 0.000]
- Rotation: in Quaternion [0.000, 0.000, 1.000, -0.017]
            in RPY (radian) [0.000, -0.000, -3.108]
            in RPY (degree) [0.000, -0.000, -178.050]
At time 1552925009.286
- Translation: [243.017, 100.025, 0.000]
- Rotation: in Quaternion [0.000, 0.000, 0.999, -0.047]
            in RPY (radian) [0.000, -0.000, -3.048]
            in RPY (degree) [0.000, -0.000, -174.660]
At time 1552925010.162
- Translation: [230.871, 117.145, 0.000]
- Rotation: in Quaternion [0.000, 0.000, 0.999, -0.037]
            in RPY (radian) [0.000, -0.000, -3.068]
            in RPY (degree) [0.000, -0.000, -175.790]
At time 1552925011.286
- Translation: [223.581, 166.223, 0.000]
- Rotation: in Quaternion [0.000, 0.000, 0.992, -0.129]
            in RPY (radian) [0.000, -0.000, -2.883]
            in RPY (degree) [0.000, -0.000, -165.180]
At time 1552925012.219
- Translation: [221.503, 165.176, 0.000]
- Rotation: in Quaternion [0.000, 0.000, 0.984, -0.177]
            in RPY (radian) [0.000, -0.000, -2.785]
            in RPY (degree) [0.000, -0.000, -159.560]
At time 1552925013.293
- Translation: [229.535, 163.530, 0.000]
- Rotation: in Quaternion [0.000, 0.000, 0.983, -0.185]
            in RPY (radian) [0.000, -0.000, -2.769]
            in RPY (degree) [0.000, -0.000, -158.670]
At time 1552925014.133
- Translation: [240.035, 166.629, 0.000]
- Rotation: in Quaternion [0.000, 0.000, 0.998, -0.069]
            in RPY (radian) [0.000, -0.000, -3.004]
            in RPY (degree) [0.000, -0.000, -172.130]
At time 1552925015.279
- Translation: [248.488, 177.089, 0.000]
- Rotation: in Quaternion [0.000, 0.000, 0.997, -0.083]
            in RPY (radian) [0.000, -0.000, -2.975]
            in RPY (degree) [0.000, -0.000, -170.460]
At time 1552925016.284
- Translation: [249.936, 172.197, 0.000]
- Rotation: in Quaternion [0.000, 0.000, 0.995, -0.096]
            in RPY (radian) [0.000, -0.000, -2.949]
            in RPY (degree) [0.000, -0.000, -168.990]
At time 1552925017.294
- Translation: [251.460, 146.385, 0.000]
- Rotation: in Quaternion [0.000, 0.000, 0.998, -0.056]
            in RPY (radian) [0.000, -0.000, -3.030]
            in RPY (degree) [0.000, -0.000, -173.600]
At time 1552925018.281
- Translation: [252.730, 133.548, 0.000]
- Rotation: in Quaternion [0.000, 0.000, 0.998, -0.060]
            in RPY (radian) [0.000, -0.000, -3.022]
            in RPY (degree) [0.000, -0.000, -173.140]
At time 1552925019.300
- Translation: [247.686, 198.023, 0.000]
- Rotation: in Quaternion [0.000, 0.000, 0.982, -0.189]
            in RPY (radian) [0.000, -0.000, -2.761]
            in RPY (degree) [0.000, -0.000, -158.210]
At time 1552925020.266
- Translation: [234.843, 164.272, 0.000]
- Rotation: in Quaternion [0.000, 0.000, 0.975, -0.222]
            in RPY (radian) [0.000, -0.000, -2.694]
            in RPY (degree) [0.000, -0.000, -154.340]
At time 1552925021.299
- Translation: [245.532, 139.045, 0.000]
- Rotation: in Quaternion [0.000, 0.000, 0.947, -0.321]
            in RPY (radian) [0.000, -0.000, -2.489]
            in RPY (degree) [0.000, -0.000, -142.590]
At time 1552925022.294
- Translation: [250.292, 108.016, 0.000]
- Rotation: in Quaternion [0.000, 0.000, 0.944, -0.329]
            in RPY (radian) [0.000, -0.000, -2.470]
            in RPY (degree) [0.000, -0.000, -141.540]
At time 1552925023.290
- Translation: [250.977, 98.608, 0.000]
- Rotation: in Quaternion [0.000, 0.000, 0.934, -0.357]
            in RPY (radian) [0.000, -0.000, -2.410]
            in RPY (degree) [0.000, -0.000, -138.110]
