[rosmaster.main][INFO] 2019-03-18 14:27:09,081: initialization complete, waiting for shutdown
[rosmaster.main][INFO] 2019-03-18 14:27:09,081: Starting ROS Master Node
[xmlrpc][INFO] 2019-03-18 14:27:09,083: XML-RPC server binding to 0.0.0.0:11311
[rosmaster.master][INFO] 2019-03-18 14:27:09,084: Master initialized: port[11311], uri[http://chiliPC:11311/]
[xmlrpc][INFO] 2019-03-18 14:27:09,084: Started XML-RPC server [http://chiliPC:11311/]
[xmlrpc][INFO] 2019-03-18 14:27:09,084: xml rpc node: starting XML-RPC server
[rosmaster.master][INFO] 2019-03-18 14:27:09,101: +PARAM [/run_id] by /roslaunch
[rosmaster.master][INFO] 2019-03-18 14:27:09,104: +PARAM [/roslaunch/uris/host_chilipc__42885] by /roslaunch
[rosmaster.master][INFO] 2019-03-18 14:27:09,167: +PARAM [/cellulo_node_00_06_66_D2_CF_7B/scale_coord] by /roslaunch
[rosmaster.master][INFO] 2019-03-18 14:27:09,168: +PARAM [/sensor_node_00_06_66_D2_CF_7B/scale] by /roslaunch
[rosmaster.master][INFO] 2019-03-18 14:27:09,168: +PARAM [/aggregation_node_00_06_66_E7_8A_D6/scale] by /roslaunch
[rosmaster.master][INFO] 2019-03-18 14:27:09,168: +PARAM [/cellulo_node_00_06_66_E7_8E_BD/scale_coord] by /roslaunch
[rosmaster.master][INFO] 2019-03-18 14:27:09,168: +PARAM [/sensor_node_00_06_66_E7_8E_BD/scale] by /roslaunch
[rosmaster.master][INFO] 2019-03-18 14:27:09,168: +PARAM [/sensor_node_00_06_66_E7_8E_BD/paper_width] by /roslaunch
[rosmaster.master][INFO] 2019-03-18 14:27:09,169: +PARAM [/sensor_node_00_06_66_E7_8A_D6/scale] by /roslaunch
[rosmaster.master][INFO] 2019-03-18 14:27:09,169: +PARAM [/sensor_node_00_06_66_D2_CF_7B/cellulo_num] by /roslaunch
[rosmaster.master][INFO] 2019-03-18 14:27:09,169: +PARAM [/cellulo_node_00_06_66_E7_8A_D6/scale_coord] by /roslaunch
[rosmaster.master][INFO] 2019-03-18 14:27:09,170: +PARAM [/aggregation_node_00_06_66_E7_8E_BD/scale] by /roslaunch
[rosmaster.master][INFO] 2019-03-18 14:27:09,170: +SERVICE [/rosout/get_loggers] /rosout http://chiliPC:35815/
[rosmaster.master][INFO] 2019-03-18 14:27:09,171: +PARAM [/sensor_node_00_06_66_E7_8A_D6/paper_length] by /roslaunch
[rosmaster.master][INFO] 2019-03-18 14:27:09,171: +PARAM [/sensor_node_00_06_66_D2_CF_7B/threshold] by /roslaunch
[rosmaster.master][INFO] 2019-03-18 14:27:09,171: +PARAM [/sensor_node_00_06_66_E7_8A_D6/paper_width] by /roslaunch
[rosmaster.master][INFO] 2019-03-18 14:27:09,172: +PARAM [/aggregation_node_00_06_66_E7_8E_BD/thetaDis] by /roslaunch
[rosmaster.master][INFO] 2019-03-18 14:27:09,172: +SERVICE [/rosout/set_logger_level] /rosout http://chiliPC:35815/
[rosmaster.master][INFO] 2019-03-18 14:27:09,172: +PARAM [/sensor_node_00_06_66_E7_8A_D6/cellulo_num] by /roslaunch
[rosmaster.master][INFO] 2019-03-18 14:27:09,172: +PARAM [/rosdistro] by /roslaunch
[rosmaster.master][INFO] 2019-03-18 14:27:09,173: +PARAM [/rosversion] by /roslaunch
[rosmaster.master][INFO] 2019-03-18 14:27:09,173: +PARAM [/sensor_node_00_06_66_E7_8E_BD/threshold] by /roslaunch
[rosmaster.master][INFO] 2019-03-18 14:27:09,174: +PUB [/rosout_agg] /rosout http://chiliPC:35815/
[rosmaster.master][INFO] 2019-03-18 14:27:09,174: +PARAM [/sensor_node_00_06_66_E7_8E_BD/cellulo_num] by /roslaunch
[rosmaster.master][INFO] 2019-03-18 14:27:09,174: +PARAM [/sensor_node_00_06_66_E7_8A_D6/threshold] by /roslaunch
[rosmaster.master][INFO] 2019-03-18 14:27:09,175: +PARAM [/aggregation_node_00_06_66_E7_8A_D6/thetaDis] by /roslaunch
[rosmaster.master][INFO] 2019-03-18 14:27:09,175: +PARAM [/aggregation_node_00_06_66_D2_CF_7B/scale] by /roslaunch
[rosmaster.master][INFO] 2019-03-18 14:27:09,175: +PARAM [/sensor_node_00_06_66_D2_CF_7B/paper_length] by /roslaunch
[rosmaster.master][INFO] 2019-03-18 14:27:09,176: +PARAM [/sensor_node_00_06_66_D2_CF_7B/paper_width] by /roslaunch
[rosmaster.master][INFO] 2019-03-18 14:27:09,176: +PARAM [/sensor_node_00_06_66_E7_8E_BD/paper_length] by /roslaunch
[rosmaster.master][INFO] 2019-03-18 14:27:09,177: +PARAM [/aggregation_node_00_06_66_D2_CF_7B/thetaDis] by /roslaunch
[rosmaster.master][INFO] 2019-03-18 14:27:09,179: +SUB [/rosout] /rosout http://chiliPC:35815/
[rosmaster.master][INFO] 2019-03-18 14:27:09,216: +PUB [/rosout] /cellulo_node_00_06_66_E7_8A_D6 http://chiliPC:33907/
[rosmaster.master][INFO] 2019-03-18 14:27:09,218: +SERVICE [/cellulo_node_00_06_66_E7_8A_D6/get_loggers] /cellulo_node_00_06_66_E7_8A_D6 http://chiliPC:33907/
[rosmaster.master][INFO] 2019-03-18 14:27:09,219: +SERVICE [/cellulo_node_00_06_66_E7_8A_D6/set_logger_level] /cellulo_node_00_06_66_E7_8A_D6 http://chiliPC:33907/
[rosmaster.master][INFO] 2019-03-18 14:27:09,223: +PUB [/rosout] /cellulo_node_00_06_66_E7_8E_BD http://chiliPC:35453/
[rosmaster.master][INFO] 2019-03-18 14:27:09,225: +SERVICE [/cellulo_node_00_06_66_E7_8E_BD/get_loggers] /cellulo_node_00_06_66_E7_8E_BD http://chiliPC:35453/
[rosmaster.master][INFO] 2019-03-18 14:27:09,226: +SERVICE [/cellulo_node_00_06_66_E7_8E_BD/set_logger_level] /cellulo_node_00_06_66_E7_8E_BD http://chiliPC:35453/
[rosmaster.master][INFO] 2019-03-18 14:27:09,232: +SUB [/cellulo_node_00_06_66_E7_8A_D6/setVisualEffect] /cellulo_node_00_06_66_E7_8A_D6 http://chiliPC:33907/
[rosmaster.master][INFO] 2019-03-18 14:27:09,239: +PUB [/rosout] /sensor_node_00_06_66_E7_8A_D6 http://chiliPC:46179/
[rosmaster.master][INFO] 2019-03-18 14:27:09,240: +PUB [/rosout] /cellulo_node_00_06_66_D2_CF_7B http://chiliPC:40617/
[rosmaster.master][INFO] 2019-03-18 14:27:09,243: +SERVICE [/sensor_node_00_06_66_E7_8A_D6/get_loggers] /sensor_node_00_06_66_E7_8A_D6 http://chiliPC:46179/
[rosmaster.master][INFO] 2019-03-18 14:27:09,244: +SERVICE [/cellulo_node_00_06_66_D2_CF_7B/get_loggers] /cellulo_node_00_06_66_D2_CF_7B http://chiliPC:40617/
[rosmaster.master][INFO] 2019-03-18 14:27:09,247: +SERVICE [/sensor_node_00_06_66_E7_8A_D6/set_logger_level] /sensor_node_00_06_66_E7_8A_D6 http://chiliPC:46179/
[rosmaster.master][INFO] 2019-03-18 14:27:09,248: +SERVICE [/cellulo_node_00_06_66_D2_CF_7B/set_logger_level] /cellulo_node_00_06_66_D2_CF_7B http://chiliPC:40617/
[rosmaster.master][INFO] 2019-03-18 14:27:09,250: +PUB [/rosout] /sensor_node_00_06_66_E7_8E_BD http://chiliPC:41461/
[rosmaster.master][INFO] 2019-03-18 14:27:09,252: +SUB [/cellulo_node_00_06_66_E7_8E_BD/setVisualEffect] /cellulo_node_00_06_66_E7_8E_BD http://chiliPC:35453/
[rosmaster.master][INFO] 2019-03-18 14:27:09,254: +SERVICE [/sensor_node_00_06_66_E7_8E_BD/get_loggers] /sensor_node_00_06_66_E7_8E_BD http://chiliPC:41461/
[rosmaster.master][INFO] 2019-03-18 14:27:09,255: +SUB [/cellulo_node_00_06_66_E7_8A_D6/setLEDResponseMode] /cellulo_node_00_06_66_E7_8A_D6 http://chiliPC:33907/
[rosmaster.master][INFO] 2019-03-18 14:27:09,258: +SERVICE [/sensor_node_00_06_66_E7_8E_BD/set_logger_level] /sensor_node_00_06_66_E7_8E_BD http://chiliPC:41461/
[rosmaster.master][INFO] 2019-03-18 14:27:09,263: +PUB [/rosout] /sensor_node_00_06_66_D2_CF_7B http://chiliPC:43863/
[rosmaster.master][INFO] 2019-03-18 14:27:09,271: +SERVICE [/sensor_node_00_06_66_D2_CF_7B/get_loggers] /sensor_node_00_06_66_D2_CF_7B http://chiliPC:43863/
[rosmaster.master][INFO] 2019-03-18 14:27:09,274: +PUB [/rosout] /aggregation_node_00_06_66_E7_8A_D6 http://chiliPC:45415/
[rosmaster.master][INFO] 2019-03-18 14:27:09,276: +SERVICE [/sensor_node_00_06_66_D2_CF_7B/set_logger_level] /sensor_node_00_06_66_D2_CF_7B http://chiliPC:43863/
[rosmaster.master][INFO] 2019-03-18 14:27:09,281: +SERVICE [/aggregation_node_00_06_66_E7_8A_D6/get_loggers] /aggregation_node_00_06_66_E7_8A_D6 http://chiliPC:45415/
[rosmaster.master][INFO] 2019-03-18 14:27:09,282: publisherUpdate[/rosout] -> http://chiliPC:35815/ ['http://chiliPC:33907/']
[rosmaster.master][INFO] 2019-03-18 14:27:09,284: +PUB [/rosout] /aggregation_node_00_06_66_E7_8E_BD http://chiliPC:35545/
[rosmaster.master][INFO] 2019-03-18 14:27:09,286: publisherUpdate[/rosout] -> http://chiliPC:35815/ ['http://chiliPC:33907/']: sec=0.00, result=[1, '', 0]
[rosmaster.master][INFO] 2019-03-18 14:27:09,287: publisherUpdate[/rosout] -> http://chiliPC:35815/ ['http://chiliPC:33907/', 'http://chiliPC:35453/']
[rosmaster.master][INFO] 2019-03-18 14:27:09,288: publisherUpdate[/rosout] -> http://chiliPC:35815/ ['http://chiliPC:33907/', 'http://chiliPC:35453/']: sec=0.00, result=[1, '', 0]
[rosmaster.master][INFO] 2019-03-18 14:27:09,289: publisherUpdate[/rosout] -> http://chiliPC:35815/ ['http://chiliPC:33907/', 'http://chiliPC:35453/', 'http://chiliPC:46179/']
[rosmaster.master][INFO] 2019-03-18 14:27:09,290: +SUB [/cellulo_node_00_06_66_E7_8E_BD/setLEDResponseMode] /cellulo_node_00_06_66_E7_8E_BD http://chiliPC:35453/
[rosmaster.master][INFO] 2019-03-18 14:27:09,291: publisherUpdate[/rosout] -> http://chiliPC:35815/ ['http://chiliPC:33907/', 'http://chiliPC:35453/', 'http://chiliPC:46179/']: sec=0.00, result=[1, '', 0]
[rosmaster.master][INFO] 2019-03-18 14:27:09,292: +SERVICE [/aggregation_node_00_06_66_E7_8A_D6/set_logger_level] /aggregation_node_00_06_66_E7_8A_D6 http://chiliPC:45415/
[rosmaster.master][INFO] 2019-03-18 14:27:09,292: publisherUpdate[/rosout] -> http://chiliPC:35815/ ['http://chiliPC:33907/', 'http://chiliPC:35453/', 'http://chiliPC:46179/', 'http://chiliPC:40617/']
[rosmaster.master][INFO] 2019-03-18 14:27:09,293: publisherUpdate[/rosout] -> http://chiliPC:35815/ ['http://chiliPC:33907/', 'http://chiliPC:35453/', 'http://chiliPC:46179/', 'http://chiliPC:40617/']: sec=0.00, result=[1, '', 0]
[rosmaster.master][INFO] 2019-03-18 14:27:09,294: publisherUpdate[/rosout] -> http://chiliPC:35815/ ['http://chiliPC:33907/', 'http://chiliPC:35453/', 'http://chiliPC:46179/', 'http://chiliPC:40617/', 'http://chiliPC:41461/']
[rosmaster.master][INFO] 2019-03-18 14:27:09,295: publisherUpdate[/rosout] -> http://chiliPC:35815/ ['http://chiliPC:33907/', 'http://chiliPC:35453/', 'http://chiliPC:46179/', 'http://chiliPC:40617/', 'http://chiliPC:41461/']: sec=0.00, result=[1, '', 0]
[rosmaster.master][INFO] 2019-03-18 14:27:09,295: publisherUpdate[/rosout] -> http://chiliPC:35815/ ['http://chiliPC:33907/', 'http://chiliPC:35453/', 'http://chiliPC:46179/', 'http://chiliPC:40617/', 'http://chiliPC:41461/', 'http://chiliPC:43863/']
[rosmaster.master][INFO] 2019-03-18 14:27:09,296: +SERVICE [/aggregation_node_00_06_66_E7_8E_BD/get_loggers] /aggregation_node_00_06_66_E7_8E_BD http://chiliPC:35545/
[rosmaster.master][INFO] 2019-03-18 14:27:09,297: publisherUpdate[/rosout] -> http://chiliPC:35815/ ['http://chiliPC:33907/', 'http://chiliPC:35453/', 'http://chiliPC:46179/', 'http://chiliPC:40617/', 'http://chiliPC:41461/', 'http://chiliPC:43863/']: sec=0.00, result=[1, '', 0]
[rosmaster.master][INFO] 2019-03-18 14:27:09,298: publisherUpdate[/rosout] -> http://chiliPC:35815/ ['http://chiliPC:33907/', 'http://chiliPC:35453/', 'http://chiliPC:46179/', 'http://chiliPC:40617/', 'http://chiliPC:41461/', 'http://chiliPC:43863/', 'http://chiliPC:45415/']
[rosmaster.master][INFO] 2019-03-18 14:27:09,299: publisherUpdate[/rosout] -> http://chiliPC:35815/ ['http://chiliPC:33907/', 'http://chiliPC:35453/', 'http://chiliPC:46179/', 'http://chiliPC:40617/', 'http://chiliPC:41461/', 'http://chiliPC:43863/', 'http://chiliPC:45415/']: sec=0.00, result=[1, '', 0]
[rosmaster.master][INFO] 2019-03-18 14:27:09,299: publisherUpdate[/rosout] -> http://chiliPC:35815/ ['http://chiliPC:33907/', 'http://chiliPC:35453/', 'http://chiliPC:46179/', 'http://chiliPC:40617/', 'http://chiliPC:41461/', 'http://chiliPC:43863/', 'http://chiliPC:45415/', 'http://chiliPC:35545/']
[rosmaster.master][INFO] 2019-03-18 14:27:09,300: +SUB [/cellulo_node_00_06_66_E7_8A_D6/setGoalVelocity] /cellulo_node_00_06_66_E7_8A_D6 http://chiliPC:33907/
[rosmaster.master][INFO] 2019-03-18 14:27:09,301: publisherUpdate[/rosout] -> http://chiliPC:35815/ ['http://chiliPC:33907/', 'http://chiliPC:35453/', 'http://chiliPC:46179/', 'http://chiliPC:40617/', 'http://chiliPC:41461/', 'http://chiliPC:43863/', 'http://chiliPC:45415/', 'http://chiliPC:35545/']: sec=0.00, result=[1, '', 0]
[rosmaster.master][INFO] 2019-03-18 14:27:09,301: +SUB [/cellulo_node_00_06_66_D2_CF_7B/setVisualEffect] /cellulo_node_00_06_66_D2_CF_7B http://chiliPC:40617/
[rosmaster.master][INFO] 2019-03-18 14:27:09,304: +PUB [/rosout] /aggregation_node_00_06_66_D2_CF_7B http://chiliPC:38267/
[rosmaster.master][INFO] 2019-03-18 14:27:09,307: +SERVICE [/aggregation_node_00_06_66_E7_8E_BD/set_logger_level] /aggregation_node_00_06_66_E7_8E_BD http://chiliPC:35545/
[rosmaster.master][INFO] 2019-03-18 14:27:09,311: +PUB [/rosout] /tf_echo_00_06_66_E7_8A_D6 http://chiliPC:42713/
[rosmaster.master][INFO] 2019-03-18 14:27:09,313: +SERVICE [/aggregation_node_00_06_66_D2_CF_7B/get_loggers] /aggregation_node_00_06_66_D2_CF_7B http://chiliPC:38267/
[rosmaster.master][INFO] 2019-03-18 14:27:09,320: +PUB [/rosout] /tf_echo_00_06_66_E7_8E_BD http://chiliPC:39135/
[rosmaster.master][INFO] 2019-03-18 14:27:09,325: +SERVICE [/tf_echo_00_06_66_E7_8A_D6/get_loggers] /tf_echo_00_06_66_E7_8A_D6 http://chiliPC:42713/
[rosmaster.master][INFO] 2019-03-18 14:27:09,327: +SERVICE [/aggregation_node_00_06_66_D2_CF_7B/set_logger_level] /aggregation_node_00_06_66_D2_CF_7B http://chiliPC:38267/
[rosmaster.master][INFO] 2019-03-18 14:27:09,329: +SERVICE [/tf_echo_00_06_66_E7_8E_BD/get_loggers] /tf_echo_00_06_66_E7_8E_BD http://chiliPC:39135/
[rosmaster.master][INFO] 2019-03-18 14:27:09,331: +PUB [/rosout] /tf_echo_00_06_66_D2_CF_7B http://chiliPC:36275/
[rosmaster.master][INFO] 2019-03-18 14:27:09,333: +SERVICE [/tf_echo_00_06_66_E7_8A_D6/set_logger_level] /tf_echo_00_06_66_E7_8A_D6 http://chiliPC:42713/
[rosmaster.master][INFO] 2019-03-18 14:27:09,336: +SUB [/setThreshold] /sensor_node_00_06_66_E7_8A_D6 http://chiliPC:46179/
[rosmaster.master][INFO] 2019-03-18 14:27:09,338: +SERVICE [/tf_echo_00_06_66_E7_8E_BD/set_logger_level] /tf_echo_00_06_66_E7_8E_BD http://chiliPC:39135/
[rosmaster.master][INFO] 2019-03-18 14:27:09,340: +PUB [/rosout] /paper_world_broadcaster http://chiliPC:32833/
[rosmaster.master][INFO] 2019-03-18 14:27:09,341: +SERVICE [/tf_echo_00_06_66_D2_CF_7B/get_loggers] /tf_echo_00_06_66_D2_CF_7B http://chiliPC:36275/
[rosmaster.master][INFO] 2019-03-18 14:27:09,348: +SERVICE [/paper_world_broadcaster/get_loggers] /paper_world_broadcaster http://chiliPC:32833/
[rosmaster.master][INFO] 2019-03-18 14:27:09,349: +SUB [/cellulo_node_00_06_66_E7_8E_BD/setGoalVelocity] /cellulo_node_00_06_66_E7_8E_BD http://chiliPC:35453/
[rosmaster.master][INFO] 2019-03-18 14:27:09,350: +SERVICE [/tf_echo_00_06_66_D2_CF_7B/set_logger_level] /tf_echo_00_06_66_D2_CF_7B http://chiliPC:36275/
[rosmaster.master][INFO] 2019-03-18 14:27:09,355: +SUB [/cellulo_node_00_06_66_E7_8A_D6/reset] /cellulo_node_00_06_66_E7_8A_D6 http://chiliPC:33907/
[rosmaster.master][INFO] 2019-03-18 14:27:09,356: +SERVICE [/paper_world_broadcaster/set_logger_level] /paper_world_broadcaster http://chiliPC:32833/
[rosmaster.master][INFO] 2019-03-18 14:27:09,358: +SUB [/cellulo_node_00_06_66_D2_CF_7B/setLEDResponseMode] /cellulo_node_00_06_66_D2_CF_7B http://chiliPC:40617/
[rosmaster.master][INFO] 2019-03-18 14:27:09,362: +SUB [/setThreshold] /sensor_node_00_06_66_E7_8E_BD http://chiliPC:41461/
[rosmaster.master][INFO] 2019-03-18 14:27:09,371: +PUB [/tf_static] /paper_world_broadcaster http://chiliPC:32833/
[rosmaster.master][INFO] 2019-03-18 14:27:09,373: +SUB [/setThetaDis] /aggregation_node_00_06_66_E7_8A_D6 http://chiliPC:45415/
[rosmaster.master][INFO] 2019-03-18 14:27:09,381: +PUB [/cellulo_node_00_06_66_E7_8A_D6/setGoalVelocity] /aggregation_node_00_06_66_E7_8A_D6 http://chiliPC:45415/
[rosmaster.master][INFO] 2019-03-18 14:27:09,382: +SUB [/setThreshold] /sensor_node_00_06_66_D2_CF_7B http://chiliPC:43863/
[rosmaster.master][INFO] 2019-03-18 14:27:09,383: publisherUpdate[/rosout] -> http://chiliPC:35815/ ['http://chiliPC:33907/', 'http://chiliPC:35453/', 'http://chiliPC:46179/', 'http://chiliPC:40617/', 'http://chiliPC:41461/', 'http://chiliPC:43863/', 'http://chiliPC:45415/', 'http://chiliPC:35545/', 'http://chiliPC:38267/']
[rosmaster.master][INFO] 2019-03-18 14:27:09,384: publisherUpdate[/cellulo_node_00_06_66_E7_8A_D6/setGoalVelocity] -> http://chiliPC:33907/ ['http://chiliPC:45415/']
[rosmaster.master][INFO] 2019-03-18 14:27:09,385: publisherUpdate[/rosout] -> http://chiliPC:35815/ ['http://chiliPC:33907/', 'http://chiliPC:35453/', 'http://chiliPC:46179/', 'http://chiliPC:40617/', 'http://chiliPC:41461/', 'http://chiliPC:43863/', 'http://chiliPC:45415/', 'http://chiliPC:35545/', 'http://chiliPC:38267/']: sec=0.00, result=[1, '', 0]
[rosmaster.master][INFO] 2019-03-18 14:27:09,385: publisherUpdate[/rosout] -> http://chiliPC:35815/ ['http://chiliPC:33907/', 'http://chiliPC:35453/', 'http://chiliPC:46179/', 'http://chiliPC:40617/', 'http://chiliPC:41461/', 'http://chiliPC:43863/', 'http://chiliPC:45415/', 'http://chiliPC:35545/', 'http://chiliPC:38267/', 'http://chiliPC:42713/']
[rosmaster.master][INFO] 2019-03-18 14:27:09,386: +SUB [/setThetaDis] /aggregation_node_00_06_66_E7_8E_BD http://chiliPC:35545/
[rosmaster.master][INFO] 2019-03-18 14:27:09,387: publisherUpdate[/rosout] -> http://chiliPC:35815/ ['http://chiliPC:33907/', 'http://chiliPC:35453/', 'http://chiliPC:46179/', 'http://chiliPC:40617/', 'http://chiliPC:41461/', 'http://chiliPC:43863/', 'http://chiliPC:45415/', 'http://chiliPC:35545/', 'http://chiliPC:38267/', 'http://chiliPC:42713/']: sec=0.00, result=[1, '', 0]
[rosmaster.master][INFO] 2019-03-18 14:27:09,388: +SUB [/tf] /sensor_node_00_06_66_E7_8A_D6 http://chiliPC:46179/
[rosmaster.master][INFO] 2019-03-18 14:27:09,388: publisherUpdate[/rosout] -> http://chiliPC:35815/ ['http://chiliPC:33907/', 'http://chiliPC:35453/', 'http://chiliPC:46179/', 'http://chiliPC:40617/', 'http://chiliPC:41461/', 'http://chiliPC:43863/', 'http://chiliPC:45415/', 'http://chiliPC:35545/', 'http://chiliPC:38267/', 'http://chiliPC:42713/', 'http://chiliPC:39135/']
[rosmaster.master][INFO] 2019-03-18 14:27:09,390: publisherUpdate[/rosout] -> http://chiliPC:35815/ ['http://chiliPC:33907/', 'http://chiliPC:35453/', 'http://chiliPC:46179/', 'http://chiliPC:40617/', 'http://chiliPC:41461/', 'http://chiliPC:43863/', 'http://chiliPC:45415/', 'http://chiliPC:35545/', 'http://chiliPC:38267/', 'http://chiliPC:42713/', 'http://chiliPC:39135/']: sec=0.00, result=[1, '', 0]
[rosmaster.master][INFO] 2019-03-18 14:27:09,391: publisherUpdate[/rosout] -> http://chiliPC:35815/ ['http://chiliPC:33907/', 'http://chiliPC:35453/', 'http://chiliPC:46179/', 'http://chiliPC:40617/', 'http://chiliPC:41461/', 'http://chiliPC:43863/', 'http://chiliPC:45415/', 'http://chiliPC:35545/', 'http://chiliPC:38267/', 'http://chiliPC:42713/', 'http://chiliPC:39135/', 'http://chiliPC:36275/']
[rosmaster.master][INFO] 2019-03-18 14:27:09,393: publisherUpdate[/rosout] -> http://chiliPC:35815/ ['http://chiliPC:33907/', 'http://chiliPC:35453/', 'http://chiliPC:46179/', 'http://chiliPC:40617/', 'http://chiliPC:41461/', 'http://chiliPC:43863/', 'http://chiliPC:45415/', 'http://chiliPC:35545/', 'http://chiliPC:38267/', 'http://chiliPC:42713/', 'http://chiliPC:39135/', 'http://chiliPC:36275/']: sec=0.00, result=[1, '', 0]
[rosmaster.master][INFO] 2019-03-18 14:27:09,394: publisherUpdate[/rosout] -> http://chiliPC:35815/ ['http://chiliPC:33907/', 'http://chiliPC:35453/', 'http://chiliPC:46179/', 'http://chiliPC:40617/', 'http://chiliPC:41461/', 'http://chiliPC:43863/', 'http://chiliPC:45415/', 'http://chiliPC:35545/', 'http://chiliPC:38267/', 'http://chiliPC:42713/', 'http://chiliPC:39135/', 'http://chiliPC:36275/', 'http://chiliPC:32833/']
[rosmaster.master][INFO] 2019-03-18 14:27:09,395: publisherUpdate[/rosout] -> http://chiliPC:35815/ ['http://chiliPC:33907/', 'http://chiliPC:35453/', 'http://chiliPC:46179/', 'http://chiliPC:40617/', 'http://chiliPC:41461/', 'http://chiliPC:43863/', 'http://chiliPC:45415/', 'http://chiliPC:35545/', 'http://chiliPC:38267/', 'http://chiliPC:42713/', 'http://chiliPC:39135/', 'http://chiliPC:36275/', 'http://chiliPC:32833/']: sec=0.00, result=[1, '', 0]
[rosmaster.master][INFO] 2019-03-18 14:27:09,398: +PUB [/cellulo_node_00_06_66_E7_8E_BD/setGoalVelocity] /aggregation_node_00_06_66_E7_8E_BD http://chiliPC:35545/
[rosmaster.master][INFO] 2019-03-18 14:27:09,401: +SUB [/cellulo_node_00_06_66_E7_8E_BD/reset] /cellulo_node_00_06_66_E7_8E_BD http://chiliPC:35453/
[rosmaster.master][INFO] 2019-03-18 14:27:09,402: publisherUpdate[/cellulo_node_00_06_66_E7_8E_BD/setGoalVelocity] -> http://chiliPC:35453/ ['http://chiliPC:35545/']
[rosmaster.master][INFO] 2019-03-18 14:27:09,404: +SUB [/tf] /tf_echo_00_06_66_E7_8A_D6 http://chiliPC:42713/
[rosmaster.master][INFO] 2019-03-18 14:27:09,405: +SUB [/setThetaDis] /aggregation_node_00_06_66_D2_CF_7B http://chiliPC:38267/
[rosmaster.master][INFO] 2019-03-18 14:27:09,407: +SUB [/cellulo_node_00_06_66_E7_8A_D6/clearTracking] /cellulo_node_00_06_66_E7_8A_D6 http://chiliPC:33907/
[rosmaster.master][INFO] 2019-03-18 14:27:09,408: +SUB [/tf] /tf_echo_00_06_66_E7_8E_BD http://chiliPC:39135/
[rosmaster.master][INFO] 2019-03-18 14:27:09,409: publisherUpdate[/cellulo_node_00_06_66_E7_8A_D6/setGoalVelocity] -> http://chiliPC:33907/ ['http://chiliPC:45415/']: sec=0.02, result=[1, '', 0]
[rosmaster.master][INFO] 2019-03-18 14:27:09,410: +SUB [/cellulo_node_00_06_66_D2_CF_7B/setGoalVelocity] /cellulo_node_00_06_66_D2_CF_7B http://chiliPC:40617/
[rosmaster.master][INFO] 2019-03-18 14:27:09,413: +SUB [/tf] /sensor_node_00_06_66_E7_8E_BD http://chiliPC:41461/
[rosmaster.master][INFO] 2019-03-18 14:27:09,415: +PUB [/cellulo_node_00_06_66_D2_CF_7B/setGoalVelocity] /aggregation_node_00_06_66_D2_CF_7B http://chiliPC:38267/
[rosmaster.master][INFO] 2019-03-18 14:27:09,417: +SUB [/tf] /tf_echo_00_06_66_D2_CF_7B http://chiliPC:36275/
[rosmaster.master][INFO] 2019-03-18 14:27:09,435: +SUB [/sensor_node_00_06_66_E7_8A_D6/detectedRobots] /aggregation_node_00_06_66_E7_8A_D6 http://chiliPC:45415/
[rosmaster.master][INFO] 2019-03-18 14:27:09,436: +SUB [/tf] /sensor_node_00_06_66_D2_CF_7B http://chiliPC:43863/
[rosmaster.master][INFO] 2019-03-18 14:27:09,440: +SUB [/tf_static] /sensor_node_00_06_66_E7_8A_D6 http://chiliPC:46179/
[rosmaster.master][INFO] 2019-03-18 14:27:09,446: +SUB [/sensor_node_00_06_66_E7_8E_BD/detectedRobots] /aggregation_node_00_06_66_E7_8E_BD http://chiliPC:35545/
[rosmaster.master][INFO] 2019-03-18 14:27:09,448: +PUB [/sensor_node_00_06_66_E7_8A_D6/detectedRobots] /sensor_node_00_06_66_E7_8A_D6 http://chiliPC:46179/
[rosmaster.master][INFO] 2019-03-18 14:27:09,451: +SUB [/cellulo_node_00_06_66_E7_8E_BD/clearTracking] /cellulo_node_00_06_66_E7_8E_BD http://chiliPC:35453/
[rosmaster.master][INFO] 2019-03-18 14:27:09,452: publisherUpdate[/cellulo_node_00_06_66_E7_8E_BD/setGoalVelocity] -> http://chiliPC:35453/ ['http://chiliPC:35545/']: sec=0.05, result=[1, '', 0]
[rosmaster.master][INFO] 2019-03-18 14:27:09,452: publisherUpdate[/cellulo_node_00_06_66_D2_CF_7B/setGoalVelocity] -> http://chiliPC:40617/ ['http://chiliPC:38267/']
[rosmaster.master][INFO] 2019-03-18 14:27:09,454: +SUB [/tf_static] /tf_echo_00_06_66_E7_8A_D6 http://chiliPC:42713/
[rosmaster.master][INFO] 2019-03-18 14:27:09,458: +PUB [/sensor_node_00_06_66_E7_8A_D6/detectedObstacles] /sensor_node_00_06_66_E7_8A_D6 http://chiliPC:46179/
[rosmaster.master][INFO] 2019-03-18 14:27:09,459: +SUB [/cellulo_node_00_06_66_E7_8A_D6/shutdown] /cellulo_node_00_06_66_E7_8A_D6 http://chiliPC:33907/
[rosmaster.master][INFO] 2019-03-18 14:27:09,460: +SUB [/tf_static] /tf_echo_00_06_66_E7_8E_BD http://chiliPC:39135/
[rosmaster.master][INFO] 2019-03-18 14:27:09,462: +SUB [/cellulo_node_00_06_66_D2_CF_7B/reset] /cellulo_node_00_06_66_D2_CF_7B http://chiliPC:40617/
[rosmaster.master][INFO] 2019-03-18 14:27:09,463: publisherUpdate[/cellulo_node_00_06_66_D2_CF_7B/setGoalVelocity] -> http://chiliPC:40617/ ['http://chiliPC:38267/']: sec=0.01, result=[1, '', 0]
[rosmaster.master][INFO] 2019-03-18 14:27:09,463: publisherUpdate[/sensor_node_00_06_66_E7_8A_D6/detectedRobots] -> http://chiliPC:45415/ ['http://chiliPC:46179/']
[rosmaster.master][INFO] 2019-03-18 14:27:09,465: +SUB [/tf_static] /sensor_node_00_06_66_E7_8E_BD http://chiliPC:41461/
[rosmaster.master][INFO] 2019-03-18 14:27:09,466: +SUB [/sensor_node_00_06_66_D2_CF_7B/detectedRobots] /aggregation_node_00_06_66_D2_CF_7B http://chiliPC:38267/
[rosmaster.master][INFO] 2019-03-18 14:27:09,468: +SUB [/tf_static] /tf_echo_00_06_66_D2_CF_7B http://chiliPC:36275/
[rosmaster.master][INFO] 2019-03-18 14:27:09,473: +PUB [/sensor_node_00_06_66_E7_8E_BD/detectedRobots] /sensor_node_00_06_66_E7_8E_BD http://chiliPC:41461/
[rosmaster.master][INFO] 2019-03-18 14:27:09,482: +PUB [/sensor_node_00_06_66_E7_8E_BD/detectedObstacles] /sensor_node_00_06_66_E7_8E_BD http://chiliPC:41461/
[rosmaster.master][INFO] 2019-03-18 14:27:09,487: +PUB [/rosout] /rviz_chiliPC_23407_5631474462178433880 http://chiliPC:41753/
[rosmaster.master][INFO] 2019-03-18 14:27:09,488: +SUB [/sensor_node_00_06_66_E7_8A_D6/detectedObstacles] /aggregation_node_00_06_66_E7_8A_D6 http://chiliPC:45415/
[rosmaster.master][INFO] 2019-03-18 14:27:09,489: +SUB [/tf_static] /sensor_node_00_06_66_D2_CF_7B http://chiliPC:43863/
[rosmaster.master][INFO] 2019-03-18 14:27:09,490: publisherUpdate[/sensor_node_00_06_66_E7_8A_D6/detectedRobots] -> http://chiliPC:45415/ ['http://chiliPC:46179/']: sec=0.03, result=[1, '', 0]
[rosmaster.master][INFO] 2019-03-18 14:27:09,491: publisherUpdate[/sensor_node_00_06_66_E7_8E_BD/detectedRobots] -> http://chiliPC:35545/ ['http://chiliPC:41461/']
[rosmaster.master][INFO] 2019-03-18 14:27:09,496: publisherUpdate[/rosout] -> http://chiliPC:35815/ ['http://chiliPC:33907/', 'http://chiliPC:35453/', 'http://chiliPC:46179/', 'http://chiliPC:40617/', 'http://chiliPC:41461/', 'http://chiliPC:43863/', 'http://chiliPC:45415/', 'http://chiliPC:35545/', 'http://chiliPC:38267/', 'http://chiliPC:42713/', 'http://chiliPC:39135/', 'http://chiliPC:36275/', 'http://chiliPC:32833/', 'http://chiliPC:41753/']
[rosmaster.master][INFO] 2019-03-18 14:27:09,497: +SERVICE [/rviz_chiliPC_23407_5631474462178433880/get_loggers] /rviz_chiliPC_23407_5631474462178433880 http://chiliPC:41753/
[rosmaster.master][INFO] 2019-03-18 14:27:09,499: publisherUpdate[/rosout] -> http://chiliPC:35815/ ['http://chiliPC:33907/', 'http://chiliPC:35453/', 'http://chiliPC:46179/', 'http://chiliPC:40617/', 'http://chiliPC:41461/', 'http://chiliPC:43863/', 'http://chiliPC:45415/', 'http://chiliPC:35545/', 'http://chiliPC:38267/', 'http://chiliPC:42713/', 'http://chiliPC:39135/', 'http://chiliPC:36275/', 'http://chiliPC:32833/', 'http://chiliPC:41753/']: sec=0.00, result=[1, '', 0]
[rosmaster.master][INFO] 2019-03-18 14:27:09,500: +SUB [/sensor_node_00_06_66_E7_8E_BD/detectedObstacles] /aggregation_node_00_06_66_E7_8E_BD http://chiliPC:35545/
[rosmaster.master][INFO] 2019-03-18 14:27:09,501: +PUB [/sensor_node_00_06_66_D2_CF_7B/detectedRobots] /sensor_node_00_06_66_D2_CF_7B http://chiliPC:43863/
[rosmaster.master][INFO] 2019-03-18 14:27:09,502: publisherUpdate[/sensor_node_00_06_66_E7_8E_BD/detectedRobots] -> http://chiliPC:35545/ ['http://chiliPC:41461/']: sec=0.01, result=[1, '', 0]
[rosmaster.master][INFO] 2019-03-18 14:27:09,502: publisherUpdate[/sensor_node_00_06_66_D2_CF_7B/detectedRobots] -> http://chiliPC:38267/ ['http://chiliPC:43863/']
[rosmaster.master][INFO] 2019-03-18 14:27:09,504: +SUB [/cellulo_node_00_06_66_E7_8E_BD/shutdown] /cellulo_node_00_06_66_E7_8E_BD http://chiliPC:35453/
[rosmaster.master][INFO] 2019-03-18 14:27:09,506: +SERVICE [/rviz_chiliPC_23407_5631474462178433880/set_logger_level] /rviz_chiliPC_23407_5631474462178433880 http://chiliPC:41753/
[rosmaster.master][INFO] 2019-03-18 14:27:09,509: +PUB [/sensor_node_00_06_66_D2_CF_7B/detectedObstacles] /sensor_node_00_06_66_D2_CF_7B http://chiliPC:43863/
[rosmaster.master][INFO] 2019-03-18 14:27:09,510: +SUB [/cellulo_node_00_06_66_E7_8A_D6/clearHapticFeedback] /cellulo_node_00_06_66_E7_8A_D6 http://chiliPC:33907/
[rosmaster.master][INFO] 2019-03-18 14:27:09,512: +SUB [/cellulo_node_00_06_66_D2_CF_7B/clearTracking] /cellulo_node_00_06_66_D2_CF_7B http://chiliPC:40617/
[rosmaster.master][INFO] 2019-03-18 14:27:09,517: +SUB [/sensor_node_00_06_66_D2_CF_7B/detectedObstacles] /aggregation_node_00_06_66_D2_CF_7B http://chiliPC:38267/
[rosmaster.master][INFO] 2019-03-18 14:27:09,519: publisherUpdate[/sensor_node_00_06_66_D2_CF_7B/detectedRobots] -> http://chiliPC:38267/ ['http://chiliPC:43863/']: sec=0.02, result=[1, '', 0]
[rosmaster.master][INFO] 2019-03-18 14:27:09,530: +SUB [/cellulo_node_00_06_66_E7_8A_D6/velocity] /aggregation_node_00_06_66_E7_8A_D6 http://chiliPC:45415/
[rosmaster.master][INFO] 2019-03-18 14:27:09,535: +SUB [/cellulo_node_00_06_66_E7_8E_BD/velocity] /aggregation_node_00_06_66_E7_8E_BD http://chiliPC:35545/
[rosmaster.master][INFO] 2019-03-18 14:27:09,536: +SUB [/cellulo_node_00_06_66_E7_8E_BD/clearHapticFeedback] /cellulo_node_00_06_66_E7_8E_BD http://chiliPC:35453/
[rosmaster.master][INFO] 2019-03-18 14:27:09,537: +SUB [/cellulo_node_00_06_66_E7_8A_D6/vibrateOnMotion] /cellulo_node_00_06_66_E7_8A_D6 http://chiliPC:33907/
[rosmaster.master][INFO] 2019-03-18 14:27:09,539: +SUB [/cellulo_node_00_06_66_D2_CF_7B/shutdown] /cellulo_node_00_06_66_D2_CF_7B http://chiliPC:40617/
[rosmaster.master][INFO] 2019-03-18 14:27:09,540: +SUB [/cellulo_node_00_06_66_D2_CF_7B/velocity] /aggregation_node_00_06_66_D2_CF_7B http://chiliPC:38267/
[rosmaster.master][INFO] 2019-03-18 14:27:09,548: +SUB [/cellulo_node_00_06_66_E7_8E_BD/vibrateOnMotion] /cellulo_node_00_06_66_E7_8E_BD http://chiliPC:35453/
[rosmaster.master][INFO] 2019-03-18 14:27:09,549: +SUB [/cellulo_node_00_06_66_E7_8A_D6/simpleVibrate] /cellulo_node_00_06_66_E7_8A_D6 http://chiliPC:33907/
[rosmaster.master][INFO] 2019-03-18 14:27:09,550: +SUB [/cellulo_node_00_06_66_D2_CF_7B/clearHapticFeedback] /cellulo_node_00_06_66_D2_CF_7B http://chiliPC:40617/
[rosmaster.master][INFO] 2019-03-18 14:27:09,559: +SUB [/cellulo_node_00_06_66_E7_8E_BD/simpleVibrate] /cellulo_node_00_06_66_E7_8E_BD http://chiliPC:35453/
[rosmaster.master][INFO] 2019-03-18 14:27:09,560: +SUB [/cellulo_node_00_06_66_E7_8A_D6/setGestureEnabled] /cellulo_node_00_06_66_E7_8A_D6 http://chiliPC:33907/
[rosmaster.master][INFO] 2019-03-18 14:27:09,561: +SUB [/cellulo_node_00_06_66_D2_CF_7B/vibrateOnMotion] /cellulo_node_00_06_66_D2_CF_7B http://chiliPC:40617/
[rosmaster.master][INFO] 2019-03-18 14:27:09,569: +SUB [/cellulo_node_00_06_66_E7_8E_BD/setGestureEnabled] /cellulo_node_00_06_66_E7_8E_BD http://chiliPC:35453/
[rosmaster.master][INFO] 2019-03-18 14:27:09,572: +SUB [/cellulo_node_00_06_66_D2_CF_7B/simpleVibrate] /cellulo_node_00_06_66_D2_CF_7B http://chiliPC:40617/
[rosmaster.master][INFO] 2019-03-18 14:27:09,572: +SUB [/cellulo_node_00_06_66_E7_8A_D6/setCasualBackdriveAssistEnabled] /cellulo_node_00_06_66_E7_8A_D6 http://chiliPC:33907/
[rosmaster.master][INFO] 2019-03-18 14:27:09,574: +PUB [/cellulo_node_00_06_66_E7_8A_D6/touchKey] /cellulo_node_00_06_66_E7_8A_D6 http://chiliPC:33907/
[rosmaster.master][INFO] 2019-03-18 14:27:09,576: +PUB [/cellulo_node_00_06_66_E7_8A_D6/longTouchKey] /cellulo_node_00_06_66_E7_8A_D6 http://chiliPC:33907/
[rosmaster.master][INFO] 2019-03-18 14:27:09,579: +PUB [/cellulo_node_00_06_66_E7_8A_D6/kidnapped] /cellulo_node_00_06_66_E7_8A_D6 http://chiliPC:33907/
[rosmaster.master][INFO] 2019-03-18 14:27:09,580: +SUB [/cellulo_node_00_06_66_E7_8E_BD/setCasualBackdriveAssistEnabled] /cellulo_node_00_06_66_E7_8E_BD http://chiliPC:35453/
[rosmaster.master][INFO] 2019-03-18 14:27:09,581: +PUB [/cellulo_node_00_06_66_E7_8A_D6/velocity] /cellulo_node_00_06_66_E7_8A_D6 http://chiliPC:33907/
[rosmaster.master][INFO] 2019-03-18 14:27:09,583: +PUB [/cellulo_node_00_06_66_E7_8E_BD/touchKey] /cellulo_node_00_06_66_E7_8E_BD http://chiliPC:35453/
[rosmaster.master][INFO] 2019-03-18 14:27:09,584: +SUB [/cellulo_node_00_06_66_D2_CF_7B/setGestureEnabled] /cellulo_node_00_06_66_D2_CF_7B http://chiliPC:40617/
[rosmaster.master][INFO] 2019-03-18 14:27:09,584: +PUB [/cellulo_node_00_06_66_E7_8A_D6/connectionStatus] /cellulo_node_00_06_66_E7_8A_D6 http://chiliPC:33907/
[rosmaster.master][INFO] 2019-03-18 14:27:09,585: +PUB [/cellulo_node_00_06_66_E7_8E_BD/longTouchKey] /cellulo_node_00_06_66_E7_8E_BD http://chiliPC:35453/
[rosmaster.master][INFO] 2019-03-18 14:27:09,587: +PUB [/cellulo_node_00_06_66_E7_8A_D6/localAdapterAdress] /cellulo_node_00_06_66_E7_8A_D6 http://chiliPC:33907/
[rosmaster.master][INFO] 2019-03-18 14:27:09,588: +PUB [/cellulo_node_00_06_66_E7_8E_BD/kidnapped] /cellulo_node_00_06_66_E7_8E_BD http://chiliPC:35453/
[rosmaster.master][INFO] 2019-03-18 14:27:09,589: +PUB [/cellulo_node_00_06_66_E7_8A_D6/autoConnect] /cellulo_node_00_06_66_E7_8A_D6 http://chiliPC:33907/
[rosmaster.master][INFO] 2019-03-18 14:27:09,590: +PUB [/cellulo_node_00_06_66_E7_8E_BD/velocity] /cellulo_node_00_06_66_E7_8E_BD http://chiliPC:35453/
[rosmaster.master][INFO] 2019-03-18 14:27:09,592: +PUB [/cellulo_node_00_06_66_E7_8A_D6/batteryState] /cellulo_node_00_06_66_E7_8A_D6 http://chiliPC:33907/
[rosmaster.master][INFO] 2019-03-18 14:27:09,592: +PUB [/cellulo_node_00_06_66_E7_8E_BD/connectionStatus] /cellulo_node_00_06_66_E7_8E_BD http://chiliPC:35453/
[rosmaster.master][INFO] 2019-03-18 14:27:09,594: +PUB [/cellulo_node_00_06_66_E7_8A_D6/gesture] /cellulo_node_00_06_66_E7_8A_D6 http://chiliPC:33907/
[rosmaster.master][INFO] 2019-03-18 14:27:09,595: +SUB [/cellulo_node_00_06_66_D2_CF_7B/setCasualBackdriveAssistEnabled] /cellulo_node_00_06_66_D2_CF_7B http://chiliPC:40617/
[rosmaster.master][INFO] 2019-03-18 14:27:09,595: +PUB [/cellulo_node_00_06_66_E7_8E_BD/localAdapterAdress] /cellulo_node_00_06_66_E7_8E_BD http://chiliPC:35453/
[rosmaster.master][INFO] 2019-03-18 14:27:09,596: +PUB [/cellulo_node_00_06_66_E7_8A_D6/lastTimestamp] /cellulo_node_00_06_66_E7_8A_D6 http://chiliPC:33907/
[rosmaster.master][INFO] 2019-03-18 14:27:09,597: +PUB [/cellulo_node_00_06_66_D2_CF_7B/touchKey] /cellulo_node_00_06_66_D2_CF_7B http://chiliPC:40617/
[rosmaster.master][INFO] 2019-03-18 14:27:09,597: +PUB [/cellulo_node_00_06_66_E7_8E_BD/autoConnect] /cellulo_node_00_06_66_E7_8E_BD http://chiliPC:35453/
[rosmaster.master][INFO] 2019-03-18 14:27:09,598: +PUB [/cellulo_node_00_06_66_E7_8A_D6/framerate] /cellulo_node_00_06_66_E7_8A_D6 http://chiliPC:33907/
[rosmaster.master][INFO] 2019-03-18 14:27:09,599: +PUB [/cellulo_node_00_06_66_D2_CF_7B/longTouchKey] /cellulo_node_00_06_66_D2_CF_7B http://chiliPC:40617/
[rosmaster.master][INFO] 2019-03-18 14:27:09,600: publisherUpdate[/cellulo_node_00_06_66_E7_8A_D6/velocity] -> http://chiliPC:45415/ ['http://chiliPC:33907/']
[rosmaster.master][INFO] 2019-03-18 14:27:09,601: publisherUpdate[/cellulo_node_00_06_66_E7_8A_D6/velocity] -> http://chiliPC:45415/ ['http://chiliPC:33907/']: sec=0.00, result=[1, '', 0]
[rosmaster.master][INFO] 2019-03-18 14:27:09,601: +PUB [/cellulo_node_00_06_66_E7_8E_BD/batteryState] /cellulo_node_00_06_66_E7_8E_BD http://chiliPC:35453/
[rosmaster.master][INFO] 2019-03-18 14:27:09,602: publisherUpdate[/cellulo_node_00_06_66_E7_8E_BD/velocity] -> http://chiliPC:35545/ ['http://chiliPC:35453/']
[rosmaster.master][INFO] 2019-03-18 14:27:09,602: +PUB [/cellulo_node_00_06_66_E7_8A_D6/cameraImageProgress] /cellulo_node_00_06_66_E7_8A_D6 http://chiliPC:33907/
[rosmaster.master][INFO] 2019-03-18 14:27:09,604: publisherUpdate[/cellulo_node_00_06_66_E7_8E_BD/velocity] -> http://chiliPC:35545/ ['http://chiliPC:35453/']: sec=0.00, result=[1, '', 0]
[rosmaster.master][INFO] 2019-03-18 14:27:09,604: +PUB [/cellulo_node_00_06_66_D2_CF_7B/kidnapped] /cellulo_node_00_06_66_D2_CF_7B http://chiliPC:40617/
[rosmaster.master][INFO] 2019-03-18 14:27:09,605: +PUB [/cellulo_node_00_06_66_E7_8E_BD/gesture] /cellulo_node_00_06_66_E7_8E_BD http://chiliPC:35453/
[rosmaster.master][INFO] 2019-03-18 14:27:09,605: +PUB [/cellulo_node_00_06_66_E7_8A_D6/poseVelControlEnable] /cellulo_node_00_06_66_E7_8A_D6 http://chiliPC:33907/
[rosmaster.master][INFO] 2019-03-18 14:27:09,606: +PUB [/cellulo_node_00_06_66_D2_CF_7B/velocity] /cellulo_node_00_06_66_D2_CF_7B http://chiliPC:40617/
[rosmaster.master][INFO] 2019-03-18 14:27:09,607: +PUB [/cellulo_node_00_06_66_E7_8E_BD/lastTimestamp] /cellulo_node_00_06_66_E7_8E_BD http://chiliPC:35453/
[rosmaster.master][INFO] 2019-03-18 14:27:09,608: +PUB [/cellulo_node_00_06_66_E7_8A_D6/poseVelControlPeriod] /cellulo_node_00_06_66_E7_8A_D6 http://chiliPC:33907/
[rosmaster.master][INFO] 2019-03-18 14:27:09,608: +PUB [/cellulo_node_00_06_66_D2_CF_7B/connectionStatus] /cellulo_node_00_06_66_D2_CF_7B http://chiliPC:40617/
[rosmaster.master][INFO] 2019-03-18 14:27:09,609: +PUB [/cellulo_node_00_06_66_E7_8E_BD/framerate] /cellulo_node_00_06_66_E7_8E_BD http://chiliPC:35453/
[rosmaster.master][INFO] 2019-03-18 14:27:09,610: publisherUpdate[/cellulo_node_00_06_66_D2_CF_7B/velocity] -> http://chiliPC:38267/ ['http://chiliPC:40617/']
[rosmaster.master][INFO] 2019-03-18 14:27:09,610: +PUB [/cellulo_node_00_06_66_D2_CF_7B/localAdapterAdress] /cellulo_node_00_06_66_D2_CF_7B http://chiliPC:40617/
[rosmaster.master][INFO] 2019-03-18 14:27:09,611: publisherUpdate[/cellulo_node_00_06_66_D2_CF_7B/velocity] -> http://chiliPC:38267/ ['http://chiliPC:40617/']: sec=0.00, result=[1, '', 0]
[rosmaster.master][INFO] 2019-03-18 14:27:09,611: +PUB [/cellulo_node_00_06_66_E7_8A_D6/visualization_marker_robot] /cellulo_node_00_06_66_E7_8A_D6 http://chiliPC:33907/
[rosmaster.master][INFO] 2019-03-18 14:27:09,612: +PUB [/cellulo_node_00_06_66_E7_8E_BD/cameraImageProgress] /cellulo_node_00_06_66_E7_8E_BD http://chiliPC:35453/
[rosmaster.master][INFO] 2019-03-18 14:27:09,613: +PUB [/cellulo_node_00_06_66_D2_CF_7B/autoConnect] /cellulo_node_00_06_66_D2_CF_7B http://chiliPC:40617/
[rosmaster.master][INFO] 2019-03-18 14:27:09,613: +PUB [/cellulo_node_00_06_66_E7_8A_D6/visualization_marker_traj] /cellulo_node_00_06_66_E7_8A_D6 http://chiliPC:33907/
[rosmaster.master][INFO] 2019-03-18 14:27:09,614: +PUB [/cellulo_node_00_06_66_E7_8E_BD/poseVelControlEnable] /cellulo_node_00_06_66_E7_8E_BD http://chiliPC:35453/
[rosmaster.master][INFO] 2019-03-18 14:27:09,615: +PUB [/cellulo_node_00_06_66_D2_CF_7B/batteryState] /cellulo_node_00_06_66_D2_CF_7B http://chiliPC:40617/
[rosmaster.master][INFO] 2019-03-18 14:27:09,616: +SERVICE [/cellulo_node_00_06_66_E7_8A_D6/get_state] /cellulo_node_00_06_66_E7_8A_D6 http://chiliPC:33907/
[rosmaster.master][INFO] 2019-03-18 14:27:09,617: +PUB [/cellulo_node_00_06_66_E7_8E_BD/poseVelControlPeriod] /cellulo_node_00_06_66_E7_8E_BD http://chiliPC:35453/
[rosmaster.master][INFO] 2019-03-18 14:27:09,617: +PUB [/cellulo_node_00_06_66_D2_CF_7B/gesture] /cellulo_node_00_06_66_D2_CF_7B http://chiliPC:40617/
[rosmaster.master][INFO] 2019-03-18 14:27:09,618: +PUB [/cellulo_node_00_06_66_E7_8E_BD/visualization_marker_robot] /cellulo_node_00_06_66_E7_8E_BD http://chiliPC:35453/
[rosmaster.master][INFO] 2019-03-18 14:27:09,619: +PUB [/cellulo_node_00_06_66_D2_CF_7B/lastTimestamp] /cellulo_node_00_06_66_D2_CF_7B http://chiliPC:40617/
[rosmaster.master][INFO] 2019-03-18 14:27:09,620: +PUB [/cellulo_node_00_06_66_E7_8E_BD/visualization_marker_traj] /cellulo_node_00_06_66_E7_8E_BD http://chiliPC:35453/
[rosmaster.master][INFO] 2019-03-18 14:27:09,620: +PUB [/cellulo_node_00_06_66_D2_CF_7B/framerate] /cellulo_node_00_06_66_D2_CF_7B http://chiliPC:40617/
[rosmaster.master][INFO] 2019-03-18 14:27:09,621: +SERVICE [/cellulo_node_00_06_66_E7_8E_BD/get_state] /cellulo_node_00_06_66_E7_8E_BD http://chiliPC:35453/
[rosmaster.master][INFO] 2019-03-18 14:27:09,622: +PUB [/cellulo_node_00_06_66_D2_CF_7B/cameraImageProgress] /cellulo_node_00_06_66_D2_CF_7B http://chiliPC:40617/
[rosmaster.master][INFO] 2019-03-18 14:27:09,623: +PUB [/cellulo_node_00_06_66_D2_CF_7B/poseVelControlEnable] /cellulo_node_00_06_66_D2_CF_7B http://chiliPC:40617/
[rosmaster.master][INFO] 2019-03-18 14:27:09,623: +PUB [/cellulo_node_00_06_66_D2_CF_7B/poseVelControlPeriod] /cellulo_node_00_06_66_D2_CF_7B http://chiliPC:40617/
[rosmaster.master][INFO] 2019-03-18 14:27:09,624: +PUB [/cellulo_node_00_06_66_D2_CF_7B/visualization_marker_robot] /cellulo_node_00_06_66_D2_CF_7B http://chiliPC:40617/
[rosmaster.master][INFO] 2019-03-18 14:27:09,625: +PUB [/cellulo_node_00_06_66_D2_CF_7B/visualization_marker_traj] /cellulo_node_00_06_66_D2_CF_7B http://chiliPC:40617/
[rosmaster.master][INFO] 2019-03-18 14:27:09,626: +SERVICE [/cellulo_node_00_06_66_D2_CF_7B/get_state] /cellulo_node_00_06_66_D2_CF_7B http://chiliPC:40617/
[rosmaster.master][INFO] 2019-03-18 14:27:09,980: +SUB [/tf] /rviz_chiliPC_23407_5631474462178433880 http://chiliPC:41753/
[rosmaster.master][INFO] 2019-03-18 14:27:09,985: +SUB [/tf_static] /rviz_chiliPC_23407_5631474462178433880 http://chiliPC:41753/
[rosmaster.master][INFO] 2019-03-18 14:27:10,041: +PUB [/initialpose] /rviz_chiliPC_23407_5631474462178433880 http://chiliPC:41753/
[rosmaster.master][INFO] 2019-03-18 14:27:10,043: +PUB [/goal] /rviz_chiliPC_23407_5631474462178433880 http://chiliPC:41753/
[rosmaster.master][INFO] 2019-03-18 14:27:10,056: +SUB [/visualization_marker] /rviz_chiliPC_23407_5631474462178433880 http://chiliPC:41753/
[rosmaster.master][INFO] 2019-03-18 14:27:10,063: +SUB [/visualization_marker_array] /rviz_chiliPC_23407_5631474462178433880 http://chiliPC:41753/
[rosmaster.master][INFO] 2019-03-18 14:27:10,065: -SUB [/visualization_marker] /rviz_chiliPC_23407_5631474462178433880 http://chiliPC:41753/
[rosmaster.master][INFO] 2019-03-18 14:27:10,066: -SUB [/visualization_marker_array] /rviz_chiliPC_23407_5631474462178433880 http://chiliPC:41753/
[rosmaster.master][INFO] 2019-03-18 14:27:10,073: +SUB [/cellulo_node_3E_82/visualization_marker_robot] /rviz_chiliPC_23407_5631474462178433880 http://chiliPC:41753/
[rosmaster.master][INFO] 2019-03-18 14:27:10,080: +SUB [/cellulo_node_3E_82/visualization_marker_robot_array] /rviz_chiliPC_23407_5631474462178433880 http://chiliPC:41753/
[rosmaster.master][INFO] 2019-03-18 14:27:10,087: +SUB [/visualization_marker] /rviz_chiliPC_23407_5631474462178433880 http://chiliPC:41753/
[rosmaster.master][INFO] 2019-03-18 14:27:10,094: +SUB [/visualization_marker_array] /rviz_chiliPC_23407_5631474462178433880 http://chiliPC:41753/
[rosmaster.master][INFO] 2019-03-18 14:27:10,096: -SUB [/visualization_marker] /rviz_chiliPC_23407_5631474462178433880 http://chiliPC:41753/
[rosmaster.master][INFO] 2019-03-18 14:27:10,097: -SUB [/visualization_marker_array] /rviz_chiliPC_23407_5631474462178433880 http://chiliPC:41753/
[rosmaster.master][INFO] 2019-03-18 14:27:10,104: +SUB [/cellulo_node_3E_7E/visualization_marker_robot] /rviz_chiliPC_23407_5631474462178433880 http://chiliPC:41753/
[rosmaster.master][INFO] 2019-03-18 14:27:10,111: +SUB [/cellulo_node_3E_7E/visualization_marker_robot_array] /rviz_chiliPC_23407_5631474462178433880 http://chiliPC:41753/
[rosmaster.master][INFO] 2019-03-18 14:27:10,113: -PUB [/goal] /rviz_chiliPC_23407_5631474462178433880 http://chiliPC:41753/
[rosmaster.master][INFO] 2019-03-18 14:27:10,114: -PUB [/initialpose] /rviz_chiliPC_23407_5631474462178433880 http://chiliPC:41753/
[rosmaster.master][INFO] 2019-03-18 14:27:10,121: +PUB [/initialpose] /rviz_chiliPC_23407_5631474462178433880 http://chiliPC:41753/
[rosmaster.master][INFO] 2019-03-18 14:27:10,123: +PUB [/goal] /rviz_chiliPC_23407_5631474462178433880 http://chiliPC:41753/
[rosmaster.master][INFO] 2019-03-18 14:27:10,124: +PUB [/move_base_simple/goal] /rviz_chiliPC_23407_5631474462178433880 http://chiliPC:41753/
[rosmaster.master][INFO] 2019-03-18 14:27:10,125: -PUB [/goal] /rviz_chiliPC_23407_5631474462178433880 http://chiliPC:41753/
[rosmaster.master][INFO] 2019-03-18 14:27:10,127: +PUB [/clicked_point] /rviz_chiliPC_23407_5631474462178433880 http://chiliPC:41753/
[rosmaster.master][INFO] 2019-03-18 14:27:10,167: +SERVICE [/rviz_chiliPC_23407_5631474462178433880/reload_shaders] /rviz_chiliPC_23407_5631474462178433880 http://chiliPC:41753/
[rosmaster.master][INFO] 2019-03-18 14:27:14,809: +PUB [/tf] /cellulo_node_00_06_66_E7_8A_D6 http://chiliPC:33907/
[rosmaster.master][INFO] 2019-03-18 14:27:14,814: publisherUpdate[/tf] -> http://chiliPC:46179/ ['http://chiliPC:33907/']
[rosmaster.master][INFO] 2019-03-18 14:27:14,815: publisherUpdate[/tf] -> http://chiliPC:46179/ ['http://chiliPC:33907/']: sec=0.00, result=[1, '', 0]
[rosmaster.master][INFO] 2019-03-18 14:27:14,816: publisherUpdate[/tf] -> http://chiliPC:42713/ ['http://chiliPC:33907/']
[rosmaster.master][INFO] 2019-03-18 14:27:14,817: publisherUpdate[/tf] -> http://chiliPC:42713/ ['http://chiliPC:33907/']: sec=0.00, result=[1, '', 0]
[rosmaster.master][INFO] 2019-03-18 14:27:14,817: publisherUpdate[/tf] -> http://chiliPC:39135/ ['http://chiliPC:33907/']
[rosmaster.master][INFO] 2019-03-18 14:27:14,819: publisherUpdate[/tf] -> http://chiliPC:39135/ ['http://chiliPC:33907/']: sec=0.00, result=[1, '', 0]
[rosmaster.master][INFO] 2019-03-18 14:27:14,819: publisherUpdate[/tf] -> http://chiliPC:41461/ ['http://chiliPC:33907/']
[rosmaster.master][INFO] 2019-03-18 14:27:14,820: publisherUpdate[/tf] -> http://chiliPC:41461/ ['http://chiliPC:33907/']: sec=0.00, result=[1, '', 0]
[rosmaster.master][INFO] 2019-03-18 14:27:14,820: publisherUpdate[/tf] -> http://chiliPC:36275/ ['http://chiliPC:33907/']
[rosmaster.master][INFO] 2019-03-18 14:27:14,821: publisherUpdate[/tf] -> http://chiliPC:43863/ ['http://chiliPC:33907/']
[rosmaster.master][INFO] 2019-03-18 14:27:14,822: publisherUpdate[/tf] -> http://chiliPC:36275/ ['http://chiliPC:33907/']: sec=0.00, result=[1, '', 0]
[rosmaster.master][INFO] 2019-03-18 14:27:14,822: publisherUpdate[/tf] -> http://chiliPC:41753/ ['http://chiliPC:33907/']
[rosmaster.master][INFO] 2019-03-18 14:27:14,823: publisherUpdate[/tf] -> http://chiliPC:43863/ ['http://chiliPC:33907/']: sec=0.00, result=[1, '', 0]
[rosmaster.master][INFO] 2019-03-18 14:27:14,824: publisherUpdate[/tf] -> http://chiliPC:41753/ ['http://chiliPC:33907/']: sec=0.00, result=[1, '', 0]
[rosmaster.master][INFO] 2019-03-18 14:27:17,345: +PUB [/tf] /cellulo_node_00_06_66_E7_8E_BD http://chiliPC:35453/
[rosmaster.master][INFO] 2019-03-18 14:27:17,428: publisherUpdate[/tf] -> http://chiliPC:46179/ ['http://chiliPC:33907/', 'http://chiliPC:35453/']
[rosmaster.master][INFO] 2019-03-18 14:27:17,429: publisherUpdate[/tf] -> http://chiliPC:42713/ ['http://chiliPC:33907/', 'http://chiliPC:35453/']
[rosmaster.master][INFO] 2019-03-18 14:27:17,430: publisherUpdate[/tf] -> http://chiliPC:46179/ ['http://chiliPC:33907/', 'http://chiliPC:35453/']: sec=0.00, result=[1, '', 0]
[rosmaster.master][INFO] 2019-03-18 14:27:17,431: publisherUpdate[/tf] -> http://chiliPC:42713/ ['http://chiliPC:33907/', 'http://chiliPC:35453/']: sec=0.00, result=[1, '', 0]
[rosmaster.master][INFO] 2019-03-18 14:27:17,431: publisherUpdate[/tf] -> http://chiliPC:39135/ ['http://chiliPC:33907/', 'http://chiliPC:35453/']
[rosmaster.master][INFO] 2019-03-18 14:27:17,431: publisherUpdate[/tf] -> http://chiliPC:41461/ ['http://chiliPC:33907/', 'http://chiliPC:35453/']
[rosmaster.master][INFO] 2019-03-18 14:27:17,432: publisherUpdate[/tf] -> http://chiliPC:39135/ ['http://chiliPC:33907/', 'http://chiliPC:35453/']: sec=0.00, result=[1, '', 0]
[rosmaster.master][INFO] 2019-03-18 14:27:17,433: publisherUpdate[/tf] -> http://chiliPC:36275/ ['http://chiliPC:33907/', 'http://chiliPC:35453/']
[rosmaster.master][INFO] 2019-03-18 14:27:17,434: publisherUpdate[/tf] -> http://chiliPC:41461/ ['http://chiliPC:33907/', 'http://chiliPC:35453/']: sec=0.00, result=[1, '', 0]
[rosmaster.master][INFO] 2019-03-18 14:27:17,434: publisherUpdate[/tf] -> http://chiliPC:41753/ ['http://chiliPC:33907/', 'http://chiliPC:35453/']
[rosmaster.master][INFO] 2019-03-18 14:27:17,434: publisherUpdate[/tf] -> http://chiliPC:36275/ ['http://chiliPC:33907/', 'http://chiliPC:35453/']: sec=0.00, result=[1, '', 0]
[rosmaster.master][INFO] 2019-03-18 14:27:17,434: publisherUpdate[/tf] -> http://chiliPC:43863/ ['http://chiliPC:33907/', 'http://chiliPC:35453/']
[rosmaster.master][INFO] 2019-03-18 14:27:17,436: publisherUpdate[/tf] -> http://chiliPC:41753/ ['http://chiliPC:33907/', 'http://chiliPC:35453/']: sec=0.00, result=[1, '', 0]
[rosmaster.master][INFO] 2019-03-18 14:27:17,437: publisherUpdate[/tf] -> http://chiliPC:43863/ ['http://chiliPC:33907/', 'http://chiliPC:35453/']: sec=0.00, result=[1, '', 0]
[rosmaster.master][INFO] 2019-03-18 14:27:21,781: +PUB [/tf] /cellulo_node_00_06_66_D2_CF_7B http://chiliPC:40617/
[rosmaster.master][INFO] 2019-03-18 14:27:21,843: publisherUpdate[/tf] -> http://chiliPC:46179/ ['http://chiliPC:33907/', 'http://chiliPC:35453/', 'http://chiliPC:40617/']
[rosmaster.master][INFO] 2019-03-18 14:27:21,844: publisherUpdate[/tf] -> http://chiliPC:42713/ ['http://chiliPC:33907/', 'http://chiliPC:35453/', 'http://chiliPC:40617/']
[rosmaster.master][INFO] 2019-03-18 14:27:21,845: publisherUpdate[/tf] -> http://chiliPC:46179/ ['http://chiliPC:33907/', 'http://chiliPC:35453/', 'http://chiliPC:40617/']: sec=0.00, result=[1, '', 0]
[rosmaster.master][INFO] 2019-03-18 14:27:21,845: publisherUpdate[/tf] -> http://chiliPC:39135/ ['http://chiliPC:33907/', 'http://chiliPC:35453/', 'http://chiliPC:40617/']
[rosmaster.master][INFO] 2019-03-18 14:27:21,846: publisherUpdate[/tf] -> http://chiliPC:42713/ ['http://chiliPC:33907/', 'http://chiliPC:35453/', 'http://chiliPC:40617/']: sec=0.00, result=[1, '', 0]
[rosmaster.master][INFO] 2019-03-18 14:27:21,846: publisherUpdate[/tf] -> http://chiliPC:41461/ ['http://chiliPC:33907/', 'http://chiliPC:35453/', 'http://chiliPC:40617/']
[rosmaster.master][INFO] 2019-03-18 14:27:21,847: publisherUpdate[/tf] -> http://chiliPC:39135/ ['http://chiliPC:33907/', 'http://chiliPC:35453/', 'http://chiliPC:40617/']: sec=0.00, result=[1, '', 0]
[rosmaster.master][INFO] 2019-03-18 14:27:21,847: publisherUpdate[/tf] -> http://chiliPC:36275/ ['http://chiliPC:33907/', 'http://chiliPC:35453/', 'http://chiliPC:40617/']
[rosmaster.master][INFO] 2019-03-18 14:27:21,848: publisherUpdate[/tf] -> http://chiliPC:43863/ ['http://chiliPC:33907/', 'http://chiliPC:35453/', 'http://chiliPC:40617/']
[rosmaster.master][INFO] 2019-03-18 14:27:21,849: publisherUpdate[/tf] -> http://chiliPC:41461/ ['http://chiliPC:33907/', 'http://chiliPC:35453/', 'http://chiliPC:40617/']: sec=0.00, result=[1, '', 0]
[rosmaster.master][INFO] 2019-03-18 14:27:21,850: publisherUpdate[/tf] -> http://chiliPC:36275/ ['http://chiliPC:33907/', 'http://chiliPC:35453/', 'http://chiliPC:40617/']: sec=0.00, result=[1, '', 0]
[rosmaster.master][INFO] 2019-03-18 14:27:21,850: publisherUpdate[/tf] -> http://chiliPC:43863/ ['http://chiliPC:33907/', 'http://chiliPC:35453/', 'http://chiliPC:40617/']: sec=0.00, result=[1, '', 0]
[rosmaster.master][INFO] 2019-03-18 14:27:21,851: publisherUpdate[/tf] -> http://chiliPC:41753/ ['http://chiliPC:33907/', 'http://chiliPC:35453/', 'http://chiliPC:40617/']
[rosmaster.master][INFO] 2019-03-18 14:27:21,852: publisherUpdate[/tf] -> http://chiliPC:41753/ ['http://chiliPC:33907/', 'http://chiliPC:35453/', 'http://chiliPC:40617/']: sec=0.00, result=[1, '', 0]
[rosmaster.master][INFO] 2019-03-18 14:27:50,768: -PUB [/rosout] /aggregation_node_00_06_66_E7_8A_D6 http://chiliPC:45415/
[rosmaster.master][INFO] 2019-03-18 14:27:50,769: -PUB [/rosout] /aggregation_node_00_06_66_E7_8E_BD http://chiliPC:35545/
[rosmaster.master][INFO] 2019-03-18 14:27:50,771: -PUB [/cellulo_node_00_06_66_E7_8A_D6/setGoalVelocity] /aggregation_node_00_06_66_E7_8A_D6 http://chiliPC:45415/
[rosmaster.master][INFO] 2019-03-18 14:27:50,772: -PUB [/cellulo_node_00_06_66_E7_8E_BD/setGoalVelocity] /aggregation_node_00_06_66_E7_8E_BD http://chiliPC:35545/
[rosmaster.master][INFO] 2019-03-18 14:27:50,773: -SUB [/setThetaDis] /aggregation_node_00_06_66_E7_8A_D6 http://chiliPC:45415/
[rosmaster.master][INFO] 2019-03-18 14:27:50,774: -SUB [/setThetaDis] /aggregation_node_00_06_66_E7_8E_BD http://chiliPC:35545/
[rosmaster.master][INFO] 2019-03-18 14:27:50,775: -SUB [/sensor_node_00_06_66_E7_8A_D6/detectedRobots] /aggregation_node_00_06_66_E7_8A_D6 http://chiliPC:45415/
[rosmaster.master][INFO] 2019-03-18 14:27:50,776: -SUB [/sensor_node_00_06_66_E7_8E_BD/detectedRobots] /aggregation_node_00_06_66_E7_8E_BD http://chiliPC:35545/
[rosmaster.master][INFO] 2019-03-18 14:27:50,778: -SUB [/sensor_node_00_06_66_E7_8A_D6/detectedObstacles] /aggregation_node_00_06_66_E7_8A_D6 http://chiliPC:45415/
[rosmaster.master][INFO] 2019-03-18 14:27:50,779: -SUB [/sensor_node_00_06_66_E7_8E_BD/detectedObstacles] /aggregation_node_00_06_66_E7_8E_BD http://chiliPC:35545/
[rosmaster.master][INFO] 2019-03-18 14:27:50,780: -SUB [/cellulo_node_00_06_66_E7_8A_D6/velocity] /aggregation_node_00_06_66_E7_8A_D6 http://chiliPC:45415/
[rosmaster.master][INFO] 2019-03-18 14:27:50,781: -SUB [/cellulo_node_00_06_66_E7_8E_BD/velocity] /aggregation_node_00_06_66_E7_8E_BD http://chiliPC:35545/
[rosmaster.master][INFO] 2019-03-18 14:27:50,781: -SERVICE [/aggregation_node_00_06_66_E7_8A_D6/get_loggers] /aggregation_node_00_06_66_E7_8A_D6 rosrpc://chiliPC:55491
[rosmaster.master][INFO] 2019-03-18 14:27:50,782: -SERVICE [/aggregation_node_00_06_66_E7_8E_BD/get_loggers] /aggregation_node_00_06_66_E7_8E_BD rosrpc://chiliPC:36043
[rosmaster.master][INFO] 2019-03-18 14:27:50,783: -SERVICE [/aggregation_node_00_06_66_E7_8A_D6/set_logger_level] /aggregation_node_00_06_66_E7_8A_D6 rosrpc://chiliPC:55491
[rosmaster.master][INFO] 2019-03-18 14:27:50,784: -SERVICE [/aggregation_node_00_06_66_E7_8E_BD/set_logger_level] /aggregation_node_00_06_66_E7_8E_BD rosrpc://chiliPC:36043
[rosmaster.master][INFO] 2019-03-18 14:27:50,799: -PUB [/rosout] /rviz_chiliPC_23407_5631474462178433880 http://chiliPC:41753/
[rosmaster.master][INFO] 2019-03-18 14:27:50,799: -PUB [/initialpose] /rviz_chiliPC_23407_5631474462178433880 http://chiliPC:41753/
[rosmaster.master][INFO] 2019-03-18 14:27:50,800: -PUB [/move_base_simple/goal] /rviz_chiliPC_23407_5631474462178433880 http://chiliPC:41753/
[rosmaster.master][INFO] 2019-03-18 14:27:50,801: -PUB [/clicked_point] /rviz_chiliPC_23407_5631474462178433880 http://chiliPC:41753/
[rosmaster.master][INFO] 2019-03-18 14:27:50,802: -SUB [/tf] /rviz_chiliPC_23407_5631474462178433880 http://chiliPC:41753/
[rosmaster.master][INFO] 2019-03-18 14:27:50,802: -SUB [/tf_static] /rviz_chiliPC_23407_5631474462178433880 http://chiliPC:41753/
[rosmaster.master][INFO] 2019-03-18 14:27:50,803: -SUB [/cellulo_node_3E_82/visualization_marker_robot] /rviz_chiliPC_23407_5631474462178433880 http://chiliPC:41753/
[rosmaster.master][INFO] 2019-03-18 14:27:50,804: publisherUpdate[/rosout] -> http://chiliPC:35815/ ['http://chiliPC:33907/', 'http://chiliPC:35453/', 'http://chiliPC:46179/', 'http://chiliPC:40617/', 'http://chiliPC:41461/', 'http://chiliPC:43863/', 'http://chiliPC:35545/', 'http://chiliPC:38267/', 'http://chiliPC:42713/', 'http://chiliPC:39135/', 'http://chiliPC:36275/', 'http://chiliPC:32833/', 'http://chiliPC:41753/']
[rosmaster.master][INFO] 2019-03-18 14:27:50,804: publisherUpdate[/cellulo_node_00_06_66_E7_8A_D6/setGoalVelocity] -> http://chiliPC:33907/ []
[rosmaster.master][INFO] 2019-03-18 14:27:50,804: publisherUpdate[/cellulo_node_00_06_66_E7_8E_BD/setGoalVelocity] -> http://chiliPC:35453/ []
[rosmaster.master][INFO] 2019-03-18 14:27:50,805: -SUB [/cellulo_node_3E_82/visualization_marker_robot_array] /rviz_chiliPC_23407_5631474462178433880 http://chiliPC:41753/
[rosmaster.master][INFO] 2019-03-18 14:27:50,805: publisherUpdate[/rosout] -> http://chiliPC:35815/ ['http://chiliPC:33907/', 'http://chiliPC:35453/', 'http://chiliPC:46179/', 'http://chiliPC:40617/', 'http://chiliPC:41461/', 'http://chiliPC:43863/', 'http://chiliPC:35545/', 'http://chiliPC:38267/', 'http://chiliPC:42713/', 'http://chiliPC:39135/', 'http://chiliPC:36275/', 'http://chiliPC:32833/', 'http://chiliPC:41753/']: sec=0.00, result=[1, '', 0]
[rosmaster.master][INFO] 2019-03-18 14:27:50,806: publisherUpdate[/cellulo_node_00_06_66_E7_8A_D6/setGoalVelocity] -> http://chiliPC:33907/ []: sec=0.00, result=[1, '', 0]
[rosmaster.master][INFO] 2019-03-18 14:27:50,806: publisherUpdate[/cellulo_node_00_06_66_E7_8E_BD/setGoalVelocity] -> http://chiliPC:35453/ []: sec=0.00, result=[1, '', 0]
[rosmaster.master][INFO] 2019-03-18 14:27:50,806: publisherUpdate[/rosout] -> http://chiliPC:35815/ ['http://chiliPC:33907/', 'http://chiliPC:35453/', 'http://chiliPC:46179/', 'http://chiliPC:40617/', 'http://chiliPC:41461/', 'http://chiliPC:43863/', 'http://chiliPC:38267/', 'http://chiliPC:42713/', 'http://chiliPC:39135/', 'http://chiliPC:36275/', 'http://chiliPC:32833/', 'http://chiliPC:41753/']
[rosmaster.master][INFO] 2019-03-18 14:27:50,807: -SUB [/cellulo_node_3E_7E/visualization_marker_robot] /rviz_chiliPC_23407_5631474462178433880 http://chiliPC:41753/
[rosmaster.master][INFO] 2019-03-18 14:27:50,808: publisherUpdate[/rosout] -> http://chiliPC:35815/ ['http://chiliPC:33907/', 'http://chiliPC:35453/', 'http://chiliPC:46179/', 'http://chiliPC:40617/', 'http://chiliPC:41461/', 'http://chiliPC:43863/', 'http://chiliPC:38267/', 'http://chiliPC:42713/', 'http://chiliPC:39135/', 'http://chiliPC:36275/', 'http://chiliPC:32833/', 'http://chiliPC:41753/']: sec=0.00, result=[1, '', 0]
[rosmaster.master][INFO] 2019-03-18 14:27:50,808: publisherUpdate[/rosout] -> http://chiliPC:35815/ ['http://chiliPC:33907/', 'http://chiliPC:35453/', 'http://chiliPC:46179/', 'http://chiliPC:40617/', 'http://chiliPC:41461/', 'http://chiliPC:43863/', 'http://chiliPC:38267/', 'http://chiliPC:42713/', 'http://chiliPC:39135/', 'http://chiliPC:36275/', 'http://chiliPC:32833/']
[rosmaster.master][INFO] 2019-03-18 14:27:50,809: -SUB [/cellulo_node_3E_7E/visualization_marker_robot_array] /rviz_chiliPC_23407_5631474462178433880 http://chiliPC:41753/
[rosmaster.master][INFO] 2019-03-18 14:27:50,809: publisherUpdate[/rosout] -> http://chiliPC:35815/ ['http://chiliPC:33907/', 'http://chiliPC:35453/', 'http://chiliPC:46179/', 'http://chiliPC:40617/', 'http://chiliPC:41461/', 'http://chiliPC:43863/', 'http://chiliPC:38267/', 'http://chiliPC:42713/', 'http://chiliPC:39135/', 'http://chiliPC:36275/', 'http://chiliPC:32833/']: sec=0.00, result=[1, '', 0]
[rosmaster.master][INFO] 2019-03-18 14:27:50,810: -SERVICE [/rviz_chiliPC_23407_5631474462178433880/get_loggers] /rviz_chiliPC_23407_5631474462178433880 rosrpc://chiliPC:57415
[rosmaster.master][INFO] 2019-03-18 14:27:50,811: -SERVICE [/rviz_chiliPC_23407_5631474462178433880/set_logger_level] /rviz_chiliPC_23407_5631474462178433880 rosrpc://chiliPC:57415
[rosmaster.master][INFO] 2019-03-18 14:27:50,811: -SERVICE [/rviz_chiliPC_23407_5631474462178433880/reload_shaders] /rviz_chiliPC_23407_5631474462178433880 rosrpc://chiliPC:57415
[rosmaster.master][INFO] 2019-03-18 14:27:50,868: -PUB [/rosout] /paper_world_broadcaster http://chiliPC:32833/
[rosmaster.master][INFO] 2019-03-18 14:27:50,869: -PUB [/tf_static] /paper_world_broadcaster http://chiliPC:32833/
[rosmaster.master][INFO] 2019-03-18 14:27:50,870: -SERVICE [/paper_world_broadcaster/get_loggers] /paper_world_broadcaster rosrpc://chiliPC:37651
[rosmaster.master][INFO] 2019-03-18 14:27:50,871: -SERVICE [/paper_world_broadcaster/set_logger_level] /paper_world_broadcaster rosrpc://chiliPC:37651
[rosmaster.master][INFO] 2019-03-18 14:27:50,880: -PUB [/rosout] /aggregation_node_00_06_66_D2_CF_7B http://chiliPC:38267/
[rosmaster.master][INFO] 2019-03-18 14:27:50,882: -PUB [/cellulo_node_00_06_66_D2_CF_7B/setGoalVelocity] /aggregation_node_00_06_66_D2_CF_7B http://chiliPC:38267/
[rosmaster.master][INFO] 2019-03-18 14:27:50,884: -SUB [/setThetaDis] /aggregation_node_00_06_66_D2_CF_7B http://chiliPC:38267/
[rosmaster.master][INFO] 2019-03-18 14:27:50,886: -SUB [/sensor_node_00_06_66_D2_CF_7B/detectedRobots] /aggregation_node_00_06_66_D2_CF_7B http://chiliPC:38267/
[rosmaster.master][INFO] 2019-03-18 14:27:50,887: -SUB [/sensor_node_00_06_66_D2_CF_7B/detectedObstacles] /aggregation_node_00_06_66_D2_CF_7B http://chiliPC:38267/
[rosmaster.master][INFO] 2019-03-18 14:27:50,887: -SUB [/cellulo_node_00_06_66_D2_CF_7B/velocity] /aggregation_node_00_06_66_D2_CF_7B http://chiliPC:38267/
[rosmaster.master][INFO] 2019-03-18 14:27:50,888: -SERVICE [/aggregation_node_00_06_66_D2_CF_7B/get_loggers] /aggregation_node_00_06_66_D2_CF_7B rosrpc://chiliPC:58927
[rosmaster.master][INFO] 2019-03-18 14:27:50,890: -SERVICE [/aggregation_node_00_06_66_D2_CF_7B/set_logger_level] /aggregation_node_00_06_66_D2_CF_7B rosrpc://chiliPC:58927
[rosmaster.master][INFO] 2019-03-18 14:27:50,893: -PUB [/rosout] /tf_echo_00_06_66_E7_8A_D6 http://chiliPC:42713/
[rosmaster.master][INFO] 2019-03-18 14:27:50,894: -PUB [/rosout] /tf_echo_00_06_66_E7_8E_BD http://chiliPC:39135/
[rosmaster.master][INFO] 2019-03-18 14:27:50,895: -SUB [/tf] /tf_echo_00_06_66_E7_8A_D6 http://chiliPC:42713/
[rosmaster.master][INFO] 2019-03-18 14:27:50,897: -PUB [/rosout] /sensor_node_00_06_66_E7_8E_BD http://chiliPC:41461/
[rosmaster.master][INFO] 2019-03-18 14:27:50,898: -PUB [/rosout] /sensor_node_00_06_66_D2_CF_7B http://chiliPC:43863/
[rosmaster.master][INFO] 2019-03-18 14:27:50,899: -SUB [/tf] /tf_echo_00_06_66_E7_8E_BD http://chiliPC:39135/
[rosmaster.master][INFO] 2019-03-18 14:27:50,900: -PUB [/rosout] /tf_echo_00_06_66_D2_CF_7B http://chiliPC:36275/
[rosmaster.master][INFO] 2019-03-18 14:27:50,902: -SUB [/tf_static] /tf_echo_00_06_66_E7_8A_D6 http://chiliPC:42713/
[rosmaster.master][INFO] 2019-03-18 14:27:50,903: -PUB [/sensor_node_00_06_66_E7_8E_BD/detectedRobots] /sensor_node_00_06_66_E7_8E_BD http://chiliPC:41461/
[rosmaster.master][INFO] 2019-03-18 14:27:50,904: -PUB [/sensor_node_00_06_66_D2_CF_7B/detectedRobots] /sensor_node_00_06_66_D2_CF_7B http://chiliPC:43863/
[rosmaster.master][INFO] 2019-03-18 14:27:50,905: -SUB [/tf_static] /tf_echo_00_06_66_E7_8E_BD http://chiliPC:39135/
[rosmaster.master][INFO] 2019-03-18 14:27:50,906: -SUB [/tf] /tf_echo_00_06_66_D2_CF_7B http://chiliPC:36275/
[rosmaster.master][INFO] 2019-03-18 14:27:50,907: publisherUpdate[/rosout] -> http://chiliPC:35815/ ['http://chiliPC:33907/', 'http://chiliPC:35453/', 'http://chiliPC:46179/', 'http://chiliPC:40617/', 'http://chiliPC:41461/', 'http://chiliPC:43863/', 'http://chiliPC:38267/', 'http://chiliPC:42713/', 'http://chiliPC:39135/', 'http://chiliPC:36275/']
[rosmaster.master][INFO] 2019-03-18 14:27:50,907: -SERVICE [/tf_echo_00_06_66_E7_8A_D6/get_loggers] /tf_echo_00_06_66_E7_8A_D6 rosrpc://chiliPC:43441
[rosmaster.master][INFO] 2019-03-18 14:27:50,908: publisherUpdate[/tf_static] -> http://chiliPC:46179/ []
[rosmaster.master][INFO] 2019-03-18 14:27:50,910: publisherUpdate[/rosout] -> http://chiliPC:35815/ ['http://chiliPC:33907/', 'http://chiliPC:35453/', 'http://chiliPC:46179/', 'http://chiliPC:40617/', 'http://chiliPC:41461/', 'http://chiliPC:43863/', 'http://chiliPC:38267/', 'http://chiliPC:42713/', 'http://chiliPC:39135/', 'http://chiliPC:36275/']: sec=0.00, result=[1, '', 0]
[rosmaster.master][INFO] 2019-03-18 14:27:50,910: -PUB [/sensor_node_00_06_66_E7_8E_BD/detectedObstacles] /sensor_node_00_06_66_E7_8E_BD http://chiliPC:41461/
[rosmaster.master][INFO] 2019-03-18 14:27:50,910: publisherUpdate[/tf_static] -> http://chiliPC:42713/ []
[rosmaster.master][INFO] 2019-03-18 14:27:50,911: publisherUpdate[/tf_static] -> http://chiliPC:39135/ []
[rosmaster.master][INFO] 2019-03-18 14:27:50,912: publisherUpdate[/tf_static] -> http://chiliPC:46179/ []: sec=0.00, result=[1, '', 0]
[rosmaster.master][INFO] 2019-03-18 14:27:50,913: -PUB [/sensor_node_00_06_66_D2_CF_7B/detectedObstacles] /sensor_node_00_06_66_D2_CF_7B http://chiliPC:43863/
[rosmaster.master][INFO] 2019-03-18 14:27:50,914: publisherUpdate[/tf_static] -> http://chiliPC:42713/ []: sec=0.00, exception=<Fault -1: 'publisherUpdate: unknown method name'>
[rosmaster.master][INFO] 2019-03-18 14:27:50,915: publisherUpdate[/tf_static] -> http://chiliPC:39135/ []: sec=0.00, exception=<Fault -1: 'publisherUpdate: unknown method name'>
[rosmaster.master][INFO] 2019-03-18 14:27:50,915: publisherUpdate[/tf_static] -> http://chiliPC:41461/ []
[rosmaster.master][INFO] 2019-03-18 14:27:50,917: -SERVICE [/tf_echo_00_06_66_E7_8E_BD/get_loggers] /tf_echo_00_06_66_E7_8E_BD rosrpc://chiliPC:42217
[rosmaster.master][INFO] 2019-03-18 14:27:50,920: -SUB [/tf_static] /tf_echo_00_06_66_D2_CF_7B http://chiliPC:36275/
[rosmaster.master][INFO] 2019-03-18 14:27:50,921: publisherUpdate[/tf_static] -> http://chiliPC:41461/ []: sec=0.00, exception=<Fault -1: 'publisherUpdate: unknown method name'>
[rosmaster.master][INFO] 2019-03-18 14:27:50,923: -SERVICE [/tf_echo_00_06_66_E7_8A_D6/set_logger_level] /tf_echo_00_06_66_E7_8A_D6 rosrpc://chiliPC:43441
[rosmaster.master][INFO] 2019-03-18 14:27:50,924: -SUB [/setThreshold] /sensor_node_00_06_66_E7_8E_BD http://chiliPC:41461/
[rosmaster.threadpool][ERROR] 2019-03-18 14:27:50,925: Traceback (most recent call last):
  File "/opt/ros/kinetic/lib/python2.7/dist-packages/rosmaster/threadpool.py", line 218, in run
    result = cmd(*args)
  File "/opt/ros/kinetic/lib/python2.7/dist-packages/rosmaster/master_api.py", line 210, in publisher_update_task
    ret = xmlrpcapi(api).publisherUpdate('/master', topic, pub_uris)
  File "/usr/lib/python2.7/xmlrpclib.py", line 1243, in __call__
    return self.__send(self.__name, args)
  File "/usr/lib/python2.7/xmlrpclib.py", line 1602, in __request
    verbose=self.__verbose
  File "/usr/lib/python2.7/xmlrpclib.py", line 1283, in request
    return self.single_request(host, handler, request_body, verbose)
  File "/usr/lib/python2.7/xmlrpclib.py", line 1316, in single_request
    return self.parse_response(response)
  File "/usr/lib/python2.7/xmlrpclib.py", line 1493, in parse_response
    return u.close()
  File "/usr/lib/python2.7/xmlrpclib.py", line 800, in close
    raise Fault(**self._stack[0])
Fault: <Fault -1: 'publisherUpdate: unknown method name'>

[rosmaster.threadpool][ERROR] 2019-03-18 14:27:50,925: Traceback (most recent call last):
  File "/opt/ros/kinetic/lib/python2.7/dist-packages/rosmaster/threadpool.py", line 218, in run
    result = cmd(*args)
  File "/opt/ros/kinetic/lib/python2.7/dist-packages/rosmaster/master_api.py", line 210, in publisher_update_task
    ret = xmlrpcapi(api).publisherUpdate('/master', topic, pub_uris)
  File "/usr/lib/python2.7/xmlrpclib.py", line 1243, in __call__
    return self.__send(self.__name, args)
  File "/usr/lib/python2.7/xmlrpclib.py", line 1602, in __request
    verbose=self.__verbose
  File "/usr/lib/python2.7/xmlrpclib.py", line 1283, in request
    return self.single_request(host, handler, request_body, verbose)
  File "/usr/lib/python2.7/xmlrpclib.py", line 1316, in single_request
    return self.parse_response(response)
  File "/usr/lib/python2.7/xmlrpclib.py", line 1493, in parse_response
    return u.close()
  File "/usr/lib/python2.7/xmlrpclib.py", line 800, in close
    raise Fault(**self._stack[0])
Fault: <Fault -1: 'publisherUpdate: unknown method name'>

[rosmaster.master][INFO] 2019-03-18 14:27:50,926: -SUB [/setThreshold] /sensor_node_00_06_66_D2_CF_7B http://chiliPC:43863/
[rosmaster.threadpool][ERROR] 2019-03-18 14:27:50,927: Traceback (most recent call last):
  File "/opt/ros/kinetic/lib/python2.7/dist-packages/rosmaster/threadpool.py", line 218, in run
    result = cmd(*args)
  File "/opt/ros/kinetic/lib/python2.7/dist-packages/rosmaster/master_api.py", line 210, in publisher_update_task
    ret = xmlrpcapi(api).publisherUpdate('/master', topic, pub_uris)
  File "/usr/lib/python2.7/xmlrpclib.py", line 1243, in __call__
    return self.__send(self.__name, args)
  File "/usr/lib/python2.7/xmlrpclib.py", line 1602, in __request
    verbose=self.__verbose
  File "/usr/lib/python2.7/xmlrpclib.py", line 1283, in request
    return self.single_request(host, handler, request_body, verbose)
  File "/usr/lib/python2.7/xmlrpclib.py", line 1316, in single_request
    return self.parse_response(response)
  File "/usr/lib/python2.7/xmlrpclib.py", line 1493, in parse_response
    return u.close()
  File "/usr/lib/python2.7/xmlrpclib.py", line 800, in close
    raise Fault(**self._stack[0])
Fault: <Fault -1: 'publisherUpdate: unknown method name'>

[rosmaster.master][INFO] 2019-03-18 14:27:50,927: publisherUpdate[/tf_static] -> http://chiliPC:36275/ []
[rosmaster.master][INFO] 2019-03-18 14:27:50,928: publisherUpdate[/tf_static] -> http://chiliPC:43863/ []
[rosmaster.master][INFO] 2019-03-18 14:27:50,928: -SERVICE [/tf_echo_00_06_66_E7_8E_BD/set_logger_level] /tf_echo_00_06_66_E7_8E_BD rosrpc://chiliPC:42217
[rosmaster.master][INFO] 2019-03-18 14:27:50,928: publisherUpdate[/rosout] -> http://chiliPC:35815/ ['http://chiliPC:33907/', 'http://chiliPC:35453/', 'http://chiliPC:46179/', 'http://chiliPC:40617/', 'http://chiliPC:41461/', 'http://chiliPC:43863/', 'http://chiliPC:42713/', 'http://chiliPC:39135/', 'http://chiliPC:36275/']
[rosmaster.master][INFO] 2019-03-18 14:27:50,930: publisherUpdate[/tf_static] -> http://chiliPC:36275/ []: sec=0.00, exception=<Fault -1: 'publisherUpdate: unknown method name'>
[rosmaster.master][INFO] 2019-03-18 14:27:50,931: publisherUpdate[/tf_static] -> http://chiliPC:43863/ []: sec=0.00, exception=<Fault -1: 'publisherUpdate: unknown method name'>
[rosmaster.master][INFO] 2019-03-18 14:27:50,931: -SERVICE [/tf_echo_00_06_66_D2_CF_7B/get_loggers] /tf_echo_00_06_66_D2_CF_7B rosrpc://chiliPC:36949
[rosmaster.master][INFO] 2019-03-18 14:27:50,933: publisherUpdate[/rosout] -> http://chiliPC:35815/ ['http://chiliPC:33907/', 'http://chiliPC:35453/', 'http://chiliPC:46179/', 'http://chiliPC:40617/', 'http://chiliPC:41461/', 'http://chiliPC:43863/', 'http://chiliPC:42713/', 'http://chiliPC:39135/', 'http://chiliPC:36275/']: sec=0.00, result=[1, '', 0]
[rosmaster.master][INFO] 2019-03-18 14:27:50,934: -SUB [/tf] /sensor_node_00_06_66_E7_8E_BD http://chiliPC:41461/
[rosmaster.threadpool][ERROR] 2019-03-18 14:27:50,934: Traceback (most recent call last):
  File "/opt/ros/kinetic/lib/python2.7/dist-packages/rosmaster/threadpool.py", line 218, in run
    result = cmd(*args)
  File "/opt/ros/kinetic/lib/python2.7/dist-packages/rosmaster/master_api.py", line 210, in publisher_update_task
    ret = xmlrpcapi(api).publisherUpdate('/master', topic, pub_uris)
  File "/usr/lib/python2.7/xmlrpclib.py", line 1243, in __call__
    return self.__send(self.__name, args)
  File "/usr/lib/python2.7/xmlrpclib.py", line 1602, in __request
    verbose=self.__verbose
  File "/usr/lib/python2.7/xmlrpclib.py", line 1283, in request
    return self.single_request(host, handler, request_body, verbose)
  File "/usr/lib/python2.7/xmlrpclib.py", line 1316, in single_request
    return self.parse_response(response)
  File "/usr/lib/python2.7/xmlrpclib.py", line 1493, in parse_response
    return u.close()
  File "/usr/lib/python2.7/xmlrpclib.py", line 800, in close
    raise Fault(**self._stack[0])
Fault: <Fault -1: 'publisherUpdate: unknown method name'>

[rosmaster.master][INFO] 2019-03-18 14:27:50,934: publisherUpdate[/cellulo_node_00_06_66_D2_CF_7B/setGoalVelocity] -> http://chiliPC:40617/ []
[rosmaster.master][INFO] 2019-03-18 14:27:50,935: -SUB [/tf] /sensor_node_00_06_66_D2_CF_7B http://chiliPC:43863/
[rosmaster.threadpool][ERROR] 2019-03-18 14:27:50,935: Traceback (most recent call last):
  File "/opt/ros/kinetic/lib/python2.7/dist-packages/rosmaster/threadpool.py", line 218, in run
    result = cmd(*args)
  File "/opt/ros/kinetic/lib/python2.7/dist-packages/rosmaster/master_api.py", line 210, in publisher_update_task
    ret = xmlrpcapi(api).publisherUpdate('/master', topic, pub_uris)
  File "/usr/lib/python2.7/xmlrpclib.py", line 1243, in __call__
    return self.__send(self.__name, args)
  File "/usr/lib/python2.7/xmlrpclib.py", line 1602, in __request
    verbose=self.__verbose
  File "/usr/lib/python2.7/xmlrpclib.py", line 1283, in request
    return self.single_request(host, handler, request_body, verbose)
  File "/usr/lib/python2.7/xmlrpclib.py", line 1316, in single_request
    return self.parse_response(response)
  File "/usr/lib/python2.7/xmlrpclib.py", line 1493, in parse_response
    return u.close()
  File "/usr/lib/python2.7/xmlrpclib.py", line 800, in close
    raise Fault(**self._stack[0])
Fault: <Fault -1: 'publisherUpdate: unknown method name'>

[rosmaster.master][INFO] 2019-03-18 14:27:50,936: publisherUpdate[/rosout] -> http://chiliPC:35815/ ['http://chiliPC:33907/', 'http://chiliPC:35453/', 'http://chiliPC:46179/', 'http://chiliPC:40617/', 'http://chiliPC:41461/', 'http://chiliPC:43863/', 'http://chiliPC:39135/', 'http://chiliPC:36275/']
[rosmaster.master][INFO] 2019-03-18 14:27:50,938: publisherUpdate[/cellulo_node_00_06_66_D2_CF_7B/setGoalVelocity] -> http://chiliPC:40617/ []: sec=0.00, result=[1, '', 0]
[rosmaster.master][INFO] 2019-03-18 14:27:50,938: -SERVICE [/tf_echo_00_06_66_D2_CF_7B/set_logger_level] /tf_echo_00_06_66_D2_CF_7B rosrpc://chiliPC:36949
[rosmaster.master][INFO] 2019-03-18 14:27:50,940: publisherUpdate[/rosout] -> http://chiliPC:35815/ ['http://chiliPC:33907/', 'http://chiliPC:35453/', 'http://chiliPC:46179/', 'http://chiliPC:40617/', 'http://chiliPC:41461/', 'http://chiliPC:43863/', 'http://chiliPC:39135/', 'http://chiliPC:36275/']: sec=0.00, result=[1, '', 0]
[rosmaster.master][INFO] 2019-03-18 14:27:50,941: -SUB [/tf_static] /sensor_node_00_06_66_E7_8E_BD http://chiliPC:41461/
[rosmaster.master][INFO] 2019-03-18 14:27:50,941: publisherUpdate[/rosout] -> http://chiliPC:35815/ ['http://chiliPC:33907/', 'http://chiliPC:35453/', 'http://chiliPC:46179/', 'http://chiliPC:40617/', 'http://chiliPC:41461/', 'http://chiliPC:43863/', 'http://chiliPC:36275/']
[rosmaster.master][INFO] 2019-03-18 14:27:50,942: -SUB [/tf_static] /sensor_node_00_06_66_D2_CF_7B http://chiliPC:43863/
[rosmaster.master][INFO] 2019-03-18 14:27:50,943: -SERVICE [/sensor_node_00_06_66_E7_8E_BD/get_loggers] /sensor_node_00_06_66_E7_8E_BD rosrpc://chiliPC:32955
[rosmaster.master][INFO] 2019-03-18 14:27:50,944: publisherUpdate[/rosout] -> http://chiliPC:35815/ ['http://chiliPC:33907/', 'http://chiliPC:35453/', 'http://chiliPC:46179/', 'http://chiliPC:40617/', 'http://chiliPC:41461/', 'http://chiliPC:43863/', 'http://chiliPC:36275/']: sec=0.00, result=[1, '', 0]
[rosmaster.master][INFO] 2019-03-18 14:27:50,945: publisherUpdate[/rosout] -> http://chiliPC:35815/ ['http://chiliPC:33907/', 'http://chiliPC:35453/', 'http://chiliPC:46179/', 'http://chiliPC:40617/', 'http://chiliPC:43863/', 'http://chiliPC:36275/']
[rosmaster.master][INFO] 2019-03-18 14:27:50,946: publisherUpdate[/rosout] -> http://chiliPC:35815/ ['http://chiliPC:33907/', 'http://chiliPC:35453/', 'http://chiliPC:46179/', 'http://chiliPC:40617/', 'http://chiliPC:43863/', 'http://chiliPC:36275/']: sec=0.00, result=[1, '', 0]
[rosmaster.master][INFO] 2019-03-18 14:27:50,947: -SERVICE [/sensor_node_00_06_66_D2_CF_7B/get_loggers] /sensor_node_00_06_66_D2_CF_7B rosrpc://chiliPC:35757
[rosmaster.master][INFO] 2019-03-18 14:27:50,947: publisherUpdate[/rosout] -> http://chiliPC:35815/ ['http://chiliPC:33907/', 'http://chiliPC:35453/', 'http://chiliPC:46179/', 'http://chiliPC:40617/', 'http://chiliPC:36275/']
[rosmaster.master][INFO] 2019-03-18 14:27:50,948: -SERVICE [/sensor_node_00_06_66_E7_8E_BD/set_logger_level] /sensor_node_00_06_66_E7_8E_BD rosrpc://chiliPC:32955
[rosmaster.master][INFO] 2019-03-18 14:27:50,949: publisherUpdate[/rosout] -> http://chiliPC:35815/ ['http://chiliPC:33907/', 'http://chiliPC:35453/', 'http://chiliPC:46179/', 'http://chiliPC:40617/', 'http://chiliPC:36275/']: sec=0.00, result=[1, '', 0]
[rosmaster.master][INFO] 2019-03-18 14:27:50,950: -SERVICE [/sensor_node_00_06_66_D2_CF_7B/set_logger_level] /sensor_node_00_06_66_D2_CF_7B rosrpc://chiliPC:35757
[rosmaster.master][INFO] 2019-03-18 14:27:50,951: publisherUpdate[/rosout] -> http://chiliPC:35815/ ['http://chiliPC:33907/', 'http://chiliPC:35453/', 'http://chiliPC:46179/', 'http://chiliPC:40617/']
[rosmaster.master][INFO] 2019-03-18 14:27:50,952: publisherUpdate[/rosout] -> http://chiliPC:35815/ ['http://chiliPC:33907/', 'http://chiliPC:35453/', 'http://chiliPC:46179/', 'http://chiliPC:40617/']: sec=0.00, result=[1, '', 0]
[rosmaster.master][INFO] 2019-03-18 14:27:51,007: -PUB [/rosout] /cellulo_node_00_06_66_E7_8E_BD http://chiliPC:35453/
[rosmaster.master][INFO] 2019-03-18 14:27:51,009: -PUB [/cellulo_node_00_06_66_E7_8E_BD/touchKey] /cellulo_node_00_06_66_E7_8E_BD http://chiliPC:35453/
[rosmaster.master][INFO] 2019-03-18 14:27:51,011: -PUB [/cellulo_node_00_06_66_E7_8E_BD/longTouchKey] /cellulo_node_00_06_66_E7_8E_BD http://chiliPC:35453/
[rosmaster.master][INFO] 2019-03-18 14:27:51,012: -PUB [/cellulo_node_00_06_66_E7_8E_BD/kidnapped] /cellulo_node_00_06_66_E7_8E_BD http://chiliPC:35453/
[rosmaster.master][INFO] 2019-03-18 14:27:51,014: -PUB [/rosout] /sensor_node_00_06_66_E7_8A_D6 http://chiliPC:46179/
[rosmaster.master][INFO] 2019-03-18 14:27:51,015: -PUB [/cellulo_node_00_06_66_E7_8E_BD/velocity] /cellulo_node_00_06_66_E7_8E_BD http://chiliPC:35453/
[rosmaster.master][INFO] 2019-03-18 14:27:51,016: -PUB [/sensor_node_00_06_66_E7_8A_D6/detectedRobots] /sensor_node_00_06_66_E7_8A_D6 http://chiliPC:46179/
[rosmaster.master][INFO] 2019-03-18 14:27:51,018: -PUB [/cellulo_node_00_06_66_E7_8E_BD/connectionStatus] /cellulo_node_00_06_66_E7_8E_BD http://chiliPC:35453/
[rosmaster.master][INFO] 2019-03-18 14:27:51,019: -PUB [/sensor_node_00_06_66_E7_8A_D6/detectedObstacles] /sensor_node_00_06_66_E7_8A_D6 http://chiliPC:46179/
[rosmaster.master][INFO] 2019-03-18 14:27:51,020: -PUB [/cellulo_node_00_06_66_E7_8E_BD/localAdapterAdress] /cellulo_node_00_06_66_E7_8E_BD http://chiliPC:35453/
[rosmaster.master][INFO] 2019-03-18 14:27:51,022: -SUB [/setThreshold] /sensor_node_00_06_66_E7_8A_D6 http://chiliPC:46179/
[rosmaster.master][INFO] 2019-03-18 14:27:51,023: -PUB [/cellulo_node_00_06_66_E7_8E_BD/autoConnect] /cellulo_node_00_06_66_E7_8E_BD http://chiliPC:35453/
[rosmaster.master][INFO] 2019-03-18 14:27:51,024: -SUB [/tf] /sensor_node_00_06_66_E7_8A_D6 http://chiliPC:46179/
[rosmaster.master][INFO] 2019-03-18 14:27:51,025: -PUB [/cellulo_node_00_06_66_E7_8E_BD/batteryState] /cellulo_node_00_06_66_E7_8E_BD http://chiliPC:35453/
[rosmaster.master][INFO] 2019-03-18 14:27:51,026: -SUB [/tf_static] /sensor_node_00_06_66_E7_8A_D6 http://chiliPC:46179/
[rosmaster.master][INFO] 2019-03-18 14:27:51,027: -PUB [/cellulo_node_00_06_66_E7_8E_BD/gesture] /cellulo_node_00_06_66_E7_8E_BD http://chiliPC:35453/
[rosmaster.master][INFO] 2019-03-18 14:27:51,028: -SERVICE [/sensor_node_00_06_66_E7_8A_D6/get_loggers] /sensor_node_00_06_66_E7_8A_D6 rosrpc://chiliPC:50079
[rosmaster.master][INFO] 2019-03-18 14:27:51,029: -PUB [/cellulo_node_00_06_66_E7_8E_BD/lastTimestamp] /cellulo_node_00_06_66_E7_8E_BD http://chiliPC:35453/
[rosmaster.master][INFO] 2019-03-18 14:27:51,030: -SERVICE [/sensor_node_00_06_66_E7_8A_D6/set_logger_level] /sensor_node_00_06_66_E7_8A_D6 rosrpc://chiliPC:50079
[rosmaster.master][INFO] 2019-03-18 14:27:51,032: -PUB [/cellulo_node_00_06_66_E7_8E_BD/framerate] /cellulo_node_00_06_66_E7_8E_BD http://chiliPC:35453/
[rosmaster.master][INFO] 2019-03-18 14:27:51,033: -PUB [/cellulo_node_00_06_66_E7_8E_BD/cameraImageProgress] /cellulo_node_00_06_66_E7_8E_BD http://chiliPC:35453/
[rosmaster.master][INFO] 2019-03-18 14:27:51,034: -PUB [/cellulo_node_00_06_66_E7_8E_BD/poseVelControlEnable] /cellulo_node_00_06_66_E7_8E_BD http://chiliPC:35453/
[rosmaster.master][INFO] 2019-03-18 14:27:51,035: -PUB [/cellulo_node_00_06_66_E7_8E_BD/poseVelControlPeriod] /cellulo_node_00_06_66_E7_8E_BD http://chiliPC:35453/
[rosmaster.master][INFO] 2019-03-18 14:27:51,036: -PUB [/cellulo_node_00_06_66_E7_8E_BD/visualization_marker_robot] /cellulo_node_00_06_66_E7_8E_BD http://chiliPC:35453/
[rosmaster.master][INFO] 2019-03-18 14:27:51,037: -PUB [/cellulo_node_00_06_66_E7_8E_BD/visualization_marker_traj] /cellulo_node_00_06_66_E7_8E_BD http://chiliPC:35453/
[rosmaster.master][INFO] 2019-03-18 14:27:51,038: -PUB [/rosout] /cellulo_node_00_06_66_D2_CF_7B http://chiliPC:40617/
[rosmaster.master][INFO] 2019-03-18 14:27:51,039: publisherUpdate[/rosout] -> http://chiliPC:35815/ ['http://chiliPC:33907/', 'http://chiliPC:46179/', 'http://chiliPC:40617/']
[rosmaster.master][INFO] 2019-03-18 14:27:51,040: -PUB [/tf] /cellulo_node_00_06_66_E7_8E_BD http://chiliPC:35453/
[rosmaster.master][INFO] 2019-03-18 14:27:51,041: publisherUpdate[/rosout] -> http://chiliPC:35815/ ['http://chiliPC:33907/', 'http://chiliPC:46179/', 'http://chiliPC:40617/']: sec=0.00, result=[1, '', 0]
[rosmaster.master][INFO] 2019-03-18 14:27:51,042: -PUB [/cellulo_node_00_06_66_D2_CF_7B/touchKey] /cellulo_node_00_06_66_D2_CF_7B http://chiliPC:40617/
[rosmaster.master][INFO] 2019-03-18 14:27:51,042: publisherUpdate[/rosout] -> http://chiliPC:35815/ ['http://chiliPC:33907/', 'http://chiliPC:40617/']
[rosmaster.master][INFO] 2019-03-18 14:27:51,044: publisherUpdate[/rosout] -> http://chiliPC:35815/ ['http://chiliPC:33907/', 'http://chiliPC:40617/']: sec=0.00, result=[1, '', 0]
[rosmaster.master][INFO] 2019-03-18 14:27:51,045: -SUB [/cellulo_node_00_06_66_E7_8E_BD/setVisualEffect] /cellulo_node_00_06_66_E7_8E_BD http://chiliPC:35453/
[rosmaster.master][INFO] 2019-03-18 14:27:51,045: publisherUpdate[/rosout] -> http://chiliPC:35815/ ['http://chiliPC:33907/']
[rosmaster.master][INFO] 2019-03-18 14:27:51,047: -PUB [/cellulo_node_00_06_66_D2_CF_7B/longTouchKey] /cellulo_node_00_06_66_D2_CF_7B http://chiliPC:40617/
[rosmaster.master][INFO] 2019-03-18 14:27:51,047: publisherUpdate[/rosout] -> http://chiliPC:35815/ ['http://chiliPC:33907/']: sec=0.00, result=[1, '', 0]
[rosmaster.master][INFO] 2019-03-18 14:27:51,048: -SUB [/cellulo_node_00_06_66_E7_8E_BD/setLEDResponseMode] /cellulo_node_00_06_66_E7_8E_BD http://chiliPC:35453/
[rosmaster.master][INFO] 2019-03-18 14:27:51,050: -PUB [/cellulo_node_00_06_66_D2_CF_7B/kidnapped] /cellulo_node_00_06_66_D2_CF_7B http://chiliPC:40617/
[rosmaster.master][INFO] 2019-03-18 14:27:51,051: -SUB [/cellulo_node_00_06_66_E7_8E_BD/setGoalVelocity] /cellulo_node_00_06_66_E7_8E_BD http://chiliPC:35453/
[rosmaster.master][INFO] 2019-03-18 14:27:51,053: -PUB [/cellulo_node_00_06_66_D2_CF_7B/velocity] /cellulo_node_00_06_66_D2_CF_7B http://chiliPC:40617/
[rosmaster.master][INFO] 2019-03-18 14:27:51,054: -SUB [/cellulo_node_00_06_66_E7_8E_BD/reset] /cellulo_node_00_06_66_E7_8E_BD http://chiliPC:35453/
[rosmaster.master][INFO] 2019-03-18 14:27:51,055: -PUB [/cellulo_node_00_06_66_D2_CF_7B/connectionStatus] /cellulo_node_00_06_66_D2_CF_7B http://chiliPC:40617/
[rosmaster.master][INFO] 2019-03-18 14:27:51,056: -SUB [/cellulo_node_00_06_66_E7_8E_BD/clearTracking] /cellulo_node_00_06_66_E7_8E_BD http://chiliPC:35453/
[rosmaster.master][INFO] 2019-03-18 14:27:51,057: -PUB [/cellulo_node_00_06_66_D2_CF_7B/localAdapterAdress] /cellulo_node_00_06_66_D2_CF_7B http://chiliPC:40617/
[rosmaster.master][INFO] 2019-03-18 14:27:51,058: -SUB [/cellulo_node_00_06_66_E7_8E_BD/shutdown] /cellulo_node_00_06_66_E7_8E_BD http://chiliPC:35453/
[rosmaster.master][INFO] 2019-03-18 14:27:51,059: -PUB [/cellulo_node_00_06_66_D2_CF_7B/autoConnect] /cellulo_node_00_06_66_D2_CF_7B http://chiliPC:40617/
[rosmaster.master][INFO] 2019-03-18 14:27:51,060: -SUB [/cellulo_node_00_06_66_E7_8E_BD/clearHapticFeedback] /cellulo_node_00_06_66_E7_8E_BD http://chiliPC:35453/
[rosmaster.master][INFO] 2019-03-18 14:27:51,061: -PUB [/cellulo_node_00_06_66_D2_CF_7B/batteryState] /cellulo_node_00_06_66_D2_CF_7B http://chiliPC:40617/
[rosmaster.master][INFO] 2019-03-18 14:27:51,062: -SUB [/cellulo_node_00_06_66_E7_8E_BD/vibrateOnMotion] /cellulo_node_00_06_66_E7_8E_BD http://chiliPC:35453/
[rosmaster.master][INFO] 2019-03-18 14:27:51,063: -PUB [/cellulo_node_00_06_66_D2_CF_7B/gesture] /cellulo_node_00_06_66_D2_CF_7B http://chiliPC:40617/
[rosmaster.master][INFO] 2019-03-18 14:27:51,065: -SUB [/cellulo_node_00_06_66_E7_8E_BD/simpleVibrate] /cellulo_node_00_06_66_E7_8E_BD http://chiliPC:35453/
[rosmaster.master][INFO] 2019-03-18 14:27:51,066: -PUB [/cellulo_node_00_06_66_D2_CF_7B/lastTimestamp] /cellulo_node_00_06_66_D2_CF_7B http://chiliPC:40617/
[rosmaster.master][INFO] 2019-03-18 14:27:51,067: -SUB [/cellulo_node_00_06_66_E7_8E_BD/setGestureEnabled] /cellulo_node_00_06_66_E7_8E_BD http://chiliPC:35453/
[rosmaster.master][INFO] 2019-03-18 14:27:51,068: -PUB [/cellulo_node_00_06_66_D2_CF_7B/framerate] /cellulo_node_00_06_66_D2_CF_7B http://chiliPC:40617/
[rosmaster.master][INFO] 2019-03-18 14:27:51,069: -SUB [/cellulo_node_00_06_66_E7_8E_BD/setCasualBackdriveAssistEnabled] /cellulo_node_00_06_66_E7_8E_BD http://chiliPC:35453/
[rosmaster.master][INFO] 2019-03-18 14:27:51,070: -PUB [/cellulo_node_00_06_66_D2_CF_7B/cameraImageProgress] /cellulo_node_00_06_66_D2_CF_7B http://chiliPC:40617/
[rosmaster.master][INFO] 2019-03-18 14:27:51,071: -SERVICE [/cellulo_node_00_06_66_E7_8E_BD/get_loggers] /cellulo_node_00_06_66_E7_8E_BD rosrpc://chiliPC:35919
[rosmaster.master][INFO] 2019-03-18 14:27:51,072: -PUB [/cellulo_node_00_06_66_D2_CF_7B/poseVelControlEnable] /cellulo_node_00_06_66_D2_CF_7B http://chiliPC:40617/
[rosmaster.master][INFO] 2019-03-18 14:27:51,073: -SERVICE [/cellulo_node_00_06_66_E7_8E_BD/set_logger_level] /cellulo_node_00_06_66_E7_8E_BD rosrpc://chiliPC:35919
[rosmaster.master][INFO] 2019-03-18 14:27:51,074: -PUB [/cellulo_node_00_06_66_D2_CF_7B/poseVelControlPeriod] /cellulo_node_00_06_66_D2_CF_7B http://chiliPC:40617/
[rosmaster.master][INFO] 2019-03-18 14:27:51,075: -SERVICE [/cellulo_node_00_06_66_E7_8E_BD/get_state] /cellulo_node_00_06_66_E7_8E_BD rosrpc://chiliPC:35919
[rosmaster.master][INFO] 2019-03-18 14:27:51,076: -PUB [/cellulo_node_00_06_66_D2_CF_7B/visualization_marker_robot] /cellulo_node_00_06_66_D2_CF_7B http://chiliPC:40617/
[rosmaster.master][INFO] 2019-03-18 14:27:51,077: -PUB [/cellulo_node_00_06_66_D2_CF_7B/visualization_marker_traj] /cellulo_node_00_06_66_D2_CF_7B http://chiliPC:40617/
[rosmaster.master][INFO] 2019-03-18 14:27:51,078: -PUB [/tf] /cellulo_node_00_06_66_D2_CF_7B http://chiliPC:40617/
[rosmaster.master][INFO] 2019-03-18 14:27:51,080: -SUB [/cellulo_node_00_06_66_D2_CF_7B/setVisualEffect] /cellulo_node_00_06_66_D2_CF_7B http://chiliPC:40617/
[rosmaster.master][INFO] 2019-03-18 14:27:51,081: -SUB [/cellulo_node_00_06_66_D2_CF_7B/setLEDResponseMode] /cellulo_node_00_06_66_D2_CF_7B http://chiliPC:40617/
[rosmaster.master][INFO] 2019-03-18 14:27:51,083: -SUB [/cellulo_node_00_06_66_D2_CF_7B/setGoalVelocity] /cellulo_node_00_06_66_D2_CF_7B http://chiliPC:40617/
[rosmaster.master][INFO] 2019-03-18 14:27:51,084: -SUB [/cellulo_node_00_06_66_D2_CF_7B/reset] /cellulo_node_00_06_66_D2_CF_7B http://chiliPC:40617/
[rosmaster.master][INFO] 2019-03-18 14:27:51,085: -SUB [/cellulo_node_00_06_66_D2_CF_7B/clearTracking] /cellulo_node_00_06_66_D2_CF_7B http://chiliPC:40617/
[rosmaster.master][INFO] 2019-03-18 14:27:51,086: -SUB [/cellulo_node_00_06_66_D2_CF_7B/shutdown] /cellulo_node_00_06_66_D2_CF_7B http://chiliPC:40617/
[rosmaster.master][INFO] 2019-03-18 14:27:51,087: -SUB [/cellulo_node_00_06_66_D2_CF_7B/clearHapticFeedback] /cellulo_node_00_06_66_D2_CF_7B http://chiliPC:40617/
[rosmaster.master][INFO] 2019-03-18 14:27:51,089: -SUB [/cellulo_node_00_06_66_D2_CF_7B/vibrateOnMotion] /cellulo_node_00_06_66_D2_CF_7B http://chiliPC:40617/
[rosmaster.master][INFO] 2019-03-18 14:27:51,090: -SUB [/cellulo_node_00_06_66_D2_CF_7B/simpleVibrate] /cellulo_node_00_06_66_D2_CF_7B http://chiliPC:40617/
[rosmaster.master][INFO] 2019-03-18 14:27:51,091: -SUB [/cellulo_node_00_06_66_D2_CF_7B/setGestureEnabled] /cellulo_node_00_06_66_D2_CF_7B http://chiliPC:40617/
[rosmaster.master][INFO] 2019-03-18 14:27:51,092: -SUB [/cellulo_node_00_06_66_D2_CF_7B/setCasualBackdriveAssistEnabled] /cellulo_node_00_06_66_D2_CF_7B http://chiliPC:40617/
[rosmaster.master][INFO] 2019-03-18 14:27:51,094: -SERVICE [/cellulo_node_00_06_66_D2_CF_7B/get_loggers] /cellulo_node_00_06_66_D2_CF_7B rosrpc://chiliPC:53455
[rosmaster.master][INFO] 2019-03-18 14:27:51,095: -SERVICE [/cellulo_node_00_06_66_D2_CF_7B/set_logger_level] /cellulo_node_00_06_66_D2_CF_7B rosrpc://chiliPC:53455
[rosmaster.master][INFO] 2019-03-18 14:27:51,096: -SERVICE [/cellulo_node_00_06_66_D2_CF_7B/get_state] /cellulo_node_00_06_66_D2_CF_7B rosrpc://chiliPC:53455
[rosmaster.master][INFO] 2019-03-18 14:27:51,208: -PUB [/rosout] /cellulo_node_00_06_66_E7_8A_D6 http://chiliPC:33907/
[rosmaster.master][INFO] 2019-03-18 14:27:51,209: -PUB [/cellulo_node_00_06_66_E7_8A_D6/touchKey] /cellulo_node_00_06_66_E7_8A_D6 http://chiliPC:33907/
[rosmaster.master][INFO] 2019-03-18 14:27:51,211: -PUB [/cellulo_node_00_06_66_E7_8A_D6/longTouchKey] /cellulo_node_00_06_66_E7_8A_D6 http://chiliPC:33907/
[rosmaster.master][INFO] 2019-03-18 14:27:51,212: -PUB [/cellulo_node_00_06_66_E7_8A_D6/kidnapped] /cellulo_node_00_06_66_E7_8A_D6 http://chiliPC:33907/
[rosmaster.master][INFO] 2019-03-18 14:27:51,214: -PUB [/cellulo_node_00_06_66_E7_8A_D6/velocity] /cellulo_node_00_06_66_E7_8A_D6 http://chiliPC:33907/
[rosmaster.master][INFO] 2019-03-18 14:27:51,216: -PUB [/cellulo_node_00_06_66_E7_8A_D6/connectionStatus] /cellulo_node_00_06_66_E7_8A_D6 http://chiliPC:33907/
[rosmaster.master][INFO] 2019-03-18 14:27:51,217: -PUB [/cellulo_node_00_06_66_E7_8A_D6/localAdapterAdress] /cellulo_node_00_06_66_E7_8A_D6 http://chiliPC:33907/
[rosmaster.master][INFO] 2019-03-18 14:27:51,218: -PUB [/cellulo_node_00_06_66_E7_8A_D6/autoConnect] /cellulo_node_00_06_66_E7_8A_D6 http://chiliPC:33907/
[rosmaster.master][INFO] 2019-03-18 14:27:51,220: -PUB [/cellulo_node_00_06_66_E7_8A_D6/batteryState] /cellulo_node_00_06_66_E7_8A_D6 http://chiliPC:33907/
[rosmaster.master][INFO] 2019-03-18 14:27:51,221: -PUB [/cellulo_node_00_06_66_E7_8A_D6/gesture] /cellulo_node_00_06_66_E7_8A_D6 http://chiliPC:33907/
[rosmaster.master][INFO] 2019-03-18 14:27:51,223: -PUB [/cellulo_node_00_06_66_E7_8A_D6/lastTimestamp] /cellulo_node_00_06_66_E7_8A_D6 http://chiliPC:33907/
[rosmaster.master][INFO] 2019-03-18 14:27:51,224: -PUB [/cellulo_node_00_06_66_E7_8A_D6/framerate] /cellulo_node_00_06_66_E7_8A_D6 http://chiliPC:33907/
[rosmaster.master][INFO] 2019-03-18 14:27:51,225: -PUB [/cellulo_node_00_06_66_E7_8A_D6/cameraImageProgress] /cellulo_node_00_06_66_E7_8A_D6 http://chiliPC:33907/
[rosmaster.master][INFO] 2019-03-18 14:27:51,227: -PUB [/cellulo_node_00_06_66_E7_8A_D6/poseVelControlEnable] /cellulo_node_00_06_66_E7_8A_D6 http://chiliPC:33907/
[rosmaster.master][INFO] 2019-03-18 14:27:51,228: -PUB [/cellulo_node_00_06_66_E7_8A_D6/poseVelControlPeriod] /cellulo_node_00_06_66_E7_8A_D6 http://chiliPC:33907/
[rosmaster.master][INFO] 2019-03-18 14:27:51,229: -PUB [/cellulo_node_00_06_66_E7_8A_D6/visualization_marker_robot] /cellulo_node_00_06_66_E7_8A_D6 http://chiliPC:33907/
[rosmaster.master][INFO] 2019-03-18 14:27:51,231: -PUB [/cellulo_node_00_06_66_E7_8A_D6/visualization_marker_traj] /cellulo_node_00_06_66_E7_8A_D6 http://chiliPC:33907/
[rosmaster.master][INFO] 2019-03-18 14:27:51,232: -PUB [/tf] /cellulo_node_00_06_66_E7_8A_D6 http://chiliPC:33907/
[rosmaster.master][INFO] 2019-03-18 14:27:51,233: -SUB [/cellulo_node_00_06_66_E7_8A_D6/setVisualEffect] /cellulo_node_00_06_66_E7_8A_D6 http://chiliPC:33907/
[rosmaster.master][INFO] 2019-03-18 14:27:51,234: -SUB [/cellulo_node_00_06_66_E7_8A_D6/setLEDResponseMode] /cellulo_node_00_06_66_E7_8A_D6 http://chiliPC:33907/
[rosmaster.master][INFO] 2019-03-18 14:27:51,236: -SUB [/cellulo_node_00_06_66_E7_8A_D6/setGoalVelocity] /cellulo_node_00_06_66_E7_8A_D6 http://chiliPC:33907/
[rosmaster.master][INFO] 2019-03-18 14:27:51,237: -SUB [/cellulo_node_00_06_66_E7_8A_D6/reset] /cellulo_node_00_06_66_E7_8A_D6 http://chiliPC:33907/
[rosmaster.master][INFO] 2019-03-18 14:27:51,239: -SUB [/cellulo_node_00_06_66_E7_8A_D6/clearTracking] /cellulo_node_00_06_66_E7_8A_D6 http://chiliPC:33907/
[rosmaster.master][INFO] 2019-03-18 14:27:51,240: -SUB [/cellulo_node_00_06_66_E7_8A_D6/shutdown] /cellulo_node_00_06_66_E7_8A_D6 http://chiliPC:33907/
[rosmaster.master][INFO] 2019-03-18 14:27:51,241: publisherUpdate[/rosout] -> http://chiliPC:35815/ []
[rosmaster.master][INFO] 2019-03-18 14:27:51,242: -SUB [/cellulo_node_00_06_66_E7_8A_D6/clearHapticFeedback] /cellulo_node_00_06_66_E7_8A_D6 http://chiliPC:33907/
[rosmaster.master][INFO] 2019-03-18 14:27:51,243: publisherUpdate[/rosout] -> http://chiliPC:35815/ []: sec=0.00, result=[1, '', 0]
[rosmaster.master][INFO] 2019-03-18 14:27:51,244: -SUB [/cellulo_node_00_06_66_E7_8A_D6/vibrateOnMotion] /cellulo_node_00_06_66_E7_8A_D6 http://chiliPC:33907/
[rosmaster.master][INFO] 2019-03-18 14:27:51,246: -SUB [/cellulo_node_00_06_66_E7_8A_D6/simpleVibrate] /cellulo_node_00_06_66_E7_8A_D6 http://chiliPC:33907/
[rosmaster.master][INFO] 2019-03-18 14:27:51,247: -SUB [/cellulo_node_00_06_66_E7_8A_D6/setGestureEnabled] /cellulo_node_00_06_66_E7_8A_D6 http://chiliPC:33907/
[rosmaster.master][INFO] 2019-03-18 14:27:51,248: -SUB [/cellulo_node_00_06_66_E7_8A_D6/setCasualBackdriveAssistEnabled] /cellulo_node_00_06_66_E7_8A_D6 http://chiliPC:33907/
[rosmaster.master][INFO] 2019-03-18 14:27:51,250: -SERVICE [/cellulo_node_00_06_66_E7_8A_D6/get_loggers] /cellulo_node_00_06_66_E7_8A_D6 rosrpc://chiliPC:38513
[rosmaster.master][INFO] 2019-03-18 14:27:51,251: -SERVICE [/cellulo_node_00_06_66_E7_8A_D6/set_logger_level] /cellulo_node_00_06_66_E7_8A_D6 rosrpc://chiliPC:38513
[rosmaster.master][INFO] 2019-03-18 14:27:51,252: -SERVICE [/cellulo_node_00_06_66_E7_8A_D6/get_state] /cellulo_node_00_06_66_E7_8A_D6 rosrpc://chiliPC:38513
[rosmaster.master][INFO] 2019-03-18 14:27:51,544: -PUB [/rosout_agg] /rosout http://chiliPC:35815/
[rosmaster.master][INFO] 2019-03-18 14:27:51,545: -SUB [/rosout] /rosout http://chiliPC:35815/
[rosmaster.master][INFO] 2019-03-18 14:27:51,546: -SERVICE [/rosout/get_loggers] /rosout rosrpc://chiliPC:48033
[rosmaster.master][INFO] 2019-03-18 14:27:51,547: -SERVICE [/rosout/set_logger_level] /rosout rosrpc://chiliPC:48033
[rosmaster.main][INFO] 2019-03-18 14:27:51,644: keyboard interrupt, will exit
[rosmaster.main][INFO] 2019-03-18 14:27:51,644: stopping master...
[rospy.core][INFO] 2019-03-18 14:27:51,644: signal_shutdown [atexit]
