Failure at 1552925167.685122330
Exception thrown:"00_06_66_74_41_1E" passed to lookupTransform argument source_frame does not exist. 
The current list of frames is:
Frame paper_world exists with parent base_footprint.

Failure at 1552925167.685241147
Exception thrown:"00_06_66_74_41_1E" passed to lookupTransform argument source_frame does not exist. 
The current list of frames is:
Frame paper_world exists with parent base_footprint.

Failure at 1552925168.439226776
Exception thrown:"00_06_66_74_41_1E" passed to lookupTransform argument source_frame does not exist. 
The current list of frames is:
Frame paper_world exists with parent base_footprint.

Failure at 1552925169.439223264
Exception thrown:"00_06_66_74_41_1E" passed to lookupTransform argument source_frame does not exist. 
The current list of frames is:
Frame paper_world exists with parent base_footprint.

Failure at 1552925170.439252475
Exception thrown:"00_06_66_74_41_1E" passed to lookupTransform argument source_frame does not exist. 
The current list of frames is:
Frame paper_world exists with parent base_footprint.

Failure at 1552925171.439261352
Exception thrown:"00_06_66_74_41_1E" passed to lookupTransform argument source_frame does not exist. 
The current list of frames is:
Frame paper_world exists with parent base_footprint.

Failure at 1552925172.439237839
Exception thrown:"00_06_66_74_41_1E" passed to lookupTransform argument source_frame does not exist. 
The current list of frames is:
Frame paper_world exists with parent base_footprint.

Failure at 1552925173.439253568
Exception thrown:"00_06_66_74_41_1E" passed to lookupTransform argument source_frame does not exist. 
The current list of frames is:
Frame paper_world exists with parent base_footprint.

Failure at 1552925174.439326353
Exception thrown:"00_06_66_74_41_1E" passed to lookupTransform argument source_frame does not exist. 
The current list of frames is:
Frame paper_world exists with parent base_footprint.

Failure at 1552925175.439300371
Exception thrown:"00_06_66_74_41_1E" passed to lookupTransform argument source_frame does not exist. 
The current list of frames is:
Frame paper_world exists with parent base_footprint.

Failure at 1552925176.439273474
Exception thrown:"00_06_66_74_41_1E" passed to lookupTransform argument source_frame does not exist. 
The current list of frames is:
Frame paper_world exists with parent base_footprint.

Failure at 1552925177.439281476
Exception thrown:"00_06_66_74_41_1E" passed to lookupTransform argument source_frame does not exist. 
The current list of frames is:
Frame paper_world exists with parent base_footprint.

Failure at 1552925178.439236411
Exception thrown:"00_06_66_74_41_1E" passed to lookupTransform argument source_frame does not exist. 
The current list of frames is:
Frame paper_world exists with parent base_footprint.

Failure at 1552925179.439240869
Exception thrown:"00_06_66_74_41_1E" passed to lookupTransform argument source_frame does not exist. 
The current list of frames is:
Frame paper_world exists with parent base_footprint.

Failure at 1552925180.439199192
Exception thrown:"00_06_66_74_41_1E" passed to lookupTransform argument source_frame does not exist. 
The current list of frames is:
Frame paper_world exists with parent base_footprint.

Failure at 1552925181.439240406
Exception thrown:"00_06_66_74_41_1E" passed to lookupTransform argument source_frame does not exist. 
The current list of frames is:
Frame paper_world exists with parent base_footprint.
Frame 00_06_66_E7_8E_58 exists with parent paper_world.

Failure at 1552925182.439262068
Exception thrown:"00_06_66_74_41_1E" passed to lookupTransform argument source_frame does not exist. 
The current list of frames is:
Frame paper_world exists with parent base_footprint.
Frame 00_06_66_E7_8E_58 exists with parent paper_world.
Frame 00_06_66_E7_8E_BD exists with parent paper_world.

Failure at 1552925183.439305504
Exception thrown:"00_06_66_74_41_1E" passed to lookupTransform argument source_frame does not exist. 
The current list of frames is:
Frame paper_world exists with parent base_footprint.
Frame 00_06_66_E7_8E_58 exists with parent paper_world.
Frame 00_06_66_E7_8E_BD exists with parent paper_world.

At time 1552925184.420
- Translation: [245.659, 386.471, 0.000]
- Rotation: in Quaternion [0.000, 0.000, -0.845, 0.534]
            in RPY (radian) [0.000, -0.000, -2.014]
            in RPY (degree) [0.000, -0.000, -115.390]
At time 1552925185.422
- Translation: [202.595, 338.567, 0.000]
- Rotation: in Quaternion [0.000, 0.000, -0.843, 0.537]
            in RPY (radian) [0.000, -0.000, -2.007]
            in RPY (degree) [0.000, -0.000, -115.010]
At time 1552925186.435
- Translation: [221.300, 320.228, 0.000]
- Rotation: in Quaternion [0.000, 0.000, 0.893, -0.451]
            in RPY (radian) [0.000, -0.000, -2.206]
            in RPY (degree) [0.000, -0.000, -126.380]
At time 1552925187.429
- Translation: [239.552, 316.687, 0.000]
- Rotation: in Quaternion [0.000, 0.000, 0.905, -0.425]
            in RPY (radian) [0.000, -0.000, -2.263]
            in RPY (degree) [0.000, -0.000, -129.670]
At time 1552925188.428
- Translation: [240.279, 317.586, 0.000]
- Rotation: in Quaternion [0.000, 0.000, 0.912, -0.410]
            in RPY (radian) [0.000, -0.000, -2.297]
            in RPY (degree) [0.000, -0.000, -131.590]
At time 1552925189.430
- Translation: [240.802, 320.172, 0.000]
- Rotation: in Quaternion [0.000, 0.000, 0.926, -0.377]
            in RPY (radian) [0.000, -0.000, -2.369]
            in RPY (degree) [0.000, -0.000, -135.740]
At time 1552925190.429
- Translation: [240.792, 320.335, 0.000]
- Rotation: in Quaternion [0.000, 0.000, 0.926, -0.377]
            in RPY (radian) [0.000, -0.000, -2.368]
            in RPY (degree) [0.000, -0.000, -135.660]
At time 1552925191.438
- Translation: [240.787, 320.340, 0.000]
- Rotation: in Quaternion [0.000, 0.000, 0.926, -0.379]
            in RPY (radian) [0.000, -0.000, -2.365]
            in RPY (degree) [0.000, -0.000, -135.510]
At time 1552925192.410
- Translation: [242.123, 320.843, 0.000]
- Rotation: in Quaternion [0.000, 0.000, 0.916, -0.400]
            in RPY (radian) [0.000, -0.000, -2.318]
            in RPY (degree) [0.000, -0.000, -132.810]
At time 1552925193.427
- Translation: [244.104, 322.646, 0.000]
- Rotation: in Quaternion [0.000, 0.000, 0.899, -0.438]
            in RPY (radian) [0.000, -0.000, -2.236]
            in RPY (degree) [0.000, -0.000, -128.090]
At time 1552925194.427
- Translation: [246.573, 323.063, 0.000]
- Rotation: in Quaternion [0.000, 0.000, 0.915, -0.402]
            in RPY (radian) [0.000, -0.000, -2.313]
            in RPY (degree) [0.000, -0.000, -132.540]
At time 1552925195.406
- Translation: [247.498, 322.331, 0.000]
- Rotation: in Quaternion [0.000, 0.000, 0.920, -0.392]
            in RPY (radian) [0.000, -0.000, -2.335]
            in RPY (degree) [0.000, -0.000, -133.810]
At time 1552925196.421
- Translation: [248.417, 319.146, 0.000]
- Rotation: in Quaternion [0.000, 0.000, 0.932, -0.362]
            in RPY (radian) [0.000, -0.000, -2.401]
            in RPY (degree) [0.000, -0.000, -137.580]
At time 1552925197.401
- Translation: [249.641, 317.602, 0.000]
- Rotation: in Quaternion [0.000, 0.000, 0.930, -0.368]
            in RPY (radian) [0.000, -0.000, -2.387]
            in RPY (degree) [0.000, -0.000, -136.780]
At time 1552925198.349
- Translation: [251.181, 316.636, 0.000]
- Rotation: in Quaternion [0.000, 0.000, 0.940, -0.340]
            in RPY (radian) [0.000, -0.000, -2.448]
            in RPY (degree) [0.000, -0.000, -140.260]
At time 1552925199.419
- Translation: [251.176, 316.586, 0.000]
- Rotation: in Quaternion [0.000, 0.000, 0.942, -0.336]
            in RPY (radian) [0.000, -0.000, -2.456]
            in RPY (degree) [0.000, -0.000, -140.730]
At time 1552925200.429
- Translation: [251.155, 316.581, 0.000]
- Rotation: in Quaternion [0.000, 0.000, 0.942, -0.335]
            in RPY (radian) [0.000, -0.000, -2.459]
            in RPY (degree) [0.000, -0.000, -140.910]
At time 1552925201.434
- Translation: [251.145, 316.601, 0.000]
- Rotation: in Quaternion [0.000, 0.000, 0.941, -0.338]
            in RPY (radian) [0.000, -0.000, -2.452]
            in RPY (degree) [0.000, -0.000, -140.510]
At time 1552925202.430
- Translation: [251.160, 316.606, 0.000]
- Rotation: in Quaternion [0.000, 0.000, 0.941, -0.338]
            in RPY (radian) [0.000, -0.000, -2.452]
            in RPY (degree) [0.000, -0.000, -140.470]
At time 1552925203.427
- Translation: [251.186, 316.601, 0.000]
- Rotation: in Quaternion [0.000, 0.000, 0.941, -0.337]
            in RPY (radian) [0.000, -0.000, -2.454]
            in RPY (degree) [0.000, -0.000, -140.580]
At time 1552925204.420
- Translation: [251.165, 316.606, 0.000]
- Rotation: in Quaternion [0.000, 0.000, 0.941, -0.338]
            in RPY (radian) [0.000, -0.000, -2.453]
            in RPY (degree) [0.000, -0.000, -140.550]
At time 1552925205.418
- Translation: [251.186, 316.606, 0.000]
- Rotation: in Quaternion [0.000, 0.000, 0.941, -0.338]
            in RPY (radian) [0.000, -0.000, -2.451]
            in RPY (degree) [0.000, -0.000, -140.430]
At time 1552925206.424
- Translation: [251.196, 316.601, 0.000]
- Rotation: in Quaternion [0.000, 0.000, 0.941, -0.337]
            in RPY (radian) [0.000, -0.000, -2.454]
            in RPY (degree) [0.000, -0.000, -140.590]
At time 1552925207.432
- Translation: [251.165, 316.611, 0.000]
- Rotation: in Quaternion [0.000, 0.000, 0.941, -0.338]
            in RPY (radian) [0.000, -0.000, -2.452]
            in RPY (degree) [0.000, -0.000, -140.470]
At time 1552925208.433
- Translation: [251.196, 316.606, 0.000]
- Rotation: in Quaternion [0.000, 0.000, 0.941, -0.338]
            in RPY (radian) [0.000, -0.000, -2.453]
            in RPY (degree) [0.000, -0.000, -140.530]
At time 1552925209.423
- Translation: [251.160, 316.601, 0.000]
- Rotation: in Quaternion [0.000, 0.000, 0.942, -0.337]
            in RPY (radian) [0.000, -0.000, -2.454]
            in RPY (degree) [0.000, -0.000, -140.620]
At time 1552925210.437
- Translation: [251.181, 316.606, 0.000]
- Rotation: in Quaternion [0.000, 0.000, 0.941, -0.338]
            in RPY (radian) [0.000, -0.000, -2.452]
            in RPY (degree) [0.000, -0.000, -140.500]
At time 1552925211.437
- Translation: [251.160, 316.611, 0.000]
- Rotation: in Quaternion [0.000, 0.000, 0.941, -0.339]
            in RPY (radian) [0.000, -0.000, -2.450]
            in RPY (degree) [0.000, -0.000, -140.390]
At time 1552925212.438
- Translation: [251.181, 316.616, 0.000]
- Rotation: in Quaternion [0.000, 0.000, 0.941, -0.339]
            in RPY (radian) [0.000, -0.000, -2.450]
            in RPY (degree) [0.000, -0.000, -140.350]
At time 1552925213.427
- Translation: [251.165, 316.611, 0.000]
- Rotation: in Quaternion [0.000, 0.000, 0.941, -0.339]
            in RPY (radian) [0.000, -0.000, -2.449]
            in RPY (degree) [0.000, -0.000, -140.320]
At time 1552925214.427
- Translation: [251.140, 316.601, 0.000]
- Rotation: in Quaternion [0.000, 0.000, 0.942, -0.337]
            in RPY (radian) [0.000, -0.000, -2.455]
            in RPY (degree) [0.000, -0.000, -140.640]
At time 1552925215.424
- Translation: [251.201, 316.611, 0.000]
- Rotation: in Quaternion [0.000, 0.000, 0.941, -0.339]
            in RPY (radian) [0.000, -0.000, -2.450]
            in RPY (degree) [0.000, -0.000, -140.360]
At time 1552925216.429
- Translation: [251.186, 316.616, 0.000]
- Rotation: in Quaternion [0.000, 0.000, 0.941, -0.339]
            in RPY (radian) [0.000, -0.000, -2.450]
            in RPY (degree) [0.000, -0.000, -140.350]
At time 1552925217.435
- Translation: [249.509, 314.112, 0.000]
- Rotation: in Quaternion [0.000, 0.000, 0.945, -0.326]
            in RPY (radian) [0.000, -0.000, -2.477]
            in RPY (degree) [0.000, -0.000, -141.940]
At time 1552925218.429
- Translation: [244.206, 294.361, 0.000]
- Rotation: in Quaternion [0.000, 0.000, 0.941, -0.339]
            in RPY (radian) [0.000, -0.000, -2.449]
            in RPY (degree) [0.000, -0.000, -140.320]
At time 1552925219.438
- Translation: [236.855, 286.441, 0.000]
- Rotation: in Quaternion [0.000, 0.000, 0.965, -0.262]
            in RPY (radian) [0.000, -0.000, -2.611]
            in RPY (degree) [0.000, -0.000, -149.590]
At time 1552925220.438
- Translation: [232.232, 278.140, 0.000]
- Rotation: in Quaternion [0.000, 0.000, 0.965, -0.261]
            in RPY (radian) [0.000, -0.000, -2.613]
            in RPY (degree) [0.000, -0.000, -149.740]
At time 1552925221.433
- Translation: [227.462, 270.678, 0.000]
- Rotation: in Quaternion [0.000, 0.000, 0.976, -0.219]
            in RPY (radian) [0.000, -0.000, -2.700]
            in RPY (degree) [0.000, -0.000, -154.720]
At time 1552925222.428
- Translation: [236.825, 285.659, 0.000]
- Rotation: in Quaternion [0.000, 0.000, 0.974, -0.227]
            in RPY (radian) [0.000, -0.000, -2.683]
            in RPY (degree) [0.000, -0.000, -153.710]
At time 1552925223.427
- Translation: [246.919, 298.709, 0.000]
- Rotation: in Quaternion [0.000, 0.000, 0.966, -0.260]
            in RPY (radian) [0.000, -0.000, -2.616]
            in RPY (degree) [0.000, -0.000, -149.900]
At time 1552925224.412
- Translation: [248.752, 300.970, 0.000]
- Rotation: in Quaternion [0.000, 0.000, 0.977, -0.214]
            in RPY (radian) [0.000, -0.000, -2.711]
            in RPY (degree) [0.000, -0.000, -155.320]
At time 1552925225.435
- Translation: [250.556, 302.138, 0.000]
- Rotation: in Quaternion [0.000, 0.000, 0.983, -0.184]
            in RPY (radian) [0.000, -0.000, -2.772]
            in RPY (degree) [0.000, -0.000, -158.830]
At time 1552925226.437
- Translation: [250.124, 300.391, 0.000]
- Rotation: in Quaternion [0.000, 0.000, 0.982, -0.187]
            in RPY (radian) [0.000, -0.000, -2.765]
            in RPY (degree) [0.000, -0.000, -158.450]
At time 1552925227.437
- Translation: [250.419, 298.211, 0.000]
- Rotation: in Quaternion [0.000, 0.000, 0.981, -0.194]
            in RPY (radian) [0.000, -0.000, -2.751]
            in RPY (degree) [0.000, -0.000, -157.630]
At time 1552925228.427
- Translation: [251.501, 303.652, 0.000]
- Rotation: in Quaternion [0.000, 0.000, 0.987, -0.160]
            in RPY (radian) [0.000, -0.000, -2.821]
            in RPY (degree) [0.000, -0.000, -161.630]
At time 1552925229.438
- Translation: [251.587, 300.650, 0.000]
- Rotation: in Quaternion [0.000, 0.000, 0.975, -0.223]
            in RPY (radian) [0.000, -0.000, -2.692]
            in RPY (degree) [0.000, -0.000, -154.240]
At time 1552925230.434
- Translation: [250.855, 298.521, 0.000]
- Rotation: in Quaternion [0.000, 0.000, 0.974, -0.225]
            in RPY (radian) [0.000, -0.000, -2.688]
            in RPY (degree) [0.000, -0.000, -153.990]
At time 1552925231.424
- Translation: [250.530, 299.146, 0.000]
- Rotation: in Quaternion [0.000, 0.000, 0.975, -0.224]
            in RPY (radian) [0.000, -0.000, -2.690]
            in RPY (degree) [0.000, -0.000, -154.130]
At time 1552925232.408
- Translation: [250.982, 300.319, 0.000]
- Rotation: in Quaternion [0.000, 0.000, 0.977, -0.212]
            in RPY (radian) [0.000, -0.000, -2.715]
            in RPY (degree) [0.000, -0.000, -155.540]
At time 1552925233.430
- Translation: [251.516, 302.981, 0.000]
- Rotation: in Quaternion [0.000, 0.000, 0.978, -0.207]
            in RPY (radian) [0.000, -0.000, -2.724]
            in RPY (degree) [0.000, -0.000, -156.080]
At time 1552925234.425
- Translation: [251.109, 298.821, 0.000]
- Rotation: in Quaternion [0.000, 0.000, 0.972, -0.234]
            in RPY (radian) [0.000, -0.000, -2.670]
            in RPY (degree) [0.000, -0.000, -152.960]
At time 1552925235.438
- Translation: [251.115, 298.404, 0.000]
- Rotation: in Quaternion [0.000, 0.000, 0.969, -0.245]
            in RPY (radian) [0.000, -0.000, -2.646]
            in RPY (degree) [0.000, -0.000, -151.620]
At time 1552925236.437
- Translation: [250.739, 299.222, 0.000]
- Rotation: in Quaternion [0.000, 0.000, 0.970, -0.242]
            in RPY (radian) [0.000, -0.000, -2.652]
            in RPY (degree) [0.000, -0.000, -151.970]
At time 1552925237.439
- Translation: [251.079, 299.720, 0.000]
- Rotation: in Quaternion [0.000, 0.000, 0.971, -0.239]
            in RPY (radian) [0.000, -0.000, -2.658]
            in RPY (degree) [0.000, -0.000, -152.300]
At time 1552925238.434
- Translation: [250.906, 301.742, 0.000]
- Rotation: in Quaternion [0.000, 0.000, 0.972, -0.234]
            in RPY (radian) [0.000, -0.000, -2.670]
            in RPY (degree) [0.000, -0.000, -152.960]
At time 1552925239.424
- Translation: [251.145, 301.706, 0.000]
- Rotation: in Quaternion [0.000, 0.000, 0.969, -0.247]
            in RPY (radian) [0.000, -0.000, -2.642]
            in RPY (degree) [0.000, -0.000, -151.350]
At time 1552925240.413
- Translation: [251.094, 302.042, 0.000]
- Rotation: in Quaternion [0.000, 0.000, 0.968, -0.252]
            in RPY (radian) [0.000, -0.000, -2.633]
            in RPY (degree) [0.000, -0.000, -150.850]
At time 1552925241.436
- Translation: [251.155, 302.209, 0.000]
- Rotation: in Quaternion [0.000, 0.000, 0.966, -0.258]
            in RPY (radian) [0.000, -0.000, -2.620]
            in RPY (degree) [0.000, -0.000, -150.130]
At time 1552925242.422
- Translation: [251.130, 301.605, 0.000]
- Rotation: in Quaternion [0.000, 0.000, 0.963, -0.268]
            in RPY (radian) [0.000, -0.000, -2.599]
            in RPY (degree) [0.000, -0.000, -148.910]
At time 1552925243.433
- Translation: [250.901, 301.564, 0.000]
- Rotation: in Quaternion [0.000, 0.000, 0.959, -0.284]
            in RPY (radian) [0.000, -0.000, -2.567]
            in RPY (degree) [0.000, -0.000, -147.060]
