Failure at 1552923226.677717599
Exception thrown:"00_06_66_E7_8A_D6" passed to lookupTransform argument source_frame does not exist. 
The current list of frames is:
Frame paper_world exists with parent base_footprint.

Failure at 1552923226.677858810
Exception thrown:"00_06_66_E7_8A_D6" passed to lookupTransform argument source_frame does not exist. 
The current list of frames is:
Frame paper_world exists with parent base_footprint.

Failure at 1552923227.415622825
Exception thrown:"00_06_66_E7_8A_D6" passed to lookupTransform argument source_frame does not exist. 
The current list of frames is:
Frame paper_world exists with parent base_footprint.

Failure at 1552923228.415547910
Exception thrown:"00_06_66_E7_8A_D6" passed to lookupTransform argument source_frame does not exist. 
The current list of frames is:
Frame paper_world exists with parent base_footprint.

Failure at 1552923229.415544167
Exception thrown:"00_06_66_E7_8A_D6" passed to lookupTransform argument source_frame does not exist. 
The current list of frames is:
Frame paper_world exists with parent base_footprint.

Failure at 1552923230.415500503
Exception thrown:"00_06_66_E7_8A_D6" passed to lookupTransform argument source_frame does not exist. 
The current list of frames is:
Frame paper_world exists with parent base_footprint.

Failure at 1552923231.415610051
Exception thrown:"00_06_66_E7_8A_D6" passed to lookupTransform argument source_frame does not exist. 
The current list of frames is:
Frame paper_world exists with parent base_footprint.

Failure at 1552923232.415603217
Exception thrown:"00_06_66_E7_8A_D6" passed to lookupTransform argument source_frame does not exist. 
The current list of frames is:
Frame paper_world exists with parent base_footprint.

Failure at 1552923233.415591036
Exception thrown:"00_06_66_E7_8A_D6" passed to lookupTransform argument source_frame does not exist. 
The current list of frames is:
Frame paper_world exists with parent base_footprint.

Failure at 1552923234.415536502
Exception thrown:"00_06_66_E7_8A_D6" passed to lookupTransform argument source_frame does not exist. 
The current list of frames is:
Frame paper_world exists with parent base_footprint.

Failure at 1552923235.415574568
Exception thrown:"00_06_66_E7_8A_D6" passed to lookupTransform argument source_frame does not exist. 
The current list of frames is:
Frame paper_world exists with parent base_footprint.

Failure at 1552923236.415479874
Exception thrown:"00_06_66_E7_8A_D6" passed to lookupTransform argument source_frame does not exist. 
The current list of frames is:
Frame paper_world exists with parent base_footprint.

Failure at 1552923237.415548289
Exception thrown:"00_06_66_E7_8A_D6" passed to lookupTransform argument source_frame does not exist. 
The current list of frames is:
Frame paper_world exists with parent base_footprint.

Failure at 1552923238.415530845
Exception thrown:"00_06_66_E7_8A_D6" passed to lookupTransform argument source_frame does not exist. 
The current list of frames is:
Frame paper_world exists with parent base_footprint.
Frame 00_06_66_E7_8E_BD exists with parent paper_world.

Failure at 1552923239.415531236
Exception thrown:"00_06_66_E7_8A_D6" passed to lookupTransform argument source_frame does not exist. 
The current list of frames is:
Frame paper_world exists with parent base_footprint.
Frame 00_06_66_E7_8E_BD exists with parent paper_world.

Failure at 1552923240.415506359
Exception thrown:"00_06_66_E7_8A_D6" passed to lookupTransform argument source_frame does not exist. 
The current list of frames is:
Frame paper_world exists with parent base_footprint.
Frame 00_06_66_E7_8E_BD exists with parent paper_world.
Frame 00_06_66_E7_8A_44 exists with parent paper_world.

Failure at 1552923241.415517008
Exception thrown:"00_06_66_E7_8A_D6" passed to lookupTransform argument source_frame does not exist. 
The current list of frames is:
Frame paper_world exists with parent base_footprint.
Frame 00_06_66_E7_8E_BD exists with parent paper_world.
Frame 00_06_66_E7_8A_44 exists with parent paper_world.
Frame 00_06_66_E7_8E_58 exists with parent paper_world.
Frame 00_06_66_74_41_1E exists with parent paper_world.

Failure at 1552923242.415503331
Exception thrown:"00_06_66_E7_8A_D6" passed to lookupTransform argument source_frame does not exist. 
The current list of frames is:
Frame paper_world exists with parent base_footprint.
Frame 00_06_66_E7_8E_BD exists with parent paper_world.
Frame 00_06_66_E7_8A_44 exists with parent paper_world.
Frame 00_06_66_E7_8E_58 exists with parent paper_world.
Frame 00_06_66_74_41_1E exists with parent paper_world.

At time 1552923243.396
- Translation: [157.058, 117.704, 0.000]
- Rotation: in Quaternion [0.000, 0.000, -0.637, 0.770]
            in RPY (radian) [0.000, -0.000, -1.382]
            in RPY (degree) [0.000, -0.000, -79.210]
At time 1552923244.401
- Translation: [157.038, 117.704, 0.000]
- Rotation: in Quaternion [0.000, 0.000, -0.638, 0.770]
            in RPY (radian) [0.000, -0.000, -1.384]
            in RPY (degree) [0.000, -0.000, -79.310]
At time 1552923245.247
- Translation: [157.048, 117.704, 0.000]
- Rotation: in Quaternion [0.000, 0.000, -0.637, 0.771]
            in RPY (radian) [0.000, -0.000, -1.381]
            in RPY (degree) [0.000, -0.000, -79.130]
At time 1552923246.406
- Translation: [157.048, 117.704, 0.000]
- Rotation: in Quaternion [0.000, 0.000, -0.637, 0.771]
            in RPY (radian) [0.000, -0.000, -1.381]
            in RPY (degree) [0.000, -0.000, -79.130]
At time 1552923247.394
- Translation: [157.048, 117.704, 0.000]
- Rotation: in Quaternion [0.000, 0.000, -0.638, 0.770]
            in RPY (radian) [0.000, -0.000, -1.383]
            in RPY (degree) [0.000, -0.000, -79.230]
At time 1552923248.277
- Translation: [157.053, 117.699, 0.000]
- Rotation: in Quaternion [0.000, 0.000, -0.639, 0.769]
            in RPY (radian) [0.000, -0.000, -1.386]
            in RPY (degree) [0.000, -0.000, -79.430]
