Failure at 1552923226.669724771
Exception thrown:"00_06_66_D2_CF_7B" passed to lookupTransform argument source_frame does not exist. 
The current list of frames is:
Frame paper_world exists with parent base_footprint.

Failure at 1552923226.669858956
Exception thrown:"00_06_66_D2_CF_7B" passed to lookupTransform argument source_frame does not exist. 
The current list of frames is:
Frame paper_world exists with parent base_footprint.

Failure at 1552923227.407551024
Exception thrown:"00_06_66_D2_CF_7B" passed to lookupTransform argument source_frame does not exist. 
The current list of frames is:
Frame paper_world exists with parent base_footprint.

Failure at 1552923228.407540364
Exception thrown:"00_06_66_D2_CF_7B" passed to lookupTransform argument source_frame does not exist. 
The current list of frames is:
Frame paper_world exists with parent base_footprint.

Failure at 1552923229.407538785
Exception thrown:"00_06_66_D2_CF_7B" passed to lookupTransform argument source_frame does not exist. 
The current list of frames is:
Frame paper_world exists with parent base_footprint.

Failure at 1552923230.407574886
Exception thrown:"00_06_66_D2_CF_7B" passed to lookupTransform argument source_frame does not exist. 
The current list of frames is:
Frame paper_world exists with parent base_footprint.

Failure at 1552923231.407539865
Exception thrown:"00_06_66_D2_CF_7B" passed to lookupTransform argument source_frame does not exist. 
The current list of frames is:
Frame paper_world exists with parent base_footprint.

Failure at 1552923232.407613873
Exception thrown:"00_06_66_D2_CF_7B" passed to lookupTransform argument source_frame does not exist. 
The current list of frames is:
Frame paper_world exists with parent base_footprint.

Failure at 1552923233.407567573
Exception thrown:"00_06_66_D2_CF_7B" passed to lookupTransform argument source_frame does not exist. 
The current list of frames is:
Frame paper_world exists with parent base_footprint.

Failure at 1552923234.407575001
Exception thrown:"00_06_66_D2_CF_7B" passed to lookupTransform argument source_frame does not exist. 
The current list of frames is:
Frame paper_world exists with parent base_footprint.

Failure at 1552923235.407577913
Exception thrown:"00_06_66_D2_CF_7B" passed to lookupTransform argument source_frame does not exist. 
The current list of frames is:
Frame paper_world exists with parent base_footprint.

Failure at 1552923236.407535637
Exception thrown:"00_06_66_D2_CF_7B" passed to lookupTransform argument source_frame does not exist. 
The current list of frames is:
Frame paper_world exists with parent base_footprint.

Failure at 1552923237.407499123
Exception thrown:"00_06_66_D2_CF_7B" passed to lookupTransform argument source_frame does not exist. 
The current list of frames is:
Frame paper_world exists with parent base_footprint.

Failure at 1552923238.407486517
Exception thrown:"00_06_66_D2_CF_7B" passed to lookupTransform argument source_frame does not exist. 
The current list of frames is:
Frame paper_world exists with parent base_footprint.
Frame 00_06_66_E7_8E_BD exists with parent paper_world.

Failure at 1552923239.407475592
Exception thrown:"00_06_66_D2_CF_7B" passed to lookupTransform argument source_frame does not exist. 
The current list of frames is:
Frame paper_world exists with parent base_footprint.
Frame 00_06_66_E7_8E_BD exists with parent paper_world.

Failure at 1552923240.407460829
Exception thrown:"00_06_66_D2_CF_7B" passed to lookupTransform argument source_frame does not exist. 
The current list of frames is:
Frame paper_world exists with parent base_footprint.
Frame 00_06_66_E7_8E_BD exists with parent paper_world.
Frame 00_06_66_E7_8A_44 exists with parent paper_world.

Failure at 1552923241.407481304
Exception thrown:"00_06_66_D2_CF_7B" passed to lookupTransform argument source_frame does not exist. 
The current list of frames is:
Frame paper_world exists with parent base_footprint.
Frame 00_06_66_E7_8E_BD exists with parent paper_world.
Frame 00_06_66_E7_8A_44 exists with parent paper_world.
Frame 00_06_66_E7_8E_58 exists with parent paper_world.
Frame 00_06_66_74_41_1E exists with parent paper_world.

Failure at 1552923242.407524225
Exception thrown:"00_06_66_D2_CF_7B" passed to lookupTransform argument source_frame does not exist. 
The current list of frames is:
Frame paper_world exists with parent base_footprint.
Frame 00_06_66_E7_8E_BD exists with parent paper_world.
Frame 00_06_66_E7_8A_44 exists with parent paper_world.
Frame 00_06_66_E7_8E_58 exists with parent paper_world.
Frame 00_06_66_74_41_1E exists with parent paper_world.

At time 1552923243.380
- Translation: [321.970, 133.126, 0.000]
- Rotation: in Quaternion [0.000, 0.000, 0.990, -0.139]
            in RPY (radian) [0.000, -0.000, -2.863]
            in RPY (degree) [0.000, -0.000, -164.050]
At time 1552923244.388
- Translation: [322.834, 134.991, 0.000]
- Rotation: in Quaternion [0.000, 0.000, 0.994, -0.113]
            in RPY (radian) [0.000, -0.000, -2.915]
            in RPY (degree) [0.000, -0.000, -167.020]
At time 1552923245.237
- Translation: [322.519, 135.067, 0.000]
- Rotation: in Quaternion [0.000, 0.000, 0.995, -0.098]
            in RPY (radian) [0.000, -0.000, -2.946]
            in RPY (degree) [0.000, -0.000, -168.780]
At time 1552923246.400
- Translation: [322.514, 135.062, 0.000]
- Rotation: in Quaternion [0.000, 0.000, 0.995, -0.098]
            in RPY (radian) [0.000, -0.000, -2.945]
            in RPY (degree) [0.000, -0.000, -168.740]
At time 1552923247.388
- Translation: [322.514, 135.082, 0.000]
- Rotation: in Quaternion [0.000, 0.000, 0.995, -0.102]
            in RPY (radian) [0.000, -0.000, -2.937]
            in RPY (degree) [0.000, -0.000, -168.250]
At time 1552923248.258
- Translation: [322.514, 135.082, 0.000]
- Rotation: in Quaternion [0.000, 0.000, 0.995, -0.102]
            in RPY (radian) [0.000, -0.000, -2.937]
            in RPY (degree) [0.000, -0.000, -168.250]
