[rospy.client][INFO] 2019-03-11 14:01:20,310: init_node, name[/rostopic_17593_1552309280270], pid[17593]
[xmlrpc][INFO] 2019-03-11 14:01:20,311: XML-RPC server binding to 0.0.0.0:0
[xmlrpc][INFO] 2019-03-11 14:01:20,311: Started XML-RPC server [http://chiliPC:43993/]
[rospy.init][INFO] 2019-03-11 14:01:20,311: ROS Slave URI: [http://chiliPC:43993/]
[rospy.impl.masterslave][INFO] 2019-03-11 14:01:20,311: _ready: http://chiliPC:43993/
[rospy.registration][INFO] 2019-03-11 14:01:20,312: Registering with master node http://localhost:11311
[xmlrpc][INFO] 2019-03-11 14:01:20,312: xml rpc node: starting XML-RPC server
[rospy.init][INFO] 2019-03-11 14:01:20,412: registered with master
[rospy.rosout][INFO] 2019-03-11 14:01:20,412: initializing /rosout core topic
[rospy.rosout][INFO] 2019-03-11 14:01:20,415: connected to core topic /rosout
[rospy.simtime][INFO] 2019-03-11 14:01:20,417: /use_sim_time is not set, will not subscribe to simulated time [/clock] topic
[rospy.internal][INFO] 2019-03-11 14:01:20,571: topic[/sensor_node_00_06_66_D2_CF_7B/detectedObstacles] adding connection to [http://chiliPC:46383/], count 0
[rospy.internal][INFO] 2019-03-11 14:01:20,646: topic[/rosout] adding connection to [/rosout], count 0
[rospy.core][INFO] 2019-03-11 14:02:31,682: signal_shutdown [signal-2]
[rospy.internal][INFO] 2019-03-11 14:02:31,687: topic[/rosout] removing connection to /rosout
[rospy.internal][INFO] 2019-03-11 14:02:31,688: topic[/sensor_node_00_06_66_D2_CF_7B/detectedObstacles] removing connection to http://chiliPC:46383/
[rospy.impl.masterslave][INFO] 2019-03-11 14:02:31,688: signal-2
[rospy.internal][WARNING] 2019-03-11 14:02:31,712: Unknown error initiating TCP/IP socket to chiliPC:58257 (http://chiliPC:46383/): Traceback (most recent call last):
  File "/opt/ros/kinetic/lib/python2.7/dist-packages/rospy/impl/tcpros_base.py", line 558, in connect
    self.local_endpoint = self.socket.getsockname()
AttributeError: 'NoneType' object has no attribute 'getsockname'

[rospy.core][INFO] 2019-03-11 14:02:31,853: signal_shutdown [atexit]
