Determining if the pthread_create exist failed with the following output:
Change Dir: /home/tprobotics/Documents/PROJECTS/catkin_ws/build/ros_cellulo/CMakeFiles/CMakeTmp

Run Build Command:"/usr/bin/make" "cmTC_e8617/fast"
/usr/bin/make -f CMakeFiles/cmTC_e8617.dir/build.make CMakeFiles/cmTC_e8617.dir/build
make[1]: Entering directory '/home/tprobotics/Documents/PROJECTS/catkin_ws/build/ros_cellulo/CMakeFiles/CMakeTmp'
Building C object CMakeFiles/cmTC_e8617.dir/CheckSymbolExists.c.o
/usr/bin/cc    -o CMakeFiles/cmTC_e8617.dir/CheckSymbolExists.c.o   -c /home/tprobotics/Documents/PROJECTS/catkin_ws/build/ros_cellulo/CMakeFiles/CMakeTmp/CheckSymbolExists.c
Linking C executable cmTC_e8617
/usr/local/bin/cmake -E cmake_link_script CMakeFiles/cmTC_e8617.dir/link.txt --verbose=1
/usr/bin/cc      -rdynamic CMakeFiles/cmTC_e8617.dir/CheckSymbolExists.c.o  -o cmTC_e8617 
CMakeFiles/cmTC_e8617.dir/CheckSymbolExists.c.o: In function `main':
CheckSymbolExists.c:(.text+0x16): undefined reference to `pthread_create'
collect2: error: ld returned 1 exit status
CMakeFiles/cmTC_e8617.dir/build.make:86: recipe for target 'cmTC_e8617' failed
make[1]: *** [cmTC_e8617] Error 1
make[1]: Leaving directory '/home/tprobotics/Documents/PROJECTS/catkin_ws/build/ros_cellulo/CMakeFiles/CMakeTmp'
Makefile:121: recipe for target 'cmTC_e8617/fast' failed
make: *** [cmTC_e8617/fast] Error 2

File /home/tprobotics/Documents/PROJECTS/catkin_ws/build/ros_cellulo/CMakeFiles/CMakeTmp/CheckSymbolExists.c:
/* */
#include <pthread.h>

int main(int argc, char** argv)
{
  (void)argv;
#ifndef pthread_create
  return ((int*)(&pthread_create))[argc];
#else
  (void)argc;
  return 0;
#endif
}

Determining if the function pthread_create exists in the pthreads failed with the following output:
Change Dir: /home/tprobotics/Documents/PROJECTS/catkin_ws/build/ros_cellulo/CMakeFiles/CMakeTmp

Run Build Command:"/usr/bin/make" "cmTC_a775e/fast"
/usr/bin/make -f CMakeFiles/cmTC_a775e.dir/build.make CMakeFiles/cmTC_a775e.dir/build
make[1]: Entering directory '/home/tprobotics/Documents/PROJECTS/catkin_ws/build/ros_cellulo/CMakeFiles/CMakeTmp'
Building C object CMakeFiles/cmTC_a775e.dir/CheckFunctionExists.c.o
/usr/bin/cc   -DCHECK_FUNCTION_EXISTS=pthread_create   -o CMakeFiles/cmTC_a775e.dir/CheckFunctionExists.c.o   -c /usr/local/share/cmake-3.12/Modules/CheckFunctionExists.c
Linking C executable cmTC_a775e
/usr/local/bin/cmake -E cmake_link_script CMakeFiles/cmTC_a775e.dir/link.txt --verbose=1
/usr/bin/cc  -DCHECK_FUNCTION_EXISTS=pthread_create    -rdynamic CMakeFiles/cmTC_a775e.dir/CheckFunctionExists.c.o  -o cmTC_a775e -lpthreads 
/usr/bin/ld: cannot find -lpthreads
collect2: error: ld returned 1 exit status
CMakeFiles/cmTC_a775e.dir/build.make:86: recipe for target 'cmTC_a775e' failed
make[1]: *** [cmTC_a775e] Error 1
make[1]: Leaving directory '/home/tprobotics/Documents/PROJECTS/catkin_ws/build/ros_cellulo/CMakeFiles/CMakeTmp'
Makefile:121: recipe for target 'cmTC_a775e/fast' failed
make: *** [cmTC_a775e/fast] Error 2


