Failure at 1552924455.893603517
Exception thrown:"00_06_66_E7_8E_58" passed to lookupTransform argument source_frame does not exist. 
The current list of frames is:
Frame paper_world exists with parent base_footprint.

Failure at 1552924455.893741820
Exception thrown:"00_06_66_E7_8E_58" passed to lookupTransform argument source_frame does not exist. 
The current list of frames is:
Frame paper_world exists with parent base_footprint.

Failure at 1552924456.641292648
Exception thrown:"00_06_66_E7_8E_58" passed to lookupTransform argument source_frame does not exist. 
The current list of frames is:
Frame paper_world exists with parent base_footprint.

Failure at 1552924457.641262075
Exception thrown:"00_06_66_E7_8E_58" passed to lookupTransform argument source_frame does not exist. 
The current list of frames is:
Frame paper_world exists with parent base_footprint.

Failure at 1552924458.641306513
Exception thrown:"00_06_66_E7_8E_58" passed to lookupTransform argument source_frame does not exist. 
The current list of frames is:
Frame paper_world exists with parent base_footprint.

Failure at 1552924459.641329956
Exception thrown:"00_06_66_E7_8E_58" passed to lookupTransform argument source_frame does not exist. 
The current list of frames is:
Frame paper_world exists with parent base_footprint.

Failure at 1552924460.641294221
Exception thrown:"00_06_66_E7_8E_58" passed to lookupTransform argument source_frame does not exist. 
The current list of frames is:
Frame paper_world exists with parent base_footprint.

Failure at 1552924461.641275133
Exception thrown:"00_06_66_E7_8E_58" passed to lookupTransform argument source_frame does not exist. 
The current list of frames is:
Frame paper_world exists with parent base_footprint.

Failure at 1552924462.641296059
Exception thrown:"00_06_66_E7_8E_58" passed to lookupTransform argument source_frame does not exist. 
The current list of frames is:
Frame paper_world exists with parent base_footprint.

Failure at 1552924463.641301407
Exception thrown:"00_06_66_E7_8E_58" passed to lookupTransform argument source_frame does not exist. 
The current list of frames is:
Frame paper_world exists with parent base_footprint.

Failure at 1552924464.641255948
Exception thrown:"00_06_66_E7_8E_58" passed to lookupTransform argument source_frame does not exist. 
The current list of frames is:
Frame paper_world exists with parent base_footprint.

Failure at 1552924465.641254270
Exception thrown:"00_06_66_E7_8E_58" passed to lookupTransform argument source_frame does not exist. 
The current list of frames is:
Frame paper_world exists with parent base_footprint.

Failure at 1552924466.641230185
Exception thrown:"00_06_66_E7_8E_58" passed to lookupTransform argument source_frame does not exist. 
The current list of frames is:
Frame paper_world exists with parent base_footprint.

Failure at 1552924467.641234785
Exception thrown:"00_06_66_E7_8E_58" passed to lookupTransform argument source_frame does not exist. 
The current list of frames is:
Frame paper_world exists with parent base_footprint.
Frame 00_06_66_E7_8E_BD exists with parent paper_world.

Failure at 1552924468.641259368
Exception thrown:"00_06_66_E7_8E_58" passed to lookupTransform argument source_frame does not exist. 
The current list of frames is:
Frame paper_world exists with parent base_footprint.
Frame 00_06_66_E7_8E_BD exists with parent paper_world.

Failure at 1552924469.641225538
Exception thrown:"00_06_66_E7_8E_58" passed to lookupTransform argument source_frame does not exist. 
The current list of frames is:
Frame paper_world exists with parent base_footprint.
Frame 00_06_66_E7_8E_BD exists with parent paper_world.

At time 1552924470.621
- Translation: [123.693, 280.980, 0.000]
- Rotation: in Quaternion [0.000, 0.000, -0.035, 0.999]
            in RPY (radian) [0.000, -0.000, -0.071]
            in RPY (degree) [0.000, -0.000, -4.060]
At time 1552924471.620
- Translation: [123.693, 280.980, 0.000]
- Rotation: in Quaternion [0.000, 0.000, -0.036, 0.999]
            in RPY (radian) [0.000, -0.000, -0.073]
            in RPY (degree) [0.000, -0.000, -4.160]
At time 1552924472.635
- Translation: [123.698, 280.975, 0.000]
- Rotation: in Quaternion [0.000, 0.000, -0.035, 0.999]
            in RPY (radian) [0.000, -0.000, -0.071]
            in RPY (degree) [0.000, -0.000, -4.050]
At time 1552924473.631
- Translation: [123.698, 280.975, 0.000]
- Rotation: in Quaternion [0.000, 0.000, -0.035, 0.999]
            in RPY (radian) [0.000, -0.000, -0.071]
            in RPY (degree) [0.000, -0.000, -4.050]
At time 1552924474.640
- Translation: [123.698, 280.980, 0.000]
- Rotation: in Quaternion [0.000, 0.000, -0.036, 0.999]
            in RPY (radian) [0.000, -0.000, -0.073]
            in RPY (degree) [0.000, -0.000, -4.170]
At time 1552924475.639
- Translation: [123.698, 280.980, 0.000]
- Rotation: in Quaternion [0.000, 0.000, -0.036, 0.999]
            in RPY (radian) [0.000, -0.000, -0.072]
            in RPY (degree) [0.000, -0.000, -4.150]
At time 1552924476.634
- Translation: [123.688, 280.980, 0.000]
- Rotation: in Quaternion [0.000, 0.000, -0.036, 0.999]
            in RPY (radian) [0.000, -0.000, -0.072]
            in RPY (degree) [0.000, -0.000, -4.150]
At time 1552924477.634
- Translation: [123.703, 280.985, 0.000]
- Rotation: in Quaternion [0.000, 0.000, -0.037, 0.999]
            in RPY (radian) [0.000, -0.000, -0.074]
            in RPY (degree) [0.000, -0.000, -4.250]
At time 1552924478.626
- Translation: [123.698, 280.975, 0.000]
- Rotation: in Quaternion [0.000, 0.000, -0.035, 0.999]
            in RPY (radian) [0.000, -0.000, -0.071]
            in RPY (degree) [0.000, -0.000, -4.050]
At time 1552924479.627
- Translation: [123.703, 280.980, 0.000]
- Rotation: in Quaternion [0.000, 0.000, -0.037, 0.999]
            in RPY (radian) [0.000, -0.000, -0.074]
            in RPY (degree) [0.000, -0.000, -4.250]
At time 1552924480.637
- Translation: [75.067, 192.999, 0.000]
- Rotation: in Quaternion [0.000, 0.000, -0.255, 0.967]
            in RPY (radian) [0.000, -0.000, -0.515]
            in RPY (degree) [0.000, -0.000, -29.530]
At time 1552924481.631
- Translation: [75.209, 193.319, 0.000]
- Rotation: in Quaternion [0.000, 0.000, -0.254, 0.967]
            in RPY (radian) [0.000, -0.000, -0.514]
            in RPY (degree) [0.000, -0.000, -29.450]
At time 1552924482.584
- Translation: [76.022, 211.897, 0.000]
- Rotation: in Quaternion [0.000, 0.000, -0.286, 0.958]
            in RPY (radian) [0.000, -0.000, -0.580]
            in RPY (degree) [0.000, -0.000, -33.220]
At time 1552924483.635
- Translation: [100.721, 328.762, 0.000]
- Rotation: in Quaternion [0.000, 0.000, -0.089, 0.996]
            in RPY (radian) [0.000, -0.000, -0.179]
            in RPY (degree) [0.000, -0.000, -10.230]
At time 1552924484.634
- Translation: [100.696, 328.712, 0.000]
- Rotation: in Quaternion [0.000, 0.000, -0.082, 0.997]
            in RPY (radian) [0.000, -0.000, -0.164]
            in RPY (degree) [0.000, -0.000, -9.420]
At time 1552924485.640
- Translation: [100.706, 328.727, 0.000]
- Rotation: in Quaternion [0.000, 0.000, -0.084, 0.996]
            in RPY (radian) [0.000, -0.000, -0.169]
            in RPY (degree) [0.000, -0.000, -9.680]
At time 1552924486.636
- Translation: [100.711, 328.742, 0.000]
- Rotation: in Quaternion [0.000, 0.000, -0.087, 0.996]
            in RPY (radian) [0.000, -0.000, -0.174]
            in RPY (degree) [0.000, -0.000, -9.980]
