[01m[K/home/tprobotics/Documents/PROJECTS/catkin_ws/src/cellulo_swarm_practical_base/ros_cellulo_practical/src/ros_cellulo_interaction/ros_cellulo_interaction_node.cpp:[m[K In member function ‘[01m[Kvoid FollowLeader::followingMyLeader()[m[K’:
[01m[K/home/tprobotics/Documents/PROJECTS/catkin_ws/src/cellulo_swarm_practical_base/ros_cellulo_practical/src/ros_cellulo_interaction/ros_cellulo_interaction_node.cpp:101:44:[m[K [01;31m[Kerror: [m[Kno match for ‘[01m[Koperator-[m[K’ (operand types are ‘[01m[Kgeometry_msgs::Vector3 {aka geometry_msgs::Vector3_<std::allocator<void> >}[m[K’ and ‘[01m[Kgeometry_msgs::Vector3 {aka geometry_msgs::Vector3_<std::allocator<void> >}[m[K’)
         double vel = Ku*(distance_to_leader-reference_distance);
[01;32m[K                                            ^[m[K
In file included from [01m[K/usr/include/c++/5/deque:64:0[m[K,
                 from [01m[K/opt/ros/kinetic/include/ros/callback_queue.h:63[m[K,
                 from [01m[K/opt/ros/kinetic/include/tf2_ros/transform_listener.h:38[m[K,
                 from [01m[K/home/tprobotics/Documents/PROJECTS/catkin_ws/src/cellulo_swarm_practical_base/ros_cellulo_practical/src/ros_cellulo_interaction/ros_cellulo_interaction_node.cpp:7[m[K:
[01m[K/usr/include/c++/5/bits/stl_deque.h:361:5:[m[K [01;36m[Knote: [m[Kcandidate: template<class _Tp, class _RefL, class _PtrL, class _RefR, class _PtrR> typename std::_Deque_iterator<_Tp, _Ref, _Ptr>::difference_type std::operator-(const std::_Deque_iterator<_Tp, _Ref, _Ptr>&, const std::_Deque_iterator<_Tp, _RefR, _PtrR>&)
     operator-(const _Deque_iterator<_Tp, _RefL, _PtrL>& __x,
[01;32m[K     ^[m[K
[01m[K/usr/include/c++/5/bits/stl_deque.h:361:5:[m[K [01;36m[Knote: [m[K  template argument deduction/substitution failed:
[01m[K/home/tprobotics/Documents/PROJECTS/catkin_ws/src/cellulo_swarm_practical_base/ros_cellulo_practical/src/ros_cellulo_interaction/ros_cellulo_interaction_node.cpp:101:45:[m[K [01;36m[Knote: [m[K  ‘[01m[Kgeometry_msgs::Vector3 {aka geometry_msgs::Vector3_<std::allocator<void> >}[m[K’ is not derived from ‘[01m[Kconst std::_Deque_iterator<_Tp, _Ref, _Ptr>[m[K’
         double vel = Ku*(distance_to_leader-reference_distance);
[01;32m[K                                             ^[m[K
In file included from [01m[K/usr/include/c++/5/deque:64:0[m[K,
                 from [01m[K/opt/ros/kinetic/include/ros/callback_queue.h:63[m[K,
                 from [01m[K/opt/ros/kinetic/include/tf2_ros/transform_listener.h:38[m[K,
                 from [01m[K/home/tprobotics/Documents/PROJECTS/catkin_ws/src/cellulo_swarm_practical_base/ros_cellulo_practical/src/ros_cellulo_interaction/ros_cellulo_interaction_node.cpp:7[m[K:
[01m[K/usr/include/c++/5/bits/stl_deque.h:349:5:[m[K [01;36m[Knote: [m[Kcandidate: template<class _Tp, class _Ref, class _Ptr> typename std::_Deque_iterator<_Tp, _Ref, _Ptr>::difference_type std::operator-(const std::_Deque_iterator<_Tp, _Ref, _Ptr>&, const std::_Deque_iterator<_Tp, _Ref, _Ptr>&)
     operator-(const _Deque_iterator<_Tp, _Ref, _Ptr>& __x,
[01;32m[K     ^[m[K
[01m[K/usr/include/c++/5/bits/stl_deque.h:349:5:[m[K [01;36m[Knote: [m[K  template argument deduction/substitution failed:
[01m[K/home/tprobotics/Documents/PROJECTS/catkin_ws/src/cellulo_swarm_practical_base/ros_cellulo_practical/src/ros_cellulo_interaction/ros_cellulo_interaction_node.cpp:101:45:[m[K [01;36m[Knote: [m[K  ‘[01m[Kgeometry_msgs::Vector3 {aka geometry_msgs::Vector3_<std::allocator<void> >}[m[K’ is not derived from ‘[01m[Kconst std::_Deque_iterator<_Tp, _Ref, _Ptr>[m[K’
         double vel = Ku*(distance_to_leader-reference_distance);
[01;32m[K                                             ^[m[K
In file included from [01m[K/usr/include/boost/config/no_tr1/complex.hpp:21:0[m[K,
                 from [01m[K/usr/include/boost/math/policies/error_handling.hpp:15[m[K,
                 from [01m[K/usr/include/boost/math/special_functions/round.hpp:14[m[K,
                 from [01m[K/opt/ros/kinetic/include/ros/time.h:58[m[K,
                 from [01m[K/opt/ros/kinetic/include/ros/ros.h:38[m[K,
                 from [01m[K/home/tprobotics/Documents/PROJECTS/catkin_ws/src/cellulo_swarm_practical_base/ros_cellulo_practical/src/ros_cellulo_interaction/ros_cellulo_interaction_node.cpp:1[m[K:
[01m[K/usr/include/c++/5/complex:451:5:[m[K [01;36m[Knote: [m[Kcandidate: template<class _Tp> std::complex<_Tp> std::operator-(const std::complex<_Tp>&)
     operator-(const complex<_Tp>& __x)
[01;32m[K     ^[m[K
[01m[K/usr/include/c++/5/complex:451:5:[m[K [01;36m[Knote: [m[K  template argument deduction/substitution failed:
[01m[K/home/tprobotics/Documents/PROJECTS/catkin_ws/src/cellulo_swarm_practical_base/ros_cellulo_practical/src/ros_cellulo_interaction/ros_cellulo_interaction_node.cpp:101:45:[m[K [01;36m[Knote: [m[K  ‘[01m[Kgeometry_msgs::Vector3 {aka geometry_msgs::Vector3_<std::allocator<void> >}[m[K’ is not derived from ‘[01m[Kconst std::complex<_Tp>[m[K’
         double vel = Ku*(distance_to_leader-reference_distance);
[01;32m[K                                             ^[m[K
In file included from [01m[K/usr/include/boost/config/no_tr1/complex.hpp:21:0[m[K,
                 from [01m[K/usr/include/boost/math/policies/error_handling.hpp:15[m[K,
                 from [01m[K/usr/include/boost/math/special_functions/round.hpp:14[m[K,
                 from [01m[K/opt/ros/kinetic/include/ros/time.h:58[m[K,
                 from [01m[K/opt/ros/kinetic/include/ros/ros.h:38[m[K,
                 from [01m[K/home/tprobotics/Documents/PROJECTS/catkin_ws/src/cellulo_swarm_practical_base/ros_cellulo_practical/src/ros_cellulo_interaction/ros_cellulo_interaction_node.cpp:1[m[K:
[01m[K/usr/include/c++/5/complex:374:5:[m[K [01;36m[Knote: [m[Kcandidate: template<class _Tp> std::complex<_Tp> std::operator-(const _Tp&, const std::complex<_Tp>&)
     operator-(const _Tp& __x, const complex<_Tp>& __y)
[01;32m[K     ^[m[K
[01m[K/usr/include/c++/5/complex:374:5:[m[K [01;36m[Knote: [m[K  template argument deduction/substitution failed:
[01m[K/home/tprobotics/Documents/PROJECTS/catkin_ws/src/cellulo_swarm_practical_base/ros_cellulo_practical/src/ros_cellulo_interaction/ros_cellulo_interaction_node.cpp:101:45:[m[K [01;36m[Knote: [m[K  ‘[01m[Kgeometry_msgs::Vector3 {aka geometry_msgs::Vector3_<std::allocator<void> >}[m[K’ is not derived from ‘[01m[Kconst std::complex<_Tp>[m[K’
         double vel = Ku*(distance_to_leader-reference_distance);
[01;32m[K                                             ^[m[K
In file included from [01m[K/usr/include/boost/config/no_tr1/complex.hpp:21:0[m[K,
                 from [01m[K/usr/include/boost/math/policies/error_handling.hpp:15[m[K,
                 from [01m[K/usr/include/boost/math/special_functions/round.hpp:14[m[K,
                 from [01m[K/opt/ros/kinetic/include/ros/time.h:58[m[K,
                 from [01m[K/opt/ros/kinetic/include/ros/ros.h:38[m[K,
                 from [01m[K/home/tprobotics/Documents/PROJECTS/catkin_ws/src/cellulo_swarm_practical_base/ros_cellulo_practical/src/ros_cellulo_interaction/ros_cellulo_interaction_node.cpp:1[m[K:
[01m[K/usr/include/c++/5/complex:365:5:[m[K [01;36m[Knote: [m[Kcandidate: template<class _Tp> std::complex<_Tp> std::operator-(const std::complex<_Tp>&, const _Tp&)
     operator-(const complex<_Tp>& __x, const _Tp& __y)
[01;32m[K     ^[m[K
[01m[K/usr/include/c++/5/complex:365:5:[m[K [01;36m[Knote: [m[K  template argument deduction/substitution failed:
[01m[K/home/tprobotics/Documents/PROJECTS/catkin_ws/src/cellulo_swarm_practical_base/ros_cellulo_practical/src/ros_cellulo_interaction/ros_cellulo_interaction_node.cpp:101:45:[m[K [01;36m[Knote: [m[K  ‘[01m[Kgeometry_msgs::Vector3 {aka geometry_msgs::Vector3_<std::allocator<void> >}[m[K’ is not derived from ‘[01m[Kconst std::complex<_Tp>[m[K’
         double vel = Ku*(distance_to_leader-reference_distance);
[01;32m[K                                             ^[m[K
In file included from [01m[K/usr/include/boost/config/no_tr1/complex.hpp:21:0[m[K,
                 from [01m[K/usr/include/boost/math/policies/error_handling.hpp:15[m[K,
                 from [01m[K/usr/include/boost/math/special_functions/round.hpp:14[m[K,
                 from [01m[K/opt/ros/kinetic/include/ros/time.h:58[m[K,
                 from [01m[K/opt/ros/kinetic/include/ros/ros.h:38[m[K,
                 from [01m[K/home/tprobotics/Documents/PROJECTS/catkin_ws/src/cellulo_swarm_practical_base/ros_cellulo_practical/src/ros_cellulo_interaction/ros_cellulo_interaction_node.cpp:1[m[K:
[01m[K/usr/include/c++/5/complex:356:5:[m[K [01;36m[Knote: [m[Kcandidate: template<class _Tp> std::complex<_Tp> std::operator-(const std::complex<_Tp>&, const std::complex<_Tp>&)
     operator-(const complex<_Tp>& __x, const complex<_Tp>& __y)
[01;32m[K     ^[m[K
[01m[K/usr/include/c++/5/complex:356:5:[m[K [01;36m[Knote: [m[K  template argument deduction/substitution failed:
[01m[K/home/tprobotics/Documents/PROJECTS/catkin_ws/src/cellulo_swarm_practical_base/ros_cellulo_practical/src/ros_cellulo_interaction/ros_cellulo_interaction_node.cpp:101:45:[m[K [01;36m[Knote: [m[K  ‘[01m[Kgeometry_msgs::Vector3 {aka geometry_msgs::Vector3_<std::allocator<void> >}[m[K’ is not derived from ‘[01m[Kconst std::complex<_Tp>[m[K’
         double vel = Ku*(distance_to_leader-reference_distance);
[01;32m[K                                             ^[m[K
In file included from [01m[K/usr/include/c++/5/vector:65:0[m[K,
                 from [01m[K/usr/include/c++/5/bits/random.h:34[m[K,
                 from [01m[K/usr/include/c++/5/random:49[m[K,
                 from [01m[K/usr/include/c++/5/bits/stl_algo.h:66[m[K,
                 from [01m[K/usr/include/c++/5/algorithm:62[m[K,
                 from [01m[K/usr/include/boost/math/tools/config.hpp:17[m[K,
                 from [01m[K/usr/include/boost/math/special_functions/round.hpp:13[m[K,
                 from [01m[K/opt/ros/kinetic/include/ros/time.h:58[m[K,
                 from [01m[K/opt/ros/kinetic/include/ros/ros.h:38[m[K,
                 from [01m[K/home/tprobotics/Documents/PROJECTS/catkin_ws/src/cellulo_swarm_practical_base/ros_cellulo_practical/src/ros_cellulo_interaction/ros_cellulo_interaction_node.cpp:1[m[K:
[01m[K/usr/include/c++/5/bits/stl_bvector.h:208:3:[m[K [01;36m[Knote: [m[Kcandidate: std::ptrdiff_t std::operator-(const std::_Bit_iterator_base&, const std::_Bit_iterator_base&)
   operator-(const _Bit_iterator_base& __x, const _Bit_iterator_base& __y)
[01;32m[K   ^[m[K
[01m[K/usr/include/c++/5/bits/stl_bvector.h:208:3:[m[K [01;36m[Knote: [m[K  no known conversion for argument 1 from ‘[01m[Kgeometry_msgs::Vector3 {aka geometry_msgs::Vector3_<std::allocator<void> >}[m[K’ to ‘[01m[Kconst std::_Bit_iterator_base&[m[K’
In file included from [01m[K/usr/include/c++/5/bits/stl_algobase.h:67:0[m[K,
                 from [01m[K/usr/include/c++/5/bits/char_traits.h:39[m[K,
                 from [01m[K/usr/include/c++/5/string:40[m[K,
                 from [01m[K/opt/ros/kinetic/include/ros/platform.h:55[m[K,
                 from [01m[K/opt/ros/kinetic/include/ros/time.h:53[m[K,
                 from [01m[K/opt/ros/kinetic/include/ros/ros.h:38[m[K,
                 from [01m[K/home/tprobotics/Documents/PROJECTS/catkin_ws/src/cellulo_swarm_practical_base/ros_cellulo_practical/src/ros_cellulo_interaction/ros_cellulo_interaction_node.cpp:1[m[K:
[01m[K/usr/include/c++/5/bits/stl_iterator.h:1152:5:[m[K [01;36m[Knote: [m[Kcandidate: template<class _Iterator> decltype ((__x.base() - __y.base())) std::operator-(const std::move_iterator<_Iterator>&, const std::move_iterator<_Iterator>&)
     operator-(const move_iterator<_Iterator>& __x,
[01;32m[K     ^[m[K
[01m[K/usr/include/c++/5/bits/stl_iterator.h:1152:5:[m[K [01;36m[Knote: [m[K  template argument deduction/substitution failed:
[01m[K/home/tprobotics/Documents/PROJECTS/catkin_ws/src/cellulo_swarm_practical_base/ros_cellulo_practical/src/ros_cellulo_interaction/ros_cellulo_interaction_node.cpp:101:45:[m[K [01;36m[Knote: [m[K  ‘[01m[Kgeometry_msgs::Vector3 {aka geometry_msgs::Vector3_<std::allocator<void> >}[m[K’ is not derived from ‘[01m[Kconst std::move_iterator<_Iterator>[m[K’
         double vel = Ku*(distance_to_leader-reference_distance);
[01;32m[K                                             ^[m[K
In file included from [01m[K/usr/include/c++/5/bits/stl_algobase.h:67:0[m[K,
                 from [01m[K/usr/include/c++/5/bits/char_traits.h:39[m[K,
                 from [01m[K/usr/include/c++/5/string:40[m[K,
                 from [01m[K/opt/ros/kinetic/include/ros/platform.h:55[m[K,
                 from [01m[K/opt/ros/kinetic/include/ros/time.h:53[m[K,
                 from [01m[K/opt/ros/kinetic/include/ros/ros.h:38[m[K,
                 from [01m[K/home/tprobotics/Documents/PROJECTS/catkin_ws/src/cellulo_swarm_practical_base/ros_cellulo_practical/src/ros_cellulo_interaction/ros_cellulo_interaction_node.cpp:1[m[K:
[01m[K/usr/include/c++/5/bits/stl_iterator.h:1145:5:[m[K [01;36m[Knote: [m[Kcandidate: template<class _IteratorL, class _IteratorR> decltype ((__x.base() - __y.base())) std::operator-(const std::move_iterator<_Iterator>&, const std::move_iterator<_IteratorR>&)
     operator-(const move_iterator<_IteratorL>& __x,
[01;32m[K     ^[m[K
[01m[K/usr/include/c++/5/bits/stl_iterator.h:1145:5:[m[K [01;36m[Knote: [m[K  template argument deduction/substitution failed:
[01m[K/home/tprobotics/Documents/PROJECTS/catkin_ws/src/cellulo_swarm_practical_base/ros_cellulo_practical/src/ros_cellulo_interaction/ros_cellulo_interaction_node.cpp:101:45:[m[K [01;36m[Knote: [m[K  ‘[01m[Kgeometry_msgs::Vector3 {aka geometry_msgs::Vector3_<std::allocator<void> >}[m[K’ is not derived from ‘[01m[Kconst std::move_iterator<_Iterator>[m[K’
         double vel = Ku*(distance_to_leader-reference_distance);
[01;32m[K                                             ^[m[K
In file included from [01m[K/usr/include/c++/5/bits/stl_algobase.h:67:0[m[K,
                 from [01m[K/usr/include/c++/5/bits/char_traits.h:39[m[K,
                 from [01m[K/usr/include/c++/5/string:40[m[K,
                 from [01m[K/opt/ros/kinetic/include/ros/platform.h:55[m[K,
                 from [01m[K/opt/ros/kinetic/include/ros/time.h:53[m[K,
                 from [01m[K/opt/ros/kinetic/include/ros/ros.h:38[m[K,
                 from [01m[K/home/tprobotics/Documents/PROJECTS/catkin_ws/src/cellulo_swarm_practical_base/ros_cellulo_practical/src/ros_cellulo_interaction/ros_cellulo_interaction_node.cpp:1[m[K:
[01m[K/usr/include/c++/5/bits/stl_iterator.h:387:5:[m[K [01;36m[Knote: [m[Kcandidate: template<class _IteratorL, class _IteratorR> decltype ((__y.base() - __x.base())) std::operator-(const std::reverse_iterator<_Iterator>&, const std::reverse_iterator<_IteratorR>&)
     operator-(const reverse_iterator<_IteratorL>& __x,
[01;32m[K     ^[m[K
[01m[K/usr/include/c++/5/bits/stl_iterator.h:387:5:[m[K [01;36m[Knote: [m[K  template argument deduction/substitution failed:
[01m[K/home/tprobotics/Documents/PROJECTS/catkin_ws/src/cellulo_swarm_practical_base/ros_cellulo_practical/src/ros_cellulo_interaction/ros_cellulo_interaction_node.cpp:101:45:[m[K [01;36m[Knote: [m[K  ‘[01m[Kgeometry_msgs::Vector3 {aka geometry_msgs::Vector3_<std::allocator<void> >}[m[K’ is not derived from ‘[01m[Kconst std::reverse_iterator<_Iterator>[m[K’
         double vel = Ku*(distance_to_leader-reference_distance);
[01;32m[K                                             ^[m[K
In file included from [01m[K/usr/include/c++/5/bits/stl_algobase.h:67:0[m[K,
                 from [01m[K/usr/include/c++/5/bits/char_traits.h:39[m[K,
                 from [01m[K/usr/include/c++/5/string:40[m[K,
                 from [01m[K/opt/ros/kinetic/include/ros/platform.h:55[m[K,
                 from [01m[K/opt/ros/kinetic/include/ros/time.h:53[m[K,
                 from [01m[K/opt/ros/kinetic/include/ros/ros.h:38[m[K,
                 from [01m[K/home/tprobotics/Documents/PROJECTS/catkin_ws/src/cellulo_swarm_practical_base/ros_cellulo_practical/src/ros_cellulo_interaction/ros_cellulo_interaction_node.cpp:1[m[K:
[01m[K/usr/include/c++/5/bits/stl_iterator.h:333:5:[m[K [01;36m[Knote: [m[Kcandidate: template<class _Iterator> decltype ((__x.base() - __y.base())) std::operator-(const std::reverse_iterator<_Iterator>&, const std::reverse_iterator<_Iterator>&)
     operator-(const reverse_iterator<_Iterator>& __x,
[01;32m[K     ^[m[K
[01m[K/usr/include/c++/5/bits/stl_iterator.h:333:5:[m[K [01;36m[Knote: [m[K  template argument deduction/substitution failed:
[01m[K/home/tprobotics/Documents/PROJECTS/catkin_ws/src/cellulo_swarm_practical_base/ros_cellulo_practical/src/ros_cellulo_interaction/ros_cellulo_interaction_node.cpp:101:45:[m[K [01;36m[Knote: [m[K  ‘[01m[Kgeometry_msgs::Vector3 {aka geometry_msgs::Vector3_<std::allocator<void> >}[m[K’ is not derived from ‘[01m[Kconst std::reverse_iterator<_Iterator>[m[K’
         double vel = Ku*(distance_to_leader-reference_distance);
[01;32m[K                                             ^[m[K
In file included from [01m[K/opt/ros/kinetic/include/ros/serialization.h:37:0[m[K,
                 from [01m[K/opt/ros/kinetic/include/ros/publisher.h:34[m[K,
                 from [01m[K/opt/ros/kinetic/include/ros/node_handle.h:32[m[K,
                 from [01m[K/opt/ros/kinetic/include/ros/ros.h:45[m[K,
                 from [01m[K/home/tprobotics/Documents/PROJECTS/catkin_ws/src/cellulo_swarm_practical_base/ros_cellulo_practical/src/ros_cellulo_interaction/ros_cellulo_interaction_node.cpp:1[m[K:
/opt/ros/kinetic/include/ros/message_traits.h: In instantiation of ‘[01m[Kstatic const char* ros::message_traits::MD5Sum<M>::value(const M&) [with M = double][m[K’:
[01m[K/opt/ros/kinetic/include/ros/message_traits.h:255:102:[m[K   required from ‘[01m[Kconst char* ros::message_traits::md5sum(const M&) [with M = double][m[K’
[01m[K/opt/ros/kinetic/include/ros/publisher.h:112:7:[m[K   required from ‘[01m[Kvoid ros::Publisher::publish(const M&) const [with M = double][m[K’
[01m[K/home/tprobotics/Documents/PROJECTS/catkin_ws/src/cellulo_swarm_practical_base/ros_cellulo_practical/src/ros_cellulo_interaction/ros_cellulo_interaction_node.cpp:103:38:[m[K   required from here
[01m[K/opt/ros/kinetic/include/ros/message_traits.h:126:34:[m[K [01;31m[Kerror: [m[Krequest for member ‘[01m[K__getMD5Sum[m[K’ in ‘[01m[Km[m[K’, which is of non-class type ‘[01m[Kconst double[m[K’
     return m.__getMD5Sum().c_str();
[01;32m[K                                  ^[m[K
/opt/ros/kinetic/include/ros/message_traits.h: In instantiation of ‘[01m[Kstatic const char* ros::message_traits::DataType<M>::value(const M&) [with M = double][m[K’:
[01m[K/opt/ros/kinetic/include/ros/message_traits.h:264:104:[m[K   required from ‘[01m[Kconst char* ros::message_traits::datatype(const M&) [with M = double][m[K’
[01m[K/opt/ros/kinetic/include/ros/publisher.h:112:7:[m[K   required from ‘[01m[Kvoid ros::Publisher::publish(const M&) const [with M = double][m[K’
[01m[K/home/tprobotics/Documents/PROJECTS/catkin_ws/src/cellulo_swarm_practical_base/ros_cellulo_practical/src/ros_cellulo_interaction/ros_cellulo_interaction_node.cpp:103:38:[m[K   required from here
[01m[K/opt/ros/kinetic/include/ros/message_traits.h:143:36:[m[K [01;31m[Kerror: [m[Krequest for member ‘[01m[K__getDataType[m[K’ in ‘[01m[Km[m[K’, which is of non-class type ‘[01m[Kconst double[m[K’
     return m.__getDataType().c_str();
[01;32m[K                                    ^[m[K
make[2]: *** [CMakeFiles/ros_cellulo_interaction.dir/src/ros_cellulo_interaction/ros_cellulo_interaction_node.cpp.o] Error 1
make[1]: *** [CMakeFiles/ros_cellulo_interaction.dir/all] Error 2
make: *** [all] Error 2
