[01m[K/home/tprobotics/Documents/PROJECTS/catkin_ws/src/cellulo_swarm_practical_base/ros_cellulo_practical/src/ros_cellulo_aggregation/RosCelluloAggregation.cpp:[m[K In member function ‘[01m[Kvoid RosCelluloAggregation::naive_calculate_new_velocities()[m[K’:
[01m[K/home/tprobotics/Documents/PROJECTS/catkin_ws/src/cellulo_swarm_practical_base/ros_cellulo_practical/src/ros_cellulo_aggregation/RosCelluloAggregation.cpp:128:53:[m[K [01;31m[Kerror: [m[Kno match for ‘[01m[Koperator*[m[K’ (operand types are ‘[01m[K__gnu_cxx::__alloc_traits<std::allocator<geometry_msgs::Vector3_<std::allocator<void> > > >::value_type {aka geometry_msgs::Vector3_<std::allocator<void> >}[m[K’ and ‘[01m[K__gnu_cxx::__alloc_traits<std::allocator<geometry_msgs::Vector3_<std::allocator<void> > > >::value_type {aka geometry_msgs::Vector3_<std::allocator<void> >}[m[K’)
         double distance= sqrt(distances_to_robots[0]*distances_to_robots[0] +distances_to_robots[1]*distances_to_robots[1]);
[01;32m[K                                                     ^[m[K
In file included from [01m[K/usr/include/boost/config/no_tr1/complex.hpp:21:0[m[K,
                 from [01m[K/usr/include/boost/math/policies/error_handling.hpp:15[m[K,
                 from [01m[K/usr/include/boost/math/special_functions/round.hpp:14[m[K,
                 from [01m[K/opt/ros/kinetic/include/ros/time.h:58[m[K,
                 from [01m[K/opt/ros/kinetic/include/ros/ros.h:38[m[K,
                 from [01m[K/home/tprobotics/Documents/PROJECTS/catkin_ws/src/cellulo_swarm_practical_base/ros_cellulo_practical/include/ros_cellulo_aggregation/RosCelluloAggregation.hpp:2[m[K,
                 from [01m[K/home/tprobotics/Documents/PROJECTS/catkin_ws/src/cellulo_swarm_practical_base/ros_cellulo_practical/src/ros_cellulo_aggregation/RosCelluloAggregation.cpp:1[m[K:
[01m[K/usr/include/c++/5/complex:404:5:[m[K [01;36m[Knote: [m[Kcandidate: template<class _Tp> std::complex<_Tp> std::operator*(const _Tp&, const std::complex<_Tp>&)
     operator*(const _Tp& __x, const complex<_Tp>& __y)
[01;32m[K     ^[m[K
[01m[K/usr/include/c++/5/complex:404:5:[m[K [01;36m[Knote: [m[K  template argument deduction/substitution failed:
[01m[K/home/tprobotics/Documents/PROJECTS/catkin_ws/src/cellulo_swarm_practical_base/ros_cellulo_practical/src/ros_cellulo_aggregation/RosCelluloAggregation.cpp:128:75:[m[K [01;36m[Knote: [m[K  ‘[01m[K__gnu_cxx::__alloc_traits<std::allocator<geometry_msgs::Vector3_<std::allocator<void> > > >::value_type {aka geometry_msgs::Vector3_<std::allocator<void> >}[m[K’ is not derived from ‘[01m[Kconst std::complex<_Tp>[m[K’
         double distance= sqrt(distances_to_robots[0]*distances_to_robots[0] +distances_to_robots[1]*distances_to_robots[1]);
[01;32m[K                                                                           ^[m[K
In file included from [01m[K/usr/include/boost/config/no_tr1/complex.hpp:21:0[m[K,
                 from [01m[K/usr/include/boost/math/policies/error_handling.hpp:15[m[K,
                 from [01m[K/usr/include/boost/math/special_functions/round.hpp:14[m[K,
                 from [01m[K/opt/ros/kinetic/include/ros/time.h:58[m[K,
                 from [01m[K/opt/ros/kinetic/include/ros/ros.h:38[m[K,
                 from [01m[K/home/tprobotics/Documents/PROJECTS/catkin_ws/src/cellulo_swarm_practical_base/ros_cellulo_practical/include/ros_cellulo_aggregation/RosCelluloAggregation.hpp:2[m[K,
                 from [01m[K/home/tprobotics/Documents/PROJECTS/catkin_ws/src/cellulo_swarm_practical_base/ros_cellulo_practical/src/ros_cellulo_aggregation/RosCelluloAggregation.cpp:1[m[K:
[01m[K/usr/include/c++/5/complex:395:5:[m[K [01;36m[Knote: [m[Kcandidate: template<class _Tp> std::complex<_Tp> std::operator*(const std::complex<_Tp>&, const _Tp&)
     operator*(const complex<_Tp>& __x, const _Tp& __y)
[01;32m[K     ^[m[K
[01m[K/usr/include/c++/5/complex:395:5:[m[K [01;36m[Knote: [m[K  template argument deduction/substitution failed:
[01m[K/home/tprobotics/Documents/PROJECTS/catkin_ws/src/cellulo_swarm_practical_base/ros_cellulo_practical/src/ros_cellulo_aggregation/RosCelluloAggregation.cpp:128:75:[m[K [01;36m[Knote: [m[K  ‘[01m[K__gnu_cxx::__alloc_traits<std::allocator<geometry_msgs::Vector3_<std::allocator<void> > > >::value_type {aka geometry_msgs::Vector3_<std::allocator<void> >}[m[K’ is not derived from ‘[01m[Kconst std::complex<_Tp>[m[K’
         double distance= sqrt(distances_to_robots[0]*distances_to_robots[0] +distances_to_robots[1]*distances_to_robots[1]);
[01;32m[K                                                                           ^[m[K
In file included from [01m[K/usr/include/boost/config/no_tr1/complex.hpp:21:0[m[K,
                 from [01m[K/usr/include/boost/math/policies/error_handling.hpp:15[m[K,
                 from [01m[K/usr/include/boost/math/special_functions/round.hpp:14[m[K,
                 from [01m[K/opt/ros/kinetic/include/ros/time.h:58[m[K,
                 from [01m[K/opt/ros/kinetic/include/ros/ros.h:38[m[K,
                 from [01m[K/home/tprobotics/Documents/PROJECTS/catkin_ws/src/cellulo_swarm_practical_base/ros_cellulo_practical/include/ros_cellulo_aggregation/RosCelluloAggregation.hpp:2[m[K,
                 from [01m[K/home/tprobotics/Documents/PROJECTS/catkin_ws/src/cellulo_swarm_practical_base/ros_cellulo_practical/src/ros_cellulo_aggregation/RosCelluloAggregation.cpp:1[m[K:
[01m[K/usr/include/c++/5/complex:386:5:[m[K [01;36m[Knote: [m[Kcandidate: template<class _Tp> std::complex<_Tp> std::operator*(const std::complex<_Tp>&, const std::complex<_Tp>&)
     operator*(const complex<_Tp>& __x, const complex<_Tp>& __y)
[01;32m[K     ^[m[K
[01m[K/usr/include/c++/5/complex:386:5:[m[K [01;36m[Knote: [m[K  template argument deduction/substitution failed:
[01m[K/home/tprobotics/Documents/PROJECTS/catkin_ws/src/cellulo_swarm_practical_base/ros_cellulo_practical/src/ros_cellulo_aggregation/RosCelluloAggregation.cpp:128:75:[m[K [01;36m[Knote: [m[K  ‘[01m[K__gnu_cxx::__alloc_traits<std::allocator<geometry_msgs::Vector3_<std::allocator<void> > > >::value_type {aka geometry_msgs::Vector3_<std::allocator<void> >}[m[K’ is not derived from ‘[01m[Kconst std::complex<_Tp>[m[K’
         double distance= sqrt(distances_to_robots[0]*distances_to_robots[0] +distances_to_robots[1]*distances_to_robots[1]);
[01;32m[K                                                                           ^[m[K
[01m[K/home/tprobotics/Documents/PROJECTS/catkin_ws/src/cellulo_swarm_practical_base/ros_cellulo_practical/src/ros_cellulo_aggregation/RosCelluloAggregation.cpp:128:100:[m[K [01;31m[Kerror: [m[Kno match for ‘[01m[Koperator*[m[K’ (operand types are ‘[01m[K__gnu_cxx::__alloc_traits<std::allocator<geometry_msgs::Vector3_<std::allocator<void> > > >::value_type {aka geometry_msgs::Vector3_<std::allocator<void> >}[m[K’ and ‘[01m[K__gnu_cxx::__alloc_traits<std::allocator<geometry_msgs::Vector3_<std::allocator<void> > > >::value_type {aka geometry_msgs::Vector3_<std::allocator<void> >}[m[K’)
         double distance= sqrt(distances_to_robots[0]*distances_to_robots[0] +distances_to_robots[1]*distances_to_robots[1]);
[01;32m[K                                                                                                    ^[m[K
In file included from [01m[K/usr/include/boost/config/no_tr1/complex.hpp:21:0[m[K,
                 from [01m[K/usr/include/boost/math/policies/error_handling.hpp:15[m[K,
                 from [01m[K/usr/include/boost/math/special_functions/round.hpp:14[m[K,
                 from [01m[K/opt/ros/kinetic/include/ros/time.h:58[m[K,
                 from [01m[K/opt/ros/kinetic/include/ros/ros.h:38[m[K,
                 from [01m[K/home/tprobotics/Documents/PROJECTS/catkin_ws/src/cellulo_swarm_practical_base/ros_cellulo_practical/include/ros_cellulo_aggregation/RosCelluloAggregation.hpp:2[m[K,
                 from [01m[K/home/tprobotics/Documents/PROJECTS/catkin_ws/src/cellulo_swarm_practical_base/ros_cellulo_practical/src/ros_cellulo_aggregation/RosCelluloAggregation.cpp:1[m[K:
[01m[K/usr/include/c++/5/complex:404:5:[m[K [01;36m[Knote: [m[Kcandidate: template<class _Tp> std::complex<_Tp> std::operator*(const _Tp&, const std::complex<_Tp>&)
     operator*(const _Tp& __x, const complex<_Tp>& __y)
[01;32m[K     ^[m[K
[01m[K/usr/include/c++/5/complex:404:5:[m[K [01;36m[Knote: [m[K  template argument deduction/substitution failed:
[01m[K/home/tprobotics/Documents/PROJECTS/catkin_ws/src/cellulo_swarm_practical_base/ros_cellulo_practical/src/ros_cellulo_aggregation/RosCelluloAggregation.cpp:128:122:[m[K [01;36m[Knote: [m[K  ‘[01m[K__gnu_cxx::__alloc_traits<std::allocator<geometry_msgs::Vector3_<std::allocator<void> > > >::value_type {aka geometry_msgs::Vector3_<std::allocator<void> >}[m[K’ is not derived from ‘[01m[Kconst std::complex<_Tp>[m[K’
         double distance= sqrt(distances_to_robots[0]*distances_to_robots[0] +distances_to_robots[1]*distances_to_robots[1]);
[01;32m[K                                                                                                                          ^[m[K
In file included from [01m[K/usr/include/boost/config/no_tr1/complex.hpp:21:0[m[K,
                 from [01m[K/usr/include/boost/math/policies/error_handling.hpp:15[m[K,
                 from [01m[K/usr/include/boost/math/special_functions/round.hpp:14[m[K,
                 from [01m[K/opt/ros/kinetic/include/ros/time.h:58[m[K,
                 from [01m[K/opt/ros/kinetic/include/ros/ros.h:38[m[K,
                 from [01m[K/home/tprobotics/Documents/PROJECTS/catkin_ws/src/cellulo_swarm_practical_base/ros_cellulo_practical/include/ros_cellulo_aggregation/RosCelluloAggregation.hpp:2[m[K,
                 from [01m[K/home/tprobotics/Documents/PROJECTS/catkin_ws/src/cellulo_swarm_practical_base/ros_cellulo_practical/src/ros_cellulo_aggregation/RosCelluloAggregation.cpp:1[m[K:
[01m[K/usr/include/c++/5/complex:395:5:[m[K [01;36m[Knote: [m[Kcandidate: template<class _Tp> std::complex<_Tp> std::operator*(const std::complex<_Tp>&, const _Tp&)
     operator*(const complex<_Tp>& __x, const _Tp& __y)
[01;32m[K     ^[m[K
[01m[K/usr/include/c++/5/complex:395:5:[m[K [01;36m[Knote: [m[K  template argument deduction/substitution failed:
[01m[K/home/tprobotics/Documents/PROJECTS/catkin_ws/src/cellulo_swarm_practical_base/ros_cellulo_practical/src/ros_cellulo_aggregation/RosCelluloAggregation.cpp:128:122:[m[K [01;36m[Knote: [m[K  ‘[01m[K__gnu_cxx::__alloc_traits<std::allocator<geometry_msgs::Vector3_<std::allocator<void> > > >::value_type {aka geometry_msgs::Vector3_<std::allocator<void> >}[m[K’ is not derived from ‘[01m[Kconst std::complex<_Tp>[m[K’
         double distance= sqrt(distances_to_robots[0]*distances_to_robots[0] +distances_to_robots[1]*distances_to_robots[1]);
[01;32m[K                                                                                                                          ^[m[K
In file included from [01m[K/usr/include/boost/config/no_tr1/complex.hpp:21:0[m[K,
                 from [01m[K/usr/include/boost/math/policies/error_handling.hpp:15[m[K,
                 from [01m[K/usr/include/boost/math/special_functions/round.hpp:14[m[K,
                 from [01m[K/opt/ros/kinetic/include/ros/time.h:58[m[K,
                 from [01m[K/opt/ros/kinetic/include/ros/ros.h:38[m[K,
                 from [01m[K/home/tprobotics/Documents/PROJECTS/catkin_ws/src/cellulo_swarm_practical_base/ros_cellulo_practical/include/ros_cellulo_aggregation/RosCelluloAggregation.hpp:2[m[K,
                 from [01m[K/home/tprobotics/Documents/PROJECTS/catkin_ws/src/cellulo_swarm_practical_base/ros_cellulo_practical/src/ros_cellulo_aggregation/RosCelluloAggregation.cpp:1[m[K:
[01m[K/usr/include/c++/5/complex:386:5:[m[K [01;36m[Knote: [m[Kcandidate: template<class _Tp> std::complex<_Tp> std::operator*(const std::complex<_Tp>&, const std::complex<_Tp>&)
     operator*(const complex<_Tp>& __x, const complex<_Tp>& __y)
[01;32m[K     ^[m[K
[01m[K/usr/include/c++/5/complex:386:5:[m[K [01;36m[Knote: [m[K  template argument deduction/substitution failed:
[01m[K/home/tprobotics/Documents/PROJECTS/catkin_ws/src/cellulo_swarm_practical_base/ros_cellulo_practical/src/ros_cellulo_aggregation/RosCelluloAggregation.cpp:128:122:[m[K [01;36m[Knote: [m[K  ‘[01m[K__gnu_cxx::__alloc_traits<std::allocator<geometry_msgs::Vector3_<std::allocator<void> > > >::value_type {aka geometry_msgs::Vector3_<std::allocator<void> >}[m[K’ is not derived from ‘[01m[Kconst std::complex<_Tp>[m[K’
         double distance= sqrt(distances_to_robots[0]*distances_to_robots[0] +distances_to_robots[1]*distances_to_robots[1]);
[01;32m[K                                                                                                                          ^[m[K
[01m[K/home/tprobotics/Documents/PROJECTS/catkin_ws/src/cellulo_swarm_practical_base/ros_cellulo_practical/src/ros_cellulo_aggregation/RosCelluloAggregation.cpp:129:12:[m[K [01;31m[Kerror: [m[K‘[01m[Kdistances[m[K’ was not declared in this scope
         if(distances > 50)
[01;32m[K            ^[m[K
[01m[K/home/tprobotics/Documents/PROJECTS/catkin_ws/src/cellulo_swarm_practical_base/ros_cellulo_practical/src/ros_cellulo_aggregation/RosCelluloAggregation.cpp:128:16:[m[K [01;35m[Kwarning: [m[Kunused variable ‘[01m[Kdistance[m[K’ [-Wunused-variable]
         double distance= sqrt(distances_to_robots[0]*distances_to_robots[0] +distances_to_robots[1]*distances_to_robots[1]);
[01;32m[K                ^[m[K
make[2]: *** [CMakeFiles/ros_cellulo_aggregation.dir/src/ros_cellulo_aggregation/RosCelluloAggregation.cpp.o] Error 1
make[1]: *** [CMakeFiles/ros_cellulo_aggregation.dir/all] Error 2
make: *** [all] Error 2
