[35m[1mScanning dependencies of target ros_cellulo_interaction[0m
[  8%] Built target ros_cellulo_aggregation_core
[ 16%] Built target ros_cellulo_coverage_core
[ 33%] Built target ros_cellulo_leader
[ 58%] Built target ros_cellulo_aggregation
[ 83%] Built target ros_cellulo_coverage
[ 91%] [32mBuilding CXX object CMakeFiles/ros_cellulo_interaction.dir/src/ros_cellulo_interaction/ros_cellulo_interaction_node.cpp.o[0m
[01m[K/home/tprobotics/Documents/PROJECTS/catkin_ws/src/cellulo_swarm_practical_base/ros_cellulo_practical/src/ros_cellulo_interaction/ros_cellulo_interaction_node.cpp:[m[K In lambda function:
[01m[K/home/tprobotics/Documents/PROJECTS/catkin_ws/src/cellulo_swarm_practical_base/ros_cellulo_practical/src/ros_cellulo_interaction/ros_cellulo_interaction_node.cpp:104:40:[m[K [01;31m[Kerror: [m[Kexpected ‘[01m[K{[m[K’ before ‘[01m[K;[m[K’ token
         double vel = [velx, vely, velz];
[01;32m[K                                        ^[m[K
[01m[K/home/tprobotics/Documents/PROJECTS/catkin_ws/src/cellulo_swarm_practical_base/ros_cellulo_practical/src/ros_cellulo_interaction/ros_cellulo_interaction_node.cpp:[m[K In member function ‘[01m[Kvoid FollowLeader::followingMyLeader()[m[K’:
[01m[K/home/tprobotics/Documents/PROJECTS/catkin_ws/src/cellulo_swarm_practical_base/ros_cellulo_practical/src/ros_cellulo_interaction/ros_cellulo_interaction_node.cpp:104:40:[m[K [01;31m[Kerror: [m[Kcannot convert ‘[01m[KFollowLeader::followingMyLeader()::<lambda()>[m[K’ to ‘[01m[Kdouble[m[K’ in initialization
In file included from [01m[K/opt/ros/kinetic/include/ros/serialization.h:37:0[m[K,
                 from [01m[K/opt/ros/kinetic/include/ros/publisher.h:34[m[K,
                 from [01m[K/opt/ros/kinetic/include/ros/node_handle.h:32[m[K,
                 from [01m[K/opt/ros/kinetic/include/ros/ros.h:45[m[K,
                 from [01m[K/home/tprobotics/Documents/PROJECTS/catkin_ws/src/cellulo_swarm_practical_base/ros_cellulo_practical/src/ros_cellulo_interaction/ros_cellulo_interaction_node.cpp:1[m[K:
/opt/ros/kinetic/include/ros/message_traits.h: In instantiation of ‘[01m[Kstatic const char* ros::message_traits::MD5Sum<M>::value(const M&) [with M = double][m[K’:
[01m[K/opt/ros/kinetic/include/ros/message_traits.h:255:102:[m[K   required from ‘[01m[Kconst char* ros::message_traits::md5sum(const M&) [with M = double][m[K’
[01m[K/opt/ros/kinetic/include/ros/publisher.h:112:7:[m[K   required from ‘[01m[Kvoid ros::Publisher::publish(const M&) const [with M = double][m[K’
[01m[K/home/tprobotics/Documents/PROJECTS/catkin_ws/src/cellulo_swarm_practical_base/ros_cellulo_practical/src/ros_cellulo_interaction/ros_cellulo_interaction_node.cpp:105:38:[m[K   required from here
[01m[K/opt/ros/kinetic/include/ros/message_traits.h:126:34:[m[K [01;31m[Kerror: [m[Krequest for member ‘[01m[K__getMD5Sum[m[K’ in ‘[01m[Km[m[K’, which is of non-class type ‘[01m[Kconst double[m[K’
     return m.__getMD5Sum().c_str();
[01;32m[K                                  ^[m[K
/opt/ros/kinetic/include/ros/message_traits.h: In instantiation of ‘[01m[Kstatic const char* ros::message_traits::DataType<M>::value(const M&) [with M = double][m[K’:
[01m[K/opt/ros/kinetic/include/ros/message_traits.h:264:104:[m[K   required from ‘[01m[Kconst char* ros::message_traits::datatype(const M&) [with M = double][m[K’
[01m[K/opt/ros/kinetic/include/ros/publisher.h:112:7:[m[K   required from ‘[01m[Kvoid ros::Publisher::publish(const M&) const [with M = double][m[K’
[01m[K/home/tprobotics/Documents/PROJECTS/catkin_ws/src/cellulo_swarm_practical_base/ros_cellulo_practical/src/ros_cellulo_interaction/ros_cellulo_interaction_node.cpp:105:38:[m[K   required from here
[01m[K/opt/ros/kinetic/include/ros/message_traits.h:143:36:[m[K [01;31m[Kerror: [m[Krequest for member ‘[01m[K__getDataType[m[K’ in ‘[01m[Km[m[K’, which is of non-class type ‘[01m[Kconst double[m[K’
     return m.__getDataType().c_str();
[01;32m[K                                    ^[m[K
CMakeFiles/ros_cellulo_interaction.dir/build.make:62: recipe for target 'CMakeFiles/ros_cellulo_interaction.dir/src/ros_cellulo_interaction/ros_cellulo_interaction_node.cpp.o' failed
make[2]: *** [CMakeFiles/ros_cellulo_interaction.dir/src/ros_cellulo_interaction/ros_cellulo_interaction_node.cpp.o] Error 1
CMakeFiles/Makefile2:109: recipe for target 'CMakeFiles/ros_cellulo_interaction.dir/all' failed
make[1]: *** [CMakeFiles/ros_cellulo_interaction.dir/all] Error 2
Makefile:140: recipe for target 'all' failed
make: *** [all] Error 2
