[01m[K/home/tprobotics/Documents/PROJECTS/catkin_ws/src/cellulo_swarm_practical_base/ros_cellulo_practical/src/ros_cellulo_aggregation/RosCelluloAggregation.cpp:[m[K In function ‘[01m[Kvoid randomWalk()[m[K’:
[01m[K/home/tprobotics/Documents/PROJECTS/catkin_ws/src/cellulo_swarm_practical_base/ros_cellulo_practical/src/ros_cellulo_aggregation/RosCelluloAggregation.cpp:93:25:[m[K [01;31m[Kerror: [m[K‘[01m[KnodeHandle_[m[K’ was not declared in this scope
     VelocityPublisher = nodeHandle_.advertise<geometry_msgs::Vector3>(publisherTopic,10);
[01;32m[K                         ^[m[K
[01m[K/home/tprobotics/Documents/PROJECTS/catkin_ws/src/cellulo_swarm_practical_base/ros_cellulo_practical/src/ros_cellulo_aggregation/RosCelluloAggregation.cpp:93:69:[m[K [01;31m[Kerror: [m[Kexpected primary-expression before ‘[01m[K>[m[K’ token
     VelocityPublisher = nodeHandle_.advertise<geometry_msgs::Vector3>(publisherTopic,10);
[01;32m[K                                                                     ^[m[K
[01m[K/home/tprobotics/Documents/PROJECTS/catkin_ws/src/cellulo_swarm_practical_base/ros_cellulo_practical/src/ros_cellulo_aggregation/RosCelluloAggregation.cpp:93:86:[m[K [01;35m[Kwarning: [m[Kleft operand of comma operator has no effect [-Wunused-value]
     VelocityPublisher = nodeHandle_.advertise<geometry_msgs::Vector3>(publisherTopic,10);
[01;32m[K                                                                                      ^[m[K
[01m[K/home/tprobotics/Documents/PROJECTS/catkin_ws/src/cellulo_swarm_practical_base/ros_cellulo_practical/src/ros_cellulo_aggregation/RosCelluloAggregation.cpp:[m[K In function ‘[01m[Kvoid wait()[m[K’:
[01m[K/home/tprobotics/Documents/PROJECTS/catkin_ws/src/cellulo_swarm_practical_base/ros_cellulo_practical/src/ros_cellulo_aggregation/RosCelluloAggregation.cpp:111:25:[m[K [01;31m[Kerror: [m[K‘[01m[KnodeHandle_[m[K’ was not declared in this scope
     VelocityPublisher = nodeHandle_.advertise<geometry_msgs::Vector3>(publisherTopic,10);
[01;32m[K                         ^[m[K
[01m[K/home/tprobotics/Documents/PROJECTS/catkin_ws/src/cellulo_swarm_practical_base/ros_cellulo_practical/src/ros_cellulo_aggregation/RosCelluloAggregation.cpp:111:69:[m[K [01;31m[Kerror: [m[Kexpected primary-expression before ‘[01m[K>[m[K’ token
     VelocityPublisher = nodeHandle_.advertise<geometry_msgs::Vector3>(publisherTopic,10);
[01;32m[K                                                                     ^[m[K
[01m[K/home/tprobotics/Documents/PROJECTS/catkin_ws/src/cellulo_swarm_practical_base/ros_cellulo_practical/src/ros_cellulo_aggregation/RosCelluloAggregation.cpp:111:86:[m[K [01;35m[Kwarning: [m[Kleft operand of comma operator has no effect [-Wunused-value]
     VelocityPublisher = nodeHandle_.advertise<geometry_msgs::Vector3>(publisherTopic,10);
[01;32m[K                                                                                      ^[m[K
make[2]: *** [CMakeFiles/ros_cellulo_aggregation.dir/src/ros_cellulo_aggregation/RosCelluloAggregation.cpp.o] Error 1
make[1]: *** [CMakeFiles/ros_cellulo_aggregation.dir/all] Error 2
make: *** [all] Error 2
