[35m[1mScanning dependencies of target ros_cellulo_interaction[0m
[ 16%] Built target ros_cellulo_aggregation_core
[ 16%] Built target ros_cellulo_coverage_core
[ 33%] Built target ros_cellulo_leader
[ 58%] Built target ros_cellulo_aggregation
[ 83%] Built target ros_cellulo_coverage
[ 91%] [32mBuilding CXX object CMakeFiles/ros_cellulo_interaction.dir/src/ros_cellulo_interaction/ros_cellulo_interaction_node.cpp.o[0m
[01m[K/home/tprobotics/Documents/PROJECTS/catkin_ws/src/cellulo_swarm_practical_base/ros_cellulo_practical/src/ros_cellulo_interaction/ros_cellulo_interaction_node.cpp:[m[K In member function ‘[01m[Kvoid FollowLeader::followingMyLeader()[m[K’:
[01m[K/home/tprobotics/Documents/PROJECTS/catkin_ws/src/cellulo_swarm_practical_base/ros_cellulo_practical/src/ros_cellulo_interaction/ros_cellulo_interaction_node.cpp:101:24:[m[K [01;31m[Kerror: [m[Kno match for ‘[01m[Koperator*[m[K’ (operand types are ‘[01m[Kdouble[m[K’ and ‘[01m[Kgeometry_msgs::Vector3 {aka geometry_msgs::Vector3_<std::allocator<void> >}[m[K’)
         double vel = Ku*distance_to_leader-reference_distance;
[01;32m[K                        ^[m[K
In file included from [01m[K/usr/include/boost/config/no_tr1/complex.hpp:21:0[m[K,
                 from [01m[K/usr/include/boost/math/policies/error_handling.hpp:15[m[K,
                 from [01m[K/usr/include/boost/math/special_functions/round.hpp:14[m[K,
                 from [01m[K/opt/ros/kinetic/include/ros/time.h:58[m[K,
                 from [01m[K/opt/ros/kinetic/include/ros/ros.h:38[m[K,
                 from [01m[K/home/tprobotics/Documents/PROJECTS/catkin_ws/src/cellulo_swarm_practical_base/ros_cellulo_practical/src/ros_cellulo_interaction/ros_cellulo_interaction_node.cpp:1[m[K:
[01m[K/usr/include/c++/5/complex:404:5:[m[K [01;36m[Knote: [m[Kcandidate: template<class _Tp> std::complex<_Tp> std::operator*(const _Tp&, const std::complex<_Tp>&)
     operator*(const _Tp& __x, const complex<_Tp>& __y)
[01;32m[K     ^[m[K
[01m[K/usr/include/c++/5/complex:404:5:[m[K [01;36m[Knote: [m[K  template argument deduction/substitution failed:
[01m[K/home/tprobotics/Documents/PROJECTS/catkin_ws/src/cellulo_swarm_practical_base/ros_cellulo_practical/src/ros_cellulo_interaction/ros_cellulo_interaction_node.cpp:101:25:[m[K [01;36m[Knote: [m[K  ‘[01m[Kgeometry_msgs::Vector3 {aka geometry_msgs::Vector3_<std::allocator<void> >}[m[K’ is not derived from ‘[01m[Kconst std::complex<_Tp>[m[K’
         double vel = Ku*distance_to_leader-reference_distance;
[01;32m[K                         ^[m[K
In file included from [01m[K/usr/include/boost/config/no_tr1/complex.hpp:21:0[m[K,
                 from [01m[K/usr/include/boost/math/policies/error_handling.hpp:15[m[K,
                 from [01m[K/usr/include/boost/math/special_functions/round.hpp:14[m[K,
                 from [01m[K/opt/ros/kinetic/include/ros/time.h:58[m[K,
                 from [01m[K/opt/ros/kinetic/include/ros/ros.h:38[m[K,
                 from [01m[K/home/tprobotics/Documents/PROJECTS/catkin_ws/src/cellulo_swarm_practical_base/ros_cellulo_practical/src/ros_cellulo_interaction/ros_cellulo_interaction_node.cpp:1[m[K:
[01m[K/usr/include/c++/5/complex:395:5:[m[K [01;36m[Knote: [m[Kcandidate: template<class _Tp> std::complex<_Tp> std::operator*(const std::complex<_Tp>&, const _Tp&)
     operator*(const complex<_Tp>& __x, const _Tp& __y)
[01;32m[K     ^[m[K
[01m[K/usr/include/c++/5/complex:395:5:[m[K [01;36m[Knote: [m[K  template argument deduction/substitution failed:
[01m[K/home/tprobotics/Documents/PROJECTS/catkin_ws/src/cellulo_swarm_practical_base/ros_cellulo_practical/src/ros_cellulo_interaction/ros_cellulo_interaction_node.cpp:101:25:[m[K [01;36m[Knote: [m[K  mismatched types ‘[01m[Kconst std::complex<_Tp>[m[K’ and ‘[01m[Kdouble[m[K’
         double vel = Ku*distance_to_leader-reference_distance;
[01;32m[K                         ^[m[K
In file included from [01m[K/usr/include/boost/config/no_tr1/complex.hpp:21:0[m[K,
                 from [01m[K/usr/include/boost/math/policies/error_handling.hpp:15[m[K,
                 from [01m[K/usr/include/boost/math/special_functions/round.hpp:14[m[K,
                 from [01m[K/opt/ros/kinetic/include/ros/time.h:58[m[K,
                 from [01m[K/opt/ros/kinetic/include/ros/ros.h:38[m[K,
                 from [01m[K/home/tprobotics/Documents/PROJECTS/catkin_ws/src/cellulo_swarm_practical_base/ros_cellulo_practical/src/ros_cellulo_interaction/ros_cellulo_interaction_node.cpp:1[m[K:
[01m[K/usr/include/c++/5/complex:386:5:[m[K [01;36m[Knote: [m[Kcandidate: template<class _Tp> std::complex<_Tp> std::operator*(const std::complex<_Tp>&, const std::complex<_Tp>&)
     operator*(const complex<_Tp>& __x, const complex<_Tp>& __y)
[01;32m[K     ^[m[K
[01m[K/usr/include/c++/5/complex:386:5:[m[K [01;36m[Knote: [m[K  template argument deduction/substitution failed:
[01m[K/home/tprobotics/Documents/PROJECTS/catkin_ws/src/cellulo_swarm_practical_base/ros_cellulo_practical/src/ros_cellulo_interaction/ros_cellulo_interaction_node.cpp:101:25:[m[K [01;36m[Knote: [m[K  mismatched types ‘[01m[Kconst std::complex<_Tp>[m[K’ and ‘[01m[Kdouble[m[K’
         double vel = Ku*distance_to_leader-reference_distance;
[01;32m[K                         ^[m[K
[01m[K/home/tprobotics/Documents/PROJECTS/catkin_ws/src/cellulo_swarm_practical_base/ros_cellulo_practical/src/ros_cellulo_interaction/ros_cellulo_interaction_node.cpp:105:5:[m[K [01;31m[Kerror: [m[Kexpected ‘[01m[K;[m[K’ before ‘[01m[K}[m[K’ token
     }
[01;32m[K     ^[m[K
In file included from [01m[K/opt/ros/kinetic/include/ros/serialization.h:37:0[m[K,
                 from [01m[K/opt/ros/kinetic/include/ros/publisher.h:34[m[K,
                 from [01m[K/opt/ros/kinetic/include/ros/node_handle.h:32[m[K,
                 from [01m[K/opt/ros/kinetic/include/ros/ros.h:45[m[K,
                 from [01m[K/home/tprobotics/Documents/PROJECTS/catkin_ws/src/cellulo_swarm_practical_base/ros_cellulo_practical/src/ros_cellulo_interaction/ros_cellulo_interaction_node.cpp:1[m[K:
/opt/ros/kinetic/include/ros/message_traits.h: In instantiation of ‘[01m[Kstatic const char* ros::message_traits::MD5Sum<M>::value(const M&) [with M = double][m[K’:
[01m[K/opt/ros/kinetic/include/ros/message_traits.h:255:102:[m[K   required from ‘[01m[Kconst char* ros::message_traits::md5sum(const M&) [with M = double][m[K’
[01m[K/opt/ros/kinetic/include/ros/publisher.h:112:7:[m[K   required from ‘[01m[Kvoid ros::Publisher::publish(const M&) const [with M = double][m[K’
[01m[K/home/tprobotics/Documents/PROJECTS/catkin_ws/src/cellulo_swarm_practical_base/ros_cellulo_practical/src/ros_cellulo_interaction/ros_cellulo_interaction_node.cpp:103:38:[m[K   required from here
[01m[K/opt/ros/kinetic/include/ros/message_traits.h:126:34:[m[K [01;31m[Kerror: [m[Krequest for member ‘[01m[K__getMD5Sum[m[K’ in ‘[01m[Km[m[K’, which is of non-class type ‘[01m[Kconst double[m[K’
     return m.__getMD5Sum().c_str();
[01;32m[K                                  ^[m[K
/opt/ros/kinetic/include/ros/message_traits.h: In instantiation of ‘[01m[Kstatic const char* ros::message_traits::DataType<M>::value(const M&) [with M = double][m[K’:
[01m[K/opt/ros/kinetic/include/ros/message_traits.h:264:104:[m[K   required from ‘[01m[Kconst char* ros::message_traits::datatype(const M&) [with M = double][m[K’
[01m[K/opt/ros/kinetic/include/ros/publisher.h:112:7:[m[K   required from ‘[01m[Kvoid ros::Publisher::publish(const M&) const [with M = double][m[K’
[01m[K/home/tprobotics/Documents/PROJECTS/catkin_ws/src/cellulo_swarm_practical_base/ros_cellulo_practical/src/ros_cellulo_interaction/ros_cellulo_interaction_node.cpp:103:38:[m[K   required from here
[01m[K/opt/ros/kinetic/include/ros/message_traits.h:143:36:[m[K [01;31m[Kerror: [m[Krequest for member ‘[01m[K__getDataType[m[K’ in ‘[01m[Km[m[K’, which is of non-class type ‘[01m[Kconst double[m[K’
     return m.__getDataType().c_str();
[01;32m[K                                    ^[m[K
CMakeFiles/ros_cellulo_interaction.dir/build.make:62: recipe for target 'CMakeFiles/ros_cellulo_interaction.dir/src/ros_cellulo_interaction/ros_cellulo_interaction_node.cpp.o' failed
make[2]: *** [CMakeFiles/ros_cellulo_interaction.dir/src/ros_cellulo_interaction/ros_cellulo_interaction_node.cpp.o] Error 1
CMakeFiles/Makefile2:109: recipe for target 'CMakeFiles/ros_cellulo_interaction.dir/all' failed
make[1]: *** [CMakeFiles/ros_cellulo_interaction.dir/all] Error 2
Makefile:140: recipe for target 'all' failed
make: *** [all] Error 2
