In file included from [01m[K/opt/ros/kinetic/include/ros/serialization.h:37:0[m[K,
                 from [01m[K/opt/ros/kinetic/include/ros/publisher.h:34[m[K,
                 from [01m[K/opt/ros/kinetic/include/ros/node_handle.h:32[m[K,
                 from [01m[K/opt/ros/kinetic/include/ros/ros.h:45[m[K,
                 from [01m[K/home/tprobotics/Documents/PROJECTS/catkin_ws/src/cellulo_swarm_practical_base/ros_cellulo_practical/src/ros_cellulo_interaction/ros_cellulo_interaction_node.cpp:1[m[K:
/opt/ros/kinetic/include/ros/message_traits.h: In instantiation of ‘[01m[Kstatic const char* ros::message_traits::MD5Sum<M>::value(const M&) [with M = double [3]][m[K’:
[01m[K/opt/ros/kinetic/include/ros/message_traits.h:255:102:[m[K   required from ‘[01m[Kconst char* ros::message_traits::md5sum(const M&) [with M = double [3]][m[K’
[01m[K/opt/ros/kinetic/include/ros/publisher.h:112:7:[m[K   required from ‘[01m[Kvoid ros::Publisher::publish(const M&) const [with M = double [3]][m[K’
[01m[K/home/tprobotics/Documents/PROJECTS/catkin_ws/src/cellulo_swarm_practical_base/ros_cellulo_practical/src/ros_cellulo_interaction/ros_cellulo_interaction_node.cpp:106:38:[m[K   required from here
[01m[K/opt/ros/kinetic/include/ros/message_traits.h:126:34:[m[K [01;31m[Kerror: [m[Krequest for member ‘[01m[K__getMD5Sum[m[K’ in ‘[01m[Km[m[K’, which is of non-class type ‘[01m[Kconst double [3][m[K’
     return m.__getMD5Sum().c_str();
[01;32m[K                                  ^[m[K
/opt/ros/kinetic/include/ros/message_traits.h: In instantiation of ‘[01m[Kstatic const char* ros::message_traits::DataType<M>::value(const M&) [with M = double [3]][m[K’:
[01m[K/opt/ros/kinetic/include/ros/message_traits.h:264:104:[m[K   required from ‘[01m[Kconst char* ros::message_traits::datatype(const M&) [with M = double [3]][m[K’
[01m[K/opt/ros/kinetic/include/ros/publisher.h:112:7:[m[K   required from ‘[01m[Kvoid ros::Publisher::publish(const M&) const [with M = double [3]][m[K’
[01m[K/home/tprobotics/Documents/PROJECTS/catkin_ws/src/cellulo_swarm_practical_base/ros_cellulo_practical/src/ros_cellulo_interaction/ros_cellulo_interaction_node.cpp:106:38:[m[K   required from here
[01m[K/opt/ros/kinetic/include/ros/message_traits.h:143:36:[m[K [01;31m[Kerror: [m[Krequest for member ‘[01m[K__getDataType[m[K’ in ‘[01m[Km[m[K’, which is of non-class type ‘[01m[Kconst double [3][m[K’
     return m.__getDataType().c_str();
[01;32m[K                                    ^[m[K
In file included from [01m[K/opt/ros/kinetic/include/ros/publisher.h:34:0[m[K,
                 from [01m[K/opt/ros/kinetic/include/ros/node_handle.h:32[m[K,
                 from [01m[K/opt/ros/kinetic/include/ros/ros.h:45[m[K,
                 from [01m[K/home/tprobotics/Documents/PROJECTS/catkin_ws/src/cellulo_swarm_practical_base/ros_cellulo_practical/src/ros_cellulo_interaction/ros_cellulo_interaction_node.cpp:1[m[K:
/opt/ros/kinetic/include/ros/serialization.h: In instantiation of ‘[01m[Kstatic uint32_t ros::serialization::Serializer<T>::serializedLength(typename boost::call_traits<T>::param_type) [with T = double [3]; uint32_t = unsigned int; typename boost::call_traits<T>::param_type = const double* const][m[K’:
[01m[K/opt/ros/kinetic/include/ros/serialization.h:172:41:[m[K   required from ‘[01m[Kuint32_t ros::serialization::serializationLength(const T&) [with T = double [3]; uint32_t = unsigned int][m[K’
[01m[K/opt/ros/kinetic/include/ros/serialization.h:808:37:[m[K   required from ‘[01m[Kros::SerializedMessage ros::serialization::serializeMessage(const M&) [with M = double [3]][m[K’
[01m[K/opt/ros/kinetic/include/ros/publisher.h:118:26:[m[K   required from ‘[01m[Kvoid ros::Publisher::publish(const M&) const [with M = double [3]][m[K’
[01m[K/home/tprobotics/Documents/PROJECTS/catkin_ws/src/cellulo_swarm_practical_base/ros_cellulo_practical/src/ros_cellulo_interaction/ros_cellulo_interaction_node.cpp:106:38:[m[K   required from here
[01m[K/opt/ros/kinetic/include/ros/serialization.h:144:34:[m[K [01;31m[Kerror: [m[Krequest for member ‘[01m[KserializationLength[m[K’ in ‘[01m[Kt[m[K’, which is of non-class type ‘[01m[Kboost::call_traits<double [3]>::param_type {aka const double* const}[m[K’
     return t.serializationLength();
[01;32m[K                                  ^[m[K
/opt/ros/kinetic/include/ros/serialization.h: In instantiation of ‘[01m[Kstatic void ros::serialization::Serializer<T>::write(Stream&, typename boost::call_traits<T>::param_type) [with Stream = ros::serialization::OStream; T = double [3]; typename boost::call_traits<T>::param_type = const double* const][m[K’:
[01m[K/opt/ros/kinetic/include/ros/serialization.h:154:23:[m[K   required from ‘[01m[Kvoid ros::serialization::serialize(Stream&, const T&) [with T = double [3]; Stream = ros::serialization::OStream][m[K’
[01m[K/opt/ros/kinetic/include/ros/serialization.h:815:12:[m[K   required from ‘[01m[Kros::SerializedMessage ros::serialization::serializeMessage(const M&) [with M = double [3]][m[K’
[01m[K/opt/ros/kinetic/include/ros/publisher.h:118:26:[m[K   required from ‘[01m[Kvoid ros::Publisher::publish(const M&) const [with M = double [3]][m[K’
[01m[K/home/tprobotics/Documents/PROJECTS/catkin_ws/src/cellulo_swarm_practical_base/ros_cellulo_practical/src/ros_cellulo_interaction/ros_cellulo_interaction_node.cpp:106:38:[m[K   required from here
[01m[K/opt/ros/kinetic/include/ros/serialization.h:127:5:[m[K [01;31m[Kerror: [m[Krequest for member ‘[01m[Kserialize[m[K’ in ‘[01m[Kt[m[K’, which is of non-class type ‘[01m[Kboost::call_traits<double [3]>::param_type {aka const double* const}[m[K’
     t.serialize(stream.getData(), 0);
[01;32m[K     ^[m[K
make[2]: *** [CMakeFiles/ros_cellulo_interaction.dir/src/ros_cellulo_interaction/ros_cellulo_interaction_node.cpp.o] Error 1
make[1]: *** [CMakeFiles/ros_cellulo_interaction.dir/all] Error 2
make: *** [all] Error 2
