Determining if the pthread_create exist failed with the following output:
Change Dir: /home/tprobotics/Documents/PROJECTS/catkin_ws/build/ros_cellulo_swarm/CMakeFiles/CMakeTmp

Run Build Command:"/usr/bin/make" "cmTC_9d136/fast"
/usr/bin/make -f CMakeFiles/cmTC_9d136.dir/build.make CMakeFiles/cmTC_9d136.dir/build
make[1]: Entering directory '/home/tprobotics/Documents/PROJECTS/catkin_ws/build/ros_cellulo_swarm/CMakeFiles/CMakeTmp'
Building C object CMakeFiles/cmTC_9d136.dir/CheckSymbolExists.c.o
/usr/bin/cc    -o CMakeFiles/cmTC_9d136.dir/CheckSymbolExists.c.o   -c /home/tprobotics/Documents/PROJECTS/catkin_ws/build/ros_cellulo_swarm/CMakeFiles/CMakeTmp/CheckSymbolExists.c
Linking C executable cmTC_9d136
/usr/local/bin/cmake -E cmake_link_script CMakeFiles/cmTC_9d136.dir/link.txt --verbose=1
/usr/bin/cc      -rdynamic CMakeFiles/cmTC_9d136.dir/CheckSymbolExists.c.o  -o cmTC_9d136 
CMakeFiles/cmTC_9d136.dir/CheckSymbolExists.c.o: In function `main':
CheckSymbolExists.c:(.text+0x16): undefined reference to `pthread_create'
collect2: error: ld returned 1 exit status
CMakeFiles/cmTC_9d136.dir/build.make:86: recipe for target 'cmTC_9d136' failed
make[1]: *** [cmTC_9d136] Error 1
make[1]: Leaving directory '/home/tprobotics/Documents/PROJECTS/catkin_ws/build/ros_cellulo_swarm/CMakeFiles/CMakeTmp'
Makefile:121: recipe for target 'cmTC_9d136/fast' failed
make: *** [cmTC_9d136/fast] Error 2

File /home/tprobotics/Documents/PROJECTS/catkin_ws/build/ros_cellulo_swarm/CMakeFiles/CMakeTmp/CheckSymbolExists.c:
/* */
#include <pthread.h>

int main(int argc, char** argv)
{
  (void)argv;
#ifndef pthread_create
  return ((int*)(&pthread_create))[argc];
#else
  (void)argc;
  return 0;
#endif
}

Determining if the function pthread_create exists in the pthreads failed with the following output:
Change Dir: /home/tprobotics/Documents/PROJECTS/catkin_ws/build/ros_cellulo_swarm/CMakeFiles/CMakeTmp

Run Build Command:"/usr/bin/make" "cmTC_9b788/fast"
/usr/bin/make -f CMakeFiles/cmTC_9b788.dir/build.make CMakeFiles/cmTC_9b788.dir/build
make[1]: Entering directory '/home/tprobotics/Documents/PROJECTS/catkin_ws/build/ros_cellulo_swarm/CMakeFiles/CMakeTmp'
Building C object CMakeFiles/cmTC_9b788.dir/CheckFunctionExists.c.o
/usr/bin/cc   -DCHECK_FUNCTION_EXISTS=pthread_create   -o CMakeFiles/cmTC_9b788.dir/CheckFunctionExists.c.o   -c /usr/local/share/cmake-3.12/Modules/CheckFunctionExists.c
Linking C executable cmTC_9b788
/usr/local/bin/cmake -E cmake_link_script CMakeFiles/cmTC_9b788.dir/link.txt --verbose=1
/usr/bin/cc  -DCHECK_FUNCTION_EXISTS=pthread_create    -rdynamic CMakeFiles/cmTC_9b788.dir/CheckFunctionExists.c.o  -o cmTC_9b788 -lpthreads 
/usr/bin/ld: cannot find -lpthreads
collect2: error: ld returned 1 exit status
CMakeFiles/cmTC_9b788.dir/build.make:86: recipe for target 'cmTC_9b788' failed
make[1]: *** [cmTC_9b788] Error 1
make[1]: Leaving directory '/home/tprobotics/Documents/PROJECTS/catkin_ws/build/ros_cellulo_swarm/CMakeFiles/CMakeTmp'
Makefile:121: recipe for target 'cmTC_9b788/fast' failed
make: *** [cmTC_9b788/fast] Error 2


