Failure at 1552922946.408454548
Exception thrown:"00_06_66_D2_CF_7B" passed to lookupTransform argument source_frame does not exist. 
The current list of frames is:
Frame paper_world exists with parent base_footprint.

Failure at 1552922946.408557492
Exception thrown:"00_06_66_D2_CF_7B" passed to lookupTransform argument source_frame does not exist. 
The current list of frames is:
Frame paper_world exists with parent base_footprint.

Failure at 1552922947.156443240
Exception thrown:"00_06_66_D2_CF_7B" passed to lookupTransform argument source_frame does not exist. 
The current list of frames is:
Frame paper_world exists with parent base_footprint.

Failure at 1552922948.156453601
Exception thrown:"00_06_66_D2_CF_7B" passed to lookupTransform argument source_frame does not exist. 
The current list of frames is:
Frame paper_world exists with parent base_footprint.

Failure at 1552922949.156459076
Exception thrown:"00_06_66_D2_CF_7B" passed to lookupTransform argument source_frame does not exist. 
The current list of frames is:
Frame paper_world exists with parent base_footprint.

Failure at 1552922950.156468217
Exception thrown:"00_06_66_D2_CF_7B" passed to lookupTransform argument source_frame does not exist. 
The current list of frames is:
Frame paper_world exists with parent base_footprint.

Failure at 1552922951.156467766
Exception thrown:"00_06_66_D2_CF_7B" passed to lookupTransform argument source_frame does not exist. 
The current list of frames is:
Frame paper_world exists with parent base_footprint.

Failure at 1552922952.156448408
Exception thrown:"00_06_66_D2_CF_7B" passed to lookupTransform argument source_frame does not exist. 
The current list of frames is:
Frame paper_world exists with parent base_footprint.

Failure at 1552922953.156441915
Exception thrown:"00_06_66_D2_CF_7B" passed to lookupTransform argument source_frame does not exist. 
The current list of frames is:
Frame paper_world exists with parent base_footprint.

Failure at 1552922954.156437534
Exception thrown:"00_06_66_D2_CF_7B" passed to lookupTransform argument source_frame does not exist. 
The current list of frames is:
Frame paper_world exists with parent base_footprint.

Failure at 1552922955.156476760
Exception thrown:"00_06_66_D2_CF_7B" passed to lookupTransform argument source_frame does not exist. 
The current list of frames is:
Frame paper_world exists with parent base_footprint.

Failure at 1552922956.156429600
Exception thrown:"00_06_66_D2_CF_7B" passed to lookupTransform argument source_frame does not exist. 
The current list of frames is:
Frame paper_world exists with parent base_footprint.

Failure at 1552922957.156407243
Exception thrown:"00_06_66_D2_CF_7B" passed to lookupTransform argument source_frame does not exist. 
The current list of frames is:
Frame paper_world exists with parent base_footprint.

Failure at 1552922958.156414140
Exception thrown:"00_06_66_D2_CF_7B" passed to lookupTransform argument source_frame does not exist. 
The current list of frames is:
Frame paper_world exists with parent base_footprint.
Frame 00_06_66_E7_8E_BD exists with parent paper_world.

Failure at 1552922959.156414635
Exception thrown:"00_06_66_D2_CF_7B" passed to lookupTransform argument source_frame does not exist. 
The current list of frames is:
Frame paper_world exists with parent base_footprint.
Frame 00_06_66_E7_8E_BD exists with parent paper_world.

Failure at 1552922960.156454291
Exception thrown:"00_06_66_D2_CF_7B" passed to lookupTransform argument source_frame does not exist. 
The current list of frames is:
Frame paper_world exists with parent base_footprint.
Frame 00_06_66_E7_8E_BD exists with parent paper_world.

Failure at 1552922961.156406520
Exception thrown:"00_06_66_D2_CF_7B" passed to lookupTransform argument source_frame does not exist. 
The current list of frames is:
Frame paper_world exists with parent base_footprint.
Frame 00_06_66_E7_8E_BD exists with parent paper_world.
Frame 00_06_66_E7_8E_58 exists with parent paper_world.
Frame 00_06_66_E7_8A_44 exists with parent paper_world.

Failure at 1552922962.156382462
Exception thrown:"00_06_66_D2_CF_7B" passed to lookupTransform argument source_frame does not exist. 
The current list of frames is:
Frame paper_world exists with parent base_footprint.
Frame 00_06_66_E7_8E_BD exists with parent paper_world.
Frame 00_06_66_E7_8E_58 exists with parent paper_world.
Frame 00_06_66_E7_8A_44 exists with parent paper_world.
Frame 00_06_66_74_41_1E exists with parent paper_world.

At time 1552922963.129
- Translation: [311.922, 120.010, 0.000]
- Rotation: in Quaternion [0.000, 0.000, 0.992, -0.123]
            in RPY (radian) [0.000, -0.000, -2.895]
            in RPY (degree) [0.000, -0.000, -165.880]
At time 1552922963.834
- Translation: [322.204, 132.654, 0.000]
- Rotation: in Quaternion [0.000, 0.000, 0.991, -0.136]
            in RPY (radian) [0.000, -0.000, -2.868]
            in RPY (degree) [0.000, -0.000, -164.340]
At time 1552922964.855
- Translation: [322.209, 132.659, 0.000]
- Rotation: in Quaternion [0.000, 0.000, 0.991, -0.137]
            in RPY (radian) [0.000, -0.000, -2.867]
            in RPY (degree) [0.000, -0.000, -164.260]
At time 1552922966.014
- Translation: [322.194, 132.654, 0.000]
- Rotation: in Quaternion [0.000, 0.000, 0.991, -0.135]
            in RPY (radian) [0.000, -0.000, -2.871]
            in RPY (degree) [0.000, -0.000, -164.470]
At time 1552922967.014
- Translation: [322.189, 132.639, 0.000]
- Rotation: in Quaternion [0.000, 0.000, 0.991, -0.132]
            in RPY (radian) [0.000, -0.000, -2.876]
            in RPY (degree) [0.000, -0.000, -164.810]
At time 1552922968.014
- Translation: [322.199, 132.644, 0.000]
- Rotation: in Quaternion [0.000, 0.000, 0.991, -0.134]
            in RPY (radian) [0.000, -0.000, -2.873]
            in RPY (degree) [0.000, -0.000, -164.620]
At time 1552922968.889
- Translation: [322.204, 132.644, 0.000]
- Rotation: in Quaternion [0.000, 0.000, 0.991, -0.136]
            in RPY (radian) [0.000, -0.000, -2.868]
            in RPY (degree) [0.000, -0.000, -164.310]
At time 1552922969.855
- Translation: [322.214, 132.624, 0.000]
- Rotation: in Quaternion [0.000, 0.000, 0.991, -0.133]
            in RPY (radian) [0.000, -0.000, -2.874]
            in RPY (degree) [0.000, -0.000, -164.660]
At time 1552922970.848
- Translation: [322.204, 132.639, 0.000]
- Rotation: in Quaternion [0.000, 0.000, 0.991, -0.136]
            in RPY (radian) [0.000, -0.000, -2.869]
            in RPY (degree) [0.000, -0.000, -164.400]
At time 1552922971.875
- Translation: [322.209, 132.624, 0.000]
- Rotation: in Quaternion [0.000, 0.000, 0.991, -0.133]
            in RPY (radian) [0.000, -0.000, -2.875]
            in RPY (degree) [0.000, -0.000, -164.740]
At time 1552922972.873
- Translation: [322.204, 132.644, 0.000]
- Rotation: in Quaternion [0.000, 0.000, 0.991, -0.135]
            in RPY (radian) [0.000, -0.000, -2.871]
            in RPY (degree) [0.000, -0.000, -164.480]
At time 1552922974.014
- Translation: [322.224, 132.649, 0.000]
- Rotation: in Quaternion [0.000, 0.000, 0.991, -0.136]
            in RPY (radian) [0.000, -0.000, -2.869]
            in RPY (degree) [0.000, -0.000, -164.380]
At time 1552922975.010
- Translation: [322.224, 132.608, 0.000]
- Rotation: in Quaternion [0.000, 0.000, 0.992, -0.129]
            in RPY (radian) [0.000, -0.000, -2.882]
            in RPY (degree) [0.000, -0.000, -165.150]
At time 1552922976.010
- Translation: [322.194, 132.629, 0.000]
- Rotation: in Quaternion [0.000, 0.000, 0.991, -0.133]
            in RPY (radian) [0.000, -0.000, -2.876]
            in RPY (degree) [0.000, -0.000, -164.770]
At time 1552922976.886
- Translation: [322.209, 132.639, 0.000]
- Rotation: in Quaternion [0.000, 0.000, 0.991, -0.134]
            in RPY (radian) [0.000, -0.000, -2.872]
            in RPY (degree) [0.000, -0.000, -164.570]
At time 1552922977.893
- Translation: [322.204, 132.629, 0.000]
- Rotation: in Quaternion [0.000, 0.000, 0.991, -0.133]
            in RPY (radian) [0.000, -0.000, -2.875]
            in RPY (degree) [0.000, -0.000, -164.740]
At time 1552922978.946
- Translation: [322.224, 132.629, 0.000]
- Rotation: in Quaternion [0.000, 0.000, 0.991, -0.135]
            in RPY (radian) [0.000, -0.000, -2.872]
            in RPY (degree) [0.000, -0.000, -164.540]
At time 1552922979.888
- Translation: [322.204, 132.644, 0.000]
- Rotation: in Quaternion [0.000, 0.000, 0.991, -0.135]
            in RPY (radian) [0.000, -0.000, -2.870]
            in RPY (degree) [0.000, -0.000, -164.430]
At time 1552922980.882
- Translation: [322.194, 132.634, 0.000]
- Rotation: in Quaternion [0.000, 0.000, 0.991, -0.134]
            in RPY (radian) [0.000, -0.000, -2.873]
            in RPY (degree) [0.000, -0.000, -164.620]
At time 1552922982.013
- Translation: [322.219, 132.634, 0.000]
- Rotation: in Quaternion [0.000, 0.000, 0.991, -0.135]
            in RPY (radian) [0.000, -0.000, -2.871]
            in RPY (degree) [0.000, -0.000, -164.490]
At time 1552922983.014
- Translation: [322.194, 132.634, 0.000]
- Rotation: in Quaternion [0.000, 0.000, 0.991, -0.134]
            in RPY (radian) [0.000, -0.000, -2.874]
            in RPY (degree) [0.000, -0.000, -164.640]
At time 1552922984.014
- Translation: [322.204, 132.624, 0.000]
- Rotation: in Quaternion [0.000, 0.000, 0.991, -0.133]
            in RPY (radian) [0.000, -0.000, -2.876]
            in RPY (degree) [0.000, -0.000, -164.770]
At time 1552922984.893
- Translation: [322.194, 132.629, 0.000]
- Rotation: in Quaternion [0.000, 0.000, 0.991, -0.133]
            in RPY (radian) [0.000, -0.000, -2.875]
            in RPY (degree) [0.000, -0.000, -164.700]
At time 1552922985.920
- Translation: [322.209, 132.634, 0.000]
- Rotation: in Quaternion [0.000, 0.000, 0.991, -0.134]
            in RPY (radian) [0.000, -0.000, -2.873]
            in RPY (degree) [0.000, -0.000, -164.590]
At time 1552922986.910
- Translation: [322.199, 132.624, 0.000]
- Rotation: in Quaternion [0.000, 0.000, 0.991, -0.133]
            in RPY (radian) [0.000, -0.000, -2.874]
            in RPY (degree) [0.000, -0.000, -164.670]
At time 1552922987.913
- Translation: [322.209, 132.613, 0.000]
- Rotation: in Quaternion [0.000, 0.000, 0.991, -0.132]
            in RPY (radian) [0.000, -0.000, -2.878]
            in RPY (degree) [0.000, -0.000, -164.880]
At time 1552922988.905
- Translation: [322.209, 132.629, 0.000]
- Rotation: in Quaternion [0.000, 0.000, 0.991, -0.134]
            in RPY (radian) [0.000, -0.000, -2.872]
            in RPY (degree) [0.000, -0.000, -164.560]
At time 1552922990.013
- Translation: [322.194, 132.624, 0.000]
- Rotation: in Quaternion [0.000, 0.000, 0.991, -0.133]
            in RPY (radian) [0.000, -0.000, -2.874]
            in RPY (degree) [0.000, -0.000, -164.690]
At time 1552922991.015
- Translation: [322.199, 132.629, 0.000]
- Rotation: in Quaternion [0.000, 0.000, 0.991, -0.137]
            in RPY (radian) [0.000, -0.000, -2.867]
            in RPY (degree) [0.000, -0.000, -164.270]
At time 1552922992.015
- Translation: [322.194, 132.629, 0.000]
- Rotation: in Quaternion [0.000, 0.000, 0.991, -0.134]
            in RPY (radian) [0.000, -0.000, -2.872]
            in RPY (degree) [0.000, -0.000, -164.570]
At time 1552922992.926
- Translation: [322.179, 132.629, 0.000]
- Rotation: in Quaternion [0.000, 0.000, 0.991, -0.135]
            in RPY (radian) [0.000, -0.000, -2.871]
            in RPY (degree) [0.000, -0.000, -164.480]
At time 1552922993.925
- Translation: [322.194, 132.634, 0.000]
- Rotation: in Quaternion [0.000, 0.000, 0.991, -0.136]
            in RPY (radian) [0.000, -0.000, -2.870]
            in RPY (degree) [0.000, -0.000, -164.420]
At time 1552922994.931
- Translation: [322.189, 132.624, 0.000]
- Rotation: in Quaternion [0.000, 0.000, 0.991, -0.133]
            in RPY (radian) [0.000, -0.000, -2.875]
            in RPY (degree) [0.000, -0.000, -164.740]
At time 1552922995.941
- Translation: [322.184, 132.618, 0.000]
- Rotation: in Quaternion [0.000, 0.000, 0.991, -0.134]
            in RPY (radian) [0.000, -0.000, -2.872]
            in RPY (degree) [0.000, -0.000, -164.570]
