Failure at 1552924074.834535539
Exception thrown:"00_06_66_E7_8A_44" passed to lookupTransform argument source_frame does not exist. 
The current list of frames is:
Frame paper_world exists with parent base_footprint.

Failure at 1552924074.834602860
Exception thrown:"00_06_66_E7_8A_44" passed to lookupTransform argument source_frame does not exist. 
The current list of frames is:
Frame paper_world exists with parent base_footprint.

Failure at 1552924075.628605373
Exception thrown:"00_06_66_E7_8A_44" passed to lookupTransform argument source_frame does not exist. 
The current list of frames is:
Frame paper_world exists with parent base_footprint.

Failure at 1552924076.628542302
Exception thrown:"00_06_66_E7_8A_44" passed to lookupTransform argument source_frame does not exist. 
The current list of frames is:
Frame paper_world exists with parent base_footprint.

Failure at 1552924077.628633155
Exception thrown:"00_06_66_E7_8A_44" passed to lookupTransform argument source_frame does not exist. 
The current list of frames is:
Frame paper_world exists with parent base_footprint.

Failure at 1552924078.628623784
Exception thrown:"00_06_66_E7_8A_44" passed to lookupTransform argument source_frame does not exist. 
The current list of frames is:
Frame paper_world exists with parent base_footprint.

Failure at 1552924079.628575098
Exception thrown:"00_06_66_E7_8A_44" passed to lookupTransform argument source_frame does not exist. 
The current list of frames is:
Frame paper_world exists with parent base_footprint.

Failure at 1552924080.628553202
Exception thrown:"00_06_66_E7_8A_44" passed to lookupTransform argument source_frame does not exist. 
The current list of frames is:
Frame paper_world exists with parent base_footprint.

Failure at 1552924081.628631629
Exception thrown:"00_06_66_E7_8A_44" passed to lookupTransform argument source_frame does not exist. 
The current list of frames is:
Frame paper_world exists with parent base_footprint.

Failure at 1552924082.628591704
Exception thrown:"00_06_66_E7_8A_44" passed to lookupTransform argument source_frame does not exist. 
The current list of frames is:
Frame paper_world exists with parent base_footprint.
Frame 00_06_66_E7_8E_BD exists with parent paper_world.

Failure at 1552924083.628594674
Exception thrown:"00_06_66_E7_8A_44" passed to lookupTransform argument source_frame does not exist. 
The current list of frames is:
Frame paper_world exists with parent base_footprint.
Frame 00_06_66_E7_8E_BD exists with parent paper_world.

Failure at 1552924084.628624667
Exception thrown:"00_06_66_E7_8A_44" passed to lookupTransform argument source_frame does not exist. 
The current list of frames is:
Frame paper_world exists with parent base_footprint.
Frame 00_06_66_E7_8E_BD exists with parent paper_world.

Failure at 1552924085.628586526
Exception thrown:"00_06_66_E7_8A_44" passed to lookupTransform argument source_frame does not exist. 
The current list of frames is:
Frame paper_world exists with parent base_footprint.
Frame 00_06_66_E7_8E_BD exists with parent paper_world.

Failure at 1552924086.628608045
Exception thrown:"00_06_66_E7_8A_44" passed to lookupTransform argument source_frame does not exist. 
The current list of frames is:
Frame paper_world exists with parent base_footprint.
Frame 00_06_66_E7_8E_BD exists with parent paper_world.

Failure at 1552924087.628571982
Exception thrown:"00_06_66_E7_8A_44" passed to lookupTransform argument source_frame does not exist. 
The current list of frames is:
Frame paper_world exists with parent base_footprint.
Frame 00_06_66_E7_8E_BD exists with parent paper_world.

Failure at 1552924088.628601266
Exception thrown:"00_06_66_E7_8A_44" passed to lookupTransform argument source_frame does not exist. 
The current list of frames is:
Frame paper_world exists with parent base_footprint.
Frame 00_06_66_E7_8E_BD exists with parent paper_world.

At time 1552924089.536
- Translation: [130.536, 247.264, 0.000]
- Rotation: in Quaternion [0.000, 0.000, 0.612, 0.791]
            in RPY (radian) [0.000, -0.000, 1.318]
            in RPY (degree) [0.000, -0.000, 75.510]
At time 1552924090.222
- Translation: [137.150, 254.610, 0.000]
- Rotation: in Quaternion [0.000, 0.000, 0.616, 0.788]
            in RPY (radian) [0.000, -0.000, 1.327]
            in RPY (degree) [0.000, -0.000, 76.060]
At time 1552924091.246
- Translation: [137.099, 254.584, 0.000]
- Rotation: in Quaternion [0.000, 0.000, 0.618, 0.786]
            in RPY (radian) [0.000, -0.000, 1.332]
            in RPY (degree) [0.000, -0.000, 76.310]
At time 1552924092.248
- Translation: [137.114, 254.589, 0.000]
- Rotation: in Quaternion [0.000, 0.000, 0.616, 0.788]
            in RPY (radian) [0.000, -0.000, 1.327]
            in RPY (degree) [0.000, -0.000, 76.030]
At time 1552924093.531
- Translation: [137.566, 254.630, 0.000]
- Rotation: in Quaternion [0.000, 0.000, 0.610, 0.793]
            in RPY (radian) [0.000, -0.000, 1.312]
            in RPY (degree) [0.000, -0.000, 75.150]
At time 1552924094.622
- Translation: [168.011, 299.425, 0.000]
- Rotation: in Quaternion [0.000, 0.000, 0.720, 0.694]
            in RPY (radian) [0.000, -0.000, 1.607]
            in RPY (degree) [0.000, -0.000, 92.060]
At time 1552924095.620
- Translation: [168.021, 299.420, 0.000]
- Rotation: in Quaternion [0.000, 0.000, 0.717, 0.698]
            in RPY (radian) [0.000, -0.000, 1.598]
            in RPY (degree) [0.000, -0.000, 91.540]
At time 1552924096.159
- Translation: [168.031, 299.400, 0.000]
- Rotation: in Quaternion [0.000, 0.000, 0.718, 0.696]
            in RPY (radian) [0.000, -0.000, 1.601]
            in RPY (degree) [0.000, -0.000, 91.730]
At time 1552924097.164
- Translation: [168.021, 299.405, 0.000]
- Rotation: in Quaternion [0.000, 0.000, 0.718, 0.696]
            in RPY (radian) [0.000, -0.000, 1.603]
            in RPY (degree) [0.000, -0.000, 91.840]
At time 1552924098.180
- Translation: [168.021, 299.405, 0.000]
- Rotation: in Quaternion [0.000, 0.000, 0.718, 0.696]
            in RPY (radian) [0.000, -0.000, 1.603]
            in RPY (degree) [0.000, -0.000, 91.840]
At time 1552924099.187
- Translation: [168.021, 299.405, 0.000]
- Rotation: in Quaternion [0.000, 0.000, 0.718, 0.696]
            in RPY (radian) [0.000, -0.000, 1.601]
            in RPY (degree) [0.000, -0.000, 91.740]
At time 1552924100.233
- Translation: [168.036, 299.410, 0.000]
- Rotation: in Quaternion [0.000, 0.000, 0.718, 0.696]
            in RPY (radian) [0.000, -0.000, 1.601]
            in RPY (degree) [0.000, -0.000, 91.730]
At time 1552924101.248
- Translation: [168.031, 299.410, 0.000]
- Rotation: in Quaternion [0.000, 0.000, 0.718, 0.696]
            in RPY (radian) [0.000, -0.000, 1.603]
            in RPY (degree) [0.000, -0.000, 91.830]
At time 1552924102.264
- Translation: [168.021, 299.400, 0.000]
- Rotation: in Quaternion [0.000, 0.000, 0.718, 0.696]
            in RPY (radian) [0.000, -0.000, 1.601]
            in RPY (degree) [0.000, -0.000, 91.740]
At time 1552924103.396
- Translation: [168.036, 299.405, 0.000]
- Rotation: in Quaternion [0.000, 0.000, 0.718, 0.696]
            in RPY (radian) [0.000, -0.000, 1.601]
            in RPY (degree) [0.000, -0.000, 91.730]
At time 1552924104.327
- Translation: [168.016, 299.405, 0.000]
- Rotation: in Quaternion [0.000, 0.000, 0.720, 0.694]
            in RPY (radian) [0.000, -0.000, 1.608]
            in RPY (degree) [0.000, -0.000, 92.140]
At time 1552924105.333
- Translation: [168.016, 299.375, 0.000]
- Rotation: in Quaternion [0.000, 0.000, 0.720, 0.694]
            in RPY (radian) [0.000, -0.000, 1.607]
            in RPY (degree) [0.000, -0.000, 92.050]
At time 1552924106.336
- Translation: [168.026, 299.370, 0.000]
- Rotation: in Quaternion [0.000, 0.000, 0.720, 0.694]
            in RPY (radian) [0.000, -0.000, 1.606]
            in RPY (degree) [0.000, -0.000, 92.040]
At time 1552924107.391
- Translation: [168.016, 299.375, 0.000]
- Rotation: in Quaternion [0.000, 0.000, 0.720, 0.694]
            in RPY (radian) [0.000, -0.000, 1.607]
            in RPY (degree) [0.000, -0.000, 92.050]
At time 1552924108.383
- Translation: [168.021, 299.370, 0.000]
- Rotation: in Quaternion [0.000, 0.000, 0.720, 0.694]
            in RPY (radian) [0.000, -0.000, 1.607]
            in RPY (degree) [0.000, -0.000, 92.050]
At time 1552924109.622
- Translation: [184.815, 297.068, 0.000]
- Rotation: in Quaternion [0.000, 0.000, 0.670, 0.742]
            in RPY (radian) [0.000, -0.000, 1.470]
            in RPY (degree) [0.000, -0.000, 84.210]
At time 1552924110.572
- Translation: [224.876, 255.443, 0.000]
- Rotation: in Quaternion [0.000, 0.000, 0.562, 0.827]
            in RPY (radian) [0.000, -0.000, 1.193]
            in RPY (degree) [0.000, -0.000, 68.330]
At time 1552924111.276
- Translation: [224.775, 255.412, 0.000]
- Rotation: in Quaternion [0.000, 0.000, 0.562, 0.827]
            in RPY (radian) [0.000, -0.000, 1.194]
            in RPY (degree) [0.000, -0.000, 68.400]
At time 1552924112.609
- Translation: [226.309, 254.264, 0.000]
- Rotation: in Quaternion [0.000, 0.000, 0.566, 0.825]
            in RPY (radian) [0.000, -0.000, 1.202]
            in RPY (degree) [0.000, -0.000, 68.880]
At time 1552924113.341
- Translation: [226.319, 254.264, 0.000]
- Rotation: in Quaternion [0.000, 0.000, 0.566, 0.825]
            in RPY (radian) [0.000, -0.000, 1.203]
            in RPY (degree) [0.000, -0.000, 68.910]
At time 1552924114.390
- Translation: [226.309, 254.264, 0.000]
- Rotation: in Quaternion [0.000, 0.000, 0.565, 0.825]
            in RPY (radian) [0.000, -0.000, 1.201]
            in RPY (degree) [0.000, -0.000, 68.840]
At time 1552924115.548
- Translation: [226.517, 254.300, 0.000]
- Rotation: in Quaternion [0.000, 0.000, 0.560, 0.828]
            in RPY (radian) [0.000, -0.000, 1.190]
            in RPY (degree) [0.000, -0.000, 68.170]
At time 1552924116.559
- Translation: [226.207, 254.574, 0.000]
- Rotation: in Quaternion [0.000, 0.000, 0.563, 0.826]
            in RPY (radian) [0.000, -0.000, 1.196]
            in RPY (degree) [0.000, -0.000, 68.550]
At time 1552924117.506
- Translation: [203.561, 302.575, 0.000]
- Rotation: in Quaternion [0.000, 0.000, 0.587, 0.810]
            in RPY (radian) [0.000, -0.000, 1.253]
            in RPY (degree) [0.000, -0.000, 71.820]
At time 1552924118.304
- Translation: [203.551, 302.565, 0.000]
- Rotation: in Quaternion [0.000, 0.000, 0.587, 0.810]
            in RPY (radian) [0.000, -0.000, 1.253]
            in RPY (degree) [0.000, -0.000, 71.820]
